# gmm-latgen-faster --max-active=7000 --beam=13.0 --lattice-beam=6.0 --acoustic-scale=0.083333 --allow-partial=true --word-symbol-table=exp/mono/graph/words.txt exp/mono/final.mdl exp/mono/graph/HCLG.fst "ark,s,cs:apply-cmvn  --utt2spk=ark:data/test/split1/1/utt2spk scp:data/test/split1/1/cmvn.scp scp:data/test/split1/1/feats.scp ark:- | add-deltas  ark:- ark:- |" "ark:|gzip -c > exp/mono/decode/lat.1.gz" 
# Started at ح فيفري  2 11:07:32 CET 2020
#
gmm-latgen-faster --max-active=7000 --beam=13.0 --lattice-beam=6.0 --acoustic-scale=0.083333 --allow-partial=true --word-symbol-table=exp/mono/graph/words.txt exp/mono/final.mdl exp/mono/graph/HCLG.fst 'ark,s,cs:apply-cmvn  --utt2spk=ark:data/test/split1/1/utt2spk scp:data/test/split1/1/cmvn.scp scp:data/test/split1/1/feats.scp ark:- | add-deltas  ark:- ark:- |' 'ark:|gzip -c > exp/mono/decode/lat.1.gz' 
add-deltas ark:- ark:- 
apply-cmvn --utt2spk=ark:data/test/split1/1/utt2spk scp:data/test/split1/1/cmvn.scp scp:data/test/split1/1/feats.scp ark:- 
jackson_0_0 zero 
LOG (gmm-latgen-faster[5.5.620~1-dce1dc]:DecodeUtteranceLatticeFaster():decoder-wrappers.cc:375) Log-like per frame for utterance jackson_0_0 is -8.35845 over 62 frames.
jackson_0_1 zero 
LOG (gmm-latgen-faster[5.5.620~1-dce1dc]:DecodeUtteranceLatticeFaster():decoder-wrappers.cc:375) Log-like per frame for utterance jackson_0_1 is -8.59165 over 51 frames.
jackson_0_10 zero 
LOG (gmm-latgen-faster[5.5.620~1-dce1dc]:DecodeUtteranceLatticeFaster():decoder-wrappers.cc:375) Log-like per frame for utterance jackson_0_10 is -8.09559 over 66 frames.
jackson_0_11 zero 
LOG (gmm-latgen-faster[5.5.620~1-dce1dc]:DecodeUtteranceLatticeFaster():decoder-wrappers.cc:375) Log-like per frame for utterance jackson_0_11 is -8.23948 over 59 frames.
jackson_0_12 zero 
LOG (gmm-latgen-faster[5.5.620~1-dce1dc]:DecodeUtteranceLatticeFaster():decoder-wrappers.cc:375) Log-like per frame for utterance jackson_0_12 is -8.74525 over 49 frames.
jackson_0_13 zero 
LOG (gmm-latgen-faster[5.5.620~1-dce1dc]:DecodeUtteranceLatticeFaster():decoder-wrappers.cc:375) Log-like per frame for utterance jackson_0_13 is -8.31606 over 57 frames.
jackson_0_14 zero 
LOG (gmm-latgen-faster[5.5.620~1-dce1dc]:DecodeUtteranceLatticeFaster():decoder-wrappers.cc:375) Log-like per frame for utterance jackson_0_14 is -8.23924 over 60 frames.
jackson_0_15 zero 
LOG (gmm-latgen-faster[5.5.620~1-dce1dc]:DecodeUtteranceLatticeFaster():decoder-wrappers.cc:375) Log-like per frame for utterance jackson_0_15 is -8.44742 over 62 frames.
jackson_0_16 zero 
LOG (gmm-latgen-faster[5.5.620~1-dce1dc]:DecodeUtteranceLatticeFaster():decoder-wrappers.cc:375) Log-like per frame for utterance jackson_0_16 is -8.50021 over 53 frames.
jackson_0_17 zero 
LOG (gmm-latgen-faster[5.5.620~1-dce1dc]:DecodeUtteranceLatticeFaster():decoder-wrappers.cc:375) Log-like per frame for utterance jackson_0_17 is -8.56209 over 51 frames.
jackson_0_18 zero 
LOG (gmm-latgen-faster[5.5.620~1-dce1dc]:DecodeUtteranceLatticeFaster():decoder-wrappers.cc:375) Log-like per frame for utterance jackson_0_18 is -8.24935 over 63 frames.
jackson_0_19 zero 
LOG (gmm-latgen-faster[5.5.620~1-dce1dc]:DecodeUtteranceLatticeFaster():decoder-wrappers.cc:375) Log-like per frame for utterance jackson_0_19 is -8.67912 over 62 frames.
jackson_0_2 zero 
LOG (gmm-latgen-faster[5.5.620~1-dce1dc]:DecodeUtteranceLatticeFaster():decoder-wrappers.cc:375) Log-like per frame for utterance jackson_0_2 is -8.33924 over 51 frames.
jackson_0_20 zero 
LOG (gmm-latgen-faster[5.5.620~1-dce1dc]:DecodeUtteranceLatticeFaster():decoder-wrappers.cc:375) Log-like per frame for utterance jackson_0_20 is -8.49407 over 60 frames.
jackson_0_21 zero 
LOG (gmm-latgen-faster[5.5.620~1-dce1dc]:DecodeUtteranceLatticeFaster():decoder-wrappers.cc:375) Log-like per frame for utterance jackson_0_21 is -8.36863 over 58 frames.
jackson_0_22 zero 
LOG (gmm-latgen-faster[5.5.620~1-dce1dc]:DecodeUtteranceLatticeFaster():decoder-wrappers.cc:375) Log-like per frame for utterance jackson_0_22 is -8.39097 over 58 frames.
jackson_0_23 zero 
LOG (gmm-latgen-faster[5.5.620~1-dce1dc]:DecodeUtteranceLatticeFaster():decoder-wrappers.cc:375) Log-like per frame for utterance jackson_0_23 is -8.327 over 57 frames.
jackson_0_24 zero 
LOG (gmm-latgen-faster[5.5.620~1-dce1dc]:DecodeUtteranceLatticeFaster():decoder-wrappers.cc:375) Log-like per frame for utterance jackson_0_24 is -8.52264 over 62 frames.
jackson_0_25 zero 
LOG (gmm-latgen-faster[5.5.620~1-dce1dc]:DecodeUtteranceLatticeFaster():decoder-wrappers.cc:375) Log-like per frame for utterance jackson_0_25 is -8.3112 over 60 frames.
jackson_0_26 
LOG (gmm-latgen-faster[5.5.620~1-dce1dc]:DecodeUtteranceLatticeFaster():decoder-wrappers.cc:375) Log-like per frame for utterance jackson_0_26 is -8.73505 over 56 frames.
jackson_0_27 zero 
LOG (gmm-latgen-faster[5.5.620~1-dce1dc]:DecodeUtteranceLatticeFaster():decoder-wrappers.cc:375) Log-like per frame for utterance jackson_0_27 is -7.95169 over 63 frames.
jackson_0_28 zero 
LOG (gmm-latgen-faster[5.5.620~1-dce1dc]:DecodeUtteranceLatticeFaster():decoder-wrappers.cc:375) Log-like per frame for utterance jackson_0_28 is -8.58651 over 62 frames.
jackson_0_29 zero 
LOG (gmm-latgen-faster[5.5.620~1-dce1dc]:DecodeUtteranceLatticeFaster():decoder-wrappers.cc:375) Log-like per frame for utterance jackson_0_29 is -8.54857 over 56 frames.
jackson_0_3 zero 
LOG (gmm-latgen-faster[5.5.620~1-dce1dc]:DecodeUtteranceLatticeFaster():decoder-wrappers.cc:375) Log-like per frame for utterance jackson_0_3 is -8.10109 over 58 frames.
jackson_0_30 zero 
LOG (gmm-latgen-faster[5.5.620~1-dce1dc]:DecodeUtteranceLatticeFaster():decoder-wrappers.cc:375) Log-like per frame for utterance jackson_0_30 is -8.10754 over 62 frames.
jackson_0_31 zero 
LOG (gmm-latgen-faster[5.5.620~1-dce1dc]:DecodeUtteranceLatticeFaster():decoder-wrappers.cc:375) Log-like per frame for utterance jackson_0_31 is -8.17175 over 55 frames.
jackson_0_32 zero 
LOG (gmm-latgen-faster[5.5.620~1-dce1dc]:DecodeUtteranceLatticeFaster():decoder-wrappers.cc:375) Log-like per frame for utterance jackson_0_32 is -8.7491 over 60 frames.
jackson_0_33 zero 
LOG (gmm-latgen-faster[5.5.620~1-dce1dc]:DecodeUtteranceLatticeFaster():decoder-wrappers.cc:375) Log-like per frame for utterance jackson_0_33 is -8.52057 over 64 frames.
jackson_0_34 zero 
LOG (gmm-latgen-faster[5.5.620~1-dce1dc]:DecodeUtteranceLatticeFaster():decoder-wrappers.cc:375) Log-like per frame for utterance jackson_0_34 is -8.16928 over 64 frames.
jackson_0_35 zero 
LOG (gmm-latgen-faster[5.5.620~1-dce1dc]:DecodeUtteranceLatticeFaster():decoder-wrappers.cc:375) Log-like per frame for utterance jackson_0_35 is -8.66815 over 61 frames.
jackson_0_36 zero 
LOG (gmm-latgen-faster[5.5.620~1-dce1dc]:DecodeUtteranceLatticeFaster():decoder-wrappers.cc:375) Log-like per frame for utterance jackson_0_36 is -8.29886 over 58 frames.
jackson_0_37 zero 
LOG (gmm-latgen-faster[5.5.620~1-dce1dc]:DecodeUtteranceLatticeFaster():decoder-wrappers.cc:375) Log-like per frame for utterance jackson_0_37 is -8.2892 over 60 frames.
jackson_0_38 zero 
LOG (gmm-latgen-faster[5.5.620~1-dce1dc]:DecodeUtteranceLatticeFaster():decoder-wrappers.cc:375) Log-like per frame for utterance jackson_0_38 is -8.07906 over 64 frames.
jackson_0_39 zero 
LOG (gmm-latgen-faster[5.5.620~1-dce1dc]:DecodeUtteranceLatticeFaster():decoder-wrappers.cc:375) Log-like per frame for utterance jackson_0_39 is -8.13935 over 56 frames.
jackson_0_4 zero 
LOG (gmm-latgen-faster[5.5.620~1-dce1dc]:DecodeUtteranceLatticeFaster():decoder-wrappers.cc:375) Log-like per frame for utterance jackson_0_4 is -7.92105 over 52 frames.
jackson_0_40 zero 
LOG (gmm-latgen-faster[5.5.620~1-dce1dc]:DecodeUtteranceLatticeFaster():decoder-wrappers.cc:375) Log-like per frame for utterance jackson_0_40 is -7.97357 over 69 frames.
jackson_0_41 zero 
LOG (gmm-latgen-faster[5.5.620~1-dce1dc]:DecodeUtteranceLatticeFaster():decoder-wrappers.cc:375) Log-like per frame for utterance jackson_0_41 is -8.52738 over 67 frames.
jackson_0_42 zero 
LOG (gmm-latgen-faster[5.5.620~1-dce1dc]:DecodeUtteranceLatticeFaster():decoder-wrappers.cc:375) Log-like per frame for utterance jackson_0_42 is -8.49963 over 64 frames.
jackson_0_43 zero 
LOG (gmm-latgen-faster[5.5.620~1-dce1dc]:DecodeUtteranceLatticeFaster():decoder-wrappers.cc:375) Log-like per frame for utterance jackson_0_43 is -8.51224 over 60 frames.
jackson_0_44 zero 
LOG (gmm-latgen-faster[5.5.620~1-dce1dc]:DecodeUtteranceLatticeFaster():decoder-wrappers.cc:375) Log-like per frame for utterance jackson_0_44 is -8.83434 over 65 frames.
jackson_0_45 
LOG (gmm-latgen-faster[5.5.620~1-dce1dc]:DecodeUtteranceLatticeFaster():decoder-wrappers.cc:375) Log-like per frame for utterance jackson_0_45 is -8.84848 over 64 frames.
jackson_0_46 
LOG (gmm-latgen-faster[5.5.620~1-dce1dc]:DecodeUtteranceLatticeFaster():decoder-wrappers.cc:375) Log-like per frame for utterance jackson_0_46 is -8.90348 over 65 frames.
jackson_0_47 zero 
LOG (gmm-latgen-faster[5.5.620~1-dce1dc]:DecodeUtteranceLatticeFaster():decoder-wrappers.cc:375) Log-like per frame for utterance jackson_0_47 is -8.77262 over 65 frames.
jackson_0_48 zero 
LOG (gmm-latgen-faster[5.5.620~1-dce1dc]:DecodeUtteranceLatticeFaster():decoder-wrappers.cc:375) Log-like per frame for utterance jackson_0_48 is -8.51126 over 63 frames.
jackson_0_49 zero 
LOG (gmm-latgen-faster[5.5.620~1-dce1dc]:DecodeUtteranceLatticeFaster():decoder-wrappers.cc:375) Log-like per frame for utterance jackson_0_49 is -9.23818 over 76 frames.
jackson_0_5 zero 
LOG (gmm-latgen-faster[5.5.620~1-dce1dc]:DecodeUtteranceLatticeFaster():decoder-wrappers.cc:375) Log-like per frame for utterance jackson_0_5 is -8.07095 over 55 frames.
jackson_0_6 zero 
LOG (gmm-latgen-faster[5.5.620~1-dce1dc]:DecodeUtteranceLatticeFaster():decoder-wrappers.cc:375) Log-like per frame for utterance jackson_0_6 is -8.29037 over 61 frames.
jackson_0_7 zero 
LOG (gmm-latgen-faster[5.5.620~1-dce1dc]:DecodeUtteranceLatticeFaster():decoder-wrappers.cc:375) Log-like per frame for utterance jackson_0_7 is -8.3983 over 53 frames.
jackson_0_8 zero 
LOG (gmm-latgen-faster[5.5.620~1-dce1dc]:DecodeUtteranceLatticeFaster():decoder-wrappers.cc:375) Log-like per frame for utterance jackson_0_8 is -8.43946 over 56 frames.
jackson_0_9 zero 
LOG (gmm-latgen-faster[5.5.620~1-dce1dc]:DecodeUtteranceLatticeFaster():decoder-wrappers.cc:375) Log-like per frame for utterance jackson_0_9 is -7.99326 over 61 frames.
jackson_1_0 one 
LOG (gmm-latgen-faster[5.5.620~1-dce1dc]:DecodeUtteranceLatticeFaster():decoder-wrappers.cc:375) Log-like per frame for utterance jackson_1_0 is -8.26397 over 50 frames.
jackson_1_1 one 
LOG (gmm-latgen-faster[5.5.620~1-dce1dc]:DecodeUtteranceLatticeFaster():decoder-wrappers.cc:375) Log-like per frame for utterance jackson_1_1 is -8.37338 over 51 frames.
jackson_1_10 one 
LOG (gmm-latgen-faster[5.5.620~1-dce1dc]:DecodeUtteranceLatticeFaster():decoder-wrappers.cc:375) Log-like per frame for utterance jackson_1_10 is -8.40381 over 57 frames.
jackson_1_11 one 
LOG (gmm-latgen-faster[5.5.620~1-dce1dc]:DecodeUtteranceLatticeFaster():decoder-wrappers.cc:375) Log-like per frame for utterance jackson_1_11 is -8.27407 over 49 frames.
jackson_1_12 one 
LOG (gmm-latgen-faster[5.5.620~1-dce1dc]:DecodeUtteranceLatticeFaster():decoder-wrappers.cc:375) Log-like per frame for utterance jackson_1_12 is -8.86082 over 43 frames.
jackson_1_13 one 
LOG (gmm-latgen-faster[5.5.620~1-dce1dc]:DecodeUtteranceLatticeFaster():decoder-wrappers.cc:375) Log-like per frame for utterance jackson_1_13 is -9.06107 over 45 frames.
jackson_1_14 one 
LOG (gmm-latgen-faster[5.5.620~1-dce1dc]:DecodeUtteranceLatticeFaster():decoder-wrappers.cc:375) Log-like per frame for utterance jackson_1_14 is -9.08424 over 66 frames.
jackson_1_15 one 
LOG (gmm-latgen-faster[5.5.620~1-dce1dc]:DecodeUtteranceLatticeFaster():decoder-wrappers.cc:375) Log-like per frame for utterance jackson_1_15 is -8.17773 over 43 frames.
jackson_1_16 one 
LOG (gmm-latgen-faster[5.5.620~1-dce1dc]:DecodeUtteranceLatticeFaster():decoder-wrappers.cc:375) Log-like per frame for utterance jackson_1_16 is -8.20291 over 47 frames.
jackson_1_17 one 
LOG (gmm-latgen-faster[5.5.620~1-dce1dc]:DecodeUtteranceLatticeFaster():decoder-wrappers.cc:375) Log-like per frame for utterance jackson_1_17 is -8.62704 over 40 frames.
jackson_1_18 one 
LOG (gmm-latgen-faster[5.5.620~1-dce1dc]:DecodeUtteranceLatticeFaster():decoder-wrappers.cc:375) Log-like per frame for utterance jackson_1_18 is -8.57919 over 43 frames.
jackson_1_19 one 
LOG (gmm-latgen-faster[5.5.620~1-dce1dc]:DecodeUtteranceLatticeFaster():decoder-wrappers.cc:375) Log-like per frame for utterance jackson_1_19 is -8.44147 over 46 frames.
jackson_1_2 one 
LOG (gmm-latgen-faster[5.5.620~1-dce1dc]:DecodeUtteranceLatticeFaster():decoder-wrappers.cc:375) Log-like per frame for utterance jackson_1_2 is -8.35988 over 46 frames.
jackson_1_20 one 
LOG (gmm-latgen-faster[5.5.620~1-dce1dc]:DecodeUtteranceLatticeFaster():decoder-wrappers.cc:375) Log-like per frame for utterance jackson_1_20 is -8.52738 over 44 frames.
jackson_1_21 one 
LOG (gmm-latgen-faster[5.5.620~1-dce1dc]:DecodeUtteranceLatticeFaster():decoder-wrappers.cc:375) Log-like per frame for utterance jackson_1_21 is -8.80809 over 47 frames.
jackson_1_22 one 
LOG (gmm-latgen-faster[5.5.620~1-dce1dc]:DecodeUtteranceLatticeFaster():decoder-wrappers.cc:375) Log-like per frame for utterance jackson_1_22 is -9.00297 over 42 frames.
jackson_1_23 one 
LOG (gmm-latgen-faster[5.5.620~1-dce1dc]:DecodeUtteranceLatticeFaster():decoder-wrappers.cc:375) Log-like per frame for utterance jackson_1_23 is -8.09605 over 45 frames.
jackson_1_24 one 
LOG (gmm-latgen-faster[5.5.620~1-dce1dc]:DecodeUtteranceLatticeFaster():decoder-wrappers.cc:375) Log-like per frame for utterance jackson_1_24 is -8.17899 over 46 frames.
jackson_1_25 one 
LOG (gmm-latgen-faster[5.5.620~1-dce1dc]:DecodeUtteranceLatticeFaster():decoder-wrappers.cc:375) Log-like per frame for utterance jackson_1_25 is -8.08358 over 53 frames.
jackson_1_26 one 
LOG (gmm-latgen-faster[5.5.620~1-dce1dc]:DecodeUtteranceLatticeFaster():decoder-wrappers.cc:375) Log-like per frame for utterance jackson_1_26 is -8.60397 over 51 frames.
jackson_1_27 one 
LOG (gmm-latgen-faster[5.5.620~1-dce1dc]:DecodeUtteranceLatticeFaster():decoder-wrappers.cc:375) Log-like per frame for utterance jackson_1_27 is -8.71466 over 46 frames.
jackson_1_28 one 
LOG (gmm-latgen-faster[5.5.620~1-dce1dc]:DecodeUtteranceLatticeFaster():decoder-wrappers.cc:375) Log-like per frame for utterance jackson_1_28 is -8.95362 over 45 frames.
jackson_1_29 one 
LOG (gmm-latgen-faster[5.5.620~1-dce1dc]:DecodeUtteranceLatticeFaster():decoder-wrappers.cc:375) Log-like per frame for utterance jackson_1_29 is -8.89713 over 45 frames.
jackson_1_3 one 
LOG (gmm-latgen-faster[5.5.620~1-dce1dc]:DecodeUtteranceLatticeFaster():decoder-wrappers.cc:375) Log-like per frame for utterance jackson_1_3 is -8.47966 over 48 frames.
jackson_1_30 one 
LOG (gmm-latgen-faster[5.5.620~1-dce1dc]:DecodeUtteranceLatticeFaster():decoder-wrappers.cc:375) Log-like per frame for utterance jackson_1_30 is -8.8707 over 47 frames.
jackson_1_31 one 
LOG (gmm-latgen-faster[5.5.620~1-dce1dc]:DecodeUtteranceLatticeFaster():decoder-wrappers.cc:375) Log-like per frame for utterance jackson_1_31 is -8.6677 over 51 frames.
jackson_1_32 one 
LOG (gmm-latgen-faster[5.5.620~1-dce1dc]:DecodeUtteranceLatticeFaster():decoder-wrappers.cc:375) Log-like per frame for utterance jackson_1_32 is -8.41698 over 50 frames.
jackson_1_33 one 
LOG (gmm-latgen-faster[5.5.620~1-dce1dc]:DecodeUtteranceLatticeFaster():decoder-wrappers.cc:375) Log-like per frame for utterance jackson_1_33 is -9.05208 over 59 frames.
jackson_1_34 one 
LOG (gmm-latgen-faster[5.5.620~1-dce1dc]:DecodeUtteranceLatticeFaster():decoder-wrappers.cc:375) Log-like per frame for utterance jackson_1_34 is -8.54913 over 49 frames.
jackson_1_35 one 
LOG (gmm-latgen-faster[5.5.620~1-dce1dc]:DecodeUtteranceLatticeFaster():decoder-wrappers.cc:375) Log-like per frame for utterance jackson_1_35 is -8.48851 over 48 frames.
jackson_1_36 one 
LOG (gmm-latgen-faster[5.5.620~1-dce1dc]:DecodeUtteranceLatticeFaster():decoder-wrappers.cc:375) Log-like per frame for utterance jackson_1_36 is -8.53468 over 42 frames.
jackson_1_37 one 
LOG (gmm-latgen-faster[5.5.620~1-dce1dc]:DecodeUtteranceLatticeFaster():decoder-wrappers.cc:375) Log-like per frame for utterance jackson_1_37 is -8.5185 over 42 frames.
jackson_1_38 one 
LOG (gmm-latgen-faster[5.5.620~1-dce1dc]:DecodeUtteranceLatticeFaster():decoder-wrappers.cc:375) Log-like per frame for utterance jackson_1_38 is -8.50836 over 48 frames.
jackson_1_39 one 
LOG (gmm-latgen-faster[5.5.620~1-dce1dc]:DecodeUtteranceLatticeFaster():decoder-wrappers.cc:375) Log-like per frame for utterance jackson_1_39 is -9.22459 over 54 frames.
jackson_1_4 one 
LOG (gmm-latgen-faster[5.5.620~1-dce1dc]:DecodeUtteranceLatticeFaster():decoder-wrappers.cc:375) Log-like per frame for utterance jackson_1_4 is -8.71938 over 51 frames.
jackson_1_40 one 
LOG (gmm-latgen-faster[5.5.620~1-dce1dc]:DecodeUtteranceLatticeFaster():decoder-wrappers.cc:375) Log-like per frame for utterance jackson_1_40 is -9.12514 over 59 frames.
jackson_1_41 one 
LOG (gmm-latgen-faster[5.5.620~1-dce1dc]:DecodeUtteranceLatticeFaster():decoder-wrappers.cc:375) Log-like per frame for utterance jackson_1_41 is -9.02105 over 60 frames.
jackson_1_42 one 
LOG (gmm-latgen-faster[5.5.620~1-dce1dc]:DecodeUtteranceLatticeFaster():decoder-wrappers.cc:375) Log-like per frame for utterance jackson_1_42 is -8.93527 over 61 frames.
jackson_1_43 one 
LOG (gmm-latgen-faster[5.5.620~1-dce1dc]:DecodeUtteranceLatticeFaster():decoder-wrappers.cc:375) Log-like per frame for utterance jackson_1_43 is -9.19285 over 56 frames.
jackson_1_44 one 
LOG (gmm-latgen-faster[5.5.620~1-dce1dc]:DecodeUtteranceLatticeFaster():decoder-wrappers.cc:375) Log-like per frame for utterance jackson_1_44 is -9.07706 over 56 frames.
jackson_1_45 nine 
LOG (gmm-latgen-faster[5.5.620~1-dce1dc]:DecodeUtteranceLatticeFaster():decoder-wrappers.cc:375) Log-like per frame for utterance jackson_1_45 is -9.55849 over 58 frames.
jackson_1_46 one 
LOG (gmm-latgen-faster[5.5.620~1-dce1dc]:DecodeUtteranceLatticeFaster():decoder-wrappers.cc:375) Log-like per frame for utterance jackson_1_46 is -9.09986 over 51 frames.
jackson_1_47 one 
LOG (gmm-latgen-faster[5.5.620~1-dce1dc]:DecodeUtteranceLatticeFaster():decoder-wrappers.cc:375) Log-like per frame for utterance jackson_1_47 is -9.43661 over 54 frames.
jackson_1_48 one 
LOG (gmm-latgen-faster[5.5.620~1-dce1dc]:DecodeUtteranceLatticeFaster():decoder-wrappers.cc:375) Log-like per frame for utterance jackson_1_48 is -8.48217 over 57 frames.
jackson_1_49 one 
LOG (gmm-latgen-faster[5.5.620~1-dce1dc]:DecodeUtteranceLatticeFaster():decoder-wrappers.cc:375) Log-like per frame for utterance jackson_1_49 is -9.47823 over 48 frames.
jackson_1_5 one 
LOG (gmm-latgen-faster[5.5.620~1-dce1dc]:DecodeUtteranceLatticeFaster():decoder-wrappers.cc:375) Log-like per frame for utterance jackson_1_5 is -8.51822 over 55 frames.
jackson_1_6 one 
LOG (gmm-latgen-faster[5.5.620~1-dce1dc]:DecodeUtteranceLatticeFaster():decoder-wrappers.cc:375) Log-like per frame for utterance jackson_1_6 is -8.72231 over 49 frames.
jackson_1_7 one 
LOG (gmm-latgen-faster[5.5.620~1-dce1dc]:DecodeUtteranceLatticeFaster():decoder-wrappers.cc:375) Log-like per frame for utterance jackson_1_7 is -8.35619 over 54 frames.
jackson_1_8 one 
LOG (gmm-latgen-faster[5.5.620~1-dce1dc]:DecodeUtteranceLatticeFaster():decoder-wrappers.cc:375) Log-like per frame for utterance jackson_1_8 is -8.05471 over 49 frames.
jackson_1_9 one 
LOG (gmm-latgen-faster[5.5.620~1-dce1dc]:DecodeUtteranceLatticeFaster():decoder-wrappers.cc:375) Log-like per frame for utterance jackson_1_9 is -8.46069 over 56 frames.
jackson_2_0 zero 
LOG (gmm-latgen-faster[5.5.620~1-dce1dc]:DecodeUtteranceLatticeFaster():decoder-wrappers.cc:375) Log-like per frame for utterance jackson_2_0 is -8.87728 over 48 frames.
jackson_2_1 zero 
LOG (gmm-latgen-faster[5.5.620~1-dce1dc]:DecodeUtteranceLatticeFaster():decoder-wrappers.cc:375) Log-like per frame for utterance jackson_2_1 is -8.98506 over 53 frames.
jackson_2_10 two 
LOG (gmm-latgen-faster[5.5.620~1-dce1dc]:DecodeUtteranceLatticeFaster():decoder-wrappers.cc:375) Log-like per frame for utterance jackson_2_10 is -8.59975 over 50 frames.
jackson_2_11 two 
LOG (gmm-latgen-faster[5.5.620~1-dce1dc]:DecodeUtteranceLatticeFaster():decoder-wrappers.cc:375) Log-like per frame for utterance jackson_2_11 is -8.58654 over 50 frames.
jackson_2_12 two 
LOG (gmm-latgen-faster[5.5.620~1-dce1dc]:DecodeUtteranceLatticeFaster():decoder-wrappers.cc:375) Log-like per frame for utterance jackson_2_12 is -8.98595 over 47 frames.
jackson_2_13 zero 
LOG (gmm-latgen-faster[5.5.620~1-dce1dc]:DecodeUtteranceLatticeFaster():decoder-wrappers.cc:375) Log-like per frame for utterance jackson_2_13 is -9.24182 over 50 frames.
jackson_2_14 two 
LOG (gmm-latgen-faster[5.5.620~1-dce1dc]:DecodeUtteranceLatticeFaster():decoder-wrappers.cc:375) Log-like per frame for utterance jackson_2_14 is -9.09635 over 49 frames.
jackson_2_15 zero 
LOG (gmm-latgen-faster[5.5.620~1-dce1dc]:DecodeUtteranceLatticeFaster():decoder-wrappers.cc:375) Log-like per frame for utterance jackson_2_15 is -9.15421 over 50 frames.
jackson_2_16 two 
LOG (gmm-latgen-faster[5.5.620~1-dce1dc]:DecodeUtteranceLatticeFaster():decoder-wrappers.cc:375) Log-like per frame for utterance jackson_2_16 is -9.17762 over 46 frames.
jackson_2_17 nine 
LOG (gmm-latgen-faster[5.5.620~1-dce1dc]:DecodeUtteranceLatticeFaster():decoder-wrappers.cc:375) Log-like per frame for utterance jackson_2_17 is -9.18838 over 52 frames.
jackson_2_18 two 
LOG (gmm-latgen-faster[5.5.620~1-dce1dc]:DecodeUtteranceLatticeFaster():decoder-wrappers.cc:375) Log-like per frame for utterance jackson_2_18 is -9.12605 over 53 frames.
jackson_2_19 two 
LOG (gmm-latgen-faster[5.5.620~1-dce1dc]:DecodeUtteranceLatticeFaster():decoder-wrappers.cc:375) Log-like per frame for utterance jackson_2_19 is -9.15864 over 50 frames.
jackson_2_2 two 
LOG (gmm-latgen-faster[5.5.620~1-dce1dc]:DecodeUtteranceLatticeFaster():decoder-wrappers.cc:375) Log-like per frame for utterance jackson_2_2 is -8.84357 over 42 frames.
jackson_2_20 two 
LOG (gmm-latgen-faster[5.5.620~1-dce1dc]:DecodeUtteranceLatticeFaster():decoder-wrappers.cc:375) Log-like per frame for utterance jackson_2_20 is -9.46956 over 46 frames.
jackson_2_21 two 
LOG (gmm-latgen-faster[5.5.620~1-dce1dc]:DecodeUtteranceLatticeFaster():decoder-wrappers.cc:375) Log-like per frame for utterance jackson_2_21 is -8.91 over 72 frames.
jackson_2_22 two 
LOG (gmm-latgen-faster[5.5.620~1-dce1dc]:DecodeUtteranceLatticeFaster():decoder-wrappers.cc:375) Log-like per frame for utterance jackson_2_22 is -8.67213 over 46 frames.
jackson_2_23 two 
LOG (gmm-latgen-faster[5.5.620~1-dce1dc]:DecodeUtteranceLatticeFaster():decoder-wrappers.cc:375) Log-like per frame for utterance jackson_2_23 is -8.90283 over 48 frames.
jackson_2_24 two nine 
LOG (gmm-latgen-faster[5.5.620~1-dce1dc]:DecodeUtteranceLatticeFaster():decoder-wrappers.cc:375) Log-like per frame for utterance jackson_2_24 is -9.01754 over 50 frames.
jackson_2_25 two 
LOG (gmm-latgen-faster[5.5.620~1-dce1dc]:DecodeUtteranceLatticeFaster():decoder-wrappers.cc:375) Log-like per frame for utterance jackson_2_25 is -9.01245 over 52 frames.
jackson_2_26 two 
LOG (gmm-latgen-faster[5.5.620~1-dce1dc]:DecodeUtteranceLatticeFaster():decoder-wrappers.cc:375) Log-like per frame for utterance jackson_2_26 is -9.42992 over 48 frames.
jackson_2_27 two 
LOG (gmm-latgen-faster[5.5.620~1-dce1dc]:DecodeUtteranceLatticeFaster():decoder-wrappers.cc:375) Log-like per frame for utterance jackson_2_27 is -9.00293 over 51 frames.
jackson_2_28 two 
LOG (gmm-latgen-faster[5.5.620~1-dce1dc]:DecodeUtteranceLatticeFaster():decoder-wrappers.cc:375) Log-like per frame for utterance jackson_2_28 is -8.99826 over 49 frames.
jackson_2_29 two 
LOG (gmm-latgen-faster[5.5.620~1-dce1dc]:DecodeUtteranceLatticeFaster():decoder-wrappers.cc:375) Log-like per frame for utterance jackson_2_29 is -9.01649 over 53 frames.
jackson_2_3 three two 
LOG (gmm-latgen-faster[5.5.620~1-dce1dc]:DecodeUtteranceLatticeFaster():decoder-wrappers.cc:375) Log-like per frame for utterance jackson_2_3 is -8.95889 over 48 frames.
jackson_2_30 two 
LOG (gmm-latgen-faster[5.5.620~1-dce1dc]:DecodeUtteranceLatticeFaster():decoder-wrappers.cc:375) Log-like per frame for utterance jackson_2_30 is -9.0254 over 46 frames.
jackson_2_31 two 
LOG (gmm-latgen-faster[5.5.620~1-dce1dc]:DecodeUtteranceLatticeFaster():decoder-wrappers.cc:375) Log-like per frame for utterance jackson_2_31 is -8.59496 over 45 frames.
jackson_2_32 two 
LOG (gmm-latgen-faster[5.5.620~1-dce1dc]:DecodeUtteranceLatticeFaster():decoder-wrappers.cc:375) Log-like per frame for utterance jackson_2_32 is -8.71324 over 49 frames.
jackson_2_33 two 
LOG (gmm-latgen-faster[5.5.620~1-dce1dc]:DecodeUtteranceLatticeFaster():decoder-wrappers.cc:375) Log-like per frame for utterance jackson_2_33 is -9.19685 over 49 frames.
jackson_2_34 two 
LOG (gmm-latgen-faster[5.5.620~1-dce1dc]:DecodeUtteranceLatticeFaster():decoder-wrappers.cc:375) Log-like per frame for utterance jackson_2_34 is -9.15511 over 47 frames.
jackson_2_35 two 
LOG (gmm-latgen-faster[5.5.620~1-dce1dc]:DecodeUtteranceLatticeFaster():decoder-wrappers.cc:375) Log-like per frame for utterance jackson_2_35 is -8.5743 over 45 frames.
jackson_2_36 two 
LOG (gmm-latgen-faster[5.5.620~1-dce1dc]:DecodeUtteranceLatticeFaster():decoder-wrappers.cc:375) Log-like per frame for utterance jackson_2_36 is -9.20539 over 47 frames.
jackson_2_37 two 
LOG (gmm-latgen-faster[5.5.620~1-dce1dc]:DecodeUtteranceLatticeFaster():decoder-wrappers.cc:375) Log-like per frame for utterance jackson_2_37 is -9.21902 over 38 frames.
jackson_2_38 two 
LOG (gmm-latgen-faster[5.5.620~1-dce1dc]:DecodeUtteranceLatticeFaster():decoder-wrappers.cc:375) Log-like per frame for utterance jackson_2_38 is -8.98157 over 45 frames.
jackson_2_39 two 
LOG (gmm-latgen-faster[5.5.620~1-dce1dc]:DecodeUtteranceLatticeFaster():decoder-wrappers.cc:375) Log-like per frame for utterance jackson_2_39 is -8.94207 over 44 frames.
jackson_2_4 two 
LOG (gmm-latgen-faster[5.5.620~1-dce1dc]:DecodeUtteranceLatticeFaster():decoder-wrappers.cc:375) Log-like per frame for utterance jackson_2_4 is -8.83999 over 46 frames.
jackson_2_40 two 
LOG (gmm-latgen-faster[5.5.620~1-dce1dc]:DecodeUtteranceLatticeFaster():decoder-wrappers.cc:375) Log-like per frame for utterance jackson_2_40 is -8.46419 over 53 frames.
jackson_2_41 two 
LOG (gmm-latgen-faster[5.5.620~1-dce1dc]:DecodeUtteranceLatticeFaster():decoder-wrappers.cc:375) Log-like per frame for utterance jackson_2_41 is -8.81978 over 56 frames.
jackson_2_42 two 
LOG (gmm-latgen-faster[5.5.620~1-dce1dc]:DecodeUtteranceLatticeFaster():decoder-wrappers.cc:375) Log-like per frame for utterance jackson_2_42 is -8.76806 over 57 frames.
jackson_2_43 two 
LOG (gmm-latgen-faster[5.5.620~1-dce1dc]:DecodeUtteranceLatticeFaster():decoder-wrappers.cc:375) Log-like per frame for utterance jackson_2_43 is -9.23493 over 50 frames.
jackson_2_44 two 
LOG (gmm-latgen-faster[5.5.620~1-dce1dc]:DecodeUtteranceLatticeFaster():decoder-wrappers.cc:375) Log-like per frame for utterance jackson_2_44 is -9.31152 over 60 frames.
jackson_2_45 two 
LOG (gmm-latgen-faster[5.5.620~1-dce1dc]:DecodeUtteranceLatticeFaster():decoder-wrappers.cc:375) Log-like per frame for utterance jackson_2_45 is -8.77098 over 63 frames.
jackson_2_46 two 
LOG (gmm-latgen-faster[5.5.620~1-dce1dc]:DecodeUtteranceLatticeFaster():decoder-wrappers.cc:375) Log-like per frame for utterance jackson_2_46 is -9.06761 over 50 frames.
jackson_2_47 two 
LOG (gmm-latgen-faster[5.5.620~1-dce1dc]:DecodeUtteranceLatticeFaster():decoder-wrappers.cc:375) Log-like per frame for utterance jackson_2_47 is -8.78385 over 47 frames.
jackson_2_48 two 
LOG (gmm-latgen-faster[5.5.620~1-dce1dc]:DecodeUtteranceLatticeFaster():decoder-wrappers.cc:375) Log-like per frame for utterance jackson_2_48 is -8.76305 over 48 frames.
jackson_2_49 two 
LOG (gmm-latgen-faster[5.5.620~1-dce1dc]:DecodeUtteranceLatticeFaster():decoder-wrappers.cc:375) Log-like per frame for utterance jackson_2_49 is -8.62808 over 52 frames.
jackson_2_5 three two 
LOG (gmm-latgen-faster[5.5.620~1-dce1dc]:DecodeUtteranceLatticeFaster():decoder-wrappers.cc:375) Log-like per frame for utterance jackson_2_5 is -8.92519 over 45 frames.
jackson_2_6 two 
LOG (gmm-latgen-faster[5.5.620~1-dce1dc]:DecodeUtteranceLatticeFaster():decoder-wrappers.cc:375) Log-like per frame for utterance jackson_2_6 is -8.619 over 45 frames.
jackson_2_7 two 
LOG (gmm-latgen-faster[5.5.620~1-dce1dc]:DecodeUtteranceLatticeFaster():decoder-wrappers.cc:375) Log-like per frame for utterance jackson_2_7 is -8.81298 over 46 frames.
jackson_2_8 two 
LOG (gmm-latgen-faster[5.5.620~1-dce1dc]:DecodeUtteranceLatticeFaster():decoder-wrappers.cc:375) Log-like per frame for utterance jackson_2_8 is -9.3501 over 46 frames.
jackson_2_9 two 
LOG (gmm-latgen-faster[5.5.620~1-dce1dc]:DecodeUtteranceLatticeFaster():decoder-wrappers.cc:375) Log-like per frame for utterance jackson_2_9 is -8.63183 over 52 frames.
jackson_3_0 three 
LOG (gmm-latgen-faster[5.5.620~1-dce1dc]:DecodeUtteranceLatticeFaster():decoder-wrappers.cc:375) Log-like per frame for utterance jackson_3_0 is -8.56358 over 47 frames.
jackson_3_1 
LOG (gmm-latgen-faster[5.5.620~1-dce1dc]:DecodeUtteranceLatticeFaster():decoder-wrappers.cc:375) Log-like per frame for utterance jackson_3_1 is -9.29972 over 45 frames.
jackson_3_10 three 
LOG (gmm-latgen-faster[5.5.620~1-dce1dc]:DecodeUtteranceLatticeFaster():decoder-wrappers.cc:375) Log-like per frame for utterance jackson_3_10 is -8.80134 over 44 frames.
jackson_3_11 three 
LOG (gmm-latgen-faster[5.5.620~1-dce1dc]:DecodeUtteranceLatticeFaster():decoder-wrappers.cc:375) Log-like per frame for utterance jackson_3_11 is -8.38423 over 43 frames.
jackson_3_12 
LOG (gmm-latgen-faster[5.5.620~1-dce1dc]:DecodeUtteranceLatticeFaster():decoder-wrappers.cc:375) Log-like per frame for utterance jackson_3_12 is -9.38566 over 46 frames.
jackson_3_13 three 
LOG (gmm-latgen-faster[5.5.620~1-dce1dc]:DecodeUtteranceLatticeFaster():decoder-wrappers.cc:375) Log-like per frame for utterance jackson_3_13 is -8.54319 over 42 frames.
jackson_3_14 three 
LOG (gmm-latgen-faster[5.5.620~1-dce1dc]:DecodeUtteranceLatticeFaster():decoder-wrappers.cc:375) Log-like per frame for utterance jackson_3_14 is -8.50628 over 48 frames.
jackson_3_15 three 
LOG (gmm-latgen-faster[5.5.620~1-dce1dc]:DecodeUtteranceLatticeFaster():decoder-wrappers.cc:375) Log-like per frame for utterance jackson_3_15 is -8.44551 over 44 frames.
jackson_3_16 three 
LOG (gmm-latgen-faster[5.5.620~1-dce1dc]:DecodeUtteranceLatticeFaster():decoder-wrappers.cc:375) Log-like per frame for utterance jackson_3_16 is -8.60147 over 46 frames.
jackson_3_17 three 
LOG (gmm-latgen-faster[5.5.620~1-dce1dc]:DecodeUtteranceLatticeFaster():decoder-wrappers.cc:375) Log-like per frame for utterance jackson_3_17 is -8.43536 over 43 frames.
jackson_3_18 three 
LOG (gmm-latgen-faster[5.5.620~1-dce1dc]:DecodeUtteranceLatticeFaster():decoder-wrappers.cc:375) Log-like per frame for utterance jackson_3_18 is -8.75529 over 46 frames.
jackson_3_19 three 
LOG (gmm-latgen-faster[5.5.620~1-dce1dc]:DecodeUtteranceLatticeFaster():decoder-wrappers.cc:375) Log-like per frame for utterance jackson_3_19 is -9.07149 over 42 frames.
jackson_3_2 
LOG (gmm-latgen-faster[5.5.620~1-dce1dc]:DecodeUtteranceLatticeFaster():decoder-wrappers.cc:375) Log-like per frame for utterance jackson_3_2 is -9.23433 over 49 frames.
jackson_3_20 three 
LOG (gmm-latgen-faster[5.5.620~1-dce1dc]:DecodeUtteranceLatticeFaster():decoder-wrappers.cc:375) Log-like per frame for utterance jackson_3_20 is -8.85347 over 45 frames.
jackson_3_21 three 
LOG (gmm-latgen-faster[5.5.620~1-dce1dc]:DecodeUtteranceLatticeFaster():decoder-wrappers.cc:375) Log-like per frame for utterance jackson_3_21 is -8.58567 over 44 frames.
jackson_3_22 
LOG (gmm-latgen-faster[5.5.620~1-dce1dc]:DecodeUtteranceLatticeFaster():decoder-wrappers.cc:375) Log-like per frame for utterance jackson_3_22 is -8.78853 over 41 frames.
jackson_3_23 
LOG (gmm-latgen-faster[5.5.620~1-dce1dc]:DecodeUtteranceLatticeFaster():decoder-wrappers.cc:375) Log-like per frame for utterance jackson_3_23 is -9.13961 over 44 frames.
jackson_3_24 three 
LOG (gmm-latgen-faster[5.5.620~1-dce1dc]:DecodeUtteranceLatticeFaster():decoder-wrappers.cc:375) Log-like per frame for utterance jackson_3_24 is -8.79663 over 41 frames.
jackson_3_25 three 
LOG (gmm-latgen-faster[5.5.620~1-dce1dc]:DecodeUtteranceLatticeFaster():decoder-wrappers.cc:375) Log-like per frame for utterance jackson_3_25 is -8.92959 over 46 frames.
jackson_3_26 three 
LOG (gmm-latgen-faster[5.5.620~1-dce1dc]:DecodeUtteranceLatticeFaster():decoder-wrappers.cc:375) Log-like per frame for utterance jackson_3_26 is -8.69217 over 42 frames.
jackson_3_27 three 
LOG (gmm-latgen-faster[5.5.620~1-dce1dc]:DecodeUtteranceLatticeFaster():decoder-wrappers.cc:375) Log-like per frame for utterance jackson_3_27 is -8.7398 over 44 frames.
jackson_3_28 three 
LOG (gmm-latgen-faster[5.5.620~1-dce1dc]:DecodeUtteranceLatticeFaster():decoder-wrappers.cc:375) Log-like per frame for utterance jackson_3_28 is -9.11782 over 42 frames.
jackson_3_29 nine 
LOG (gmm-latgen-faster[5.5.620~1-dce1dc]:DecodeUtteranceLatticeFaster():decoder-wrappers.cc:375) Log-like per frame for utterance jackson_3_29 is -9.19689 over 46 frames.
jackson_3_3 three 
LOG (gmm-latgen-faster[5.5.620~1-dce1dc]:DecodeUtteranceLatticeFaster():decoder-wrappers.cc:375) Log-like per frame for utterance jackson_3_3 is -9.07568 over 49 frames.
jackson_3_30 three 
LOG (gmm-latgen-faster[5.5.620~1-dce1dc]:DecodeUtteranceLatticeFaster():decoder-wrappers.cc:375) Log-like per frame for utterance jackson_3_30 is -8.99593 over 46 frames.
jackson_3_31 three 
LOG (gmm-latgen-faster[5.5.620~1-dce1dc]:DecodeUtteranceLatticeFaster():decoder-wrappers.cc:375) Log-like per frame for utterance jackson_3_31 is -9.33507 over 47 frames.
jackson_3_32 
LOG (gmm-latgen-faster[5.5.620~1-dce1dc]:DecodeUtteranceLatticeFaster():decoder-wrappers.cc:375) Log-like per frame for utterance jackson_3_32 is -9.49499 over 46 frames.
jackson_3_33 three 
LOG (gmm-latgen-faster[5.5.620~1-dce1dc]:DecodeUtteranceLatticeFaster():decoder-wrappers.cc:375) Log-like per frame for utterance jackson_3_33 is -9.12811 over 46 frames.
jackson_3_34 
LOG (gmm-latgen-faster[5.5.620~1-dce1dc]:DecodeUtteranceLatticeFaster():decoder-wrappers.cc:375) Log-like per frame for utterance jackson_3_34 is -8.6123 over 46 frames.
jackson_3_35 three 
LOG (gmm-latgen-faster[5.5.620~1-dce1dc]:DecodeUtteranceLatticeFaster():decoder-wrappers.cc:375) Log-like per frame for utterance jackson_3_35 is -8.71133 over 50 frames.
jackson_3_36 three 
LOG (gmm-latgen-faster[5.5.620~1-dce1dc]:DecodeUtteranceLatticeFaster():decoder-wrappers.cc:375) Log-like per frame for utterance jackson_3_36 is -8.71691 over 49 frames.
jackson_3_37 three 
LOG (gmm-latgen-faster[5.5.620~1-dce1dc]:DecodeUtteranceLatticeFaster():decoder-wrappers.cc:375) Log-like per frame for utterance jackson_3_37 is -8.94355 over 49 frames.
jackson_3_38 three 
LOG (gmm-latgen-faster[5.5.620~1-dce1dc]:DecodeUtteranceLatticeFaster():decoder-wrappers.cc:375) Log-like per frame for utterance jackson_3_38 is -9.06287 over 51 frames.
jackson_3_39 three 
LOG (gmm-latgen-faster[5.5.620~1-dce1dc]:DecodeUtteranceLatticeFaster():decoder-wrappers.cc:375) Log-like per frame for utterance jackson_3_39 is -8.92262 over 49 frames.
jackson_3_4 three 
LOG (gmm-latgen-faster[5.5.620~1-dce1dc]:DecodeUtteranceLatticeFaster():decoder-wrappers.cc:375) Log-like per frame for utterance jackson_3_4 is -8.59486 over 43 frames.
jackson_3_40 three 
LOG (gmm-latgen-faster[5.5.620~1-dce1dc]:DecodeUtteranceLatticeFaster():decoder-wrappers.cc:375) Log-like per frame for utterance jackson_3_40 is -8.67579 over 50 frames.
jackson_3_41 three 
LOG (gmm-latgen-faster[5.5.620~1-dce1dc]:DecodeUtteranceLatticeFaster():decoder-wrappers.cc:375) Log-like per frame for utterance jackson_3_41 is -8.97858 over 48 frames.
jackson_3_42 three 
LOG (gmm-latgen-faster[5.5.620~1-dce1dc]:DecodeUtteranceLatticeFaster():decoder-wrappers.cc:375) Log-like per frame for utterance jackson_3_42 is -8.7554 over 48 frames.
jackson_3_43 three 
LOG (gmm-latgen-faster[5.5.620~1-dce1dc]:DecodeUtteranceLatticeFaster():decoder-wrappers.cc:375) Log-like per frame for utterance jackson_3_43 is -8.68985 over 48 frames.
jackson_3_44 
LOG (gmm-latgen-faster[5.5.620~1-dce1dc]:DecodeUtteranceLatticeFaster():decoder-wrappers.cc:375) Log-like per frame for utterance jackson_3_44 is -8.96328 over 53 frames.
jackson_3_45 three 
LOG (gmm-latgen-faster[5.5.620~1-dce1dc]:DecodeUtteranceLatticeFaster():decoder-wrappers.cc:375) Log-like per frame for utterance jackson_3_45 is -8.95279 over 55 frames.
jackson_3_46 three 
LOG (gmm-latgen-faster[5.5.620~1-dce1dc]:DecodeUtteranceLatticeFaster():decoder-wrappers.cc:375) Log-like per frame for utterance jackson_3_46 is -8.89164 over 52 frames.
jackson_3_47 three 
LOG (gmm-latgen-faster[5.5.620~1-dce1dc]:DecodeUtteranceLatticeFaster():decoder-wrappers.cc:375) Log-like per frame for utterance jackson_3_47 is -8.64977 over 55 frames.
jackson_3_48 three 
LOG (gmm-latgen-faster[5.5.620~1-dce1dc]:DecodeUtteranceLatticeFaster():decoder-wrappers.cc:375) Log-like per frame for utterance jackson_3_48 is -8.54246 over 49 frames.
jackson_3_49 three 
LOG (gmm-latgen-faster[5.5.620~1-dce1dc]:DecodeUtteranceLatticeFaster():decoder-wrappers.cc:375) Log-like per frame for utterance jackson_3_49 is -8.89164 over 50 frames.
jackson_3_5 three 
LOG (gmm-latgen-faster[5.5.620~1-dce1dc]:DecodeUtteranceLatticeFaster():decoder-wrappers.cc:375) Log-like per frame for utterance jackson_3_5 is -8.77477 over 43 frames.
jackson_3_6 three 
LOG (gmm-latgen-faster[5.5.620~1-dce1dc]:DecodeUtteranceLatticeFaster():decoder-wrappers.cc:375) Log-like per frame for utterance jackson_3_6 is -8.58825 over 45 frames.
jackson_3_7 three 
LOG (gmm-latgen-faster[5.5.620~1-dce1dc]:DecodeUtteranceLatticeFaster():decoder-wrappers.cc:375) Log-like per frame for utterance jackson_3_7 is -9.24989 over 47 frames.
jackson_3_8 three 
LOG (gmm-latgen-faster[5.5.620~1-dce1dc]:DecodeUtteranceLatticeFaster():decoder-wrappers.cc:375) Log-like per frame for utterance jackson_3_8 is -8.73097 over 43 frames.
jackson_3_9 three 
LOG (gmm-latgen-faster[5.5.620~1-dce1dc]:DecodeUtteranceLatticeFaster():decoder-wrappers.cc:375) Log-like per frame for utterance jackson_3_9 is -8.82979 over 47 frames.
jackson_4_0 four 
LOG (gmm-latgen-faster[5.5.620~1-dce1dc]:DecodeUtteranceLatticeFaster():decoder-wrappers.cc:375) Log-like per frame for utterance jackson_4_0 is -8.28487 over 44 frames.
jackson_4_1 four 
LOG (gmm-latgen-faster[5.5.620~1-dce1dc]:DecodeUtteranceLatticeFaster():decoder-wrappers.cc:375) Log-like per frame for utterance jackson_4_1 is -7.90624 over 40 frames.
jackson_4_10 four 
LOG (gmm-latgen-faster[5.5.620~1-dce1dc]:DecodeUtteranceLatticeFaster():decoder-wrappers.cc:375) Log-like per frame for utterance jackson_4_10 is -9.13519 over 36 frames.
jackson_4_11 four 
LOG (gmm-latgen-faster[5.5.620~1-dce1dc]:DecodeUtteranceLatticeFaster():decoder-wrappers.cc:375) Log-like per frame for utterance jackson_4_11 is -8.61804 over 36 frames.
jackson_4_12 four 
LOG (gmm-latgen-faster[5.5.620~1-dce1dc]:DecodeUtteranceLatticeFaster():decoder-wrappers.cc:375) Log-like per frame for utterance jackson_4_12 is -7.55281 over 39 frames.
jackson_4_13 four 
LOG (gmm-latgen-faster[5.5.620~1-dce1dc]:DecodeUtteranceLatticeFaster():decoder-wrappers.cc:375) Log-like per frame for utterance jackson_4_13 is -8.71684 over 35 frames.
jackson_4_14 four 
LOG (gmm-latgen-faster[5.5.620~1-dce1dc]:DecodeUtteranceLatticeFaster():decoder-wrappers.cc:375) Log-like per frame for utterance jackson_4_14 is -8.64099 over 35 frames.
jackson_4_15 four 
LOG (gmm-latgen-faster[5.5.620~1-dce1dc]:DecodeUtteranceLatticeFaster():decoder-wrappers.cc:375) Log-like per frame for utterance jackson_4_15 is -8.75148 over 43 frames.
jackson_4_16 four 
LOG (gmm-latgen-faster[5.5.620~1-dce1dc]:DecodeUtteranceLatticeFaster():decoder-wrappers.cc:375) Log-like per frame for utterance jackson_4_16 is -8.72044 over 41 frames.
jackson_4_17 four 
LOG (gmm-latgen-faster[5.5.620~1-dce1dc]:DecodeUtteranceLatticeFaster():decoder-wrappers.cc:375) Log-like per frame for utterance jackson_4_17 is -9.54651 over 38 frames.
jackson_4_18 four 
LOG (gmm-latgen-faster[5.5.620~1-dce1dc]:DecodeUtteranceLatticeFaster():decoder-wrappers.cc:375) Log-like per frame for utterance jackson_4_18 is -8.85482 over 38 frames.
jackson_4_19 four 
LOG (gmm-latgen-faster[5.5.620~1-dce1dc]:DecodeUtteranceLatticeFaster():decoder-wrappers.cc:375) Log-like per frame for utterance jackson_4_19 is -9.02225 over 34 frames.
jackson_4_2 four 
LOG (gmm-latgen-faster[5.5.620~1-dce1dc]:DecodeUtteranceLatticeFaster():decoder-wrappers.cc:375) Log-like per frame for utterance jackson_4_2 is -8.0796 over 40 frames.
jackson_4_20 four 
LOG (gmm-latgen-faster[5.5.620~1-dce1dc]:DecodeUtteranceLatticeFaster():decoder-wrappers.cc:375) Log-like per frame for utterance jackson_4_20 is -9.2044 over 37 frames.
jackson_4_21 four 
LOG (gmm-latgen-faster[5.5.620~1-dce1dc]:DecodeUtteranceLatticeFaster():decoder-wrappers.cc:375) Log-like per frame for utterance jackson_4_21 is -8.79813 over 33 frames.
jackson_4_22 four 
LOG (gmm-latgen-faster[5.5.620~1-dce1dc]:DecodeUtteranceLatticeFaster():decoder-wrappers.cc:375) Log-like per frame for utterance jackson_4_22 is -9.26356 over 40 frames.
jackson_4_23 four 
LOG (gmm-latgen-faster[5.5.620~1-dce1dc]:DecodeUtteranceLatticeFaster():decoder-wrappers.cc:375) Log-like per frame for utterance jackson_4_23 is -8.03454 over 39 frames.
jackson_4_24 four 
LOG (gmm-latgen-faster[5.5.620~1-dce1dc]:DecodeUtteranceLatticeFaster():decoder-wrappers.cc:375) Log-like per frame for utterance jackson_4_24 is -8.7895 over 38 frames.
jackson_4_25 four 
LOG (gmm-latgen-faster[5.5.620~1-dce1dc]:DecodeUtteranceLatticeFaster():decoder-wrappers.cc:375) Log-like per frame for utterance jackson_4_25 is -8.78468 over 39 frames.
jackson_4_26 four 
LOG (gmm-latgen-faster[5.5.620~1-dce1dc]:DecodeUtteranceLatticeFaster():decoder-wrappers.cc:375) Log-like per frame for utterance jackson_4_26 is -9.0593 over 41 frames.
jackson_4_27 four 
LOG (gmm-latgen-faster[5.5.620~1-dce1dc]:DecodeUtteranceLatticeFaster():decoder-wrappers.cc:375) Log-like per frame for utterance jackson_4_27 is -8.80486 over 41 frames.
jackson_4_28 four 
LOG (gmm-latgen-faster[5.5.620~1-dce1dc]:DecodeUtteranceLatticeFaster():decoder-wrappers.cc:375) Log-like per frame for utterance jackson_4_28 is -9.3082 over 45 frames.
jackson_4_29 four 
LOG (gmm-latgen-faster[5.5.620~1-dce1dc]:DecodeUtteranceLatticeFaster():decoder-wrappers.cc:375) Log-like per frame for utterance jackson_4_29 is -9.00753 over 42 frames.
jackson_4_3 four 
LOG (gmm-latgen-faster[5.5.620~1-dce1dc]:DecodeUtteranceLatticeFaster():decoder-wrappers.cc:375) Log-like per frame for utterance jackson_4_3 is -8.04187 over 39 frames.
jackson_4_30 four 
LOG (gmm-latgen-faster[5.5.620~1-dce1dc]:DecodeUtteranceLatticeFaster():decoder-wrappers.cc:375) Log-like per frame for utterance jackson_4_30 is -8.63078 over 42 frames.
jackson_4_31 four 
LOG (gmm-latgen-faster[5.5.620~1-dce1dc]:DecodeUtteranceLatticeFaster():decoder-wrappers.cc:375) Log-like per frame for utterance jackson_4_31 is -9.08273 over 41 frames.
jackson_4_32 four 
LOG (gmm-latgen-faster[5.5.620~1-dce1dc]:DecodeUtteranceLatticeFaster():decoder-wrappers.cc:375) Log-like per frame for utterance jackson_4_32 is -8.04741 over 41 frames.
jackson_4_33 four 
LOG (gmm-latgen-faster[5.5.620~1-dce1dc]:DecodeUtteranceLatticeFaster():decoder-wrappers.cc:375) Log-like per frame for utterance jackson_4_33 is -8.14833 over 40 frames.
jackson_4_34 four 
LOG (gmm-latgen-faster[5.5.620~1-dce1dc]:DecodeUtteranceLatticeFaster():decoder-wrappers.cc:375) Log-like per frame for utterance jackson_4_34 is -7.85862 over 38 frames.
jackson_4_35 four 
LOG (gmm-latgen-faster[5.5.620~1-dce1dc]:DecodeUtteranceLatticeFaster():decoder-wrappers.cc:375) Log-like per frame for utterance jackson_4_35 is -8.09447 over 41 frames.
jackson_4_36 four 
LOG (gmm-latgen-faster[5.5.620~1-dce1dc]:DecodeUtteranceLatticeFaster():decoder-wrappers.cc:375) Log-like per frame for utterance jackson_4_36 is -8.03081 over 38 frames.
jackson_4_37 four 
LOG (gmm-latgen-faster[5.5.620~1-dce1dc]:DecodeUtteranceLatticeFaster():decoder-wrappers.cc:375) Log-like per frame for utterance jackson_4_37 is -8.88606 over 48 frames.
jackson_4_38 four 
LOG (gmm-latgen-faster[5.5.620~1-dce1dc]:DecodeUtteranceLatticeFaster():decoder-wrappers.cc:375) Log-like per frame for utterance jackson_4_38 is -8.47312 over 45 frames.
jackson_4_39 four 
LOG (gmm-latgen-faster[5.5.620~1-dce1dc]:DecodeUtteranceLatticeFaster():decoder-wrappers.cc:375) Log-like per frame for utterance jackson_4_39 is -8.77553 over 46 frames.
jackson_4_4 four 
LOG (gmm-latgen-faster[5.5.620~1-dce1dc]:DecodeUtteranceLatticeFaster():decoder-wrappers.cc:375) Log-like per frame for utterance jackson_4_4 is -8.01812 over 41 frames.
jackson_4_40 four 
LOG (gmm-latgen-faster[5.5.620~1-dce1dc]:DecodeUtteranceLatticeFaster():decoder-wrappers.cc:375) Log-like per frame for utterance jackson_4_40 is -8.64728 over 45 frames.
jackson_4_41 four 
LOG (gmm-latgen-faster[5.5.620~1-dce1dc]:DecodeUtteranceLatticeFaster():decoder-wrappers.cc:375) Log-like per frame for utterance jackson_4_41 is -8.73519 over 43 frames.
jackson_4_42 four 
LOG (gmm-latgen-faster[5.5.620~1-dce1dc]:DecodeUtteranceLatticeFaster():decoder-wrappers.cc:375) Log-like per frame for utterance jackson_4_42 is -8.71581 over 41 frames.
jackson_4_43 four 
LOG (gmm-latgen-faster[5.5.620~1-dce1dc]:DecodeUtteranceLatticeFaster():decoder-wrappers.cc:375) Log-like per frame for utterance jackson_4_43 is -8.71444 over 44 frames.
jackson_4_44 four 
LOG (gmm-latgen-faster[5.5.620~1-dce1dc]:DecodeUtteranceLatticeFaster():decoder-wrappers.cc:375) Log-like per frame for utterance jackson_4_44 is -9.19731 over 45 frames.
jackson_4_45 four 
LOG (gmm-latgen-faster[5.5.620~1-dce1dc]:DecodeUtteranceLatticeFaster():decoder-wrappers.cc:375) Log-like per frame for utterance jackson_4_45 is -8.74787 over 42 frames.
jackson_4_46 four 
LOG (gmm-latgen-faster[5.5.620~1-dce1dc]:DecodeUtteranceLatticeFaster():decoder-wrappers.cc:375) Log-like per frame for utterance jackson_4_46 is -8.45093 over 49 frames.
jackson_4_47 four 
LOG (gmm-latgen-faster[5.5.620~1-dce1dc]:DecodeUtteranceLatticeFaster():decoder-wrappers.cc:375) Log-like per frame for utterance jackson_4_47 is -8.82222 over 47 frames.
jackson_4_48 four 
LOG (gmm-latgen-faster[5.5.620~1-dce1dc]:DecodeUtteranceLatticeFaster():decoder-wrappers.cc:375) Log-like per frame for utterance jackson_4_48 is -8.63966 over 45 frames.
jackson_4_49 four 
LOG (gmm-latgen-faster[5.5.620~1-dce1dc]:DecodeUtteranceLatticeFaster():decoder-wrappers.cc:375) Log-like per frame for utterance jackson_4_49 is -8.30304 over 48 frames.
jackson_4_5 four 
LOG (gmm-latgen-faster[5.5.620~1-dce1dc]:DecodeUtteranceLatticeFaster():decoder-wrappers.cc:375) Log-like per frame for utterance jackson_4_5 is -8.53029 over 42 frames.
jackson_4_6 four 
LOG (gmm-latgen-faster[5.5.620~1-dce1dc]:DecodeUtteranceLatticeFaster():decoder-wrappers.cc:375) Log-like per frame for utterance jackson_4_6 is -8.90807 over 43 frames.
jackson_4_7 four 
LOG (gmm-latgen-faster[5.5.620~1-dce1dc]:DecodeUtteranceLatticeFaster():decoder-wrappers.cc:375) Log-like per frame for utterance jackson_4_7 is -8.65401 over 39 frames.
jackson_4_8 four 
LOG (gmm-latgen-faster[5.5.620~1-dce1dc]:DecodeUtteranceLatticeFaster():decoder-wrappers.cc:375) Log-like per frame for utterance jackson_4_8 is -8.71078 over 40 frames.
jackson_4_9 four 
LOG (gmm-latgen-faster[5.5.620~1-dce1dc]:DecodeUtteranceLatticeFaster():decoder-wrappers.cc:375) Log-like per frame for utterance jackson_4_9 is -8.35781 over 40 frames.
jackson_5_0 five 
LOG (gmm-latgen-faster[5.5.620~1-dce1dc]:DecodeUtteranceLatticeFaster():decoder-wrappers.cc:375) Log-like per frame for utterance jackson_5_0 is -8.00941 over 40 frames.
jackson_5_1 five 
LOG (gmm-latgen-faster[5.5.620~1-dce1dc]:DecodeUtteranceLatticeFaster():decoder-wrappers.cc:375) Log-like per frame for utterance jackson_5_1 is -7.84662 over 39 frames.
jackson_5_10 five 
LOG (gmm-latgen-faster[5.5.620~1-dce1dc]:DecodeUtteranceLatticeFaster():decoder-wrappers.cc:375) Log-like per frame for utterance jackson_5_10 is -7.31339 over 37 frames.
jackson_5_11 five 
LOG (gmm-latgen-faster[5.5.620~1-dce1dc]:DecodeUtteranceLatticeFaster():decoder-wrappers.cc:375) Log-like per frame for utterance jackson_5_11 is -7.57536 over 42 frames.
jackson_5_12 five 
LOG (gmm-latgen-faster[5.5.620~1-dce1dc]:DecodeUtteranceLatticeFaster():decoder-wrappers.cc:375) Log-like per frame for utterance jackson_5_12 is -7.46961 over 35 frames.
jackson_5_13 five 
LOG (gmm-latgen-faster[5.5.620~1-dce1dc]:DecodeUtteranceLatticeFaster():decoder-wrappers.cc:375) Log-like per frame for utterance jackson_5_13 is -7.79925 over 40 frames.
jackson_5_14 five 
LOG (gmm-latgen-faster[5.5.620~1-dce1dc]:DecodeUtteranceLatticeFaster():decoder-wrappers.cc:375) Log-like per frame for utterance jackson_5_14 is -7.07189 over 36 frames.
jackson_5_15 five 
LOG (gmm-latgen-faster[5.5.620~1-dce1dc]:DecodeUtteranceLatticeFaster():decoder-wrappers.cc:375) Log-like per frame for utterance jackson_5_15 is -7.74375 over 41 frames.
jackson_5_16 five 
LOG (gmm-latgen-faster[5.5.620~1-dce1dc]:DecodeUtteranceLatticeFaster():decoder-wrappers.cc:375) Log-like per frame for utterance jackson_5_16 is -7.68505 over 38 frames.
jackson_5_17 five 
LOG (gmm-latgen-faster[5.5.620~1-dce1dc]:DecodeUtteranceLatticeFaster():decoder-wrappers.cc:375) Log-like per frame for utterance jackson_5_17 is -8.07333 over 38 frames.
jackson_5_18 five 
LOG (gmm-latgen-faster[5.5.620~1-dce1dc]:DecodeUtteranceLatticeFaster():decoder-wrappers.cc:375) Log-like per frame for utterance jackson_5_18 is -7.46893 over 34 frames.
jackson_5_19 five 
LOG (gmm-latgen-faster[5.5.620~1-dce1dc]:DecodeUtteranceLatticeFaster():decoder-wrappers.cc:375) Log-like per frame for utterance jackson_5_19 is -7.63678 over 35 frames.
jackson_5_2 five 
LOG (gmm-latgen-faster[5.5.620~1-dce1dc]:DecodeUtteranceLatticeFaster():decoder-wrappers.cc:375) Log-like per frame for utterance jackson_5_2 is -7.93136 over 43 frames.
jackson_5_20 five 
LOG (gmm-latgen-faster[5.5.620~1-dce1dc]:DecodeUtteranceLatticeFaster():decoder-wrappers.cc:375) Log-like per frame for utterance jackson_5_20 is -7.98717 over 32 frames.
jackson_5_21 five 
LOG (gmm-latgen-faster[5.5.620~1-dce1dc]:DecodeUtteranceLatticeFaster():decoder-wrappers.cc:375) Log-like per frame for utterance jackson_5_21 is -8.26082 over 36 frames.
jackson_5_22 five 
LOG (gmm-latgen-faster[5.5.620~1-dce1dc]:DecodeUtteranceLatticeFaster():decoder-wrappers.cc:375) Log-like per frame for utterance jackson_5_22 is -8.17186 over 35 frames.
jackson_5_23 five 
LOG (gmm-latgen-faster[5.5.620~1-dce1dc]:DecodeUtteranceLatticeFaster():decoder-wrappers.cc:375) Log-like per frame for utterance jackson_5_23 is -8.05604 over 39 frames.
jackson_5_24 five 
LOG (gmm-latgen-faster[5.5.620~1-dce1dc]:DecodeUtteranceLatticeFaster():decoder-wrappers.cc:375) Log-like per frame for utterance jackson_5_24 is -7.35072 over 38 frames.
jackson_5_25 five 
LOG (gmm-latgen-faster[5.5.620~1-dce1dc]:DecodeUtteranceLatticeFaster():decoder-wrappers.cc:375) Log-like per frame for utterance jackson_5_25 is -7.68294 over 37 frames.
jackson_5_26 five 
LOG (gmm-latgen-faster[5.5.620~1-dce1dc]:DecodeUtteranceLatticeFaster():decoder-wrappers.cc:375) Log-like per frame for utterance jackson_5_26 is -7.79033 over 39 frames.
jackson_5_27 five 
LOG (gmm-latgen-faster[5.5.620~1-dce1dc]:DecodeUtteranceLatticeFaster():decoder-wrappers.cc:375) Log-like per frame for utterance jackson_5_27 is -7.90963 over 38 frames.
jackson_5_28 five 
LOG (gmm-latgen-faster[5.5.620~1-dce1dc]:DecodeUtteranceLatticeFaster():decoder-wrappers.cc:375) Log-like per frame for utterance jackson_5_28 is -7.44103 over 35 frames.
jackson_5_29 five 
LOG (gmm-latgen-faster[5.5.620~1-dce1dc]:DecodeUtteranceLatticeFaster():decoder-wrappers.cc:375) Log-like per frame for utterance jackson_5_29 is -8.06932 over 46 frames.
jackson_5_3 five 
LOG (gmm-latgen-faster[5.5.620~1-dce1dc]:DecodeUtteranceLatticeFaster():decoder-wrappers.cc:375) Log-like per frame for utterance jackson_5_3 is -7.69076 over 38 frames.
jackson_5_30 five 
LOG (gmm-latgen-faster[5.5.620~1-dce1dc]:DecodeUtteranceLatticeFaster():decoder-wrappers.cc:375) Log-like per frame for utterance jackson_5_30 is -8.15883 over 41 frames.
jackson_5_31 five 
LOG (gmm-latgen-faster[5.5.620~1-dce1dc]:DecodeUtteranceLatticeFaster():decoder-wrappers.cc:375) Log-like per frame for utterance jackson_5_31 is -7.63141 over 39 frames.
jackson_5_32 five 
LOG (gmm-latgen-faster[5.5.620~1-dce1dc]:DecodeUtteranceLatticeFaster():decoder-wrappers.cc:375) Log-like per frame for utterance jackson_5_32 is -7.87759 over 39 frames.
jackson_5_33 five 
LOG (gmm-latgen-faster[5.5.620~1-dce1dc]:DecodeUtteranceLatticeFaster():decoder-wrappers.cc:375) Log-like per frame for utterance jackson_5_33 is -7.85354 over 37 frames.
jackson_5_34 five 
LOG (gmm-latgen-faster[5.5.620~1-dce1dc]:DecodeUtteranceLatticeFaster():decoder-wrappers.cc:375) Log-like per frame for utterance jackson_5_34 is -7.97076 over 34 frames.
jackson_5_35 five 
LOG (gmm-latgen-faster[5.5.620~1-dce1dc]:DecodeUtteranceLatticeFaster():decoder-wrappers.cc:375) Log-like per frame for utterance jackson_5_35 is -8.09481 over 41 frames.
jackson_5_36 five 
LOG (gmm-latgen-faster[5.5.620~1-dce1dc]:DecodeUtteranceLatticeFaster():decoder-wrappers.cc:375) Log-like per frame for utterance jackson_5_36 is -7.23717 over 35 frames.
jackson_5_37 nine 
LOG (gmm-latgen-faster[5.5.620~1-dce1dc]:DecodeUtteranceLatticeFaster():decoder-wrappers.cc:375) Log-like per frame for utterance jackson_5_37 is -7.80026 over 37 frames.
jackson_5_38 five 
LOG (gmm-latgen-faster[5.5.620~1-dce1dc]:DecodeUtteranceLatticeFaster():decoder-wrappers.cc:375) Log-like per frame for utterance jackson_5_38 is -8.2767 over 41 frames.
jackson_5_39 five 
LOG (gmm-latgen-faster[5.5.620~1-dce1dc]:DecodeUtteranceLatticeFaster():decoder-wrappers.cc:375) Log-like per frame for utterance jackson_5_39 is -7.63276 over 36 frames.
jackson_5_4 five 
LOG (gmm-latgen-faster[5.5.620~1-dce1dc]:DecodeUtteranceLatticeFaster():decoder-wrappers.cc:375) Log-like per frame for utterance jackson_5_4 is -7.9774 over 51 frames.
jackson_5_40 five 
LOG (gmm-latgen-faster[5.5.620~1-dce1dc]:DecodeUtteranceLatticeFaster():decoder-wrappers.cc:375) Log-like per frame for utterance jackson_5_40 is -8.00768 over 39 frames.
jackson_5_41 five 
LOG (gmm-latgen-faster[5.5.620~1-dce1dc]:DecodeUtteranceLatticeFaster():decoder-wrappers.cc:375) Log-like per frame for utterance jackson_5_41 is -8.31672 over 38 frames.
jackson_5_42 five 
LOG (gmm-latgen-faster[5.5.620~1-dce1dc]:DecodeUtteranceLatticeFaster():decoder-wrappers.cc:375) Log-like per frame for utterance jackson_5_42 is -8.67297 over 45 frames.
jackson_5_43 one 
LOG (gmm-latgen-faster[5.5.620~1-dce1dc]:DecodeUtteranceLatticeFaster():decoder-wrappers.cc:375) Log-like per frame for utterance jackson_5_43 is -8.34326 over 42 frames.
jackson_5_44 one 
LOG (gmm-latgen-faster[5.5.620~1-dce1dc]:DecodeUtteranceLatticeFaster():decoder-wrappers.cc:375) Log-like per frame for utterance jackson_5_44 is -8.51283 over 47 frames.
jackson_5_45 five 
LOG (gmm-latgen-faster[5.5.620~1-dce1dc]:DecodeUtteranceLatticeFaster():decoder-wrappers.cc:375) Log-like per frame for utterance jackson_5_45 is -8.25741 over 44 frames.
jackson_5_46 five 
LOG (gmm-latgen-faster[5.5.620~1-dce1dc]:DecodeUtteranceLatticeFaster():decoder-wrappers.cc:375) Log-like per frame for utterance jackson_5_46 is -8.39374 over 48 frames.
jackson_5_47 five 
LOG (gmm-latgen-faster[5.5.620~1-dce1dc]:DecodeUtteranceLatticeFaster():decoder-wrappers.cc:375) Log-like per frame for utterance jackson_5_47 is -8.95562 over 49 frames.
jackson_5_48 five 
LOG (gmm-latgen-faster[5.5.620~1-dce1dc]:DecodeUtteranceLatticeFaster():decoder-wrappers.cc:375) Log-like per frame for utterance jackson_5_48 is -9.40086 over 49 frames.
jackson_5_49 one 
LOG (gmm-latgen-faster[5.5.620~1-dce1dc]:DecodeUtteranceLatticeFaster():decoder-wrappers.cc:375) Log-like per frame for utterance jackson_5_49 is -8.22625 over 46 frames.
jackson_5_5 five 
LOG (gmm-latgen-faster[5.5.620~1-dce1dc]:DecodeUtteranceLatticeFaster():decoder-wrappers.cc:375) Log-like per frame for utterance jackson_5_5 is -7.78916 over 37 frames.
jackson_5_6 five 
LOG (gmm-latgen-faster[5.5.620~1-dce1dc]:DecodeUtteranceLatticeFaster():decoder-wrappers.cc:375) Log-like per frame for utterance jackson_5_6 is -8.36362 over 38 frames.
jackson_5_7 five 
LOG (gmm-latgen-faster[5.5.620~1-dce1dc]:DecodeUtteranceLatticeFaster():decoder-wrappers.cc:375) Log-like per frame for utterance jackson_5_7 is -8.16586 over 36 frames.
jackson_5_8 five 
LOG (gmm-latgen-faster[5.5.620~1-dce1dc]:DecodeUtteranceLatticeFaster():decoder-wrappers.cc:375) Log-like per frame for utterance jackson_5_8 is -7.85395 over 35 frames.
jackson_5_9 five 
LOG (gmm-latgen-faster[5.5.620~1-dce1dc]:DecodeUtteranceLatticeFaster():decoder-wrappers.cc:375) Log-like per frame for utterance jackson_5_9 is -8.68938 over 56 frames.
jackson_6_0 six 
LOG (gmm-latgen-faster[5.5.620~1-dce1dc]:DecodeUtteranceLatticeFaster():decoder-wrappers.cc:375) Log-like per frame for utterance jackson_6_0 is -8.87726 over 81 frames.
jackson_6_1 
LOG (gmm-latgen-faster[5.5.620~1-dce1dc]:DecodeUtteranceLatticeFaster():decoder-wrappers.cc:375) Log-like per frame for utterance jackson_6_1 is -9.22926 over 62 frames.
jackson_6_10 six 
LOG (gmm-latgen-faster[5.5.620~1-dce1dc]:DecodeUtteranceLatticeFaster():decoder-wrappers.cc:375) Log-like per frame for utterance jackson_6_10 is -8.42669 over 84 frames.
jackson_6_11 
LOG (gmm-latgen-faster[5.5.620~1-dce1dc]:DecodeUtteranceLatticeFaster():decoder-wrappers.cc:375) Log-like per frame for utterance jackson_6_11 is -8.60065 over 85 frames.
jackson_6_12 six 
LOG (gmm-latgen-faster[5.5.620~1-dce1dc]:DecodeUtteranceLatticeFaster():decoder-wrappers.cc:375) Log-like per frame for utterance jackson_6_12 is -8.44954 over 84 frames.
jackson_6_13 
LOG (gmm-latgen-faster[5.5.620~1-dce1dc]:DecodeUtteranceLatticeFaster():decoder-wrappers.cc:375) Log-like per frame for utterance jackson_6_13 is -8.55815 over 69 frames.
jackson_6_14 
LOG (gmm-latgen-faster[5.5.620~1-dce1dc]:DecodeUtteranceLatticeFaster():decoder-wrappers.cc:375) Log-like per frame for utterance jackson_6_14 is -8.55298 over 75 frames.
jackson_6_15 
LOG (gmm-latgen-faster[5.5.620~1-dce1dc]:DecodeUtteranceLatticeFaster():decoder-wrappers.cc:375) Log-like per frame for utterance jackson_6_15 is -8.53517 over 86 frames.
jackson_6_16 
LOG (gmm-latgen-faster[5.5.620~1-dce1dc]:DecodeUtteranceLatticeFaster():decoder-wrappers.cc:375) Log-like per frame for utterance jackson_6_16 is -8.335 over 71 frames.
jackson_6_17 
LOG (gmm-latgen-faster[5.5.620~1-dce1dc]:DecodeUtteranceLatticeFaster():decoder-wrappers.cc:375) Log-like per frame for utterance jackson_6_17 is -8.57224 over 72 frames.
jackson_6_18 six 
LOG (gmm-latgen-faster[5.5.620~1-dce1dc]:DecodeUtteranceLatticeFaster():decoder-wrappers.cc:375) Log-like per frame for utterance jackson_6_18 is -8.1454 over 84 frames.
jackson_6_19 
LOG (gmm-latgen-faster[5.5.620~1-dce1dc]:DecodeUtteranceLatticeFaster():decoder-wrappers.cc:375) Log-like per frame for utterance jackson_6_19 is -8.67661 over 67 frames.
jackson_6_2 six 
LOG (gmm-latgen-faster[5.5.620~1-dce1dc]:DecodeUtteranceLatticeFaster():decoder-wrappers.cc:375) Log-like per frame for utterance jackson_6_2 is -8.8928 over 61 frames.
jackson_6_20 six 
LOG (gmm-latgen-faster[5.5.620~1-dce1dc]:DecodeUtteranceLatticeFaster():decoder-wrappers.cc:375) Log-like per frame for utterance jackson_6_20 is -9.05418 over 67 frames.
jackson_6_21 seven 
LOG (gmm-latgen-faster[5.5.620~1-dce1dc]:DecodeUtteranceLatticeFaster():decoder-wrappers.cc:375) Log-like per frame for utterance jackson_6_21 is -8.73951 over 78 frames.
jackson_6_22 six 
LOG (gmm-latgen-faster[5.5.620~1-dce1dc]:DecodeUtteranceLatticeFaster():decoder-wrappers.cc:375) Log-like per frame for utterance jackson_6_22 is -8.56155 over 69 frames.
jackson_6_23 six 
LOG (gmm-latgen-faster[5.5.620~1-dce1dc]:DecodeUtteranceLatticeFaster():decoder-wrappers.cc:375) Log-like per frame for utterance jackson_6_23 is -8.52956 over 80 frames.
jackson_6_24 
LOG (gmm-latgen-faster[5.5.620~1-dce1dc]:DecodeUtteranceLatticeFaster():decoder-wrappers.cc:375) Log-like per frame for utterance jackson_6_24 is -8.49455 over 70 frames.
jackson_6_25 six 
LOG (gmm-latgen-faster[5.5.620~1-dce1dc]:DecodeUtteranceLatticeFaster():decoder-wrappers.cc:375) Log-like per frame for utterance jackson_6_25 is -8.30515 over 77 frames.
jackson_6_26 
LOG (gmm-latgen-faster[5.5.620~1-dce1dc]:DecodeUtteranceLatticeFaster():decoder-wrappers.cc:375) Log-like per frame for utterance jackson_6_26 is -8.498 over 70 frames.
jackson_6_27 eight 
LOG (gmm-latgen-faster[5.5.620~1-dce1dc]:DecodeUtteranceLatticeFaster():decoder-wrappers.cc:375) Log-like per frame for utterance jackson_6_27 is -8.37095 over 79 frames.
jackson_6_28 
LOG (gmm-latgen-faster[5.5.620~1-dce1dc]:DecodeUtteranceLatticeFaster():decoder-wrappers.cc:375) Log-like per frame for utterance jackson_6_28 is -9.0922 over 63 frames.
jackson_6_29 
LOG (gmm-latgen-faster[5.5.620~1-dce1dc]:DecodeUtteranceLatticeFaster():decoder-wrappers.cc:375) Log-like per frame for utterance jackson_6_29 is -8.94201 over 60 frames.
jackson_6_3 six 
LOG (gmm-latgen-faster[5.5.620~1-dce1dc]:DecodeUtteranceLatticeFaster():decoder-wrappers.cc:375) Log-like per frame for utterance jackson_6_3 is -9.12943 over 85 frames.
jackson_6_30 six 
LOG (gmm-latgen-faster[5.5.620~1-dce1dc]:DecodeUtteranceLatticeFaster():decoder-wrappers.cc:375) Log-like per frame for utterance jackson_6_30 is -8.88215 over 78 frames.
jackson_6_31 six 
LOG (gmm-latgen-faster[5.5.620~1-dce1dc]:DecodeUtteranceLatticeFaster():decoder-wrappers.cc:375) Log-like per frame for utterance jackson_6_31 is -8.75955 over 61 frames.
jackson_6_32 six 
LOG (gmm-latgen-faster[5.5.620~1-dce1dc]:DecodeUtteranceLatticeFaster():decoder-wrappers.cc:375) Log-like per frame for utterance jackson_6_32 is -8.92007 over 83 frames.
jackson_6_33 six 
LOG (gmm-latgen-faster[5.5.620~1-dce1dc]:DecodeUtteranceLatticeFaster():decoder-wrappers.cc:375) Log-like per frame for utterance jackson_6_33 is -8.77959 over 62 frames.
jackson_6_34 six 
LOG (gmm-latgen-faster[5.5.620~1-dce1dc]:DecodeUtteranceLatticeFaster():decoder-wrappers.cc:375) Log-like per frame for utterance jackson_6_34 is -9.06577 over 56 frames.
jackson_6_35 
LOG (gmm-latgen-faster[5.5.620~1-dce1dc]:DecodeUtteranceLatticeFaster():decoder-wrappers.cc:375) Log-like per frame for utterance jackson_6_35 is -9.13083 over 62 frames.
jackson_6_36 six 
LOG (gmm-latgen-faster[5.5.620~1-dce1dc]:DecodeUtteranceLatticeFaster():decoder-wrappers.cc:375) Log-like per frame for utterance jackson_6_36 is -9.12321 over 56 frames.
jackson_6_37 six 
LOG (gmm-latgen-faster[5.5.620~1-dce1dc]:DecodeUtteranceLatticeFaster():decoder-wrappers.cc:375) Log-like per frame for utterance jackson_6_37 is -8.47091 over 68 frames.
jackson_6_38 
LOG (gmm-latgen-faster[5.5.620~1-dce1dc]:DecodeUtteranceLatticeFaster():decoder-wrappers.cc:375) Log-like per frame for utterance jackson_6_38 is -8.80795 over 73 frames.
jackson_6_39 
LOG (gmm-latgen-faster[5.5.620~1-dce1dc]:DecodeUtteranceLatticeFaster():decoder-wrappers.cc:375) Log-like per frame for utterance jackson_6_39 is -8.93236 over 64 frames.
jackson_6_4 
LOG (gmm-latgen-faster[5.5.620~1-dce1dc]:DecodeUtteranceLatticeFaster():decoder-wrappers.cc:375) Log-like per frame for utterance jackson_6_4 is -9.25914 over 61 frames.
jackson_6_40 
LOG (gmm-latgen-faster[5.5.620~1-dce1dc]:DecodeUtteranceLatticeFaster():decoder-wrappers.cc:375) Log-like per frame for utterance jackson_6_40 is -9.06064 over 57 frames.
jackson_6_41 
LOG (gmm-latgen-faster[5.5.620~1-dce1dc]:DecodeUtteranceLatticeFaster():decoder-wrappers.cc:375) Log-like per frame for utterance jackson_6_41 is -8.85127 over 54 frames.
jackson_6_42 
LOG (gmm-latgen-faster[5.5.620~1-dce1dc]:DecodeUtteranceLatticeFaster():decoder-wrappers.cc:375) Log-like per frame for utterance jackson_6_42 is -8.84525 over 49 frames.
jackson_6_43 six 
LOG (gmm-latgen-faster[5.5.620~1-dce1dc]:DecodeUtteranceLatticeFaster():decoder-wrappers.cc:375) Log-like per frame for utterance jackson_6_43 is -8.71881 over 65 frames.
jackson_6_44 
LOG (gmm-latgen-faster[5.5.620~1-dce1dc]:DecodeUtteranceLatticeFaster():decoder-wrappers.cc:375) Log-like per frame for utterance jackson_6_44 is -8.91486 over 47 frames.
jackson_6_45 six 
LOG (gmm-latgen-faster[5.5.620~1-dce1dc]:DecodeUtteranceLatticeFaster():decoder-wrappers.cc:375) Log-like per frame for utterance jackson_6_45 is -8.99493 over 57 frames.
jackson_6_46 six 
LOG (gmm-latgen-faster[5.5.620~1-dce1dc]:DecodeUtteranceLatticeFaster():decoder-wrappers.cc:375) Log-like per frame for utterance jackson_6_46 is -8.63994 over 77 frames.
jackson_6_47 
LOG (gmm-latgen-faster[5.5.620~1-dce1dc]:DecodeUtteranceLatticeFaster():decoder-wrappers.cc:375) Log-like per frame for utterance jackson_6_47 is -8.96411 over 68 frames.
jackson_6_48 six 
LOG (gmm-latgen-faster[5.5.620~1-dce1dc]:DecodeUtteranceLatticeFaster():decoder-wrappers.cc:375) Log-like per frame for utterance jackson_6_48 is -8.63014 over 52 frames.
jackson_6_49 six 
LOG (gmm-latgen-faster[5.5.620~1-dce1dc]:DecodeUtteranceLatticeFaster():decoder-wrappers.cc:375) Log-like per frame for utterance jackson_6_49 is -9.13224 over 67 frames.
jackson_6_5 seven 
LOG (gmm-latgen-faster[5.5.620~1-dce1dc]:DecodeUtteranceLatticeFaster():decoder-wrappers.cc:375) Log-like per frame for utterance jackson_6_5 is -8.35726 over 66 frames.
jackson_6_6 
LOG (gmm-latgen-faster[5.5.620~1-dce1dc]:DecodeUtteranceLatticeFaster():decoder-wrappers.cc:375) Log-like per frame for utterance jackson_6_6 is -8.61765 over 74 frames.
jackson_6_7 six 
LOG (gmm-latgen-faster[5.5.620~1-dce1dc]:DecodeUtteranceLatticeFaster():decoder-wrappers.cc:375) Log-like per frame for utterance jackson_6_7 is -8.75785 over 62 frames.
jackson_6_8 six 
LOG (gmm-latgen-faster[5.5.620~1-dce1dc]:DecodeUtteranceLatticeFaster():decoder-wrappers.cc:375) Log-like per frame for utterance jackson_6_8 is -8.77631 over 81 frames.
jackson_6_9 six 
LOG (gmm-latgen-faster[5.5.620~1-dce1dc]:DecodeUtteranceLatticeFaster():decoder-wrappers.cc:375) Log-like per frame for utterance jackson_6_9 is -8.44232 over 81 frames.
jackson_7_0 seven 
LOG (gmm-latgen-faster[5.5.620~1-dce1dc]:DecodeUtteranceLatticeFaster():decoder-wrappers.cc:375) Log-like per frame for utterance jackson_7_0 is -9.05714 over 41 frames.
jackson_7_1 seven 
LOG (gmm-latgen-faster[5.5.620~1-dce1dc]:DecodeUtteranceLatticeFaster():decoder-wrappers.cc:375) Log-like per frame for utterance jackson_7_1 is -7.94154 over 45 frames.
jackson_7_10 seven 
LOG (gmm-latgen-faster[5.5.620~1-dce1dc]:DecodeUtteranceLatticeFaster():decoder-wrappers.cc:375) Log-like per frame for utterance jackson_7_10 is -8.12146 over 42 frames.
jackson_7_11 five 
LOG (gmm-latgen-faster[5.5.620~1-dce1dc]:DecodeUtteranceLatticeFaster():decoder-wrappers.cc:375) Log-like per frame for utterance jackson_7_11 is -8.58603 over 39 frames.
jackson_7_12 seven 
LOG (gmm-latgen-faster[5.5.620~1-dce1dc]:DecodeUtteranceLatticeFaster():decoder-wrappers.cc:375) Log-like per frame for utterance jackson_7_12 is -8.82309 over 42 frames.
jackson_7_13 seven 
LOG (gmm-latgen-faster[5.5.620~1-dce1dc]:DecodeUtteranceLatticeFaster():decoder-wrappers.cc:375) Log-like per frame for utterance jackson_7_13 is -8.56518 over 43 frames.
jackson_7_14 seven 
LOG (gmm-latgen-faster[5.5.620~1-dce1dc]:DecodeUtteranceLatticeFaster():decoder-wrappers.cc:375) Log-like per frame for utterance jackson_7_14 is -8.41254 over 46 frames.
jackson_7_15 seven 
LOG (gmm-latgen-faster[5.5.620~1-dce1dc]:DecodeUtteranceLatticeFaster():decoder-wrappers.cc:375) Log-like per frame for utterance jackson_7_15 is -8.86747 over 38 frames.
jackson_7_16 seven 
LOG (gmm-latgen-faster[5.5.620~1-dce1dc]:DecodeUtteranceLatticeFaster():decoder-wrappers.cc:375) Log-like per frame for utterance jackson_7_16 is -8.8042 over 41 frames.
jackson_7_17 seven 
LOG (gmm-latgen-faster[5.5.620~1-dce1dc]:DecodeUtteranceLatticeFaster():decoder-wrappers.cc:375) Log-like per frame for utterance jackson_7_17 is -8.86207 over 45 frames.
jackson_7_18 seven 
LOG (gmm-latgen-faster[5.5.620~1-dce1dc]:DecodeUtteranceLatticeFaster():decoder-wrappers.cc:375) Log-like per frame for utterance jackson_7_18 is -8.74438 over 39 frames.
jackson_7_19 seven 
LOG (gmm-latgen-faster[5.5.620~1-dce1dc]:DecodeUtteranceLatticeFaster():decoder-wrappers.cc:375) Log-like per frame for utterance jackson_7_19 is -8.5591 over 45 frames.
jackson_7_2 seven 
LOG (gmm-latgen-faster[5.5.620~1-dce1dc]:DecodeUtteranceLatticeFaster():decoder-wrappers.cc:375) Log-like per frame for utterance jackson_7_2 is -8.33082 over 36 frames.
jackson_7_20 seven 
LOG (gmm-latgen-faster[5.5.620~1-dce1dc]:DecodeUtteranceLatticeFaster():decoder-wrappers.cc:375) Log-like per frame for utterance jackson_7_20 is -8.98908 over 44 frames.
jackson_7_21 seven 
LOG (gmm-latgen-faster[5.5.620~1-dce1dc]:DecodeUtteranceLatticeFaster():decoder-wrappers.cc:375) Log-like per frame for utterance jackson_7_21 is -8.56686 over 50 frames.
jackson_7_22 seven 
LOG (gmm-latgen-faster[5.5.620~1-dce1dc]:DecodeUtteranceLatticeFaster():decoder-wrappers.cc:375) Log-like per frame for utterance jackson_7_22 is -8.89235 over 42 frames.
jackson_7_23 seven 
LOG (gmm-latgen-faster[5.5.620~1-dce1dc]:DecodeUtteranceLatticeFaster():decoder-wrappers.cc:375) Log-like per frame for utterance jackson_7_23 is -8.11229 over 54 frames.
jackson_7_24 seven 
LOG (gmm-latgen-faster[5.5.620~1-dce1dc]:DecodeUtteranceLatticeFaster():decoder-wrappers.cc:375) Log-like per frame for utterance jackson_7_24 is -9.03056 over 42 frames.
jackson_7_25 seven 
LOG (gmm-latgen-faster[5.5.620~1-dce1dc]:DecodeUtteranceLatticeFaster():decoder-wrappers.cc:375) Log-like per frame for utterance jackson_7_25 is -9.28075 over 45 frames.
jackson_7_26 seven 
LOG (gmm-latgen-faster[5.5.620~1-dce1dc]:DecodeUtteranceLatticeFaster():decoder-wrappers.cc:375) Log-like per frame for utterance jackson_7_26 is -8.8898 over 47 frames.
jackson_7_27 nine 
LOG (gmm-latgen-faster[5.5.620~1-dce1dc]:DecodeUtteranceLatticeFaster():decoder-wrappers.cc:375) Log-like per frame for utterance jackson_7_27 is -8.99592 over 47 frames.
jackson_7_28 seven 
LOG (gmm-latgen-faster[5.5.620~1-dce1dc]:DecodeUtteranceLatticeFaster():decoder-wrappers.cc:375) Log-like per frame for utterance jackson_7_28 is -8.82053 over 41 frames.
jackson_7_29 seven 
LOG (gmm-latgen-faster[5.5.620~1-dce1dc]:DecodeUtteranceLatticeFaster():decoder-wrappers.cc:375) Log-like per frame for utterance jackson_7_29 is -8.58517 over 43 frames.
jackson_7_3 seven 
LOG (gmm-latgen-faster[5.5.620~1-dce1dc]:DecodeUtteranceLatticeFaster():decoder-wrappers.cc:375) Log-like per frame for utterance jackson_7_3 is -8.28799 over 41 frames.
jackson_7_30 seven 
LOG (gmm-latgen-faster[5.5.620~1-dce1dc]:DecodeUtteranceLatticeFaster():decoder-wrappers.cc:375) Log-like per frame for utterance jackson_7_30 is -8.4112 over 44 frames.
jackson_7_31 seven 
LOG (gmm-latgen-faster[5.5.620~1-dce1dc]:DecodeUtteranceLatticeFaster():decoder-wrappers.cc:375) Log-like per frame for utterance jackson_7_31 is -8.26967 over 40 frames.
jackson_7_32 seven 
LOG (gmm-latgen-faster[5.5.620~1-dce1dc]:DecodeUtteranceLatticeFaster():decoder-wrappers.cc:375) Log-like per frame for utterance jackson_7_32 is -8.5269 over 52 frames.
jackson_7_33 seven 
LOG (gmm-latgen-faster[5.5.620~1-dce1dc]:DecodeUtteranceLatticeFaster():decoder-wrappers.cc:375) Log-like per frame for utterance jackson_7_33 is -8.65511 over 52 frames.
jackson_7_34 seven 
LOG (gmm-latgen-faster[5.5.620~1-dce1dc]:DecodeUtteranceLatticeFaster():decoder-wrappers.cc:375) Log-like per frame for utterance jackson_7_34 is -9.13702 over 49 frames.
jackson_7_35 seven 
LOG (gmm-latgen-faster[5.5.620~1-dce1dc]:DecodeUtteranceLatticeFaster():decoder-wrappers.cc:375) Log-like per frame for utterance jackson_7_35 is -7.92398 over 39 frames.
jackson_7_36 seven 
LOG (gmm-latgen-faster[5.5.620~1-dce1dc]:DecodeUtteranceLatticeFaster():decoder-wrappers.cc:375) Log-like per frame for utterance jackson_7_36 is -8.60268 over 38 frames.
jackson_7_37 seven 
LOG (gmm-latgen-faster[5.5.620~1-dce1dc]:DecodeUtteranceLatticeFaster():decoder-wrappers.cc:375) Log-like per frame for utterance jackson_7_37 is -8.28288 over 39 frames.
jackson_7_38 nine 
LOG (gmm-latgen-faster[5.5.620~1-dce1dc]:DecodeUtteranceLatticeFaster():decoder-wrappers.cc:375) Log-like per frame for utterance jackson_7_38 is -9.60006 over 46 frames.
jackson_7_39 seven 
LOG (gmm-latgen-faster[5.5.620~1-dce1dc]:DecodeUtteranceLatticeFaster():decoder-wrappers.cc:375) Log-like per frame for utterance jackson_7_39 is -8.93166 over 49 frames.
jackson_7_4 seven 
LOG (gmm-latgen-faster[5.5.620~1-dce1dc]:DecodeUtteranceLatticeFaster():decoder-wrappers.cc:375) Log-like per frame for utterance jackson_7_4 is -8.96121 over 40 frames.
jackson_7_40 nine 
LOG (gmm-latgen-faster[5.5.620~1-dce1dc]:DecodeUtteranceLatticeFaster():decoder-wrappers.cc:375) Log-like per frame for utterance jackson_7_40 is -8.63391 over 47 frames.
jackson_7_41 nine 
LOG (gmm-latgen-faster[5.5.620~1-dce1dc]:DecodeUtteranceLatticeFaster():decoder-wrappers.cc:375) Log-like per frame for utterance jackson_7_41 is -8.96542 over 48 frames.
jackson_7_42 nine 
LOG (gmm-latgen-faster[5.5.620~1-dce1dc]:DecodeUtteranceLatticeFaster():decoder-wrappers.cc:375) Log-like per frame for utterance jackson_7_42 is -8.90412 over 46 frames.
jackson_7_43 seven 
LOG (gmm-latgen-faster[5.5.620~1-dce1dc]:DecodeUtteranceLatticeFaster():decoder-wrappers.cc:375) Log-like per frame for utterance jackson_7_43 is -8.73375 over 52 frames.
jackson_7_44 five 
LOG (gmm-latgen-faster[5.5.620~1-dce1dc]:DecodeUtteranceLatticeFaster():decoder-wrappers.cc:375) Log-like per frame for utterance jackson_7_44 is -8.68121 over 49 frames.
jackson_7_45 seven 
LOG (gmm-latgen-faster[5.5.620~1-dce1dc]:DecodeUtteranceLatticeFaster():decoder-wrappers.cc:375) Log-like per frame for utterance jackson_7_45 is -8.65759 over 44 frames.
jackson_7_46 seven 
LOG (gmm-latgen-faster[5.5.620~1-dce1dc]:DecodeUtteranceLatticeFaster():decoder-wrappers.cc:375) Log-like per frame for utterance jackson_7_46 is -8.75919 over 47 frames.
jackson_7_47 seven 
LOG (gmm-latgen-faster[5.5.620~1-dce1dc]:DecodeUtteranceLatticeFaster():decoder-wrappers.cc:375) Log-like per frame for utterance jackson_7_47 is -8.97658 over 47 frames.
jackson_7_48 seven 
LOG (gmm-latgen-faster[5.5.620~1-dce1dc]:DecodeUtteranceLatticeFaster():decoder-wrappers.cc:375) Log-like per frame for utterance jackson_7_48 is -8.77724 over 44 frames.
jackson_7_49 seven 
LOG (gmm-latgen-faster[5.5.620~1-dce1dc]:DecodeUtteranceLatticeFaster():decoder-wrappers.cc:375) Log-like per frame for utterance jackson_7_49 is -9.08344 over 47 frames.
jackson_7_5 seven 
LOG (gmm-latgen-faster[5.5.620~1-dce1dc]:DecodeUtteranceLatticeFaster():decoder-wrappers.cc:375) Log-like per frame for utterance jackson_7_5 is -8.35184 over 43 frames.
jackson_7_6 seven 
LOG (gmm-latgen-faster[5.5.620~1-dce1dc]:DecodeUtteranceLatticeFaster():decoder-wrappers.cc:375) Log-like per frame for utterance jackson_7_6 is -8.79637 over 43 frames.
jackson_7_7 seven 
LOG (gmm-latgen-faster[5.5.620~1-dce1dc]:DecodeUtteranceLatticeFaster():decoder-wrappers.cc:375) Log-like per frame for utterance jackson_7_7 is -8.4378 over 40 frames.
jackson_7_8 seven 
LOG (gmm-latgen-faster[5.5.620~1-dce1dc]:DecodeUtteranceLatticeFaster():decoder-wrappers.cc:375) Log-like per frame for utterance jackson_7_8 is -8.8975 over 41 frames.
jackson_7_9 
LOG (gmm-latgen-faster[5.5.620~1-dce1dc]:DecodeUtteranceLatticeFaster():decoder-wrappers.cc:375) Log-like per frame for utterance jackson_7_9 is -8.88574 over 42 frames.
jackson_8_0 eight 
LOG (gmm-latgen-faster[5.5.620~1-dce1dc]:DecodeUtteranceLatticeFaster():decoder-wrappers.cc:375) Log-like per frame for utterance jackson_8_0 is -8.36011 over 33 frames.
jackson_8_1 eight 
LOG (gmm-latgen-faster[5.5.620~1-dce1dc]:DecodeUtteranceLatticeFaster():decoder-wrappers.cc:375) Log-like per frame for utterance jackson_8_1 is -8.58305 over 38 frames.
jackson_8_10 eight 
LOG (gmm-latgen-faster[5.5.620~1-dce1dc]:DecodeUtteranceLatticeFaster():decoder-wrappers.cc:375) Log-like per frame for utterance jackson_8_10 is -8.49859 over 34 frames.
jackson_8_11 eight 
LOG (gmm-latgen-faster[5.5.620~1-dce1dc]:DecodeUtteranceLatticeFaster():decoder-wrappers.cc:375) Log-like per frame for utterance jackson_8_11 is -8.64413 over 39 frames.
jackson_8_12 eight 
LOG (gmm-latgen-faster[5.5.620~1-dce1dc]:DecodeUtteranceLatticeFaster():decoder-wrappers.cc:375) Log-like per frame for utterance jackson_8_12 is -8.45778 over 34 frames.
jackson_8_13 eight 
LOG (gmm-latgen-faster[5.5.620~1-dce1dc]:DecodeUtteranceLatticeFaster():decoder-wrappers.cc:375) Log-like per frame for utterance jackson_8_13 is -9.37279 over 36 frames.
jackson_8_14 eight 
LOG (gmm-latgen-faster[5.5.620~1-dce1dc]:DecodeUtteranceLatticeFaster():decoder-wrappers.cc:375) Log-like per frame for utterance jackson_8_14 is -8.36503 over 34 frames.
jackson_8_15 eight 
LOG (gmm-latgen-faster[5.5.620~1-dce1dc]:DecodeUtteranceLatticeFaster():decoder-wrappers.cc:375) Log-like per frame for utterance jackson_8_15 is -8.91938 over 37 frames.
jackson_8_16 eight 
LOG (gmm-latgen-faster[5.5.620~1-dce1dc]:DecodeUtteranceLatticeFaster():decoder-wrappers.cc:375) Log-like per frame for utterance jackson_8_16 is -8.67313 over 33 frames.
jackson_8_17 eight 
LOG (gmm-latgen-faster[5.5.620~1-dce1dc]:DecodeUtteranceLatticeFaster():decoder-wrappers.cc:375) Log-like per frame for utterance jackson_8_17 is -9.20964 over 38 frames.
jackson_8_18 eight 
LOG (gmm-latgen-faster[5.5.620~1-dce1dc]:DecodeUtteranceLatticeFaster():decoder-wrappers.cc:375) Log-like per frame for utterance jackson_8_18 is -8.67243 over 38 frames.
jackson_8_19 eight 
LOG (gmm-latgen-faster[5.5.620~1-dce1dc]:DecodeUtteranceLatticeFaster():decoder-wrappers.cc:375) Log-like per frame for utterance jackson_8_19 is -9.08571 over 36 frames.
jackson_8_2 eight 
LOG (gmm-latgen-faster[5.5.620~1-dce1dc]:DecodeUtteranceLatticeFaster():decoder-wrappers.cc:375) Log-like per frame for utterance jackson_8_2 is -9.01226 over 36 frames.
jackson_8_20 eight 
LOG (gmm-latgen-faster[5.5.620~1-dce1dc]:DecodeUtteranceLatticeFaster():decoder-wrappers.cc:375) Log-like per frame for utterance jackson_8_20 is -9.07546 over 37 frames.
jackson_8_21 eight 
LOG (gmm-latgen-faster[5.5.620~1-dce1dc]:DecodeUtteranceLatticeFaster():decoder-wrappers.cc:375) Log-like per frame for utterance jackson_8_21 is -8.82909 over 37 frames.
jackson_8_22 eight 
LOG (gmm-latgen-faster[5.5.620~1-dce1dc]:DecodeUtteranceLatticeFaster():decoder-wrappers.cc:375) Log-like per frame for utterance jackson_8_22 is -8.62383 over 43 frames.
jackson_8_23 eight 
LOG (gmm-latgen-faster[5.5.620~1-dce1dc]:DecodeUtteranceLatticeFaster():decoder-wrappers.cc:375) Log-like per frame for utterance jackson_8_23 is -8.40603 over 42 frames.
jackson_8_24 eight 
LOG (gmm-latgen-faster[5.5.620~1-dce1dc]:DecodeUtteranceLatticeFaster():decoder-wrappers.cc:375) Log-like per frame for utterance jackson_8_24 is -8.63471 over 35 frames.
jackson_8_25 eight 
LOG (gmm-latgen-faster[5.5.620~1-dce1dc]:DecodeUtteranceLatticeFaster():decoder-wrappers.cc:375) Log-like per frame for utterance jackson_8_25 is -8.62893 over 38 frames.
jackson_8_26 eight 
LOG (gmm-latgen-faster[5.5.620~1-dce1dc]:DecodeUtteranceLatticeFaster():decoder-wrappers.cc:375) Log-like per frame for utterance jackson_8_26 is -8.84365 over 44 frames.
jackson_8_27 eight 
LOG (gmm-latgen-faster[5.5.620~1-dce1dc]:DecodeUtteranceLatticeFaster():decoder-wrappers.cc:375) Log-like per frame for utterance jackson_8_27 is -8.26735 over 39 frames.
jackson_8_28 eight 
LOG (gmm-latgen-faster[5.5.620~1-dce1dc]:DecodeUtteranceLatticeFaster():decoder-wrappers.cc:375) Log-like per frame for utterance jackson_8_28 is -8.36585 over 39 frames.
jackson_8_29 eight 
LOG (gmm-latgen-faster[5.5.620~1-dce1dc]:DecodeUtteranceLatticeFaster():decoder-wrappers.cc:375) Log-like per frame for utterance jackson_8_29 is -8.24368 over 38 frames.
jackson_8_3 eight 
LOG (gmm-latgen-faster[5.5.620~1-dce1dc]:DecodeUtteranceLatticeFaster():decoder-wrappers.cc:375) Log-like per frame for utterance jackson_8_3 is -8.96653 over 37 frames.
jackson_8_30 eight 
LOG (gmm-latgen-faster[5.5.620~1-dce1dc]:DecodeUtteranceLatticeFaster():decoder-wrappers.cc:375) Log-like per frame for utterance jackson_8_30 is -8.38047 over 42 frames.
jackson_8_31 eight 
LOG (gmm-latgen-faster[5.5.620~1-dce1dc]:DecodeUtteranceLatticeFaster():decoder-wrappers.cc:375) Log-like per frame for utterance jackson_8_31 is -8.82801 over 40 frames.
jackson_8_32 eight 
LOG (gmm-latgen-faster[5.5.620~1-dce1dc]:DecodeUtteranceLatticeFaster():decoder-wrappers.cc:375) Log-like per frame for utterance jackson_8_32 is -8.87517 over 44 frames.
jackson_8_33 eight 
LOG (gmm-latgen-faster[5.5.620~1-dce1dc]:DecodeUtteranceLatticeFaster():decoder-wrappers.cc:375) Log-like per frame for utterance jackson_8_33 is -9.24804 over 43 frames.
jackson_8_34 eight 
LOG (gmm-latgen-faster[5.5.620~1-dce1dc]:DecodeUtteranceLatticeFaster():decoder-wrappers.cc:375) Log-like per frame for utterance jackson_8_34 is -8.41783 over 46 frames.
jackson_8_35 eight 
LOG (gmm-latgen-faster[5.5.620~1-dce1dc]:DecodeUtteranceLatticeFaster():decoder-wrappers.cc:375) Log-like per frame for utterance jackson_8_35 is -8.45697 over 46 frames.
jackson_8_36 eight 
LOG (gmm-latgen-faster[5.5.620~1-dce1dc]:DecodeUtteranceLatticeFaster():decoder-wrappers.cc:375) Log-like per frame for utterance jackson_8_36 is -8.92183 over 40 frames.
jackson_8_37 eight 
LOG (gmm-latgen-faster[5.5.620~1-dce1dc]:DecodeUtteranceLatticeFaster():decoder-wrappers.cc:375) Log-like per frame for utterance jackson_8_37 is -8.84799 over 39 frames.
jackson_8_38 
LOG (gmm-latgen-faster[5.5.620~1-dce1dc]:DecodeUtteranceLatticeFaster():decoder-wrappers.cc:375) Log-like per frame for utterance jackson_8_38 is -8.80152 over 43 frames.
jackson_8_39 eight 
LOG (gmm-latgen-faster[5.5.620~1-dce1dc]:DecodeUtteranceLatticeFaster():decoder-wrappers.cc:375) Log-like per frame for utterance jackson_8_39 is -8.84763 over 45 frames.
jackson_8_4 eight 
LOG (gmm-latgen-faster[5.5.620~1-dce1dc]:DecodeUtteranceLatticeFaster():decoder-wrappers.cc:375) Log-like per frame for utterance jackson_8_4 is -8.93885 over 39 frames.
jackson_8_40 eight 
LOG (gmm-latgen-faster[5.5.620~1-dce1dc]:DecodeUtteranceLatticeFaster():decoder-wrappers.cc:375) Log-like per frame for utterance jackson_8_40 is -8.4722 over 42 frames.
jackson_8_41 eight 
LOG (gmm-latgen-faster[5.5.620~1-dce1dc]:DecodeUtteranceLatticeFaster():decoder-wrappers.cc:375) Log-like per frame for utterance jackson_8_41 is -9.04257 over 56 frames.
jackson_8_42 eight 
LOG (gmm-latgen-faster[5.5.620~1-dce1dc]:DecodeUtteranceLatticeFaster():decoder-wrappers.cc:375) Log-like per frame for utterance jackson_8_42 is -8.26813 over 40 frames.
jackson_8_43 eight 
LOG (gmm-latgen-faster[5.5.620~1-dce1dc]:DecodeUtteranceLatticeFaster():decoder-wrappers.cc:375) Log-like per frame for utterance jackson_8_43 is -8.40499 over 40 frames.
jackson_8_44 eight 
LOG (gmm-latgen-faster[5.5.620~1-dce1dc]:DecodeUtteranceLatticeFaster():decoder-wrappers.cc:375) Log-like per frame for utterance jackson_8_44 is -8.66269 over 42 frames.
jackson_8_45 eight 
LOG (gmm-latgen-faster[5.5.620~1-dce1dc]:DecodeUtteranceLatticeFaster():decoder-wrappers.cc:375) Log-like per frame for utterance jackson_8_45 is -8.8338 over 42 frames.
jackson_8_46 eight 
LOG (gmm-latgen-faster[5.5.620~1-dce1dc]:DecodeUtteranceLatticeFaster():decoder-wrappers.cc:375) Log-like per frame for utterance jackson_8_46 is -8.82328 over 40 frames.
jackson_8_47 eight 
LOG (gmm-latgen-faster[5.5.620~1-dce1dc]:DecodeUtteranceLatticeFaster():decoder-wrappers.cc:375) Log-like per frame for utterance jackson_8_47 is -8.47675 over 41 frames.
jackson_8_48 
LOG (gmm-latgen-faster[5.5.620~1-dce1dc]:DecodeUtteranceLatticeFaster():decoder-wrappers.cc:375) Log-like per frame for utterance jackson_8_48 is -8.91566 over 40 frames.
jackson_8_49 eight 
LOG (gmm-latgen-faster[5.5.620~1-dce1dc]:DecodeUtteranceLatticeFaster():decoder-wrappers.cc:375) Log-like per frame for utterance jackson_8_49 is -8.54284 over 45 frames.
jackson_8_5 eight 
LOG (gmm-latgen-faster[5.5.620~1-dce1dc]:DecodeUtteranceLatticeFaster():decoder-wrappers.cc:375) Log-like per frame for utterance jackson_8_5 is -8.58332 over 41 frames.
jackson_8_6 eight 
LOG (gmm-latgen-faster[5.5.620~1-dce1dc]:DecodeUtteranceLatticeFaster():decoder-wrappers.cc:375) Log-like per frame for utterance jackson_8_6 is -8.86655 over 40 frames.
jackson_8_7 eight 
LOG (gmm-latgen-faster[5.5.620~1-dce1dc]:DecodeUtteranceLatticeFaster():decoder-wrappers.cc:375) Log-like per frame for utterance jackson_8_7 is -9.32214 over 41 frames.
jackson_8_8 eight 
LOG (gmm-latgen-faster[5.5.620~1-dce1dc]:DecodeUtteranceLatticeFaster():decoder-wrappers.cc:375) Log-like per frame for utterance jackson_8_8 is -8.98397 over 35 frames.
jackson_8_9 
LOG (gmm-latgen-faster[5.5.620~1-dce1dc]:DecodeUtteranceLatticeFaster():decoder-wrappers.cc:375) Log-like per frame for utterance jackson_8_9 is -9.14743 over 36 frames.
jackson_9_0 nine 
LOG (gmm-latgen-faster[5.5.620~1-dce1dc]:DecodeUtteranceLatticeFaster():decoder-wrappers.cc:375) Log-like per frame for utterance jackson_9_0 is -7.76783 over 58 frames.
jackson_9_1 nine 
LOG (gmm-latgen-faster[5.5.620~1-dce1dc]:DecodeUtteranceLatticeFaster():decoder-wrappers.cc:375) Log-like per frame for utterance jackson_9_1 is -8.34101 over 55 frames.
jackson_9_10 one 
LOG (gmm-latgen-faster[5.5.620~1-dce1dc]:DecodeUtteranceLatticeFaster():decoder-wrappers.cc:375) Log-like per frame for utterance jackson_9_10 is -8.88476 over 49 frames.
jackson_9_11 nine 
LOG (gmm-latgen-faster[5.5.620~1-dce1dc]:DecodeUtteranceLatticeFaster():decoder-wrappers.cc:375) Log-like per frame for utterance jackson_9_11 is -8.51214 over 60 frames.
jackson_9_12 nine 
LOG (gmm-latgen-faster[5.5.620~1-dce1dc]:DecodeUtteranceLatticeFaster():decoder-wrappers.cc:375) Log-like per frame for utterance jackson_9_12 is -8.29863 over 56 frames.
jackson_9_13 nine 
LOG (gmm-latgen-faster[5.5.620~1-dce1dc]:DecodeUtteranceLatticeFaster():decoder-wrappers.cc:375) Log-like per frame for utterance jackson_9_13 is -8.24766 over 57 frames.
jackson_9_14 nine 
LOG (gmm-latgen-faster[5.5.620~1-dce1dc]:DecodeUtteranceLatticeFaster():decoder-wrappers.cc:375) Log-like per frame for utterance jackson_9_14 is -8.70454 over 60 frames.
jackson_9_15 nine 
LOG (gmm-latgen-faster[5.5.620~1-dce1dc]:DecodeUtteranceLatticeFaster():decoder-wrappers.cc:375) Log-like per frame for utterance jackson_9_15 is -8.65798 over 57 frames.
jackson_9_16 nine 
LOG (gmm-latgen-faster[5.5.620~1-dce1dc]:DecodeUtteranceLatticeFaster():decoder-wrappers.cc:375) Log-like per frame for utterance jackson_9_16 is -8.3824 over 45 frames.
jackson_9_17 nine 
LOG (gmm-latgen-faster[5.5.620~1-dce1dc]:DecodeUtteranceLatticeFaster():decoder-wrappers.cc:375) Log-like per frame for utterance jackson_9_17 is -8.37928 over 46 frames.
jackson_9_18 one 
LOG (gmm-latgen-faster[5.5.620~1-dce1dc]:DecodeUtteranceLatticeFaster():decoder-wrappers.cc:375) Log-like per frame for utterance jackson_9_18 is -8.64793 over 52 frames.
jackson_9_19 nine 
LOG (gmm-latgen-faster[5.5.620~1-dce1dc]:DecodeUtteranceLatticeFaster():decoder-wrappers.cc:375) Log-like per frame for utterance jackson_9_19 is -8.23797 over 52 frames.
jackson_9_2 nine 
LOG (gmm-latgen-faster[5.5.620~1-dce1dc]:DecodeUtteranceLatticeFaster():decoder-wrappers.cc:375) Log-like per frame for utterance jackson_9_2 is -8.50101 over 56 frames.
jackson_9_20 nine 
LOG (gmm-latgen-faster[5.5.620~1-dce1dc]:DecodeUtteranceLatticeFaster():decoder-wrappers.cc:375) Log-like per frame for utterance jackson_9_20 is -8.15062 over 57 frames.
jackson_9_21 nine 
LOG (gmm-latgen-faster[5.5.620~1-dce1dc]:DecodeUtteranceLatticeFaster():decoder-wrappers.cc:375) Log-like per frame for utterance jackson_9_21 is -8.4591 over 52 frames.
jackson_9_22 nine 
LOG (gmm-latgen-faster[5.5.620~1-dce1dc]:DecodeUtteranceLatticeFaster():decoder-wrappers.cc:375) Log-like per frame for utterance jackson_9_22 is -8.35209 over 50 frames.
jackson_9_23 nine 
LOG (gmm-latgen-faster[5.5.620~1-dce1dc]:DecodeUtteranceLatticeFaster():decoder-wrappers.cc:375) Log-like per frame for utterance jackson_9_23 is -8.34252 over 60 frames.
jackson_9_24 nine 
LOG (gmm-latgen-faster[5.5.620~1-dce1dc]:DecodeUtteranceLatticeFaster():decoder-wrappers.cc:375) Log-like per frame for utterance jackson_9_24 is -8.38416 over 52 frames.
jackson_9_25 nine 
LOG (gmm-latgen-faster[5.5.620~1-dce1dc]:DecodeUtteranceLatticeFaster():decoder-wrappers.cc:375) Log-like per frame for utterance jackson_9_25 is -8.22927 over 47 frames.
jackson_9_26 nine 
LOG (gmm-latgen-faster[5.5.620~1-dce1dc]:DecodeUtteranceLatticeFaster():decoder-wrappers.cc:375) Log-like per frame for utterance jackson_9_26 is -8.05094 over 60 frames.
LOG (apply-cmvn[5.5.620~1-dce1dc]:main():apply-cmvn.cc:162) Applied cepstral mean normalization to 500 utterances, errors on 0
jackson_9_27 nine 
LOG (gmm-latgen-faster[5.5.620~1-dce1dc]:DecodeUtteranceLatticeFaster():decoder-wrappers.cc:375) Log-like per frame for utterance jackson_9_27 is -8.06053 over 59 frames.
jackson_9_28 nine 
LOG (gmm-latgen-faster[5.5.620~1-dce1dc]:DecodeUtteranceLatticeFaster():decoder-wrappers.cc:375) Log-like per frame for utterance jackson_9_28 is -7.86793 over 59 frames.
jackson_9_29 nine 
LOG (gmm-latgen-faster[5.5.620~1-dce1dc]:DecodeUtteranceLatticeFaster():decoder-wrappers.cc:375) Log-like per frame for utterance jackson_9_29 is -7.99753 over 50 frames.
jackson_9_3 nine 
LOG (gmm-latgen-faster[5.5.620~1-dce1dc]:DecodeUtteranceLatticeFaster():decoder-wrappers.cc:375) Log-like per frame for utterance jackson_9_3 is -8.75499 over 52 frames.
jackson_9_30 nine 
LOG (gmm-latgen-faster[5.5.620~1-dce1dc]:DecodeUtteranceLatticeFaster():decoder-wrappers.cc:375) Log-like per frame for utterance jackson_9_30 is -9.6267 over 62 frames.
jackson_9_31 nine 
LOG (gmm-latgen-faster[5.5.620~1-dce1dc]:DecodeUtteranceLatticeFaster():decoder-wrappers.cc:375) Log-like per frame for utterance jackson_9_31 is -8.9324 over 63 frames.
jackson_9_32 nine 
LOG (gmm-latgen-faster[5.5.620~1-dce1dc]:DecodeUtteranceLatticeFaster():decoder-wrappers.cc:375) Log-like per frame for utterance jackson_9_32 is -8.73872 over 62 frames.
jackson_9_33 nine 
LOG (gmm-latgen-faster[5.5.620~1-dce1dc]:DecodeUtteranceLatticeFaster():decoder-wrappers.cc:375) Log-like per frame for utterance jackson_9_33 is -8.89977 over 66 frames.
jackson_9_34 nine 
LOG (gmm-latgen-faster[5.5.620~1-dce1dc]:DecodeUtteranceLatticeFaster():decoder-wrappers.cc:375) Log-like per frame for utterance jackson_9_34 is -8.59117 over 66 frames.
jackson_9_35 nine 
LOG (gmm-latgen-faster[5.5.620~1-dce1dc]:DecodeUtteranceLatticeFaster():decoder-wrappers.cc:375) Log-like per frame for utterance jackson_9_35 is -8.75208 over 64 frames.
jackson_9_36 
LOG (gmm-latgen-faster[5.5.620~1-dce1dc]:DecodeUtteranceLatticeFaster():decoder-wrappers.cc:375) Log-like per frame for utterance jackson_9_36 is -8.99796 over 64 frames.
jackson_9_37 
LOG (gmm-latgen-faster[5.5.620~1-dce1dc]:DecodeUtteranceLatticeFaster():decoder-wrappers.cc:375) Log-like per frame for utterance jackson_9_37 is -9.10617 over 60 frames.
jackson_9_38 nine 
LOG (gmm-latgen-faster[5.5.620~1-dce1dc]:DecodeUtteranceLatticeFaster():decoder-wrappers.cc:375) Log-like per frame for utterance jackson_9_38 is -8.85332 over 63 frames.
jackson_9_39 nine 
LOG (gmm-latgen-faster[5.5.620~1-dce1dc]:DecodeUtteranceLatticeFaster():decoder-wrappers.cc:375) Log-like per frame for utterance jackson_9_39 is -9.06465 over 58 frames.
jackson_9_4 nine 
LOG (gmm-latgen-faster[5.5.620~1-dce1dc]:DecodeUtteranceLatticeFaster():decoder-wrappers.cc:375) Log-like per frame for utterance jackson_9_4 is -8.45516 over 56 frames.
jackson_9_40 
LOG (gmm-latgen-faster[5.5.620~1-dce1dc]:DecodeUtteranceLatticeFaster():decoder-wrappers.cc:375) Log-like per frame for utterance jackson_9_40 is -9.30544 over 60 frames.
jackson_9_41 
LOG (gmm-latgen-faster[5.5.620~1-dce1dc]:DecodeUtteranceLatticeFaster():decoder-wrappers.cc:375) Log-like per frame for utterance jackson_9_41 is -9.36621 over 54 frames.
jackson_9_42 nine 
LOG (gmm-latgen-faster[5.5.620~1-dce1dc]:DecodeUtteranceLatticeFaster():decoder-wrappers.cc:375) Log-like per frame for utterance jackson_9_42 is -8.87053 over 56 frames.
jackson_9_43 nine 
LOG (gmm-latgen-faster[5.5.620~1-dce1dc]:DecodeUtteranceLatticeFaster():decoder-wrappers.cc:375) Log-like per frame for utterance jackson_9_43 is -9.02702 over 60 frames.
jackson_9_44 nine 
LOG (gmm-latgen-faster[5.5.620~1-dce1dc]:DecodeUtteranceLatticeFaster():decoder-wrappers.cc:375) Log-like per frame for utterance jackson_9_44 is -9.1744 over 58 frames.
jackson_9_45 nine 
LOG (gmm-latgen-faster[5.5.620~1-dce1dc]:DecodeUtteranceLatticeFaster():decoder-wrappers.cc:375) Log-like per frame for utterance jackson_9_45 is -8.64896 over 52 frames.
jackson_9_46 
LOG (gmm-latgen-faster[5.5.620~1-dce1dc]:DecodeUtteranceLatticeFaster():decoder-wrappers.cc:375) Log-like per frame for utterance jackson_9_46 is -9.14929 over 63 frames.
jackson_9_47 
LOG (gmm-latgen-faster[5.5.620~1-dce1dc]:DecodeUtteranceLatticeFaster():decoder-wrappers.cc:375) Log-like per frame for utterance jackson_9_47 is -9.15147 over 59 frames.
jackson_9_48 
LOG (gmm-latgen-faster[5.5.620~1-dce1dc]:DecodeUtteranceLatticeFaster():decoder-wrappers.cc:375) Log-like per frame for utterance jackson_9_48 is -9.23971 over 59 frames.
jackson_9_49 nine 
LOG (gmm-latgen-faster[5.5.620~1-dce1dc]:DecodeUtteranceLatticeFaster():decoder-wrappers.cc:375) Log-like per frame for utterance jackson_9_49 is -8.90527 over 62 frames.
jackson_9_5 nine 
LOG (gmm-latgen-faster[5.5.620~1-dce1dc]:DecodeUtteranceLatticeFaster():decoder-wrappers.cc:375) Log-like per frame for utterance jackson_9_5 is -8.13431 over 56 frames.
jackson_9_6 nine 
LOG (gmm-latgen-faster[5.5.620~1-dce1dc]:DecodeUtteranceLatticeFaster():decoder-wrappers.cc:375) Log-like per frame for utterance jackson_9_6 is -8.2623 over 54 frames.
jackson_9_7 nine 
LOG (gmm-latgen-faster[5.5.620~1-dce1dc]:DecodeUtteranceLatticeFaster():decoder-wrappers.cc:375) Log-like per frame for utterance jackson_9_7 is -8.43468 over 52 frames.
jackson_9_8 nine 
LOG (gmm-latgen-faster[5.5.620~1-dce1dc]:DecodeUtteranceLatticeFaster():decoder-wrappers.cc:375) Log-like per frame for utterance jackson_9_8 is -8.36742 over 62 frames.
jackson_9_9 nine 
LOG (gmm-latgen-faster[5.5.620~1-dce1dc]:DecodeUtteranceLatticeFaster():decoder-wrappers.cc:375) Log-like per frame for utterance jackson_9_9 is -8.50419 over 52 frames.
LOG (gmm-latgen-faster[5.5.620~1-dce1dc]:main():gmm-latgen-faster.cc:176) Time taken 2.13784s: real-time factor assuming 100 frames/sec is 0.00861095
LOG (gmm-latgen-faster[5.5.620~1-dce1dc]:main():gmm-latgen-faster.cc:179) Done 500 utterances, failed for 0
LOG (gmm-latgen-faster[5.5.620~1-dce1dc]:main():gmm-latgen-faster.cc:181) Overall log-likelihood per frame is -8.64228 over 24827 frames.
# Accounting: time=2 threads=1
# Ended (code 0) at ح فيفري  2 11:07:34 CET 2020, elapsed time 2 seconds
