# lattice-best-path --lm-scale=9 --word-symbol-table=exp/mono/graph/words.txt "ark:gunzip -c exp/mono/decode/lat.*.gz|" ark,t:exp/mono/decode/scoring/9.tra 
# Started at ح فيفري  2 11:07:34 CET 2020
#
lattice-best-path --lm-scale=9 --word-symbol-table=exp/mono/graph/words.txt 'ark:gunzip -c exp/mono/decode/lat.*.gz|' ark,t:exp/mono/decode/scoring/9.tra 
LOG (lattice-best-path[5.5.620~1-dce1dc]:main():lattice-best-path.cc:99) For utterance jackson_0_0, best cost 80.6731 + 6111.14 = 6191.82 over 62 frames.
jackson_0_0 zero 
LOG (lattice-best-path[5.5.620~1-dce1dc]:main():lattice-best-path.cc:99) For utterance jackson_0_1, best cost 71.4054 + 5162.9 = 5234.31 over 51 frames.
jackson_0_1 zero 
LOG (lattice-best-path[5.5.620~1-dce1dc]:main():lattice-best-path.cc:99) For utterance jackson_0_10, best cost 76.4429 + 6309.81 = 6386.25 over 66 frames.
jackson_0_10 zero 
LOG (lattice-best-path[5.5.620~1-dce1dc]:main():lattice-best-path.cc:99) For utterance jackson_0_11, best cost 88.9374 + 5714.99 = 5803.93 over 59 frames.
jackson_0_11 zero 
LOG (lattice-best-path[5.5.620~1-dce1dc]:main():lattice-best-path.cc:99) For utterance jackson_0_12, best cost 71.9148 + 5046.34 = 5118.26 over 49 frames.
jackson_0_12 zero 
LOG (lattice-best-path[5.5.620~1-dce1dc]:main():lattice-best-path.cc:99) For utterance jackson_0_13, best cost 74.0824 + 5589.43 = 5663.52 over 57 frames.
jackson_0_13 zero 
LOG (lattice-best-path[5.5.620~1-dce1dc]:main():lattice-best-path.cc:99) For utterance jackson_0_14, best cost 79.9088 + 5825.73 = 5905.64 over 60 frames.
jackson_0_14 zero 
LOG (lattice-best-path[5.5.620~1-dce1dc]:main():lattice-best-path.cc:99) For utterance jackson_0_15, best cost 77.0077 + 6182.23 = 6259.23 over 62 frames.
jackson_0_15 zero 
LOG (lattice-best-path[5.5.620~1-dce1dc]:main():lattice-best-path.cc:99) For utterance jackson_0_16, best cost 75.4208 + 5305.59 = 5381.01 over 53 frames.
jackson_0_16 zero 
LOG (lattice-best-path[5.5.620~1-dce1dc]:main():lattice-best-path.cc:99) For utterance jackson_0_17, best cost 81.8425 + 5130.9 = 5212.74 over 51 frames.
jackson_0_17 zero 
LOG (lattice-best-path[5.5.620~1-dce1dc]:main():lattice-best-path.cc:99) For utterance jackson_0_18, best cost 93.2015 + 6112.27 = 6205.47 over 63 frames.
jackson_0_18 zero 
LOG (lattice-best-path[5.5.620~1-dce1dc]:main():lattice-best-path.cc:99) For utterance jackson_0_19, best cost 116.487 + 6301.98 = 6418.46 over 62 frames.
jackson_0_19 zero 
LOG (lattice-best-path[5.5.620~1-dce1dc]:main():lattice-best-path.cc:99) For utterance jackson_0_2, best cost 81.9909 + 4994.31 = 5076.3 over 51 frames.
jackson_0_2 zero 
LOG (lattice-best-path[5.5.620~1-dce1dc]:main():lattice-best-path.cc:99) For utterance jackson_0_20, best cost 74.2861 + 6016.71 = 6090.99 over 60 frames.
jackson_0_20 zero 
LOG (lattice-best-path[5.5.620~1-dce1dc]:main():lattice-best-path.cc:99) For utterance jackson_0_21, best cost 80.222 + 5717.62 = 5797.85 over 58 frames.
jackson_0_21 zero 
LOG (lattice-best-path[5.5.620~1-dce1dc]:main():lattice-best-path.cc:99) For utterance jackson_0_22, best cost 76.75 + 5737.8 = 5814.55 over 58 frames.
jackson_0_22 zero 
LOG (lattice-best-path[5.5.620~1-dce1dc]:main():lattice-best-path.cc:99) For utterance jackson_0_23, best cost 76.6078 + 5593.55 = 5670.15 over 57 frames.
jackson_0_23 zero 
LOG (lattice-best-path[5.5.620~1-dce1dc]:main():lattice-best-path.cc:99) For utterance jackson_0_24, best cost 83.3869 + 6229.69 = 6313.07 over 62 frames.
jackson_0_24 zero 
LOG (lattice-best-path[5.5.620~1-dce1dc]:main():lattice-best-path.cc:99) For utterance jackson_0_25, best cost 79.5511 + 5878.02 = 5957.57 over 60 frames.
jackson_0_25 zero 
LOG (lattice-best-path[5.5.620~1-dce1dc]:main():lattice-best-path.cc:99) For utterance jackson_0_26, best cost 115.132 + 5740.96 = 5856.1 over 56 frames.
jackson_0_26 zero 
LOG (lattice-best-path[5.5.620~1-dce1dc]:main():lattice-best-path.cc:99) For utterance jackson_0_27, best cost 74.7535 + 5911.83 = 5986.58 over 63 frames.
jackson_0_27 zero 
LOG (lattice-best-path[5.5.620~1-dce1dc]:main():lattice-best-path.cc:99) For utterance jackson_0_28, best cost 72.4475 + 6291.79 = 6364.23 over 62 frames.
jackson_0_28 zero 
LOG (lattice-best-path[5.5.620~1-dce1dc]:main():lattice-best-path.cc:99) For utterance jackson_0_29, best cost 74.397 + 5645.46 = 5719.86 over 56 frames.
jackson_0_29 zero 
LOG (lattice-best-path[5.5.620~1-dce1dc]:main():lattice-best-path.cc:99) For utterance jackson_0_3, best cost 82.0312 + 5529.01 = 5611.04 over 58 frames.
jackson_0_3 zero 
LOG (lattice-best-path[5.5.620~1-dce1dc]:main():lattice-best-path.cc:99) For utterance jackson_0_30, best cost 75.6288 + 5931.2 = 6006.83 over 62 frames.
jackson_0_30 zero 
LOG (lattice-best-path[5.5.620~1-dce1dc]:main():lattice-best-path.cc:99) For utterance jackson_0_31, best cost 74.1055 + 5294.57 = 5368.68 over 55 frames.
jackson_0_31 zero 
LOG (lattice-best-path[5.5.620~1-dce1dc]:main():lattice-best-path.cc:99) For utterance jackson_0_32, best cost 81.0857 + 6191.26 = 6272.35 over 60 frames.
jackson_0_32 zero 
LOG (lattice-best-path[5.5.620~1-dce1dc]:main():lattice-best-path.cc:99) For utterance jackson_0_33, best cost 69.698 + 6450.9 = 6520.59 over 64 frames.
jackson_0_33 zero 
LOG (lattice-best-path[5.5.620~1-dce1dc]:main():lattice-best-path.cc:99) For utterance jackson_0_34, best cost 73.6948 + 6175.77 = 6249.46 over 64 frames.
jackson_0_34 zero 
LOG (lattice-best-path[5.5.620~1-dce1dc]:main():lattice-best-path.cc:99) For utterance jackson_0_35, best cost 73.9985 + 6246.45 = 6320.44 over 61 frames.
jackson_0_35 zero 
LOG (lattice-best-path[5.5.620~1-dce1dc]:main():lattice-best-path.cc:99) For utterance jackson_0_36, best cost 75.9672 + 5674.74 = 5750.7 over 58 frames.
jackson_0_36 zero 
LOG (lattice-best-path[5.5.620~1-dce1dc]:main():lattice-best-path.cc:99) For utterance jackson_0_37, best cost 77.8799 + 5864.41 = 5942.29 over 60 frames.
jackson_0_37 zero 
LOG (lattice-best-path[5.5.620~1-dce1dc]:main():lattice-best-path.cc:99) For utterance jackson_0_38, best cost 71.5797 + 6109.3 = 6180.88 over 64 frames.
jackson_0_38 zero 
LOG (lattice-best-path[5.5.620~1-dce1dc]:main():lattice-best-path.cc:99) For utterance jackson_0_39, best cost 68.885 + 5377.82 = 5446.7 over 56 frames.
jackson_0_39 zero 
LOG (lattice-best-path[5.5.620~1-dce1dc]:main():lattice-best-path.cc:99) For utterance jackson_0_4, best cost 90.2394 + 4822.44 = 4912.68 over 52 frames.
jackson_0_4 zero 
LOG (lattice-best-path[5.5.620~1-dce1dc]:main():lattice-best-path.cc:99) For utterance jackson_0_40, best cost 91.6831 + 6479.89 = 6571.58 over 69 frames.
jackson_0_40 zero 
LOG (lattice-best-path[5.5.620~1-dce1dc]:main():lattice-best-path.cc:99) For utterance jackson_0_41, best cost 79.8106 + 6749.62 = 6829.43 over 67 frames.
jackson_0_41 zero 
LOG (lattice-best-path[5.5.620~1-dce1dc]:main():lattice-best-path.cc:99) For utterance jackson_0_42, best cost 81.3402 + 6419.29 = 6500.63 over 64 frames.
jackson_0_42 zero 
LOG (lattice-best-path[5.5.620~1-dce1dc]:main():lattice-best-path.cc:99) For utterance jackson_0_43, best cost 87.2724 + 6012.47 = 6099.74 over 60 frames.
jackson_0_43 zero 
LOG (lattice-best-path[5.5.620~1-dce1dc]:main():lattice-best-path.cc:99) For utterance jackson_0_44, best cost 81.7747 + 6781.78 = 6863.55 over 65 frames.
jackson_0_44 zero 
LOG (lattice-best-path[5.5.620~1-dce1dc]:main():lattice-best-path.cc:99) For utterance jackson_0_45, best cost 34.1149 + 6750.18 = 6784.29 over 64 frames.
jackson_0_45 
LOG (lattice-best-path[5.5.620~1-dce1dc]:main():lattice-best-path.cc:99) For utterance jackson_0_46, best cost 56.2458 + 6869.75 = 6926 over 65 frames.
jackson_0_46 
LOG (lattice-best-path[5.5.620~1-dce1dc]:main():lattice-best-path.cc:99) For utterance jackson_0_47, best cost 88.0266 + 6725.3 = 6813.33 over 65 frames.
jackson_0_47 zero 
LOG (lattice-best-path[5.5.620~1-dce1dc]:main():lattice-best-path.cc:99) For utterance jackson_0_48, best cost 73.5358 + 6336.49 = 6410.03 over 63 frames.
jackson_0_48 zero 
LOG (lattice-best-path[5.5.620~1-dce1dc]:main():lattice-best-path.cc:99) For utterance jackson_0_49, best cost 94.3682 + 8299.42 = 8393.79 over 76 frames.
jackson_0_49 zero 
LOG (lattice-best-path[5.5.620~1-dce1dc]:main():lattice-best-path.cc:99) For utterance jackson_0_5, best cost 74.3661 + 5227.69 = 5302.06 over 55 frames.
jackson_0_5 zero 
LOG (lattice-best-path[5.5.620~1-dce1dc]:main():lattice-best-path.cc:99) For utterance jackson_0_6, best cost 80.8682 + 5960.75 = 6041.62 over 61 frames.
jackson_0_6 zero 
LOG (lattice-best-path[5.5.620~1-dce1dc]:main():lattice-best-path.cc:99) For utterance jackson_0_7, best cost 107.445 + 5198.08 = 5305.53 over 53 frames.
jackson_0_7 zero 
LOG (lattice-best-path[5.5.620~1-dce1dc]:main():lattice-best-path.cc:99) For utterance jackson_0_8, best cost 72.8067 + 5574.26 = 5647.07 over 56 frames.
jackson_0_8 zero 
LOG (lattice-best-path[5.5.620~1-dce1dc]:main():lattice-best-path.cc:99) For utterance jackson_0_9, best cost 75.5016 + 5750.42 = 5825.92 over 61 frames.
jackson_0_9 zero 
LOG (lattice-best-path[5.5.620~1-dce1dc]:main():lattice-best-path.cc:99) For utterance jackson_1_0, best cost 71.0099 + 4863.72 = 4934.73 over 50 frames.
jackson_1_0 one 
LOG (lattice-best-path[5.5.620~1-dce1dc]:main():lattice-best-path.cc:99) For utterance jackson_1_1, best cost 76.3416 + 5022.74 = 5099.08 over 51 frames.
jackson_1_1 one 
LOG (lattice-best-path[5.5.620~1-dce1dc]:main():lattice-best-path.cc:99) For utterance jackson_1_10, best cost 81.3551 + 5639.76 = 5721.11 over 57 frames.
jackson_1_10 one 
LOG (lattice-best-path[5.5.620~1-dce1dc]:main():lattice-best-path.cc:99) For utterance jackson_1_11, best cost 71.2992 + 4770.11 = 4841.41 over 49 frames.
jackson_1_11 one 
LOG (lattice-best-path[5.5.620~1-dce1dc]:main():lattice-best-path.cc:99) For utterance jackson_1_12, best cost 76.4299 + 4470.3 = 4546.73 over 43 frames.
jackson_1_12 one 
LOG (lattice-best-path[5.5.620~1-dce1dc]:main():lattice-best-path.cc:99) For utterance jackson_1_13, best cost 70.7197 + 4798.7 = 4869.42 over 45 frames.
jackson_1_13 one 
LOG (lattice-best-path[5.5.620~1-dce1dc]:main():lattice-best-path.cc:99) For utterance jackson_1_14, best cost 87.9603 + 7077.47 = 7165.43 over 66 frames.
jackson_1_14 one 
LOG (lattice-best-path[5.5.620~1-dce1dc]:main():lattice-best-path.cc:99) For utterance jackson_1_15, best cost 68.9583 + 4127.78 = 4196.74 over 43 frames.
jackson_1_15 one 
LOG (lattice-best-path[5.5.620~1-dce1dc]:main():lattice-best-path.cc:99) For utterance jackson_1_16, best cost 76.1656 + 4524.91 = 4601.07 over 47 frames.
jackson_1_16 one 
LOG (lattice-best-path[5.5.620~1-dce1dc]:main():lattice-best-path.cc:99) For utterance jackson_1_17, best cost 67.4021 + 4051.13 = 4118.53 over 40 frames.
jackson_1_17 one 
LOG (lattice-best-path[5.5.620~1-dce1dc]:main():lattice-best-path.cc:99) For utterance jackson_1_18, best cost 71.3039 + 4331.81 = 4403.11 over 43 frames.
jackson_1_18 one 
LOG (lattice-best-path[5.5.620~1-dce1dc]:main():lattice-best-path.cc:99) For utterance jackson_1_19, best cost 73.2164 + 4562.09 = 4635.3 over 46 frames.
jackson_1_19 one 
LOG (lattice-best-path[5.5.620~1-dce1dc]:main():lattice-best-path.cc:99) For utterance jackson_1_2, best cost 73.6847 + 4516.43 = 4590.11 over 46 frames.
jackson_1_2 one 
LOG (lattice-best-path[5.5.620~1-dce1dc]:main():lattice-best-path.cc:99) For utterance jackson_1_20, best cost 69.1011 + 4410.34 = 4479.44 over 44 frames.
jackson_1_20 one 
LOG (lattice-best-path[5.5.620~1-dce1dc]:main():lattice-best-path.cc:99) For utterance jackson_1_21, best cost 74.8547 + 4867.98 = 4942.83 over 47 frames.
jackson_1_21 one 
LOG (lattice-best-path[5.5.620~1-dce1dc]:main():lattice-best-path.cc:99) For utterance jackson_1_22, best cost 72.3934 + 4440.99 = 4513.38 over 42 frames.
jackson_1_22 one 
LOG (lattice-best-path[5.5.620~1-dce1dc]:main():lattice-best-path.cc:99) For utterance jackson_1_23, best cost 75.5849 + 4271.11 = 4346.69 over 45 frames.
jackson_1_23 one 
LOG (lattice-best-path[5.5.620~1-dce1dc]:main():lattice-best-path.cc:99) For utterance jackson_1_24, best cost 70.7533 + 4420.48 = 4491.23 over 46 frames.
jackson_1_24 one 
LOG (lattice-best-path[5.5.620~1-dce1dc]:main():lattice-best-path.cc:99) For utterance jackson_1_25, best cost 73.8901 + 5042.66 = 5116.55 over 53 frames.
jackson_1_25 one 
LOG (lattice-best-path[5.5.620~1-dce1dc]:main():lattice-best-path.cc:99) For utterance jackson_1_26, best cost 74.9453 + 5165.72 = 5240.67 over 51 frames.
jackson_1_26 one 
LOG (lattice-best-path[5.5.620~1-dce1dc]:main():lattice-best-path.cc:99) For utterance jackson_1_27, best cost 70.7346 + 4716.2 = 4786.93 over 46 frames.
jackson_1_27 one 
LOG (lattice-best-path[5.5.620~1-dce1dc]:main():lattice-best-path.cc:99) For utterance jackson_1_28, best cost 70.3649 + 4741.16 = 4811.52 over 45 frames.
jackson_1_28 one 
LOG (lattice-best-path[5.5.620~1-dce1dc]:main():lattice-best-path.cc:99) For utterance jackson_1_29, best cost 75.0049 + 4704.46 = 4779.47 over 45 frames.
jackson_1_29 one 
LOG (lattice-best-path[5.5.620~1-dce1dc]:main():lattice-best-path.cc:99) For utterance jackson_1_3, best cost 72.1096 + 4788.16 = 4860.27 over 48 frames.
jackson_1_3 one 
LOG (lattice-best-path[5.5.620~1-dce1dc]:main():lattice-best-path.cc:99) For utterance jackson_1_30, best cost 77.6513 + 4899.56 = 4977.21 over 47 frames.
jackson_1_30 one 
LOG (lattice-best-path[5.5.620~1-dce1dc]:main():lattice-best-path.cc:99) For utterance jackson_1_31, best cost 75.3951 + 5204.13 = 5279.52 over 51 frames.
jackson_1_31 one 
LOG (lattice-best-path[5.5.620~1-dce1dc]:main():lattice-best-path.cc:99) For utterance jackson_1_32, best cost 75.6353 + 4949.36 = 5024.99 over 50 frames.
jackson_1_32 one 
LOG (lattice-best-path[5.5.620~1-dce1dc]:main():lattice-best-path.cc:99) For utterance jackson_1_33, best cost 78.33 + 6304.46 = 6382.79 over 59 frames.
jackson_1_33 one 
LOG (lattice-best-path[5.5.620~1-dce1dc]:main():lattice-best-path.cc:99) For utterance jackson_1_34, best cost 74.2775 + 4927.87 = 5002.15 over 49 frames.
jackson_1_34 one 
LOG (lattice-best-path[5.5.620~1-dce1dc]:main():lattice-best-path.cc:99) For utterance jackson_1_35, best cost 76.4513 + 4787.46 = 4863.92 over 48 frames.
jackson_1_35 one 
LOG (lattice-best-path[5.5.620~1-dce1dc]:main():lattice-best-path.cc:99) For utterance jackson_1_36, best cost 71.4063 + 4206.29 = 4277.69 over 42 frames.
jackson_1_36 one 
LOG (lattice-best-path[5.5.620~1-dce1dc]:main():lattice-best-path.cc:99) For utterance jackson_1_37, best cost 71.9869 + 4197.36 = 4269.35 over 42 frames.
jackson_1_37 one 
LOG (lattice-best-path[5.5.620~1-dce1dc]:main():lattice-best-path.cc:99) For utterance jackson_1_38, best cost 75.4324 + 4800.26 = 4875.69 over 48 frames.
jackson_1_38 one 
LOG (lattice-best-path[5.5.620~1-dce1dc]:main():lattice-best-path.cc:99) For utterance jackson_1_39, best cost 81.7283 + 5868.58 = 5950.31 over 54 frames.
jackson_1_39 one 
LOG (lattice-best-path[5.5.620~1-dce1dc]:main():lattice-best-path.cc:99) For utterance jackson_1_4, best cost 74.2658 + 5237.26 = 5311.53 over 51 frames.
jackson_1_4 one 
LOG (lattice-best-path[5.5.620~1-dce1dc]:main():lattice-best-path.cc:99) For utterance jackson_1_40, best cost 85.6226 + 6346.46 = 6432.08 over 59 frames.
jackson_1_40 one 
LOG (lattice-best-path[5.5.620~1-dce1dc]:main():lattice-best-path.cc:99) For utterance jackson_1_41, best cost 87.6465 + 6378.32 = 6465.97 over 60 frames.
jackson_1_41 one 
LOG (lattice-best-path[5.5.620~1-dce1dc]:main():lattice-best-path.cc:99) For utterance jackson_1_42, best cost 86.0373 + 6425.93 = 6511.97 over 61 frames.
jackson_1_42 one 
LOG (lattice-best-path[5.5.620~1-dce1dc]:main():lattice-best-path.cc:99) For utterance jackson_1_43, best cost 80.3199 + 6070.53 = 6150.85 over 56 frames.
jackson_1_43 one 
LOG (lattice-best-path[5.5.620~1-dce1dc]:main():lattice-best-path.cc:99) For utterance jackson_1_44, best cost 74.8479 + 6000.01 = 6074.86 over 56 frames.
jackson_1_44 one 
LOG (lattice-best-path[5.5.620~1-dce1dc]:main():lattice-best-path.cc:99) For utterance jackson_1_45, best cost 101.63 + 6517.23 = 6618.86 over 58 frames.
jackson_1_45 nine 
LOG (lattice-best-path[5.5.620~1-dce1dc]:main():lattice-best-path.cc:99) For utterance jackson_1_46, best cost 77.1471 + 5466.27 = 5543.42 over 51 frames.
jackson_1_46 one 
LOG (lattice-best-path[5.5.620~1-dce1dc]:main():lattice-best-path.cc:99) For utterance jackson_1_47, best cost 75.964 + 6013.66 = 6089.63 over 54 frames.
jackson_1_47 one 
LOG (lattice-best-path[5.5.620~1-dce1dc]:main():lattice-best-path.cc:99) For utterance jackson_1_48, best cost 82.1376 + 5692.31 = 5774.45 over 57 frames.
jackson_1_48 one 
LOG (lattice-best-path[5.5.620~1-dce1dc]:main():lattice-best-path.cc:99) For utterance jackson_1_49, best cost 80.6489 + 5351.95 = 5432.6 over 48 frames.
jackson_1_49 one 
LOG (lattice-best-path[5.5.620~1-dce1dc]:main():lattice-best-path.cc:99) For utterance jackson_1_5, best cost 76.4957 + 5520.05 = 5596.55 over 55 frames.
jackson_1_5 one 
LOG (lattice-best-path[5.5.620~1-dce1dc]:main():lattice-best-path.cc:99) For utterance jackson_1_6, best cost 73.9561 + 5030.13 = 5104.09 over 49 frames.
jackson_1_6 one 
LOG (lattice-best-path[5.5.620~1-dce1dc]:main():lattice-best-path.cc:99) For utterance jackson_1_7, best cost 76.6181 + 5312.68 = 5389.29 over 54 frames.
jackson_1_7 one 
LOG (lattice-best-path[5.5.620~1-dce1dc]:main():lattice-best-path.cc:99) For utterance jackson_1_8, best cost 69.955 + 4642.92 = 4712.87 over 49 frames.
jackson_1_8 one 
LOG (lattice-best-path[5.5.620~1-dce1dc]:main():lattice-best-path.cc:99) For utterance jackson_1_9, best cost 79.3021 + 5579.87 = 5659.17 over 56 frames.
jackson_1_9 one 
LOG (lattice-best-path[5.5.620~1-dce1dc]:main():lattice-best-path.cc:99) For utterance jackson_2_0, best cost 90.6554 + 4992.46 = 5083.12 over 48 frames.
jackson_2_0 zero 
LOG (lattice-best-path[5.5.620~1-dce1dc]:main():lattice-best-path.cc:99) For utterance jackson_2_1, best cost 91.7553 + 5592.18 = 5683.93 over 53 frames.
jackson_2_1 zero 
LOG (lattice-best-path[5.5.620~1-dce1dc]:main():lattice-best-path.cc:99) For utterance jackson_2_10, best cost 74.1031 + 5061.07 = 5135.17 over 50 frames.
jackson_2_10 two 
LOG (lattice-best-path[5.5.620~1-dce1dc]:main():lattice-best-path.cc:99) For utterance jackson_2_11, best cost 74.0899 + 5053.16 = 5127.25 over 50 frames.
jackson_2_11 two 
LOG (lattice-best-path[5.5.620~1-dce1dc]:main():lattice-best-path.cc:99) For utterance jackson_2_12, best cost 74.5739 + 4968.66 = 5043.24 over 47 frames.
jackson_2_12 two 
LOG (lattice-best-path[5.5.620~1-dce1dc]:main():lattice-best-path.cc:99) For utterance jackson_2_13, best cost 96.401 + 5416.58 = 5512.98 over 50 frames.
jackson_2_13 zero 
LOG (lattice-best-path[5.5.620~1-dce1dc]:main():lattice-best-path.cc:99) For utterance jackson_2_14, best cost 88.4342 + 5230.76 = 5319.2 over 49 frames.
jackson_2_14 two 
LOG (lattice-best-path[5.5.620~1-dce1dc]:main():lattice-best-path.cc:99) For utterance jackson_2_15, best cost 91.7456 + 5370.22 = 5461.96 over 50 frames.
jackson_2_15 zero 
LOG (lattice-best-path[5.5.620~1-dce1dc]:main():lattice-best-path.cc:99) For utterance jackson_2_16, best cost 87.8938 + 4948.87 = 5036.77 over 46 frames.
jackson_2_16 two 
LOG (lattice-best-path[5.5.620~1-dce1dc]:main():lattice-best-path.cc:99) For utterance jackson_2_17, best cost 95.6231 + 5606.08 = 5701.7 over 52 frames.
jackson_2_17 nine 
LOG (lattice-best-path[5.5.620~1-dce1dc]:main():lattice-best-path.cc:99) For utterance jackson_2_18, best cost 88.8648 + 5685.71 = 5774.57 over 53 frames.
jackson_2_18 two 
LOG (lattice-best-path[5.5.620~1-dce1dc]:main():lattice-best-path.cc:99) For utterance jackson_2_19, best cost 90.3808 + 5374.7 = 5465.08 over 50 frames.
jackson_2_19 two 
LOG (lattice-best-path[5.5.620~1-dce1dc]:main():lattice-best-path.cc:99) For utterance jackson_2_2, best cost 72.5872 + 4360.39 = 4432.98 over 42 frames.
jackson_2_2 two 
LOG (lattice-best-path[5.5.620~1-dce1dc]:main():lattice-best-path.cc:99) For utterance jackson_2_20, best cost 87.5377 + 5110.5 = 5198.04 over 46 frames.
jackson_2_20 two 
LOG (lattice-best-path[5.5.620~1-dce1dc]:main():lattice-best-path.cc:99) For utterance jackson_2_21, best cost 77.0865 + 7595.49 = 7672.57 over 72 frames.
jackson_2_21 two 
LOG (lattice-best-path[5.5.620~1-dce1dc]:main():lattice-best-path.cc:99) For utterance jackson_2_22, best cost 66.7293 + 4698.06 = 4764.79 over 46 frames.
jackson_2_22 two 
LOG (lattice-best-path[5.5.620~1-dce1dc]:main():lattice-best-path.cc:99) For utterance jackson_2_23, best cost 66.3509 + 5039.58 = 5105.93 over 48 frames.
jackson_2_23 two 
LOG (lattice-best-path[5.5.620~1-dce1dc]:main():lattice-best-path.cc:99) For utterance jackson_2_24, best cost 112.04 + 5261.16 = 5373.2 over 50 frames.
jackson_2_24 two nine 
LOG (lattice-best-path[5.5.620~1-dce1dc]:main():lattice-best-path.cc:99) For utterance jackson_2_25, best cost 78.9706 + 5518.5 = 5597.47 over 52 frames.
jackson_2_25 two 
LOG (lattice-best-path[5.5.620~1-dce1dc]:main():lattice-best-path.cc:99) For utterance jackson_2_26, best cost 74.6537 + 5332.12 = 5406.77 over 48 frames.
jackson_2_26 two 
LOG (lattice-best-path[5.5.620~1-dce1dc]:main():lattice-best-path.cc:99) For utterance jackson_2_27, best cost 78.8897 + 5404.63 = 5483.52 over 51 frames.
jackson_2_27 two 
LOG (lattice-best-path[5.5.620~1-dce1dc]:main():lattice-best-path.cc:99) For utterance jackson_2_28, best cost 71.2598 + 5195.98 = 5267.24 over 49 frames.
jackson_2_28 two 
LOG (lattice-best-path[5.5.620~1-dce1dc]:main():lattice-best-path.cc:99) For utterance jackson_2_29, best cost 74.2144 + 5635.56 = 5709.77 over 53 frames.
jackson_2_29 two 
LOG (lattice-best-path[5.5.620~1-dce1dc]:main():lattice-best-path.cc:99) For utterance jackson_2_3, best cost 100.453 + 5026.41 = 5126.86 over 48 frames.
jackson_2_3 three two 
LOG (lattice-best-path[5.5.620~1-dce1dc]:main():lattice-best-path.cc:99) For utterance jackson_2_30, best cost 71.4225 + 4886.81 = 4958.23 over 46 frames.
jackson_2_30 two 
LOG (lattice-best-path[5.5.620~1-dce1dc]:main():lattice-best-path.cc:99) For utterance jackson_2_31, best cost 68.3571 + 4550.15 = 4618.51 over 45 frames.
jackson_2_31 two 
LOG (lattice-best-path[5.5.620~1-dce1dc]:main():lattice-best-path.cc:99) For utterance jackson_2_32, best cost 74.6096 + 5023.92 = 5098.53 over 49 frames.
jackson_2_32 two 
LOG (lattice-best-path[5.5.620~1-dce1dc]:main():lattice-best-path.cc:99) For utterance jackson_2_33, best cost 93.3269 + 5283.34 = 5376.66 over 49 frames.
jackson_2_33 two 
LOG (lattice-best-path[5.5.620~1-dce1dc]:main():lattice-best-path.cc:99) For utterance jackson_2_34, best cost 73.9903 + 5064.84 = 5138.83 over 47 frames.
jackson_2_34 two 
LOG (lattice-best-path[5.5.620~1-dce1dc]:main():lattice-best-path.cc:99) For utterance jackson_2_35, best cost 65.822 + 4542.38 = 4608.2 over 45 frames.
jackson_2_35 two 
LOG (lattice-best-path[5.5.620~1-dce1dc]:main():lattice-best-path.cc:99) For utterance jackson_2_36, best cost 88.0605 + 5074.45 = 5162.51 over 47 frames.
jackson_2_36 two 
LOG (lattice-best-path[5.5.620~1-dce1dc]:main():lattice-best-path.cc:99) For utterance jackson_2_37, best cost 64.2895 + 4118.17 = 4182.46 over 38 frames.
jackson_2_37 two 
LOG (lattice-best-path[5.5.620~1-dce1dc]:main():lattice-best-path.cc:99) For utterance jackson_2_38, best cost 68.786 + 4758.35 = 4827.14 over 45 frames.
jackson_2_38 two 
LOG (lattice-best-path[5.5.620~1-dce1dc]:main():lattice-best-path.cc:99) For utterance jackson_2_39, best cost 66.7536 + 4632.43 = 4699.18 over 44 frames.
jackson_2_39 two 
LOG (lattice-best-path[5.5.620~1-dce1dc]:main():lattice-best-path.cc:99) For utterance jackson_2_4, best cost 76.3998 + 4777.83 = 4854.23 over 46 frames.
jackson_2_4 two 
LOG (lattice-best-path[5.5.620~1-dce1dc]:main():lattice-best-path.cc:99) For utterance jackson_2_40, best cost 68.1987 + 5292.32 = 5360.51 over 53 frames.
jackson_2_40 two 
LOG (lattice-best-path[5.5.620~1-dce1dc]:main():lattice-best-path.cc:99) For utterance jackson_2_41, best cost 68.7162 + 5835.29 = 5904.01 over 56 frames.
jackson_2_41 two 
LOG (lattice-best-path[5.5.620~1-dce1dc]:main():lattice-best-path.cc:99) For utterance jackson_2_42, best cost 69.164 + 5905.16 = 5974.32 over 57 frames.
jackson_2_42 two 
LOG (lattice-best-path[5.5.620~1-dce1dc]:main():lattice-best-path.cc:99) For utterance jackson_2_43, best cost 74.1727 + 5442.08 = 5516.25 over 50 frames.
jackson_2_43 two 
LOG (lattice-best-path[5.5.620~1-dce1dc]:main():lattice-best-path.cc:99) For utterance jackson_2_44, best cost 81.388 + 6595.8 = 6677.19 over 60 frames.
jackson_2_44 two 
LOG (lattice-best-path[5.5.620~1-dce1dc]:main():lattice-best-path.cc:99) For utterance jackson_2_45, best cost 76.3943 + 6529.03 = 6605.42 over 63 frames.
jackson_2_45 two 
LOG (lattice-best-path[5.5.620~1-dce1dc]:main():lattice-best-path.cc:99) For utterance jackson_2_46, best cost 66.6496 + 5351.72 = 5418.37 over 50 frames.
jackson_2_46 two 
LOG (lattice-best-path[5.5.620~1-dce1dc]:main():lattice-best-path.cc:99) For utterance jackson_2_47, best cost 67.8229 + 4863.68 = 4931.5 over 47 frames.
jackson_2_47 two 
LOG (lattice-best-path[5.5.620~1-dce1dc]:main():lattice-best-path.cc:99) For utterance jackson_2_48, best cost 72.5397 + 4950.82 = 5023.36 over 48 frames.
jackson_2_48 two 
LOG (lattice-best-path[5.5.620~1-dce1dc]:main():lattice-best-path.cc:99) For utterance jackson_2_49, best cost 69.7749 + 5290.91 = 5360.69 over 52 frames.
jackson_2_49 two 
LOG (lattice-best-path[5.5.620~1-dce1dc]:main():lattice-best-path.cc:99) For utterance jackson_2_5, best cost 104.462 + 4680.34 = 4784.8 over 45 frames.
jackson_2_5 three two 
LOG (lattice-best-path[5.5.620~1-dce1dc]:main():lattice-best-path.cc:99) For utterance jackson_2_6, best cost 68.7514 + 4562.61 = 4631.36 over 45 frames.
jackson_2_6 two 
LOG (lattice-best-path[5.5.620~1-dce1dc]:main():lattice-best-path.cc:99) For utterance jackson_2_7, best cost 71.395 + 4769.59 = 4840.99 over 46 frames.
jackson_2_7 two 
LOG (lattice-best-path[5.5.620~1-dce1dc]:main():lattice-best-path.cc:99) For utterance jackson_2_8, best cost 87.804 + 5044.21 = 5132.01 over 46 frames.
jackson_2_8 two 
LOG (lattice-best-path[5.5.620~1-dce1dc]:main():lattice-best-path.cc:99) For utterance jackson_2_9, best cost 78.2888 + 5281.9 = 5360.19 over 52 frames.
jackson_2_9 two 
LOG (lattice-best-path[5.5.620~1-dce1dc]:main():lattice-best-path.cc:99) For utterance jackson_3_0, best cost 70.3942 + 4736.02 = 4806.41 over 47 frames.
jackson_3_0 three 
LOG (lattice-best-path[5.5.620~1-dce1dc]:main():lattice-best-path.cc:99) For utterance jackson_3_1, best cost 48.9986 + 4956.54 = 5005.54 over 45 frames.
jackson_3_1 
LOG (lattice-best-path[5.5.620~1-dce1dc]:main():lattice-best-path.cc:99) For utterance jackson_3_10, best cost 68.3084 + 4556.05 = 4624.36 over 44 frames.
jackson_3_10 three 
LOG (lattice-best-path[5.5.620~1-dce1dc]:main():lattice-best-path.cc:99) For utterance jackson_3_11, best cost 74.1959 + 4227.35 = 4301.55 over 43 frames.
jackson_3_11 three 
LOG (lattice-best-path[5.5.620~1-dce1dc]:main():lattice-best-path.cc:99) For utterance jackson_3_12, best cost 51.4918 + 5112.25 = 5163.74 over 46 frames.
jackson_3_12 
LOG (lattice-best-path[5.5.620~1-dce1dc]:main():lattice-best-path.cc:99) For utterance jackson_3_13, best cost 66.3443 + 4217.32 = 4283.67 over 42 frames.
jackson_3_13 three 
LOG (lattice-best-path[5.5.620~1-dce1dc]:main():lattice-best-path.cc:99) For utterance jackson_3_14, best cost 73.2407 + 4801.98 = 4875.22 over 48 frames.
jackson_3_14 three 
LOG (lattice-best-path[5.5.620~1-dce1dc]:main():lattice-best-path.cc:99) For utterance jackson_3_15, best cost 74.7331 + 4359.6 = 4434.33 over 44 frames.
jackson_3_15 three 
LOG (lattice-best-path[5.5.620~1-dce1dc]:main():lattice-best-path.cc:99) For utterance jackson_3_16, best cost 72.5962 + 4651.24 = 4723.83 over 46 frames.
jackson_3_16 three 
LOG (lattice-best-path[5.5.620~1-dce1dc]:main():lattice-best-path.cc:99) For utterance jackson_3_17, best cost 89.3604 + 4233.51 = 4322.87 over 43 frames.
jackson_3_17 three 
LOG (lattice-best-path[5.5.620~1-dce1dc]:main():lattice-best-path.cc:99) For utterance jackson_3_18, best cost 70.4688 + 4738.98 = 4809.45 over 46 frames.
jackson_3_18 three 
LOG (lattice-best-path[5.5.620~1-dce1dc]:main():lattice-best-path.cc:99) For utterance jackson_3_19, best cost 63.4445 + 4487.46 = 4550.9 over 42 frames.
jackson_3_19 three 
LOG (lattice-best-path[5.5.620~1-dce1dc]:main():lattice-best-path.cc:99) For utterance jackson_3_2, best cost 51.7427 + 5360.82 = 5412.56 over 49 frames.
jackson_3_2 
LOG (lattice-best-path[5.5.620~1-dce1dc]:main():lattice-best-path.cc:99) For utterance jackson_3_20, best cost 63.8685 + 4695.74 = 4759.6 over 45 frames.
jackson_3_20 three 
LOG (lattice-best-path[5.5.620~1-dce1dc]:main():lattice-best-path.cc:99) For utterance jackson_3_21, best cost 64.4187 + 4447.36 = 4511.78 over 44 frames.
jackson_3_21 three 
LOG (lattice-best-path[5.5.620~1-dce1dc]:main():lattice-best-path.cc:99) For utterance jackson_3_22, best cost 28.7199 + 4285.68 = 4314.4 over 41 frames.
jackson_3_22 
LOG (lattice-best-path[5.5.620~1-dce1dc]:main():lattice-best-path.cc:99) For utterance jackson_3_23, best cost 50.8067 + 4757.99 = 4808.8 over 44 frames.
jackson_3_23 
LOG (lattice-best-path[5.5.620~1-dce1dc]:main():lattice-best-path.cc:99) For utterance jackson_3_24, best cost 67.5641 + 4237.87 = 4305.44 over 41 frames.
jackson_3_24 three 
LOG (lattice-best-path[5.5.620~1-dce1dc]:main():lattice-best-path.cc:99) For utterance jackson_3_25, best cost 93.2396 + 4804.83 = 4898.07 over 46 frames.
jackson_3_25 three 
LOG (lattice-best-path[5.5.620~1-dce1dc]:main():lattice-best-path.cc:99) For utterance jackson_3_26, best cost 77.5378 + 4277.49 = 4355.03 over 42 frames.
jackson_3_26 three 
LOG (lattice-best-path[5.5.620~1-dce1dc]:main():lattice-best-path.cc:99) For utterance jackson_3_27, best cost 69.9312 + 4521.39 = 4591.32 over 44 frames.
jackson_3_27 three 
LOG (lattice-best-path[5.5.620~1-dce1dc]:main():lattice-best-path.cc:99) For utterance jackson_3_28, best cost 86.5835 + 4479.96 = 4566.54 over 42 frames.
jackson_3_28 three 
LOG (lattice-best-path[5.5.620~1-dce1dc]:main():lattice-best-path.cc:99) For utterance jackson_3_29, best cost 92.3254 + 4953.6 = 5045.93 over 46 frames.
jackson_3_29 nine 
LOG (lattice-best-path[5.5.620~1-dce1dc]:main():lattice-best-path.cc:99) For utterance jackson_3_3, best cost 72.7295 + 5239.55 = 5312.28 over 49 frames.
jackson_3_3 three 
LOG (lattice-best-path[5.5.620~1-dce1dc]:main():lattice-best-path.cc:99) For utterance jackson_3_30, best cost 71.7485 + 4870.11 = 4941.86 over 46 frames.
jackson_3_30 three 
LOG (lattice-best-path[5.5.620~1-dce1dc]:main():lattice-best-path.cc:99) For utterance jackson_3_31, best cost 77.1789 + 5162.1 = 5239.28 over 47 frames.
jackson_3_31 three 
LOG (lattice-best-path[5.5.620~1-dce1dc]:main():lattice-best-path.cc:99) For utterance jackson_3_32, best cost 50.7764 + 5173.55 = 5224.33 over 46 frames.
jackson_3_32 
LOG (lattice-best-path[5.5.620~1-dce1dc]:main():lattice-best-path.cc:99) For utterance jackson_3_33, best cost 65.3293 + 4951.63 = 5016.96 over 46 frames.
jackson_3_33 three 
LOG (lattice-best-path[5.5.620~1-dce1dc]:main():lattice-best-path.cc:99) For utterance jackson_3_34, best cost 73.0988 + 4658.93 = 4732.03 over 46 frames.
jackson_3_34 three 
LOG (lattice-best-path[5.5.620~1-dce1dc]:main():lattice-best-path.cc:99) For utterance jackson_3_35, best cost 91.2623 + 5105.14 = 5196.4 over 50 frames.
jackson_3_35 three 
LOG (lattice-best-path[5.5.620~1-dce1dc]:main():lattice-best-path.cc:99) For utterance jackson_3_36, best cost 91.1067 + 5004.08 = 5095.19 over 49 frames.
jackson_3_36 three 
LOG (lattice-best-path[5.5.620~1-dce1dc]:main():lattice-best-path.cc:99) For utterance jackson_3_37, best cost 91.003 + 5137.49 = 5228.5 over 49 frames.
jackson_3_37 three 
LOG (lattice-best-path[5.5.620~1-dce1dc]:main():lattice-best-path.cc:99) For utterance jackson_3_38, best cost 89.7278 + 5426.86 = 5516.59 over 51 frames.
jackson_3_38 three 
LOG (lattice-best-path[5.5.620~1-dce1dc]:main():lattice-best-path.cc:99) For utterance jackson_3_39, best cost 102.296 + 5110.12 = 5212.42 over 49 frames.
jackson_3_39 three 
LOG (lattice-best-path[5.5.620~1-dce1dc]:main():lattice-best-path.cc:99) For utterance jackson_3_4, best cost 73.8176 + 4336.54 = 4410.36 over 43 frames.
jackson_3_4 three 
LOG (lattice-best-path[5.5.620~1-dce1dc]:main():lattice-best-path.cc:99) For utterance jackson_3_40, best cost 96.8992 + 5076.3 = 5173.19 over 50 frames.
jackson_3_40 three 
LOG (lattice-best-path[5.5.620~1-dce1dc]:main():lattice-best-path.cc:99) For utterance jackson_3_41, best cost 92.8462 + 5047.89 = 5140.73 over 48 frames.
jackson_3_41 three 
LOG (lattice-best-path[5.5.620~1-dce1dc]:main():lattice-best-path.cc:99) For utterance jackson_3_42, best cost 90.796 + 4922.07 = 5012.87 over 48 frames.
jackson_3_42 three 
LOG (lattice-best-path[5.5.620~1-dce1dc]:main():lattice-best-path.cc:99) For utterance jackson_3_43, best cost 87.7777 + 4888.34 = 4976.12 over 48 frames.
jackson_3_43 three 
LOG (lattice-best-path[5.5.620~1-dce1dc]:main():lattice-best-path.cc:99) For utterance jackson_3_44, best cost 99.7269 + 5575.63 = 5675.36 over 53 frames.
jackson_3_44 three 
LOG (lattice-best-path[5.5.620~1-dce1dc]:main():lattice-best-path.cc:99) For utterance jackson_3_45, best cost 90.824 + 5787.77 = 5878.59 over 55 frames.
jackson_3_45 three 
LOG (lattice-best-path[5.5.620~1-dce1dc]:main():lattice-best-path.cc:99) For utterance jackson_3_46, best cost 92.2893 + 5425.35 = 5517.64 over 52 frames.
jackson_3_46 three 
LOG (lattice-best-path[5.5.620~1-dce1dc]:main():lattice-best-path.cc:99) For utterance jackson_3_47, best cost 78.3321 + 5604.43 = 5682.76 over 55 frames.
jackson_3_47 three 
LOG (lattice-best-path[5.5.620~1-dce1dc]:main():lattice-best-path.cc:99) For utterance jackson_3_48, best cost 88.5415 + 4904.93 = 4993.47 over 49 frames.
jackson_3_48 three 
LOG (lattice-best-path[5.5.620~1-dce1dc]:main():lattice-best-path.cc:99) For utterance jackson_3_49, best cost 90.4836 + 5214.36 = 5304.84 over 50 frames.
jackson_3_49 three 
LOG (lattice-best-path[5.5.620~1-dce1dc]:main():lattice-best-path.cc:99) For utterance jackson_3_5, best cost 78.4547 + 4423.19 = 4501.65 over 43 frames.
jackson_3_5 three 
LOG (lattice-best-path[5.5.620~1-dce1dc]:main():lattice-best-path.cc:99) For utterance jackson_3_6, best cost 78.0455 + 4533.61 = 4611.66 over 45 frames.
jackson_3_6 three 
LOG (lattice-best-path[5.5.620~1-dce1dc]:main():lattice-best-path.cc:99) For utterance jackson_3_7, best cost 71.8777 + 5121.12 = 5193 over 47 frames.
jackson_3_7 three 
LOG (lattice-best-path[5.5.620~1-dce1dc]:main():lattice-best-path.cc:99) For utterance jackson_3_8, best cost 66.4173 + 4416.64 = 4483.06 over 43 frames.
jackson_3_8 three 
LOG (lattice-best-path[5.5.620~1-dce1dc]:main():lattice-best-path.cc:99) For utterance jackson_3_9, best cost 64.0928 + 4894.57 = 4958.66 over 47 frames.
jackson_3_9 three 
LOG (lattice-best-path[5.5.620~1-dce1dc]:main():lattice-best-path.cc:99) For utterance jackson_4_0, best cost 74.0033 + 4275.76 = 4349.76 over 44 frames.
jackson_4_0 four 
LOG (lattice-best-path[5.5.620~1-dce1dc]:main():lattice-best-path.cc:99) For utterance jackson_4_1, best cost 73.7316 + 3696.7 = 3770.43 over 40 frames.
jackson_4_1 four 
LOG (lattice-best-path[5.5.620~1-dce1dc]:main():lattice-best-path.cc:99) For utterance jackson_4_10, best cost 73.417 + 3848.53 = 3921.95 over 36 frames.
jackson_4_10 four 
LOG (lattice-best-path[5.5.620~1-dce1dc]:main():lattice-best-path.cc:99) For utterance jackson_4_11, best cost 73.0729 + 3625.58 = 3698.65 over 36 frames.
jackson_4_11 four 
LOG (lattice-best-path[5.5.620~1-dce1dc]:main():lattice-best-path.cc:99) For utterance jackson_4_12, best cost 64.3781 + 3448.89 = 3513.27 over 39 frames.
jackson_4_12 four 
LOG (lattice-best-path[5.5.620~1-dce1dc]:main():lattice-best-path.cc:99) For utterance jackson_4_13, best cost 67.0954 + 3571.63 = 3638.72 over 35 frames.
jackson_4_13 four 
LOG (lattice-best-path[5.5.620~1-dce1dc]:main():lattice-best-path.cc:99) For utterance jackson_4_14, best cost 67.8516 + 3538.76 = 3606.61 over 35 frames.
jackson_4_14 four 
LOG (lattice-best-path[5.5.620~1-dce1dc]:main():lattice-best-path.cc:99) For utterance jackson_4_15, best cost 78.6472 + 4410.92 = 4489.57 over 43 frames.
jackson_4_15 four 
LOG (lattice-best-path[5.5.620~1-dce1dc]:main():lattice-best-path.cc:99) For utterance jackson_4_16, best cost 73.3418 + 4192.68 = 4266.03 over 41 frames.
jackson_4_16 four 
LOG (lattice-best-path[5.5.620~1-dce1dc]:main():lattice-best-path.cc:99) For utterance jackson_4_17, best cost 73.0331 + 4255.85 = 4328.88 over 38 frames.
jackson_4_17 four 
LOG (lattice-best-path[5.5.620~1-dce1dc]:main():lattice-best-path.cc:99) For utterance jackson_4_18, best cost 72.9828 + 3940.5 = 4013.49 over 38 frames.
jackson_4_18 four 
LOG (lattice-best-path[5.5.620~1-dce1dc]:main():lattice-best-path.cc:99) For utterance jackson_4_19, best cost 66.1986 + 3592.83 = 3659.02 over 34 frames.
jackson_4_19 four 
LOG (lattice-best-path[5.5.620~1-dce1dc]:main():lattice-best-path.cc:99) For utterance jackson_4_2, best cost 64.4947 + 3792.23 = 3856.72 over 40 frames.
jackson_4_2 four 
LOG (lattice-best-path[5.5.620~1-dce1dc]:main():lattice-best-path.cc:99) For utterance jackson_4_20, best cost 73.7439 + 3988.44 = 4062.19 over 37 frames.
jackson_4_20 four 
LOG (lattice-best-path[5.5.620~1-dce1dc]:main():lattice-best-path.cc:99) For utterance jackson_4_21, best cost 71.0394 + 3389.35 = 3460.39 over 33 frames.
jackson_4_21 four 
LOG (lattice-best-path[5.5.620~1-dce1dc]:main():lattice-best-path.cc:99) For utterance jackson_4_22, best cost 78.8439 + 4341.4 = 4420.25 over 40 frames.
jackson_4_22 four 
LOG (lattice-best-path[5.5.620~1-dce1dc]:main():lattice-best-path.cc:99) For utterance jackson_4_23, best cost 64.2241 + 3674.55 = 3738.77 over 39 frames.
jackson_4_23 four 
LOG (lattice-best-path[5.5.620~1-dce1dc]:main():lattice-best-path.cc:99) For utterance jackson_4_24, best cost 69.5883 + 3915.24 = 3984.83 over 38 frames.
jackson_4_24 four 
LOG (lattice-best-path[5.5.620~1-dce1dc]:main():lattice-best-path.cc:99) For utterance jackson_4_25, best cost 71.5944 + 4015.79 = 4087.38 over 39 frames.
jackson_4_25 four 
LOG (lattice-best-path[5.5.620~1-dce1dc]:main():lattice-best-path.cc:99) For utterance jackson_4_26, best cost 73.868 + 4358.7 = 4432.57 over 41 frames.
jackson_4_26 four 
LOG (lattice-best-path[5.5.620~1-dce1dc]:main():lattice-best-path.cc:99) For utterance jackson_4_27, best cost 71.7047 + 4236.4 = 4308.11 over 41 frames.
jackson_4_27 four 
LOG (lattice-best-path[5.5.620~1-dce1dc]:main():lattice-best-path.cc:99) For utterance jackson_4_28, best cost 73.0276 + 4929.08 = 5002.11 over 45 frames.
jackson_4_28 four 
LOG (lattice-best-path[5.5.620~1-dce1dc]:main():lattice-best-path.cc:99) For utterance jackson_4_29, best cost 75.4814 + 4439.17 = 4514.65 over 42 frames.
jackson_4_29 four 
LOG (lattice-best-path[5.5.620~1-dce1dc]:main():lattice-best-path.cc:99) For utterance jackson_4_3, best cost 64.0712 + 3678.18 = 3742.25 over 39 frames.
jackson_4_3 four 
LOG (lattice-best-path[5.5.620~1-dce1dc]:main():lattice-best-path.cc:99) For utterance jackson_4_30, best cost 74.3502 + 4250.79 = 4325.14 over 42 frames.
jackson_4_30 four 
LOG (lattice-best-path[5.5.620~1-dce1dc]:main():lattice-best-path.cc:99) For utterance jackson_4_31, best cost 70.3997 + 4374.86 = 4445.25 over 41 frames.
jackson_4_31 four 
LOG (lattice-best-path[5.5.620~1-dce1dc]:main():lattice-best-path.cc:99) For utterance jackson_4_32, best cost 71.765 + 3863.66 = 3935.42 over 41 frames.
jackson_4_32 four 
LOG (lattice-best-path[5.5.620~1-dce1dc]:main():lattice-best-path.cc:99) For utterance jackson_4_33, best cost 64.3633 + 3825.4 = 3889.76 over 40 frames.
jackson_4_33 four 
LOG (lattice-best-path[5.5.620~1-dce1dc]:main():lattice-best-path.cc:99) For utterance jackson_4_34, best cost 63.2587 + 3499.2 = 3562.46 over 38 frames.
jackson_4_34 four 
LOG (lattice-best-path[5.5.620~1-dce1dc]:main():lattice-best-path.cc:99) For utterance jackson_4_35, best cost 69.3565 + 3890.02 = 3959.38 over 41 frames.
jackson_4_35 four 
LOG (lattice-best-path[5.5.620~1-dce1dc]:main():lattice-best-path.cc:99) For utterance jackson_4_36, best cost 63.8774 + 3576.89 = 3640.77 over 38 frames.
jackson_4_36 four 
LOG (lattice-best-path[5.5.620~1-dce1dc]:main():lattice-best-path.cc:99) For utterance jackson_4_37, best cost 72.336 + 5021.94 = 5094.28 over 48 frames.
jackson_4_37 four 
LOG (lattice-best-path[5.5.620~1-dce1dc]:main():lattice-best-path.cc:99) For utterance jackson_4_38, best cost 73.7661 + 4477.15 = 4550.92 over 45 frames.
jackson_4_38 four 
LOG (lattice-best-path[5.5.620~1-dce1dc]:main():lattice-best-path.cc:99) For utterance jackson_4_39, best cost 76.6636 + 4741.89 = 4818.56 over 46 frames.
jackson_4_39 four 
LOG (lattice-best-path[5.5.620~1-dce1dc]:main():lattice-best-path.cc:99) For utterance jackson_4_4, best cost 69.8369 + 3851.82 = 3921.65 over 41 frames.
jackson_4_4 four 
LOG (lattice-best-path[5.5.620~1-dce1dc]:main():lattice-best-path.cc:99) For utterance jackson_4_40, best cost 71.9616 + 4573.6 = 4645.56 over 45 frames.
jackson_4_40 four 
LOG (lattice-best-path[5.5.620~1-dce1dc]:main():lattice-best-path.cc:99) For utterance jackson_4_41, best cost 72.0102 + 4411.36 = 4483.37 over 43 frames.
jackson_4_41 four 
LOG (lattice-best-path[5.5.620~1-dce1dc]:main():lattice-best-path.cc:99) For utterance jackson_4_42, best cost 69.2639 + 4195.84 = 4265.11 over 41 frames.
jackson_4_42 four 
LOG (lattice-best-path[5.5.620~1-dce1dc]:main():lattice-best-path.cc:99) For utterance jackson_4_43, best cost 73.0093 + 4503.9 = 4576.91 over 44 frames.
jackson_4_43 four 
LOG (lattice-best-path[5.5.620~1-dce1dc]:main():lattice-best-path.cc:99) For utterance jackson_4_44, best cost 74.1681 + 4867.67 = 4941.84 over 45 frames.
jackson_4_44 four 
LOG (lattice-best-path[5.5.620~1-dce1dc]:main():lattice-best-path.cc:99) For utterance jackson_4_45, best cost 73.2947 + 4311.22 = 4384.51 over 42 frames.
jackson_4_45 four 
LOG (lattice-best-path[5.5.620~1-dce1dc]:main():lattice-best-path.cc:99) For utterance jackson_4_46, best cost 77.7025 + 4865.56 = 4943.27 over 49 frames.
jackson_4_46 four 
LOG (lattice-best-path[5.5.620~1-dce1dc]:main():lattice-best-path.cc:99) For utterance jackson_4_47, best cost 71.1749 + 4880.85 = 4952.03 over 47 frames.
jackson_4_47 four 
LOG (lattice-best-path[5.5.620~1-dce1dc]:main():lattice-best-path.cc:99) For utterance jackson_4_48, best cost 73.4392 + 4567.52 = 4640.96 over 45 frames.
jackson_4_48 four 
LOG (lattice-best-path[5.5.620~1-dce1dc]:main():lattice-best-path.cc:99) For utterance jackson_4_49, best cost 81.6907 + 4673.65 = 4755.34 over 48 frames.
jackson_4_49 four 
LOG (lattice-best-path[5.5.620~1-dce1dc]:main():lattice-best-path.cc:99) For utterance jackson_4_5, best cost 74.9041 + 4199.41 = 4274.32 over 42 frames.
jackson_4_5 four 
LOG (lattice-best-path[5.5.620~1-dce1dc]:main():lattice-best-path.cc:99) For utterance jackson_4_6, best cost 80.337 + 4489.47 = 4569.8 over 43 frames.
jackson_4_6 four 
LOG (lattice-best-path[5.5.620~1-dce1dc]:main():lattice-best-path.cc:99) For utterance jackson_4_7, best cost 70.1943 + 3956.5 = 4026.69 over 39 frames.
jackson_4_7 four 
LOG (lattice-best-path[5.5.620~1-dce1dc]:main():lattice-best-path.cc:99) For utterance jackson_4_8, best cost 74.8357 + 4081.41 = 4156.24 over 40 frames.
jackson_4_8 four 
LOG (lattice-best-path[5.5.620~1-dce1dc]:main():lattice-best-path.cc:99) For utterance jackson_4_9, best cost 70.04 + 3918.38 = 3988.42 over 40 frames.
jackson_4_9 four 
LOG (lattice-best-path[5.5.620~1-dce1dc]:main():lattice-best-path.cc:99) For utterance jackson_5_0, best cost 65.0634 + 3757.78 = 3822.84 over 40 frames.
jackson_5_0 five 
LOG (lattice-best-path[5.5.620~1-dce1dc]:main():lattice-best-path.cc:99) For utterance jackson_5_1, best cost 64.6961 + 3585.97 = 3650.67 over 39 frames.
jackson_5_1 five 
LOG (lattice-best-path[5.5.620~1-dce1dc]:main():lattice-best-path.cc:99) For utterance jackson_5_10, best cost 63.5352 + 3162.44 = 3225.98 over 37 frames.
jackson_5_10 five 
LOG (lattice-best-path[5.5.620~1-dce1dc]:main():lattice-best-path.cc:99) For utterance jackson_5_11, best cost 65.4027 + 3730.79 = 3796.19 over 42 frames.
jackson_5_11 five 
LOG (lattice-best-path[5.5.620~1-dce1dc]:main():lattice-best-path.cc:99) For utterance jackson_5_12, best cost 62.9521 + 3053.31 = 3116.26 over 35 frames.
jackson_5_12 five 
LOG (lattice-best-path[5.5.620~1-dce1dc]:main():lattice-best-path.cc:99) For utterance jackson_5_13, best cost 68.9198 + 3651.76 = 3720.68 over 40 frames.
jackson_5_13 five 
LOG (lattice-best-path[5.5.620~1-dce1dc]:main():lattice-best-path.cc:99) For utterance jackson_5_14, best cost 62.9131 + 2971.18 = 3034.1 over 36 frames.
jackson_5_14 five 
LOG (lattice-best-path[5.5.620~1-dce1dc]:main():lattice-best-path.cc:99) For utterance jackson_5_15, best cost 70.2612 + 3716.26 = 3786.52 over 41 frames.
jackson_5_15 five 
LOG (lattice-best-path[5.5.620~1-dce1dc]:main():lattice-best-path.cc:99) For utterance jackson_5_16, best cost 64.2 + 3418.79 = 3482.99 over 38 frames.
jackson_5_16 five 
LOG (lattice-best-path[5.5.620~1-dce1dc]:main():lattice-best-path.cc:99) For utterance jackson_5_17, best cost 65.8187 + 3593.69 = 3659.51 over 38 frames.
jackson_5_17 five 
LOG (lattice-best-path[5.5.620~1-dce1dc]:main():lattice-best-path.cc:99) For utterance jackson_5_18, best cost 62.8599 + 2963.52 = 3026.38 over 34 frames.
jackson_5_18 five 
LOG (lattice-best-path[5.5.620~1-dce1dc]:main():lattice-best-path.cc:99) For utterance jackson_5_19, best cost 64.251 + 3121.79 = 3186.04 over 35 frames.
jackson_5_19 five 
LOG (lattice-best-path[5.5.620~1-dce1dc]:main():lattice-best-path.cc:99) For utterance jackson_5_2, best cost 68.7045 + 4000.99 = 4069.7 over 43 frames.
jackson_5_2 five 
LOG (lattice-best-path[5.5.620~1-dce1dc]:main():lattice-best-path.cc:99) For utterance jackson_5_20, best cost 67.2857 + 2977.37 = 3044.66 over 32 frames.
jackson_5_20 five 
LOG (lattice-best-path[5.5.620~1-dce1dc]:main():lattice-best-path.cc:99) For utterance jackson_5_21, best cost 70.0371 + 3475.3 = 3545.34 over 36 frames.
jackson_5_21 five 
LOG (lattice-best-path[5.5.620~1-dce1dc]:main():lattice-best-path.cc:99) For utterance jackson_5_22, best cost 64.6436 + 3346 = 3410.65 over 35 frames.
jackson_5_22 five 
LOG (lattice-best-path[5.5.620~1-dce1dc]:main():lattice-best-path.cc:99) For utterance jackson_5_23, best cost 64.0995 + 3684.77 = 3748.87 over 39 frames.
jackson_5_23 five 
LOG (lattice-best-path[5.5.620~1-dce1dc]:main():lattice-best-path.cc:99) For utterance jackson_5_24, best cost 68.6416 + 3260.42 = 3329.06 over 38 frames.
jackson_5_24 five 
LOG (lattice-best-path[5.5.620~1-dce1dc]:main():lattice-best-path.cc:99) For utterance jackson_5_25, best cost 70.0019 + 3317.9 = 3387.91 over 37 frames.
jackson_5_25 five 
LOG (lattice-best-path[5.5.620~1-dce1dc]:main():lattice-best-path.cc:99) For utterance jackson_5_26, best cost 65.9279 + 3557.99 = 3623.91 over 39 frames.
jackson_5_26 five 
LOG (lattice-best-path[5.5.620~1-dce1dc]:main():lattice-best-path.cc:99) For utterance jackson_5_27, best cost 68.8895 + 3514.95 = 3583.84 over 38 frames.
jackson_5_27 five 
LOG (lattice-best-path[5.5.620~1-dce1dc]:main():lattice-best-path.cc:99) For utterance jackson_5_28, best cost 63.8256 + 3040.14 = 3103.97 over 35 frames.
jackson_5_28 five 
LOG (lattice-best-path[5.5.620~1-dce1dc]:main():lattice-best-path.cc:99) For utterance jackson_5_29, best cost 73.6714 + 4356.05 = 4429.72 over 46 frames.
jackson_5_29 five 
LOG (lattice-best-path[5.5.620~1-dce1dc]:main():lattice-best-path.cc:99) For utterance jackson_5_3, best cost 64.7703 + 3420.64 = 3485.41 over 38 frames.
jackson_5_3 five 
LOG (lattice-best-path[5.5.620~1-dce1dc]:main():lattice-best-path.cc:99) For utterance jackson_5_30, best cost 70.6202 + 3920 = 3990.62 over 41 frames.
jackson_5_30 five 
LOG (lattice-best-path[5.5.620~1-dce1dc]:main():lattice-best-path.cc:99) For utterance jackson_5_31, best cost 69.1369 + 3479.33 = 3548.47 over 39 frames.
jackson_5_31 five 
LOG (lattice-best-path[5.5.620~1-dce1dc]:main():lattice-best-path.cc:99) For utterance jackson_5_32, best cost 69.5379 + 3594.01 = 3663.55 over 39 frames.
jackson_5_32 five 
LOG (lattice-best-path[5.5.620~1-dce1dc]:main():lattice-best-path.cc:99) For utterance jackson_5_33, best cost 63.5979 + 3402.19 = 3465.79 over 37 frames.
jackson_5_33 five 
LOG (lattice-best-path[5.5.620~1-dce1dc]:main():lattice-best-path.cc:99) For utterance jackson_5_34, best cost 64.5073 + 3166.07 = 3230.58 over 34 frames.
jackson_5_34 five 
LOG (lattice-best-path[5.5.620~1-dce1dc]:main():lattice-best-path.cc:99) For utterance jackson_5_35, best cost 66.9165 + 3893.44 = 3960.36 over 41 frames.
jackson_5_35 five 
LOG (lattice-best-path[5.5.620~1-dce1dc]:main():lattice-best-path.cc:99) For utterance jackson_5_36, best cost 64.6869 + 2953.37 = 3018.06 over 35 frames.
jackson_5_36 five 
LOG (lattice-best-path[5.5.620~1-dce1dc]:main():lattice-best-path.cc:99) For utterance jackson_5_37, best cost 64.694 + 3377.07 = 3441.77 over 37 frames.
jackson_5_37 nine 
LOG (lattice-best-path[5.5.620~1-dce1dc]:main():lattice-best-path.cc:99) For utterance jackson_5_38, best cost 65.2754 + 3985.12 = 4050.39 over 41 frames.
jackson_5_38 five 
LOG (lattice-best-path[5.5.620~1-dce1dc]:main():lattice-best-path.cc:99) For utterance jackson_5_39, best cost 62.934 + 3213.45 = 3276.39 over 36 frames.
jackson_5_39 five 
LOG (lattice-best-path[5.5.620~1-dce1dc]:main():lattice-best-path.cc:99) For utterance jackson_5_4, best cost 75.6316 + 4781.34 = 4856.98 over 51 frames.
jackson_5_4 five 
LOG (lattice-best-path[5.5.620~1-dce1dc]:main():lattice-best-path.cc:99) For utterance jackson_5_40, best cost 63.1156 + 3663.45 = 3726.57 over 39 frames.
jackson_5_40 five 
LOG (lattice-best-path[5.5.620~1-dce1dc]:main():lattice-best-path.cc:99) For utterance jackson_5_41, best cost 67.4809 + 3702.47 = 3769.95 over 38 frames.
jackson_5_41 five 
LOG (lattice-best-path[5.5.620~1-dce1dc]:main():lattice-best-path.cc:99) For utterance jackson_5_42, best cost 65.8382 + 4595.64 = 4661.48 over 45 frames.
jackson_5_42 five 
LOG (lattice-best-path[5.5.620~1-dce1dc]:main():lattice-best-path.cc:99) For utterance jackson_5_43, best cost 73.7661 + 4106.67 = 4180.43 over 42 frames.
jackson_5_43 one 
LOG (lattice-best-path[5.5.620~1-dce1dc]:main():lattice-best-path.cc:99) For utterance jackson_5_44, best cost 75.8349 + 4700.14 = 4775.97 over 47 frames.
jackson_5_44 one 
LOG (lattice-best-path[5.5.620~1-dce1dc]:main():lattice-best-path.cc:99) For utterance jackson_5_45, best cost 65.591 + 4272.48 = 4338.07 over 44 frames.
jackson_5_45 five 
LOG (lattice-best-path[5.5.620~1-dce1dc]:main():lattice-best-path.cc:99) For utterance jackson_5_46, best cost 66.594 + 4746.02 = 4812.61 over 48 frames.
jackson_5_46 five 
LOG (lattice-best-path[5.5.620~1-dce1dc]:main():lattice-best-path.cc:99) For utterance jackson_5_47, best cost 70.4391 + 5172.01 = 5242.45 over 49 frames.
jackson_5_47 five 
LOG (lattice-best-path[5.5.620~1-dce1dc]:main():lattice-best-path.cc:99) For utterance jackson_5_48, best cost 73.3326 + 5429.95 = 5503.29 over 49 frames.
jackson_5_48 five 
LOG (lattice-best-path[5.5.620~1-dce1dc]:main():lattice-best-path.cc:99) For utterance jackson_5_49, best cost 69.0358 + 4448.86 = 4517.9 over 46 frames.
jackson_5_49 one 
LOG (lattice-best-path[5.5.620~1-dce1dc]:main():lattice-best-path.cc:99) For utterance jackson_5_5, best cost 65.1662 + 3371.51 = 3436.68 over 37 frames.
jackson_5_5 five 
LOG (lattice-best-path[5.5.620~1-dce1dc]:main():lattice-best-path.cc:99) For utterance jackson_5_6, best cost 69.9308 + 3720.58 = 3790.51 over 38 frames.
jackson_5_6 five 
LOG (lattice-best-path[5.5.620~1-dce1dc]:main():lattice-best-path.cc:99) For utterance jackson_5_7, best cost 64.8102 + 3441.25 = 3506.06 over 36 frames.
jackson_5_7 five 
LOG (lattice-best-path[5.5.620~1-dce1dc]:main():lattice-best-path.cc:99) For utterance jackson_5_8, best cost 62.899 + 3214.81 = 3277.71 over 35 frames.
jackson_5_8 five 
LOG (lattice-best-path[5.5.620~1-dce1dc]:main():lattice-best-path.cc:99) For utterance jackson_5_9, best cost 73.8944 + 5740.76 = 5814.65 over 56 frames.
jackson_5_9 five 
LOG (lattice-best-path[5.5.620~1-dce1dc]:main():lattice-best-path.cc:99) For utterance jackson_6_0, best cost 92.6582 + 8505.19 = 8597.85 over 81 frames.
jackson_6_0 six 
LOG (lattice-best-path[5.5.620~1-dce1dc]:main():lattice-best-path.cc:99) For utterance jackson_6_1, best cost 55.6146 + 6792.44 = 6848.06 over 62 frames.
jackson_6_1 
LOG (lattice-best-path[5.5.620~1-dce1dc]:main():lattice-best-path.cc:99) For utterance jackson_6_10, best cost 84.0284 + 8382.09 = 8466.12 over 84 frames.
jackson_6_10 six 
LOG (lattice-best-path[5.5.620~1-dce1dc]:main():lattice-best-path.cc:99) For utterance jackson_6_11, best cost 96.9586 + 8644.88 = 8741.84 over 85 frames.
jackson_6_11 six 
LOG (lattice-best-path[5.5.620~1-dce1dc]:main():lattice-best-path.cc:99) For utterance jackson_6_12, best cost 90.2183 + 8396.87 = 8487.09 over 84 frames.
jackson_6_12 six 
LOG (lattice-best-path[5.5.620~1-dce1dc]:main():lattice-best-path.cc:99) For utterance jackson_6_13, best cost 55.7739 + 7011.81 = 7067.58 over 69 frames.
jackson_6_13 
LOG (lattice-best-path[5.5.620~1-dce1dc]:main():lattice-best-path.cc:99) For utterance jackson_6_14, best cost 56.9583 + 7621.77 = 7678.73 over 75 frames.
jackson_6_14 
LOG (lattice-best-path[5.5.620~1-dce1dc]:main():lattice-best-path.cc:99) For utterance jackson_6_15, best cost 59.5714 + 8728.9 = 8788.47 over 86 frames.
jackson_6_15 
LOG (lattice-best-path[5.5.620~1-dce1dc]:main():lattice-best-path.cc:99) For utterance jackson_6_16, best cost 56.0788 + 7026.68 = 7082.76 over 71 frames.
jackson_6_16 
LOG (lattice-best-path[5.5.620~1-dce1dc]:main():lattice-best-path.cc:99) For utterance jackson_6_17, best cost 86.1679 + 7298.12 = 7384.29 over 72 frames.
jackson_6_17 six 
LOG (lattice-best-path[5.5.620~1-dce1dc]:main():lattice-best-path.cc:99) For utterance jackson_6_18, best cost 86.7477 + 8094.93 = 8181.67 over 84 frames.
jackson_6_18 six 
LOG (lattice-best-path[5.5.620~1-dce1dc]:main():lattice-best-path.cc:99) For utterance jackson_6_19, best cost 55.4205 + 6902.13 = 6957.55 over 67 frames.
jackson_6_19 
LOG (lattice-best-path[5.5.620~1-dce1dc]:main():lattice-best-path.cc:99) For utterance jackson_6_2, best cost 81.6214 + 6400.73 = 6482.35 over 61 frames.
jackson_6_2 six 
LOG (lattice-best-path[5.5.620~1-dce1dc]:main():lattice-best-path.cc:99) For utterance jackson_6_20, best cost 81.436 + 7171.01 = 7252.45 over 67 frames.
jackson_6_20 six 
LOG (lattice-best-path[5.5.620~1-dce1dc]:main():lattice-best-path.cc:99) For utterance jackson_6_21, best cost 94.7369 + 8053.9 = 8148.64 over 78 frames.
jackson_6_21 seven 
LOG (lattice-best-path[5.5.620~1-dce1dc]:main():lattice-best-path.cc:99) For utterance jackson_6_22, best cost 84.6496 + 6976.13 = 7060.78 over 69 frames.
jackson_6_22 six 
LOG (lattice-best-path[5.5.620~1-dce1dc]:main():lattice-best-path.cc:99) For utterance jackson_6_23, best cost 85.5374 + 8074.36 = 8159.89 over 80 frames.
jackson_6_23 six 
LOG (lattice-best-path[5.5.620~1-dce1dc]:main():lattice-best-path.cc:99) For utterance jackson_6_24, best cost 56.5303 + 7060.07 = 7116.6 over 70 frames.
jackson_6_24 
LOG (lattice-best-path[5.5.620~1-dce1dc]:main():lattice-best-path.cc:99) For utterance jackson_6_25, best cost 86.4443 + 7558.73 = 7645.17 over 77 frames.
jackson_6_25 six 
LOG (lattice-best-path[5.5.620~1-dce1dc]:main():lattice-best-path.cc:99) For utterance jackson_6_26, best cost 55.8149 + 7063.93 = 7119.74 over 70 frames.
jackson_6_26 
LOG (lattice-best-path[5.5.620~1-dce1dc]:main():lattice-best-path.cc:99) For utterance jackson_6_27, best cost 103.905 + 7797.15 = 7901.06 over 79 frames.
jackson_6_27 eight 
LOG (lattice-best-path[5.5.620~1-dce1dc]:main():lattice-best-path.cc:99) For utterance jackson_6_28, best cost 55.2098 + 6800.12 = 6855.33 over 63 frames.
jackson_6_28 
LOG (lattice-best-path[5.5.620~1-dce1dc]:main():lattice-best-path.cc:99) For utterance jackson_6_29, best cost 54.7532 + 6365.27 = 6420.02 over 60 frames.
jackson_6_29 
LOG (lattice-best-path[5.5.620~1-dce1dc]:main():lattice-best-path.cc:99) For utterance jackson_6_3, best cost 91.0387 + 9190.67 = 9281.71 over 85 frames.
jackson_6_3 six 
LOG (lattice-best-path[5.5.620~1-dce1dc]:main():lattice-best-path.cc:99) For utterance jackson_6_30, best cost 104.753 + 8174.05 = 8278.81 over 78 frames.
jackson_6_30 six 
LOG (lattice-best-path[5.5.620~1-dce1dc]:main():lattice-best-path.cc:99) For utterance jackson_6_31, best cost 79.7812 + 6305.64 = 6385.43 over 61 frames.
jackson_6_31 six 
LOG (lattice-best-path[5.5.620~1-dce1dc]:main():lattice-best-path.cc:99) For utterance jackson_6_32, best cost 92.9364 + 8760.51 = 8853.44 over 83 frames.
jackson_6_32 six 
LOG (lattice-best-path[5.5.620~1-dce1dc]:main():lattice-best-path.cc:99) For utterance jackson_6_33, best cost 86.352 + 6416.91 = 6503.26 over 62 frames.
jackson_6_33 six 
LOG (lattice-best-path[5.5.620~1-dce1dc]:main():lattice-best-path.cc:99) For utterance jackson_6_34, best cost 75.1211 + 5992.06 = 6067.18 over 56 frames.
jackson_6_34 six 
LOG (lattice-best-path[5.5.620~1-dce1dc]:main():lattice-best-path.cc:99) For utterance jackson_6_35, best cost 55.0737 + 6719.93 = 6775.01 over 62 frames.
jackson_6_35 
LOG (lattice-best-path[5.5.620~1-dce1dc]:main():lattice-best-path.cc:99) For utterance jackson_6_36, best cost 74.5866 + 6031.37 = 6105.96 over 56 frames.
jackson_6_36 six 
LOG (lattice-best-path[5.5.620~1-dce1dc]:main():lattice-best-path.cc:99) For utterance jackson_6_37, best cost 82.8482 + 6801.82 = 6884.67 over 68 frames.
jackson_6_37 six 
LOG (lattice-best-path[5.5.620~1-dce1dc]:main():lattice-best-path.cc:99) For utterance jackson_6_38, best cost 57.4327 + 7639.22 = 7696.65 over 73 frames.
jackson_6_38 
LOG (lattice-best-path[5.5.620~1-dce1dc]:main():lattice-best-path.cc:99) For utterance jackson_6_39, best cost 55.3942 + 6786.22 = 6841.62 over 64 frames.
jackson_6_39 
LOG (lattice-best-path[5.5.620~1-dce1dc]:main():lattice-best-path.cc:99) For utterance jackson_6_4, best cost 76.5564 + 6679.16 = 6755.72 over 61 frames.
jackson_6_4 six 
LOG (lattice-best-path[5.5.620~1-dce1dc]:main():lattice-best-path.cc:99) For utterance jackson_6_40, best cost 32.3463 + 6154.37 = 6186.72 over 57 frames.
jackson_6_40 
LOG (lattice-best-path[5.5.620~1-dce1dc]:main():lattice-best-path.cc:99) For utterance jackson_6_41, best cost 32.9244 + 5691.75 = 5724.67 over 54 frames.
jackson_6_41 
LOG (lattice-best-path[5.5.620~1-dce1dc]:main():lattice-best-path.cc:99) For utterance jackson_6_42, best cost 52.3147 + 5131.27 = 5183.59 over 49 frames.
jackson_6_42 
LOG (lattice-best-path[5.5.620~1-dce1dc]:main():lattice-best-path.cc:99) For utterance jackson_6_43, best cost 82.0326 + 6691.32 = 6773.36 over 65 frames.
jackson_6_43 six 
LOG (lattice-best-path[5.5.620~1-dce1dc]:main():lattice-best-path.cc:99) For utterance jackson_6_44, best cost 77.0446 + 4935.17 = 5012.21 over 47 frames.
jackson_6_44 six 
LOG (lattice-best-path[5.5.620~1-dce1dc]:main():lattice-best-path.cc:99) For utterance jackson_6_45, best cost 83.7395 + 6040.91 = 6124.65 over 57 frames.
jackson_6_45 six 
LOG (lattice-best-path[5.5.620~1-dce1dc]:main():lattice-best-path.cc:99) For utterance jackson_6_46, best cost 88.2705 + 7865.64 = 7953.91 over 77 frames.
jackson_6_46 six 
LOG (lattice-best-path[5.5.620~1-dce1dc]:main():lattice-best-path.cc:99) For utterance jackson_6_47, best cost 84.8093 + 7208.62 = 7293.43 over 68 frames.
jackson_6_47 six 
LOG (lattice-best-path[5.5.620~1-dce1dc]:main():lattice-best-path.cc:99) For utterance jackson_6_48, best cost 77.6371 + 5281.71 = 5359.35 over 52 frames.
jackson_6_48 six 
LOG (lattice-best-path[5.5.620~1-dce1dc]:main():lattice-best-path.cc:99) For utterance jackson_6_49, best cost 85.8125 + 7227.93 = 7313.75 over 67 frames.
jackson_6_49 six 
LOG (lattice-best-path[5.5.620~1-dce1dc]:main():lattice-best-path.cc:99) For utterance jackson_6_5, best cost 82.388 + 6509.12 = 6591.51 over 66 frames.
jackson_6_5 seven 
LOG (lattice-best-path[5.5.620~1-dce1dc]:main():lattice-best-path.cc:99) For utterance jackson_6_6, best cost 57.4582 + 7575.89 = 7633.35 over 74 frames.
jackson_6_6 
LOG (lattice-best-path[5.5.620~1-dce1dc]:main():lattice-best-path.cc:99) For utterance jackson_6_7, best cost 80.1105 + 6409.05 = 6489.16 over 62 frames.
jackson_6_7 six 
LOG (lattice-best-path[5.5.620~1-dce1dc]:main():lattice-best-path.cc:99) For utterance jackson_6_8, best cost 90.5089 + 8409.93 = 8500.43 over 81 frames.
jackson_6_8 six 
LOG (lattice-best-path[5.5.620~1-dce1dc]:main():lattice-best-path.cc:99) For utterance jackson_6_9, best cost 86.8476 + 8090.17 = 8177.02 over 81 frames.
jackson_6_9 six 
LOG (lattice-best-path[5.5.620~1-dce1dc]:main():lattice-best-path.cc:99) For utterance jackson_7_0, best cost 71.6579 + 4360.58 = 4432.24 over 41 frames.
jackson_7_0 seven 
LOG (lattice-best-path[5.5.620~1-dce1dc]:main():lattice-best-path.cc:99) For utterance jackson_7_1, best cost 78.2298 + 4184.14 = 4262.37 over 45 frames.
jackson_7_1 seven 
LOG (lattice-best-path[5.5.620~1-dce1dc]:main():lattice-best-path.cc:99) For utterance jackson_7_10, best cost 76.4998 + 3991.23 = 4067.73 over 42 frames.
jackson_7_10 seven 
LOG (lattice-best-path[5.5.620~1-dce1dc]:main():lattice-best-path.cc:99) For utterance jackson_7_11, best cost 70.4652 + 3924.32 = 3994.79 over 39 frames.
jackson_7_11 five 
LOG (lattice-best-path[5.5.620~1-dce1dc]:main():lattice-best-path.cc:99) For utterance jackson_7_12, best cost 68.4503 + 4355.59 = 4424.04 over 42 frames.
jackson_7_12 seven 
LOG (lattice-best-path[5.5.620~1-dce1dc]:main():lattice-best-path.cc:99) For utterance jackson_7_13, best cost 75.6495 + 4318.79 = 4394.44 over 43 frames.
jackson_7_13 seven 
LOG (lattice-best-path[5.5.620~1-dce1dc]:main():lattice-best-path.cc:99) For utterance jackson_7_14, best cost 73.4908 + 4545.75 = 4619.24 over 46 frames.
jackson_7_14 seven 
LOG (lattice-best-path[5.5.620~1-dce1dc]:main():lattice-best-path.cc:99) For utterance jackson_7_15, best cost 71.6898 + 3947.99 = 4019.68 over 38 frames.
jackson_7_15 seven 
LOG (lattice-best-path[5.5.620~1-dce1dc]:main():lattice-best-path.cc:99) For utterance jackson_7_16, best cost 72.0304 + 4235.64 = 4307.67 over 41 frames.
jackson_7_16 seven 
LOG (lattice-best-path[5.5.620~1-dce1dc]:main():lattice-best-path.cc:99) For utterance jackson_7_17, best cost 74.3555 + 4686.4 = 4760.75 over 45 frames.
jackson_7_17 seven 
LOG (lattice-best-path[5.5.620~1-dce1dc]:main():lattice-best-path.cc:99) For utterance jackson_7_18, best cost 67.8985 + 4001.85 = 4069.75 over 39 frames.
jackson_7_18 seven 
LOG (lattice-best-path[5.5.620~1-dce1dc]:main():lattice-best-path.cc:99) For utterance jackson_7_19, best cost 74.0941 + 4523.14 = 4597.23 over 45 frames.
jackson_7_19 seven 
LOG (lattice-best-path[5.5.620~1-dce1dc]:main():lattice-best-path.cc:99) For utterance jackson_7_2, best cost 66.759 + 3509.92 = 3576.68 over 36 frames.
jackson_7_2 seven 
LOG (lattice-best-path[5.5.620~1-dce1dc]:main():lattice-best-path.cc:99) For utterance jackson_7_20, best cost 74.6388 + 4646.73 = 4721.37 over 44 frames.
jackson_7_20 seven 
LOG (lattice-best-path[5.5.620~1-dce1dc]:main():lattice-best-path.cc:99) For utterance jackson_7_21, best cost 79.6322 + 5033.96 = 5113.59 over 50 frames.
jackson_7_21 seven 
LOG (lattice-best-path[5.5.620~1-dce1dc]:main():lattice-best-path.cc:99) For utterance jackson_7_22, best cost 70.1989 + 4388.16 = 4458.36 over 42 frames.
jackson_7_22 seven 
LOG (lattice-best-path[5.5.620~1-dce1dc]:main():lattice-best-path.cc:99) For utterance jackson_7_23, best cost 75.0386 + 5156.73 = 5231.77 over 54 frames.
jackson_7_23 seven 
LOG (lattice-best-path[5.5.620~1-dce1dc]:main():lattice-best-path.cc:99) For utterance jackson_7_24, best cost 72.0542 + 4455.35 = 4527.4 over 42 frames.
jackson_7_24 seven 
LOG (lattice-best-path[5.5.620~1-dce1dc]:main():lattice-best-path.cc:99) For utterance jackson_7_25, best cost 70.1962 + 4918.03 = 4988.23 over 45 frames.
jackson_7_25 seven 
LOG (lattice-best-path[5.5.620~1-dce1dc]:main():lattice-best-path.cc:99) For utterance jackson_7_26, best cost 113.542 + 4865.11 = 4978.65 over 47 frames.
jackson_7_26 five seven 
LOG (lattice-best-path[5.5.620~1-dce1dc]:main():lattice-best-path.cc:99) For utterance jackson_7_27, best cost 73.0057 + 4976.38 = 5049.38 over 47 frames.
jackson_7_27 nine 
LOG (lattice-best-path[5.5.620~1-dce1dc]:main():lattice-best-path.cc:99) For utterance jackson_7_28, best cost 70.8494 + 4245.25 = 4316.1 over 41 frames.
jackson_7_28 seven 
LOG (lattice-best-path[5.5.620~1-dce1dc]:main():lattice-best-path.cc:99) For utterance jackson_7_29, best cost 91.4996 + 4307.97 = 4399.47 over 43 frames.
jackson_7_29 seven 
LOG (lattice-best-path[5.5.620~1-dce1dc]:main():lattice-best-path.cc:99) For utterance jackson_7_3, best cost 68.7096 + 3986.09 = 4054.8 over 41 frames.
jackson_7_3 seven 
LOG (lattice-best-path[5.5.620~1-dce1dc]:main():lattice-best-path.cc:99) For utterance jackson_7_30, best cost 71.8041 + 4345.39 = 4417.2 over 44 frames.
jackson_7_30 seven 
LOG (lattice-best-path[5.5.620~1-dce1dc]:main():lattice-best-path.cc:99) For utterance jackson_7_31, best cost 72.7391 + 3872.47 = 3945.21 over 40 frames.
jackson_7_31 seven 
LOG (lattice-best-path[5.5.620~1-dce1dc]:main():lattice-best-path.cc:99) For utterance jackson_7_32, best cost 71.6704 + 5225.25 = 5296.92 over 52 frames.
jackson_7_32 seven 
LOG (lattice-best-path[5.5.620~1-dce1dc]:main():lattice-best-path.cc:99) For utterance jackson_7_33, best cost 76.6706 + 5298.58 = 5375.25 over 52 frames.
jackson_7_33 seven 
LOG (lattice-best-path[5.5.620~1-dce1dc]:main():lattice-best-path.cc:99) For utterance jackson_7_34, best cost 74.8716 + 5272.76 = 5347.63 over 49 frames.
jackson_7_34 seven 
LOG (lattice-best-path[5.5.620~1-dce1dc]:main():lattice-best-path.cc:99) For utterance jackson_7_35, best cost 70.8934 + 3613.91 = 3684.81 over 39 frames.
jackson_7_35 seven 
LOG (lattice-best-path[5.5.620~1-dce1dc]:main():lattice-best-path.cc:99) For utterance jackson_7_36, best cost 69.8829 + 3829.66 = 3899.54 over 38 frames.
jackson_7_36 seven 
LOG (lattice-best-path[5.5.620~1-dce1dc]:main():lattice-best-path.cc:99) For utterance jackson_7_37, best cost 69.4947 + 3783.74 = 3853.24 over 39 frames.
jackson_7_37 seven 
LOG (lattice-best-path[5.5.620~1-dce1dc]:main():lattice-best-path.cc:99) For utterance jackson_7_38, best cost 90.072 + 5179.16 = 5269.23 over 46 frames.
jackson_7_38 nine 
LOG (lattice-best-path[5.5.620~1-dce1dc]:main():lattice-best-path.cc:99) For utterance jackson_7_39, best cost 82.2217 + 5142.21 = 5224.43 over 49 frames.
jackson_7_39 seven 
LOG (lattice-best-path[5.5.620~1-dce1dc]:main():lattice-best-path.cc:99) For utterance jackson_7_4, best cost 91.4404 + 4182.23 = 4273.67 over 40 frames.
jackson_7_4 one 
LOG (lattice-best-path[5.5.620~1-dce1dc]:main():lattice-best-path.cc:99) For utterance jackson_7_40, best cost 71.4011 + 4774.34 = 4845.74 over 47 frames.
jackson_7_40 nine 
LOG (lattice-best-path[5.5.620~1-dce1dc]:main():lattice-best-path.cc:99) For utterance jackson_7_41, best cost 94.6074 + 5037.96 = 5132.56 over 48 frames.
jackson_7_41 nine 
LOG (lattice-best-path[5.5.620~1-dce1dc]:main():lattice-best-path.cc:99) For utterance jackson_7_42, best cost 97.2766 + 4785.39 = 4882.67 over 46 frames.
jackson_7_42 nine 
LOG (lattice-best-path[5.5.620~1-dce1dc]:main():lattice-best-path.cc:99) For utterance jackson_7_43, best cost 83.3455 + 5338.76 = 5422.1 over 52 frames.
jackson_7_43 seven 
LOG (lattice-best-path[5.5.620~1-dce1dc]:main():lattice-best-path.cc:99) For utterance jackson_7_44, best cost 113.482 + 4962.67 = 5076.16 over 49 frames.
jackson_7_44 five nine 
LOG (lattice-best-path[5.5.620~1-dce1dc]:main():lattice-best-path.cc:99) For utterance jackson_7_45, best cost 79.7364 + 4464.91 = 4544.65 over 44 frames.
jackson_7_45 seven 
LOG (lattice-best-path[5.5.620~1-dce1dc]:main():lattice-best-path.cc:99) For utterance jackson_7_46, best cost 77.5398 + 4836.82 = 4914.36 over 47 frames.
jackson_7_46 seven 
LOG (lattice-best-path[5.5.620~1-dce1dc]:main():lattice-best-path.cc:99) For utterance jackson_7_47, best cost 79.9264 + 4956.24 = 5036.17 over 47 frames.
jackson_7_47 seven 
LOG (lattice-best-path[5.5.620~1-dce1dc]:main():lattice-best-path.cc:99) For utterance jackson_7_48, best cost 76.0894 + 4532.95 = 4609.04 over 44 frames.
jackson_7_48 seven 
LOG (lattice-best-path[5.5.620~1-dce1dc]:main():lattice-best-path.cc:99) For utterance jackson_7_49, best cost 80.3103 + 5016 = 5096.31 over 47 frames.
jackson_7_49 seven 
LOG (lattice-best-path[5.5.620~1-dce1dc]:main():lattice-best-path.cc:99) For utterance jackson_7_5, best cost 81.7347 + 4200.59 = 4282.32 over 43 frames.
jackson_7_5 seven 
LOG (lattice-best-path[5.5.620~1-dce1dc]:main():lattice-best-path.cc:99) For utterance jackson_7_6, best cost 72.0593 + 4442.86 = 4514.92 over 43 frames.
jackson_7_6 seven 
LOG (lattice-best-path[5.5.620~1-dce1dc]:main():lattice-best-path.cc:99) For utterance jackson_7_7, best cost 71.1202 + 3955.33 = 4026.45 over 40 frames.
jackson_7_7 seven 
LOG (lattice-best-path[5.5.620~1-dce1dc]:main():lattice-best-path.cc:99) For utterance jackson_7_8, best cost 82.3264 + 4267.82 = 4350.15 over 41 frames.
jackson_7_8 seven 
LOG (lattice-best-path[5.5.620~1-dce1dc]:main():lattice-best-path.cc:99) For utterance jackson_7_9, best cost 69.9599 + 4388.89 = 4458.85 over 42 frames.
jackson_7_9 seven 
LOG (lattice-best-path[5.5.620~1-dce1dc]:main():lattice-best-path.cc:99) For utterance jackson_8_0, best cost 64.1766 + 3225.05 = 3289.22 over 33 frames.
jackson_8_0 eight 
LOG (lattice-best-path[5.5.620~1-dce1dc]:main():lattice-best-path.cc:99) For utterance jackson_8_1, best cost 60.525 + 3833.19 = 3893.71 over 38 frames.
jackson_8_1 eight 
LOG (lattice-best-path[5.5.620~1-dce1dc]:main():lattice-best-path.cc:99) For utterance jackson_8_10, best cost 64.3169 + 3381.68 = 3446 over 34 frames.
jackson_8_10 eight 
LOG (lattice-best-path[5.5.620~1-dce1dc]:main():lattice-best-path.cc:99) For utterance jackson_8_11, best cost 65.2704 + 3958.44 = 4023.71 over 39 frames.
jackson_8_11 eight 
LOG (lattice-best-path[5.5.620~1-dce1dc]:main():lattice-best-path.cc:99) For utterance jackson_8_12, best cost 64.7443 + 3364.46 = 3429.21 over 34 frames.
jackson_8_12 eight 
LOG (lattice-best-path[5.5.620~1-dce1dc]:main():lattice-best-path.cc:99) For utterance jackson_8_13, best cost 60.304 + 3968.66 = 4028.96 over 36 frames.
jackson_8_13 eight 
LOG (lattice-best-path[5.5.620~1-dce1dc]:main():lattice-best-path.cc:99) For utterance jackson_8_14, best cost 63.9915 + 3327.62 = 3391.62 over 34 frames.
jackson_8_14 eight 
LOG (lattice-best-path[5.5.620~1-dce1dc]:main():lattice-best-path.cc:99) For utterance jackson_8_15, best cost 64.6119 + 3874.07 = 3938.68 over 37 frames.
jackson_8_15 eight 
LOG (lattice-best-path[5.5.620~1-dce1dc]:main():lattice-best-path.cc:99) For utterance jackson_8_16, best cost 63.9188 + 3349.35 = 3413.27 over 33 frames.
jackson_8_16 eight 
LOG (lattice-best-path[5.5.620~1-dce1dc]:main():lattice-best-path.cc:99) For utterance jackson_8_17, best cost 59.2518 + 4120.61 = 4179.86 over 38 frames.
jackson_8_17 eight 
LOG (lattice-best-path[5.5.620~1-dce1dc]:main():lattice-best-path.cc:99) For utterance jackson_8_18, best cost 60.4717 + 3874.01 = 3934.48 over 38 frames.
jackson_8_18 eight 
LOG (lattice-best-path[5.5.620~1-dce1dc]:main():lattice-best-path.cc:99) For utterance jackson_8_19, best cost 60.0378 + 3844.99 = 3905.03 over 36 frames.
jackson_8_19 eight 
LOG (lattice-best-path[5.5.620~1-dce1dc]:main():lattice-best-path.cc:99) For utterance jackson_8_2, best cost 59.8811 + 3813.47 = 3873.35 over 36 frames.
jackson_8_2 eight 
LOG (lattice-best-path[5.5.620~1-dce1dc]:main():lattice-best-path.cc:99) For utterance jackson_8_20, best cost 59.7407 + 3949.86 = 4009.61 over 37 frames.
jackson_8_20 eight 
LOG (lattice-best-path[5.5.620~1-dce1dc]:main():lattice-best-path.cc:99) For utterance jackson_8_21, best cost 59.5489 + 3840.73 = 3900.28 over 37 frames.
jackson_8_21 eight 
LOG (lattice-best-path[5.5.620~1-dce1dc]:main():lattice-best-path.cc:99) For utterance jackson_8_22, best cost 61.1884 + 4368.33 = 4429.52 over 43 frames.
jackson_8_22 eight 
LOG (lattice-best-path[5.5.620~1-dce1dc]:main():lattice-best-path.cc:99) For utterance jackson_8_23, best cost 61.1876 + 4155.07 = 4216.26 over 42 frames.
jackson_8_23 eight 
LOG (lattice-best-path[5.5.620~1-dce1dc]:main():lattice-best-path.cc:99) For utterance jackson_8_24, best cost 58.9713 + 3547.97 = 3606.94 over 35 frames.
jackson_8_24 eight 
LOG (lattice-best-path[5.5.620~1-dce1dc]:main():lattice-best-path.cc:99) For utterance jackson_8_25, best cost 64.8064 + 3848.4 = 3913.2 over 38 frames.
jackson_8_25 eight 
LOG (lattice-best-path[5.5.620~1-dce1dc]:main():lattice-best-path.cc:99) For utterance jackson_8_26, best cost 96.0927 + 4543.15 = 4639.24 over 44 frames.
jackson_8_26 three 
LOG (lattice-best-path[5.5.620~1-dce1dc]:main():lattice-best-path.cc:99) For utterance jackson_8_27, best cost 66.3643 + 3780.65 = 3847.01 over 39 frames.
jackson_8_27 eight 
LOG (lattice-best-path[5.5.620~1-dce1dc]:main():lattice-best-path.cc:99) For utterance jackson_8_28, best cost 64.9434 + 3828.64 = 3893.59 over 39 frames.
jackson_8_28 eight 
LOG (lattice-best-path[5.5.620~1-dce1dc]:main():lattice-best-path.cc:99) For utterance jackson_8_29, best cost 60.2519 + 3678.8 = 3739.05 over 38 frames.
jackson_8_29 eight 
LOG (lattice-best-path[5.5.620~1-dce1dc]:main():lattice-best-path.cc:99) For utterance jackson_8_3, best cost 59.0971 + 3902.36 = 3961.46 over 37 frames.
jackson_8_3 eight 
LOG (lattice-best-path[5.5.620~1-dce1dc]:main():lattice-best-path.cc:99) For utterance jackson_8_30, best cost 61.0889 + 4142.32 = 4203.41 over 42 frames.
jackson_8_30 eight 
LOG (lattice-best-path[5.5.620~1-dce1dc]:main():lattice-best-path.cc:99) For utterance jackson_8_31, best cost 65.0673 + 4150.7 = 4215.77 over 40 frames.
jackson_8_31 eight 
LOG (lattice-best-path[5.5.620~1-dce1dc]:main():lattice-best-path.cc:99) For utterance jackson_8_32, best cost 61.7692 + 4603.75 = 4665.52 over 44 frames.
jackson_8_32 eight 
LOG (lattice-best-path[5.5.620~1-dce1dc]:main():lattice-best-path.cc:99) For utterance jackson_8_33, best cost 65.4918 + 4684.69 = 4750.18 over 43 frames.
jackson_8_33 eight 
LOG (lattice-best-path[5.5.620~1-dce1dc]:main():lattice-best-path.cc:99) For utterance jackson_8_34, best cost 61.9588 + 4564.05 = 4626.01 over 46 frames.
jackson_8_34 eight 
LOG (lattice-best-path[5.5.620~1-dce1dc]:main():lattice-best-path.cc:99) For utterance jackson_8_35, best cost 62.5063 + 4584.92 = 4647.43 over 46 frames.
jackson_8_35 eight 
LOG (lattice-best-path[5.5.620~1-dce1dc]:main():lattice-best-path.cc:99) For utterance jackson_8_36, best cost 59.622 + 4203 = 4262.62 over 40 frames.
jackson_8_36 eight 
LOG (lattice-best-path[5.5.620~1-dce1dc]:main():lattice-best-path.cc:99) For utterance jackson_8_37, best cost 60.1007 + 4060.74 = 4120.84 over 39 frames.
jackson_8_37 eight 
LOG (lattice-best-path[5.5.620~1-dce1dc]:main():lattice-best-path.cc:99) For utterance jackson_8_38, best cost 49.5387 + 4475.55 = 4525.09 over 43 frames.
jackson_8_38 
LOG (lattice-best-path[5.5.620~1-dce1dc]:main():lattice-best-path.cc:99) For utterance jackson_8_39, best cost 67.05 + 4688.34 = 4755.39 over 45 frames.
jackson_8_39 eight 
LOG (lattice-best-path[5.5.620~1-dce1dc]:main():lattice-best-path.cc:99) For utterance jackson_8_4, best cost 64.9262 + 4096.83 = 4161.76 over 39 frames.
jackson_8_4 eight 
LOG (lattice-best-path[5.5.620~1-dce1dc]:main():lattice-best-path.cc:99) For utterance jackson_8_40, best cost 61.9047 + 4187.47 = 4249.37 over 42 frames.
jackson_8_40 eight 
LOG (lattice-best-path[5.5.620~1-dce1dc]:main():lattice-best-path.cc:99) For utterance jackson_8_41, best cost 69.2939 + 5984.24 = 6053.53 over 56 frames.
jackson_8_41 eight 
LOG (lattice-best-path[5.5.620~1-dce1dc]:main():lattice-best-path.cc:99) For utterance jackson_8_42, best cost 61.1799 + 3887.14 = 3948.32 over 40 frames.
jackson_8_42 eight 
LOG (lattice-best-path[5.5.620~1-dce1dc]:main():lattice-best-path.cc:99) For utterance jackson_8_43, best cost 61.3608 + 3952.6 = 4013.96 over 40 frames.
jackson_8_43 eight 
LOG (lattice-best-path[5.5.620~1-dce1dc]:main():lattice-best-path.cc:99) For utterance jackson_8_44, best cost 66.1133 + 4277.86 = 4343.98 over 42 frames.
jackson_8_44 eight 
LOG (lattice-best-path[5.5.620~1-dce1dc]:main():lattice-best-path.cc:99) For utterance jackson_8_45, best cost 61.0395 + 4370.87 = 4431.91 over 42 frames.
jackson_8_45 eight 
LOG (lattice-best-path[5.5.620~1-dce1dc]:main():lattice-best-path.cc:99) For utterance jackson_8_46, best cost 60.857 + 4154.05 = 4214.9 over 40 frames.
jackson_8_46 eight 
LOG (lattice-best-path[5.5.620~1-dce1dc]:main():lattice-best-path.cc:99) For utterance jackson_8_47, best cost 60.7223 + 4089.62 = 4150.34 over 41 frames.
jackson_8_47 eight 
LOG (lattice-best-path[5.5.620~1-dce1dc]:main():lattice-best-path.cc:99) For utterance jackson_8_48, best cost 48.4445 + 4214.94 = 4263.39 over 40 frames.
jackson_8_48 
LOG (lattice-best-path[5.5.620~1-dce1dc]:main():lattice-best-path.cc:99) For utterance jackson_8_49, best cost 66.8813 + 4523.98 = 4590.86 over 45 frames.
jackson_8_49 eight 
LOG (lattice-best-path[5.5.620~1-dce1dc]:main():lattice-best-path.cc:99) For utterance jackson_8_5, best cost 61.1946 + 4141.41 = 4202.61 over 41 frames.
jackson_8_5 eight 
LOG (lattice-best-path[5.5.620~1-dce1dc]:main():lattice-best-path.cc:99) For utterance jackson_8_6, best cost 60.7874 + 4174.91 = 4235.7 over 40 frames.
jackson_8_6 eight 
LOG (lattice-best-path[5.5.620~1-dce1dc]:main():lattice-best-path.cc:99) For utterance jackson_8_7, best cost 66.0232 + 4498.48 = 4564.5 over 41 frames.
jackson_8_7 eight 
LOG (lattice-best-path[5.5.620~1-dce1dc]:main():lattice-best-path.cc:99) For utterance jackson_8_8, best cost 58.8812 + 3694.77 = 3753.66 over 35 frames.
jackson_8_8 eight 
LOG (lattice-best-path[5.5.620~1-dce1dc]:main():lattice-best-path.cc:99) For utterance jackson_8_9, best cost 27.7199 + 3914.74 = 3942.46 over 36 frames.
jackson_8_9 
LOG (lattice-best-path[5.5.620~1-dce1dc]:main():lattice-best-path.cc:99) For utterance jackson_9_0, best cost 83.6651 + 5294.88 = 5378.54 over 58 frames.
jackson_9_0 nine 
LOG (lattice-best-path[5.5.620~1-dce1dc]:main():lattice-best-path.cc:99) For utterance jackson_9_1, best cost 71.9834 + 5409.11 = 5481.09 over 55 frames.
jackson_9_1 nine 
LOG (lattice-best-path[5.5.620~1-dce1dc]:main():lattice-best-path.cc:99) For utterance jackson_9_10, best cost 95.4646 + 5096.98 = 5192.44 over 49 frames.
jackson_9_10 one 
LOG (lattice-best-path[5.5.620~1-dce1dc]:main():lattice-best-path.cc:99) For utterance jackson_9_11, best cost 78.5913 + 6023.98 = 6102.57 over 60 frames.
jackson_9_11 nine 
LOG (lattice-best-path[5.5.620~1-dce1dc]:main():lattice-best-path.cc:99) For utterance jackson_9_12, best cost 74.3275 + 5477.6 = 5551.93 over 56 frames.
jackson_9_12 nine 
LOG (lattice-best-path[5.5.620~1-dce1dc]:main():lattice-best-path.cc:99) For utterance jackson_9_13, best cost 80.728 + 5533.79 = 5614.51 over 57 frames.
jackson_9_13 nine 
LOG (lattice-best-path[5.5.620~1-dce1dc]:main():lattice-best-path.cc:99) For utterance jackson_9_14, best cost 85.8353 + 6152.85 = 6238.68 over 60 frames.
jackson_9_14 nine 
LOG (lattice-best-path[5.5.620~1-dce1dc]:main():lattice-best-path.cc:99) For utterance jackson_9_15, best cost 77.917 + 5818.19 = 5896.11 over 57 frames.
jackson_9_15 nine 
LOG (lattice-best-path[5.5.620~1-dce1dc]:main():lattice-best-path.cc:99) For utterance jackson_9_16, best cost 79.8016 + 4420.11 = 4499.91 over 45 frames.
jackson_9_16 nine 
LOG (lattice-best-path[5.5.620~1-dce1dc]:main():lattice-best-path.cc:99) For utterance jackson_9_17, best cost 75.7395 + 4524.39 = 4600.13 over 46 frames.
jackson_9_17 nine 
LOG (lattice-best-path[5.5.620~1-dce1dc]:main():lattice-best-path.cc:99) For utterance jackson_9_18, best cost 73.3443 + 5298.54 = 5371.88 over 52 frames.
jackson_9_18 one 
LOG (lattice-best-path[5.5.620~1-dce1dc]:main():lattice-best-path.cc:99) For utterance jackson_9_19, best cost 72.1186 + 5044.36 = 5116.47 over 52 frames.
jackson_9_19 nine 
LOG (lattice-best-path[5.5.620~1-dce1dc]:main():lattice-best-path.cc:99) For utterance jackson_9_2, best cost 86.3155 + 5597.62 = 5683.93 over 56 frames.
jackson_9_2 nine 
LOG (lattice-best-path[5.5.620~1-dce1dc]:main():lattice-best-path.cc:99) For utterance jackson_9_20, best cost 83.9899 + 5463.06 = 5547.05 over 57 frames.
jackson_9_20 nine 
LOG (lattice-best-path[5.5.620~1-dce1dc]:main():lattice-best-path.cc:99) For utterance jackson_9_21, best cost 73.8907 + 5179.98 = 5253.87 over 52 frames.
jackson_9_21 nine 
LOG (lattice-best-path[5.5.620~1-dce1dc]:main():lattice-best-path.cc:99) For utterance jackson_9_22, best cost 81.8708 + 4902.11 = 4983.98 over 50 frames.
jackson_9_22 nine 
LOG (lattice-best-path[5.5.620~1-dce1dc]:main():lattice-best-path.cc:99) For utterance jackson_9_23, best cost 74.9351 + 5906.72 = 5981.66 over 60 frames.
jackson_9_23 nine 
LOG (lattice-best-path[5.5.620~1-dce1dc]:main():lattice-best-path.cc:99) For utterance jackson_9_24, best cost 73.8562 + 5133.26 = 5207.11 over 52 frames.
jackson_9_24 nine 
LOG (lattice-best-path[5.5.620~1-dce1dc]:main():lattice-best-path.cc:99) For utterance jackson_9_25, best cost 70.6234 + 4547.16 = 4617.79 over 47 frames.
jackson_9_25 nine 
LOG (lattice-best-path[5.5.620~1-dce1dc]:main():lattice-best-path.cc:99) For utterance jackson_9_26, best cost 74.7377 + 5697.05 = 5771.79 over 60 frames.
jackson_9_26 nine 
LOG (lattice-best-path[5.5.620~1-dce1dc]:main():lattice-best-path.cc:99) For utterance jackson_9_27, best cost 77.1514 + 5604.01 = 5681.16 over 59 frames.
jackson_9_27 nine 
LOG (lattice-best-path[5.5.620~1-dce1dc]:main():lattice-best-path.cc:99) For utterance jackson_9_28, best cost 73.8881 + 5472 = 5545.89 over 59 frames.
jackson_9_28 nine 
LOG (lattice-best-path[5.5.620~1-dce1dc]:main():lattice-best-path.cc:99) For utterance jackson_9_29, best cost 71.5153 + 4703.18 = 4774.7 over 50 frames.
jackson_9_29 nine 
LOG (lattice-best-path[5.5.620~1-dce1dc]:main():lattice-best-path.cc:99) For utterance jackson_9_3, best cost 86.6839 + 5347.56 = 5434.24 over 52 frames.
jackson_9_3 nine 
LOG (lattice-best-path[5.5.620~1-dce1dc]:main():lattice-best-path.cc:99) For utterance jackson_9_30, best cost 96.4798 + 7033.65 = 7130.13 over 62 frames.
jackson_9_30 nine 
LOG (lattice-best-path[5.5.620~1-dce1dc]:main():lattice-best-path.cc:99) For utterance jackson_9_31, best cost 93.5375 + 6628.2 = 6721.74 over 63 frames.
jackson_9_31 nine 
LOG (lattice-best-path[5.5.620~1-dce1dc]:main():lattice-best-path.cc:99) For utterance jackson_9_32, best cost 84.9734 + 6388.33 = 6473.31 over 62 frames.
jackson_9_32 nine 
LOG (lattice-best-path[5.5.620~1-dce1dc]:main():lattice-best-path.cc:99) For utterance jackson_9_33, best cost 77.3986 + 6945.45 = 7022.85 over 66 frames.
jackson_9_33 nine 
LOG (lattice-best-path[5.5.620~1-dce1dc]:main():lattice-best-path.cc:99) For utterance jackson_9_34, best cost 81.4589 + 6695.62 = 6777.08 over 66 frames.
jackson_9_34 nine 
LOG (lattice-best-path[5.5.620~1-dce1dc]:main():lattice-best-path.cc:99) For utterance jackson_9_35, best cost 82.247 + 6611.96 = 6694.21 over 64 frames.
jackson_9_35 nine 
LOG (lattice-best-path[5.5.620~1-dce1dc]:main():lattice-best-path.cc:99) For utterance jackson_9_36, best cost 38.3569 + 6859.32 = 6897.68 over 64 frames.
jackson_9_36 
LOG (lattice-best-path[5.5.620~1-dce1dc]:main():lattice-best-path.cc:99) For utterance jackson_9_37, best cost 76.9534 + 6455.65 = 6532.6 over 60 frames.
jackson_9_37 nine 
LOG (lattice-best-path[5.5.620~1-dce1dc]:main():lattice-best-path.cc:99) For utterance jackson_9_38, best cost 96.3534 + 6564.67 = 6661.02 over 63 frames.
jackson_9_38 nine 
LOG (lattice-best-path[5.5.620~1-dce1dc]:main():lattice-best-path.cc:99) For utterance jackson_9_39, best cost 74.7778 + 6209.32 = 6284.09 over 58 frames.
jackson_9_39 nine 
LOG (lattice-best-path[5.5.620~1-dce1dc]:main():lattice-best-path.cc:99) For utterance jackson_9_4, best cost 85.5139 + 5567.87 = 5653.39 over 56 frames.
jackson_9_4 nine 
LOG (lattice-best-path[5.5.620~1-dce1dc]:main():lattice-best-path.cc:99) For utterance jackson_9_40, best cost 80.7842 + 6592.53 = 6673.31 over 60 frames.
jackson_9_40 five 
LOG (lattice-best-path[5.5.620~1-dce1dc]:main():lattice-best-path.cc:99) For utterance jackson_9_41, best cost 35.562 + 6021.91 = 6057.48 over 54 frames.
jackson_9_41 
LOG (lattice-best-path[5.5.620~1-dce1dc]:main():lattice-best-path.cc:99) For utterance jackson_9_42, best cost 82.9719 + 5850.39 = 5933.37 over 56 frames.
jackson_9_42 nine 
LOG (lattice-best-path[5.5.620~1-dce1dc]:main():lattice-best-path.cc:99) For utterance jackson_9_43, best cost 73.7901 + 6401.1 = 6474.89 over 60 frames.
jackson_9_43 nine 
LOG (lattice-best-path[5.5.620~1-dce1dc]:main():lattice-best-path.cc:99) For utterance jackson_9_44, best cost 95.6311 + 6257.9 = 6353.53 over 58 frames.
jackson_9_44 nine 
LOG (lattice-best-path[5.5.620~1-dce1dc]:main():lattice-best-path.cc:99) For utterance jackson_9_45, best cost 69.4235 + 5304.41 = 5373.83 over 52 frames.
jackson_9_45 nine 
LOG (lattice-best-path[5.5.620~1-dce1dc]:main():lattice-best-path.cc:99) For utterance jackson_9_46, best cost 75.5782 + 6821.02 = 6896.59 over 63 frames.
jackson_9_46 nine 
LOG (lattice-best-path[5.5.620~1-dce1dc]:main():lattice-best-path.cc:99) For utterance jackson_9_47, best cost 33.9893 + 6433.95 = 6467.94 over 59 frames.
jackson_9_47 
LOG (lattice-best-path[5.5.620~1-dce1dc]:main():lattice-best-path.cc:99) For utterance jackson_9_48, best cost 33.9893 + 6496.42 = 6530.41 over 59 frames.
jackson_9_48 
LOG (lattice-best-path[5.5.620~1-dce1dc]:main():lattice-best-path.cc:99) For utterance jackson_9_49, best cost 78.9703 + 6520.25 = 6599.23 over 62 frames.
jackson_9_49 nine 
LOG (lattice-best-path[5.5.620~1-dce1dc]:main():lattice-best-path.cc:99) For utterance jackson_9_5, best cost 82.7473 + 5355.95 = 5438.7 over 56 frames.
jackson_9_5 nine 
LOG (lattice-best-path[5.5.620~1-dce1dc]:main():lattice-best-path.cc:99) For utterance jackson_9_6, best cost 76.5574 + 5251.91 = 5328.47 over 54 frames.
jackson_9_6 nine 
LOG (lattice-best-path[5.5.620~1-dce1dc]:main():lattice-best-path.cc:99) For utterance jackson_9_7, best cost 76.1445 + 5161.73 = 5237.88 over 52 frames.
jackson_9_7 nine 
LOG (lattice-best-path[5.5.620~1-dce1dc]:main():lattice-best-path.cc:99) For utterance jackson_9_8, best cost 70.8529 + 6130.91 = 6201.76 over 62 frames.
jackson_9_8 nine 
LOG (lattice-best-path[5.5.620~1-dce1dc]:main():lattice-best-path.cc:99) For utterance jackson_9_9, best cost 71.4843 + 5211.33 = 5282.81 over 52 frames.
jackson_9_9 nine 
LOG (lattice-best-path[5.5.620~1-dce1dc]:main():lattice-best-path.cc:124) Overall cost per frame is 103.215 = 1.48905 [graph] + 101.726 [acoustic] over 24827 frames.
LOG (lattice-best-path[5.5.620~1-dce1dc]:main():lattice-best-path.cc:128) Done 500 lattices, failed for 0
# Accounting: time=0 threads=1
# Ended (code 0) at ح فيفري  2 11:07:34 CET 2020, elapsed time 0 seconds
