# lattice-best-path --lm-scale=15 --word-symbol-table=exp/mono/graph/words.txt "ark:gunzip -c exp/mono/decode/lat.*.gz|" ark,t:exp/mono/decode/scoring/15.tra 
# Started at ح فيفري  2 11:07:35 CET 2020
#
lattice-best-path --lm-scale=15 --word-symbol-table=exp/mono/graph/words.txt 'ark:gunzip -c exp/mono/decode/lat.*.gz|' ark,t:exp/mono/decode/scoring/15.tra 
LOG (lattice-best-path[5.5.620~1-dce1dc]:main():lattice-best-path.cc:99) For utterance jackson_0_0, best cost 134.455 + 6111.14 = 6245.6 over 62 frames.
jackson_0_0 zero 
LOG (lattice-best-path[5.5.620~1-dce1dc]:main():lattice-best-path.cc:99) For utterance jackson_0_1, best cost 119.009 + 5162.9 = 5281.91 over 51 frames.
jackson_0_1 zero 
LOG (lattice-best-path[5.5.620~1-dce1dc]:main():lattice-best-path.cc:99) For utterance jackson_0_10, best cost 127.405 + 6309.81 = 6437.21 over 66 frames.
jackson_0_10 zero 
LOG (lattice-best-path[5.5.620~1-dce1dc]:main():lattice-best-path.cc:99) For utterance jackson_0_11, best cost 148.229 + 5714.99 = 5863.22 over 59 frames.
jackson_0_11 zero 
LOG (lattice-best-path[5.5.620~1-dce1dc]:main():lattice-best-path.cc:99) For utterance jackson_0_12, best cost 119.858 + 5046.34 = 5166.2 over 49 frames.
jackson_0_12 zero 
LOG (lattice-best-path[5.5.620~1-dce1dc]:main():lattice-best-path.cc:99) For utterance jackson_0_13, best cost 123.471 + 5589.43 = 5712.9 over 57 frames.
jackson_0_13 zero 
LOG (lattice-best-path[5.5.620~1-dce1dc]:main():lattice-best-path.cc:99) For utterance jackson_0_14, best cost 133.181 + 5825.73 = 5958.91 over 60 frames.
jackson_0_14 zero 
LOG (lattice-best-path[5.5.620~1-dce1dc]:main():lattice-best-path.cc:99) For utterance jackson_0_15, best cost 128.346 + 6182.23 = 6310.57 over 62 frames.
jackson_0_15 zero 
LOG (lattice-best-path[5.5.620~1-dce1dc]:main():lattice-best-path.cc:99) For utterance jackson_0_16, best cost 125.701 + 5305.59 = 5431.29 over 53 frames.
jackson_0_16 zero 
LOG (lattice-best-path[5.5.620~1-dce1dc]:main():lattice-best-path.cc:99) For utterance jackson_0_17, best cost 136.404 + 5130.9 = 5267.3 over 51 frames.
jackson_0_17 zero 
LOG (lattice-best-path[5.5.620~1-dce1dc]:main():lattice-best-path.cc:99) For utterance jackson_0_18, best cost 155.336 + 6112.27 = 6267.6 over 63 frames.
jackson_0_18 zero 
LOG (lattice-best-path[5.5.620~1-dce1dc]:main():lattice-best-path.cc:99) For utterance jackson_0_19, best cost 194.145 + 6301.98 = 6496.12 over 62 frames.
jackson_0_19 zero 
LOG (lattice-best-path[5.5.620~1-dce1dc]:main():lattice-best-path.cc:99) For utterance jackson_0_2, best cost 136.652 + 4994.31 = 5130.96 over 51 frames.
jackson_0_2 zero 
LOG (lattice-best-path[5.5.620~1-dce1dc]:main():lattice-best-path.cc:99) For utterance jackson_0_20, best cost 123.81 + 6016.71 = 6140.52 over 60 frames.
jackson_0_20 zero 
LOG (lattice-best-path[5.5.620~1-dce1dc]:main():lattice-best-path.cc:99) For utterance jackson_0_21, best cost 133.703 + 5717.62 = 5851.33 over 58 frames.
jackson_0_21 zero 
LOG (lattice-best-path[5.5.620~1-dce1dc]:main():lattice-best-path.cc:99) For utterance jackson_0_22, best cost 127.917 + 5737.8 = 5865.72 over 58 frames.
jackson_0_22 zero 
LOG (lattice-best-path[5.5.620~1-dce1dc]:main():lattice-best-path.cc:99) For utterance jackson_0_23, best cost 127.68 + 5593.55 = 5721.23 over 57 frames.
jackson_0_23 zero 
LOG (lattice-best-path[5.5.620~1-dce1dc]:main():lattice-best-path.cc:99) For utterance jackson_0_24, best cost 138.978 + 6229.69 = 6368.67 over 62 frames.
jackson_0_24 zero 
LOG (lattice-best-path[5.5.620~1-dce1dc]:main():lattice-best-path.cc:99) For utterance jackson_0_25, best cost 132.585 + 5878.02 = 6010.6 over 60 frames.
jackson_0_25 zero 
LOG (lattice-best-path[5.5.620~1-dce1dc]:main():lattice-best-path.cc:99) For utterance jackson_0_26, best cost 52.9991 + 5827.57 = 5880.57 over 56 frames.
jackson_0_26 
LOG (lattice-best-path[5.5.620~1-dce1dc]:main():lattice-best-path.cc:99) For utterance jackson_0_27, best cost 124.589 + 5911.83 = 6036.42 over 63 frames.
jackson_0_27 zero 
LOG (lattice-best-path[5.5.620~1-dce1dc]:main():lattice-best-path.cc:99) For utterance jackson_0_28, best cost 120.746 + 6291.79 = 6412.53 over 62 frames.
jackson_0_28 zero 
LOG (lattice-best-path[5.5.620~1-dce1dc]:main():lattice-best-path.cc:99) For utterance jackson_0_29, best cost 123.995 + 5645.46 = 5769.46 over 56 frames.
jackson_0_29 zero 
LOG (lattice-best-path[5.5.620~1-dce1dc]:main():lattice-best-path.cc:99) For utterance jackson_0_3, best cost 136.719 + 5529.01 = 5665.73 over 58 frames.
jackson_0_3 zero 
LOG (lattice-best-path[5.5.620~1-dce1dc]:main():lattice-best-path.cc:99) For utterance jackson_0_30, best cost 126.048 + 5931.2 = 6057.25 over 62 frames.
jackson_0_30 zero 
LOG (lattice-best-path[5.5.620~1-dce1dc]:main():lattice-best-path.cc:99) For utterance jackson_0_31, best cost 123.509 + 5294.57 = 5418.08 over 55 frames.
jackson_0_31 zero 
LOG (lattice-best-path[5.5.620~1-dce1dc]:main():lattice-best-path.cc:99) For utterance jackson_0_32, best cost 135.143 + 6191.26 = 6326.41 over 60 frames.
jackson_0_32 zero 
LOG (lattice-best-path[5.5.620~1-dce1dc]:main():lattice-best-path.cc:99) For utterance jackson_0_33, best cost 116.163 + 6450.9 = 6567.06 over 64 frames.
jackson_0_33 zero 
LOG (lattice-best-path[5.5.620~1-dce1dc]:main():lattice-best-path.cc:99) For utterance jackson_0_34, best cost 122.825 + 6175.77 = 6298.59 over 64 frames.
jackson_0_34 zero 
LOG (lattice-best-path[5.5.620~1-dce1dc]:main():lattice-best-path.cc:99) For utterance jackson_0_35, best cost 123.331 + 6246.45 = 6369.78 over 61 frames.
jackson_0_35 zero 
LOG (lattice-best-path[5.5.620~1-dce1dc]:main():lattice-best-path.cc:99) For utterance jackson_0_36, best cost 126.612 + 5674.74 = 5801.35 over 58 frames.
jackson_0_36 zero 
LOG (lattice-best-path[5.5.620~1-dce1dc]:main():lattice-best-path.cc:99) For utterance jackson_0_37, best cost 129.8 + 5864.41 = 5994.21 over 60 frames.
jackson_0_37 zero 
LOG (lattice-best-path[5.5.620~1-dce1dc]:main():lattice-best-path.cc:99) For utterance jackson_0_38, best cost 119.299 + 6109.3 = 6228.6 over 64 frames.
jackson_0_38 zero 
LOG (lattice-best-path[5.5.620~1-dce1dc]:main():lattice-best-path.cc:99) For utterance jackson_0_39, best cost 114.808 + 5377.82 = 5492.62 over 56 frames.
jackson_0_39 zero 
LOG (lattice-best-path[5.5.620~1-dce1dc]:main():lattice-best-path.cc:99) For utterance jackson_0_4, best cost 150.399 + 4822.44 = 4972.84 over 52 frames.
jackson_0_4 zero 
LOG (lattice-best-path[5.5.620~1-dce1dc]:main():lattice-best-path.cc:99) For utterance jackson_0_40, best cost 152.805 + 6479.89 = 6632.7 over 69 frames.
jackson_0_40 zero 
LOG (lattice-best-path[5.5.620~1-dce1dc]:main():lattice-best-path.cc:99) For utterance jackson_0_41, best cost 133.018 + 6749.62 = 6882.64 over 67 frames.
jackson_0_41 zero 
LOG (lattice-best-path[5.5.620~1-dce1dc]:main():lattice-best-path.cc:99) For utterance jackson_0_42, best cost 135.567 + 6419.29 = 6554.85 over 64 frames.
jackson_0_42 zero 
LOG (lattice-best-path[5.5.620~1-dce1dc]:main():lattice-best-path.cc:99) For utterance jackson_0_43, best cost 145.454 + 6012.47 = 6157.93 over 60 frames.
jackson_0_43 zero 
LOG (lattice-best-path[5.5.620~1-dce1dc]:main():lattice-best-path.cc:99) For utterance jackson_0_44, best cost 136.291 + 6781.78 = 6918.07 over 65 frames.
jackson_0_44 zero 
LOG (lattice-best-path[5.5.620~1-dce1dc]:main():lattice-best-path.cc:99) For utterance jackson_0_45, best cost 56.8582 + 6750.18 = 6807.04 over 64 frames.
jackson_0_45 
LOG (lattice-best-path[5.5.620~1-dce1dc]:main():lattice-best-path.cc:99) For utterance jackson_0_46, best cost 93.7429 + 6869.75 = 6963.49 over 65 frames.
jackson_0_46 
LOG (lattice-best-path[5.5.620~1-dce1dc]:main():lattice-best-path.cc:99) For utterance jackson_0_47, best cost 146.711 + 6725.3 = 6872.01 over 65 frames.
jackson_0_47 zero 
LOG (lattice-best-path[5.5.620~1-dce1dc]:main():lattice-best-path.cc:99) For utterance jackson_0_48, best cost 122.56 + 6336.49 = 6459.05 over 63 frames.
jackson_0_48 zero 
LOG (lattice-best-path[5.5.620~1-dce1dc]:main():lattice-best-path.cc:99) For utterance jackson_0_49, best cost 157.28 + 8299.42 = 8456.7 over 76 frames.
jackson_0_49 zero 
LOG (lattice-best-path[5.5.620~1-dce1dc]:main():lattice-best-path.cc:99) For utterance jackson_0_5, best cost 123.944 + 5227.69 = 5351.63 over 55 frames.
jackson_0_5 zero 
LOG (lattice-best-path[5.5.620~1-dce1dc]:main():lattice-best-path.cc:99) For utterance jackson_0_6, best cost 134.78 + 5960.75 = 6095.53 over 61 frames.
jackson_0_6 zero 
LOG (lattice-best-path[5.5.620~1-dce1dc]:main():lattice-best-path.cc:99) For utterance jackson_0_7, best cost 179.075 + 5198.08 = 5377.16 over 53 frames.
jackson_0_7 zero 
LOG (lattice-best-path[5.5.620~1-dce1dc]:main():lattice-best-path.cc:99) For utterance jackson_0_8, best cost 121.344 + 5574.26 = 5695.61 over 56 frames.
jackson_0_8 zero 
LOG (lattice-best-path[5.5.620~1-dce1dc]:main():lattice-best-path.cc:99) For utterance jackson_0_9, best cost 125.836 + 5750.42 = 5876.26 over 61 frames.
jackson_0_9 zero 
LOG (lattice-best-path[5.5.620~1-dce1dc]:main():lattice-best-path.cc:99) For utterance jackson_1_0, best cost 118.35 + 4863.72 = 4982.07 over 50 frames.
jackson_1_0 one 
LOG (lattice-best-path[5.5.620~1-dce1dc]:main():lattice-best-path.cc:99) For utterance jackson_1_1, best cost 127.236 + 5022.74 = 5149.98 over 51 frames.
jackson_1_1 one 
LOG (lattice-best-path[5.5.620~1-dce1dc]:main():lattice-best-path.cc:99) For utterance jackson_1_10, best cost 135.592 + 5639.76 = 5775.35 over 57 frames.
jackson_1_10 one 
LOG (lattice-best-path[5.5.620~1-dce1dc]:main():lattice-best-path.cc:99) For utterance jackson_1_11, best cost 118.832 + 4770.11 = 4888.94 over 49 frames.
jackson_1_11 one 
LOG (lattice-best-path[5.5.620~1-dce1dc]:main():lattice-best-path.cc:99) For utterance jackson_1_12, best cost 127.383 + 4470.3 = 4597.68 over 43 frames.
jackson_1_12 one 
LOG (lattice-best-path[5.5.620~1-dce1dc]:main():lattice-best-path.cc:99) For utterance jackson_1_13, best cost 117.866 + 4798.7 = 4916.57 over 45 frames.
jackson_1_13 one 
LOG (lattice-best-path[5.5.620~1-dce1dc]:main():lattice-best-path.cc:99) For utterance jackson_1_14, best cost 146.601 + 7077.47 = 7224.07 over 66 frames.
jackson_1_14 one 
LOG (lattice-best-path[5.5.620~1-dce1dc]:main():lattice-best-path.cc:99) For utterance jackson_1_15, best cost 114.93 + 4127.78 = 4242.71 over 43 frames.
jackson_1_15 one 
LOG (lattice-best-path[5.5.620~1-dce1dc]:main():lattice-best-path.cc:99) For utterance jackson_1_16, best cost 126.943 + 4524.91 = 4651.85 over 47 frames.
jackson_1_16 one 
LOG (lattice-best-path[5.5.620~1-dce1dc]:main():lattice-best-path.cc:99) For utterance jackson_1_17, best cost 112.337 + 4051.13 = 4163.46 over 40 frames.
jackson_1_17 one 
LOG (lattice-best-path[5.5.620~1-dce1dc]:main():lattice-best-path.cc:99) For utterance jackson_1_18, best cost 118.84 + 4331.81 = 4450.65 over 43 frames.
jackson_1_18 one 
LOG (lattice-best-path[5.5.620~1-dce1dc]:main():lattice-best-path.cc:99) For utterance jackson_1_19, best cost 122.027 + 4562.09 = 4684.12 over 46 frames.
jackson_1_19 one 
LOG (lattice-best-path[5.5.620~1-dce1dc]:main():lattice-best-path.cc:99) For utterance jackson_1_2, best cost 122.808 + 4516.43 = 4639.23 over 46 frames.
jackson_1_2 one 
LOG (lattice-best-path[5.5.620~1-dce1dc]:main():lattice-best-path.cc:99) For utterance jackson_1_20, best cost 115.168 + 4410.34 = 4525.51 over 44 frames.
jackson_1_20 one 
LOG (lattice-best-path[5.5.620~1-dce1dc]:main():lattice-best-path.cc:99) For utterance jackson_1_21, best cost 124.758 + 4867.98 = 4992.74 over 47 frames.
jackson_1_21 one 
LOG (lattice-best-path[5.5.620~1-dce1dc]:main():lattice-best-path.cc:99) For utterance jackson_1_22, best cost 120.656 + 4440.99 = 4561.65 over 42 frames.
jackson_1_22 one 
LOG (lattice-best-path[5.5.620~1-dce1dc]:main():lattice-best-path.cc:99) For utterance jackson_1_23, best cost 125.975 + 4271.11 = 4397.08 over 45 frames.
jackson_1_23 one 
LOG (lattice-best-path[5.5.620~1-dce1dc]:main():lattice-best-path.cc:99) For utterance jackson_1_24, best cost 117.922 + 4420.48 = 4538.4 over 46 frames.
jackson_1_24 one 
LOG (lattice-best-path[5.5.620~1-dce1dc]:main():lattice-best-path.cc:99) For utterance jackson_1_25, best cost 123.15 + 5042.66 = 5165.81 over 53 frames.
jackson_1_25 one 
LOG (lattice-best-path[5.5.620~1-dce1dc]:main():lattice-best-path.cc:99) For utterance jackson_1_26, best cost 124.909 + 5165.72 = 5290.63 over 51 frames.
jackson_1_26 one 
LOG (lattice-best-path[5.5.620~1-dce1dc]:main():lattice-best-path.cc:99) For utterance jackson_1_27, best cost 117.891 + 4716.2 = 4834.09 over 46 frames.
jackson_1_27 one 
LOG (lattice-best-path[5.5.620~1-dce1dc]:main():lattice-best-path.cc:99) For utterance jackson_1_28, best cost 117.275 + 4741.16 = 4858.43 over 45 frames.
jackson_1_28 one 
LOG (lattice-best-path[5.5.620~1-dce1dc]:main():lattice-best-path.cc:99) For utterance jackson_1_29, best cost 125.008 + 4704.46 = 4829.47 over 45 frames.
jackson_1_29 one 
LOG (lattice-best-path[5.5.620~1-dce1dc]:main():lattice-best-path.cc:99) For utterance jackson_1_3, best cost 120.183 + 4788.16 = 4908.34 over 48 frames.
jackson_1_3 one 
LOG (lattice-best-path[5.5.620~1-dce1dc]:main():lattice-best-path.cc:99) For utterance jackson_1_30, best cost 129.419 + 4899.56 = 5028.98 over 47 frames.
jackson_1_30 one 
LOG (lattice-best-path[5.5.620~1-dce1dc]:main():lattice-best-path.cc:99) For utterance jackson_1_31, best cost 125.659 + 5204.13 = 5329.79 over 51 frames.
jackson_1_31 one 
LOG (lattice-best-path[5.5.620~1-dce1dc]:main():lattice-best-path.cc:99) For utterance jackson_1_32, best cost 126.059 + 4949.36 = 5075.42 over 50 frames.
jackson_1_32 one 
LOG (lattice-best-path[5.5.620~1-dce1dc]:main():lattice-best-path.cc:99) For utterance jackson_1_33, best cost 130.55 + 6304.46 = 6435.01 over 59 frames.
jackson_1_33 one 
LOG (lattice-best-path[5.5.620~1-dce1dc]:main():lattice-best-path.cc:99) For utterance jackson_1_34, best cost 123.796 + 4927.87 = 5051.67 over 49 frames.
jackson_1_34 one 
LOG (lattice-best-path[5.5.620~1-dce1dc]:main():lattice-best-path.cc:99) For utterance jackson_1_35, best cost 127.419 + 4787.46 = 4914.88 over 48 frames.
jackson_1_35 one 
LOG (lattice-best-path[5.5.620~1-dce1dc]:main():lattice-best-path.cc:99) For utterance jackson_1_36, best cost 119.01 + 4206.29 = 4325.3 over 42 frames.
jackson_1_36 one 
LOG (lattice-best-path[5.5.620~1-dce1dc]:main():lattice-best-path.cc:99) For utterance jackson_1_37, best cost 119.978 + 4197.36 = 4317.34 over 42 frames.
jackson_1_37 one 
LOG (lattice-best-path[5.5.620~1-dce1dc]:main():lattice-best-path.cc:99) For utterance jackson_1_38, best cost 125.721 + 4800.26 = 4925.98 over 48 frames.
jackson_1_38 one 
LOG (lattice-best-path[5.5.620~1-dce1dc]:main():lattice-best-path.cc:99) For utterance jackson_1_39, best cost 136.214 + 5868.58 = 6004.8 over 54 frames.
jackson_1_39 one 
LOG (lattice-best-path[5.5.620~1-dce1dc]:main():lattice-best-path.cc:99) For utterance jackson_1_4, best cost 123.776 + 5237.26 = 5361.04 over 51 frames.
jackson_1_4 one 
LOG (lattice-best-path[5.5.620~1-dce1dc]:main():lattice-best-path.cc:99) For utterance jackson_1_40, best cost 142.704 + 6346.46 = 6489.16 over 59 frames.
jackson_1_40 one 
LOG (lattice-best-path[5.5.620~1-dce1dc]:main():lattice-best-path.cc:99) For utterance jackson_1_41, best cost 146.078 + 6378.32 = 6524.4 over 60 frames.
jackson_1_41 one 
LOG (lattice-best-path[5.5.620~1-dce1dc]:main():lattice-best-path.cc:99) For utterance jackson_1_42, best cost 143.396 + 6425.93 = 6569.33 over 61 frames.
jackson_1_42 one 
LOG (lattice-best-path[5.5.620~1-dce1dc]:main():lattice-best-path.cc:99) For utterance jackson_1_43, best cost 133.866 + 6070.53 = 6204.4 over 56 frames.
jackson_1_43 one 
LOG (lattice-best-path[5.5.620~1-dce1dc]:main():lattice-best-path.cc:99) For utterance jackson_1_44, best cost 124.747 + 6000.01 = 6124.76 over 56 frames.
jackson_1_44 one 
LOG (lattice-best-path[5.5.620~1-dce1dc]:main():lattice-best-path.cc:99) For utterance jackson_1_45, best cost 169.383 + 6517.23 = 6686.61 over 58 frames.
jackson_1_45 nine 
LOG (lattice-best-path[5.5.620~1-dce1dc]:main():lattice-best-path.cc:99) For utterance jackson_1_46, best cost 128.579 + 5466.27 = 5594.85 over 51 frames.
jackson_1_46 one 
LOG (lattice-best-path[5.5.620~1-dce1dc]:main():lattice-best-path.cc:99) For utterance jackson_1_47, best cost 126.607 + 6013.66 = 6140.27 over 54 frames.
jackson_1_47 one 
LOG (lattice-best-path[5.5.620~1-dce1dc]:main():lattice-best-path.cc:99) For utterance jackson_1_48, best cost 136.896 + 5692.31 = 5829.21 over 57 frames.
jackson_1_48 one 
LOG (lattice-best-path[5.5.620~1-dce1dc]:main():lattice-best-path.cc:99) For utterance jackson_1_49, best cost 134.415 + 5351.95 = 5486.36 over 48 frames.
jackson_1_49 one 
LOG (lattice-best-path[5.5.620~1-dce1dc]:main():lattice-best-path.cc:99) For utterance jackson_1_5, best cost 127.493 + 5520.05 = 5647.55 over 55 frames.
jackson_1_5 one 
LOG (lattice-best-path[5.5.620~1-dce1dc]:main():lattice-best-path.cc:99) For utterance jackson_1_6, best cost 123.26 + 5030.13 = 5153.39 over 49 frames.
jackson_1_6 one 
LOG (lattice-best-path[5.5.620~1-dce1dc]:main():lattice-best-path.cc:99) For utterance jackson_1_7, best cost 127.697 + 5312.68 = 5440.37 over 54 frames.
jackson_1_7 one 
LOG (lattice-best-path[5.5.620~1-dce1dc]:main():lattice-best-path.cc:99) For utterance jackson_1_8, best cost 116.592 + 4642.92 = 4759.51 over 49 frames.
jackson_1_8 one 
LOG (lattice-best-path[5.5.620~1-dce1dc]:main():lattice-best-path.cc:99) For utterance jackson_1_9, best cost 132.17 + 5579.87 = 5712.04 over 56 frames.
jackson_1_9 one 
LOG (lattice-best-path[5.5.620~1-dce1dc]:main():lattice-best-path.cc:99) For utterance jackson_2_0, best cost 151.092 + 4992.46 = 5143.55 over 48 frames.
jackson_2_0 zero 
LOG (lattice-best-path[5.5.620~1-dce1dc]:main():lattice-best-path.cc:99) For utterance jackson_2_1, best cost 152.925 + 5592.18 = 5745.1 over 53 frames.
jackson_2_1 zero 
LOG (lattice-best-path[5.5.620~1-dce1dc]:main():lattice-best-path.cc:99) For utterance jackson_2_10, best cost 123.505 + 5061.07 = 5184.57 over 50 frames.
jackson_2_10 two 
LOG (lattice-best-path[5.5.620~1-dce1dc]:main():lattice-best-path.cc:99) For utterance jackson_2_11, best cost 123.483 + 5053.16 = 5176.64 over 50 frames.
jackson_2_11 two 
LOG (lattice-best-path[5.5.620~1-dce1dc]:main():lattice-best-path.cc:99) For utterance jackson_2_12, best cost 124.29 + 4968.66 = 5092.95 over 47 frames.
jackson_2_12 two 
LOG (lattice-best-path[5.5.620~1-dce1dc]:main():lattice-best-path.cc:99) For utterance jackson_2_13, best cost 160.668 + 5416.58 = 5577.24 over 50 frames.
jackson_2_13 zero 
LOG (lattice-best-path[5.5.620~1-dce1dc]:main():lattice-best-path.cc:99) For utterance jackson_2_14, best cost 147.39 + 5230.76 = 5378.15 over 49 frames.
jackson_2_14 two 
LOG (lattice-best-path[5.5.620~1-dce1dc]:main():lattice-best-path.cc:99) For utterance jackson_2_15, best cost 152.909 + 5370.22 = 5523.13 over 50 frames.
jackson_2_15 zero 
LOG (lattice-best-path[5.5.620~1-dce1dc]:main():lattice-best-path.cc:99) For utterance jackson_2_16, best cost 146.49 + 4948.87 = 5095.36 over 46 frames.
jackson_2_16 two 
LOG (lattice-best-path[5.5.620~1-dce1dc]:main():lattice-best-path.cc:99) For utterance jackson_2_17, best cost 159.372 + 5606.08 = 5765.45 over 52 frames.
jackson_2_17 nine 
LOG (lattice-best-path[5.5.620~1-dce1dc]:main():lattice-best-path.cc:99) For utterance jackson_2_18, best cost 148.108 + 5685.71 = 5833.81 over 53 frames.
jackson_2_18 two 
LOG (lattice-best-path[5.5.620~1-dce1dc]:main():lattice-best-path.cc:99) For utterance jackson_2_19, best cost 150.635 + 5374.7 = 5525.33 over 50 frames.
jackson_2_19 two 
LOG (lattice-best-path[5.5.620~1-dce1dc]:main():lattice-best-path.cc:99) For utterance jackson_2_2, best cost 120.979 + 4360.39 = 4481.37 over 42 frames.
jackson_2_2 two 
LOG (lattice-best-path[5.5.620~1-dce1dc]:main():lattice-best-path.cc:99) For utterance jackson_2_20, best cost 145.896 + 5110.5 = 5256.39 over 46 frames.
jackson_2_20 two 
LOG (lattice-best-path[5.5.620~1-dce1dc]:main():lattice-best-path.cc:99) For utterance jackson_2_21, best cost 128.477 + 7595.49 = 7723.96 over 72 frames.
jackson_2_21 two 
LOG (lattice-best-path[5.5.620~1-dce1dc]:main():lattice-best-path.cc:99) For utterance jackson_2_22, best cost 111.216 + 4698.06 = 4809.28 over 46 frames.
jackson_2_22 two 
LOG (lattice-best-path[5.5.620~1-dce1dc]:main():lattice-best-path.cc:99) For utterance jackson_2_23, best cost 110.585 + 5039.58 = 5150.17 over 48 frames.
jackson_2_23 two 
LOG (lattice-best-path[5.5.620~1-dce1dc]:main():lattice-best-path.cc:99) For utterance jackson_2_24, best cost 125.24 + 5320.21 = 5445.45 over 50 frames.
jackson_2_24 two 
LOG (lattice-best-path[5.5.620~1-dce1dc]:main():lattice-best-path.cc:99) For utterance jackson_2_25, best cost 131.618 + 5518.5 = 5650.12 over 52 frames.
jackson_2_25 two 
LOG (lattice-best-path[5.5.620~1-dce1dc]:main():lattice-best-path.cc:99) For utterance jackson_2_26, best cost 124.423 + 5332.12 = 5456.54 over 48 frames.
jackson_2_26 two 
LOG (lattice-best-path[5.5.620~1-dce1dc]:main():lattice-best-path.cc:99) For utterance jackson_2_27, best cost 131.483 + 5404.63 = 5536.11 over 51 frames.
jackson_2_27 two 
LOG (lattice-best-path[5.5.620~1-dce1dc]:main():lattice-best-path.cc:99) For utterance jackson_2_28, best cost 118.766 + 5195.98 = 5314.75 over 49 frames.
jackson_2_28 two 
LOG (lattice-best-path[5.5.620~1-dce1dc]:main():lattice-best-path.cc:99) For utterance jackson_2_29, best cost 123.691 + 5635.56 = 5759.25 over 53 frames.
jackson_2_29 two 
LOG (lattice-best-path[5.5.620~1-dce1dc]:main():lattice-best-path.cc:99) For utterance jackson_2_3, best cost 167.421 + 5026.41 = 5193.83 over 48 frames.
jackson_2_3 three two 
LOG (lattice-best-path[5.5.620~1-dce1dc]:main():lattice-best-path.cc:99) For utterance jackson_2_30, best cost 119.038 + 4886.81 = 5005.85 over 46 frames.
jackson_2_30 two 
LOG (lattice-best-path[5.5.620~1-dce1dc]:main():lattice-best-path.cc:99) For utterance jackson_2_31, best cost 113.929 + 4550.15 = 4664.08 over 45 frames.
jackson_2_31 two 
LOG (lattice-best-path[5.5.620~1-dce1dc]:main():lattice-best-path.cc:99) For utterance jackson_2_32, best cost 124.349 + 5023.92 = 5148.27 over 49 frames.
jackson_2_32 two 
LOG (lattice-best-path[5.5.620~1-dce1dc]:main():lattice-best-path.cc:99) For utterance jackson_2_33, best cost 155.545 + 5283.34 = 5438.88 over 49 frames.
jackson_2_33 two 
LOG (lattice-best-path[5.5.620~1-dce1dc]:main():lattice-best-path.cc:99) For utterance jackson_2_34, best cost 123.317 + 5064.84 = 5188.16 over 47 frames.
jackson_2_34 two 
LOG (lattice-best-path[5.5.620~1-dce1dc]:main():lattice-best-path.cc:99) For utterance jackson_2_35, best cost 109.703 + 4542.38 = 4652.08 over 45 frames.
jackson_2_35 two 
LOG (lattice-best-path[5.5.620~1-dce1dc]:main():lattice-best-path.cc:99) For utterance jackson_2_36, best cost 146.767 + 5074.45 = 5221.22 over 47 frames.
jackson_2_36 two 
LOG (lattice-best-path[5.5.620~1-dce1dc]:main():lattice-best-path.cc:99) For utterance jackson_2_37, best cost 107.149 + 4118.17 = 4225.32 over 38 frames.
jackson_2_37 two 
LOG (lattice-best-path[5.5.620~1-dce1dc]:main():lattice-best-path.cc:99) For utterance jackson_2_38, best cost 114.643 + 4758.35 = 4872.99 over 45 frames.
jackson_2_38 two 
LOG (lattice-best-path[5.5.620~1-dce1dc]:main():lattice-best-path.cc:99) For utterance jackson_2_39, best cost 111.256 + 4632.43 = 4743.68 over 44 frames.
jackson_2_39 two 
LOG (lattice-best-path[5.5.620~1-dce1dc]:main():lattice-best-path.cc:99) For utterance jackson_2_4, best cost 127.333 + 4777.83 = 4905.16 over 46 frames.
jackson_2_4 two 
LOG (lattice-best-path[5.5.620~1-dce1dc]:main():lattice-best-path.cc:99) For utterance jackson_2_40, best cost 113.664 + 5292.32 = 5405.98 over 53 frames.
jackson_2_40 two 
LOG (lattice-best-path[5.5.620~1-dce1dc]:main():lattice-best-path.cc:99) For utterance jackson_2_41, best cost 114.527 + 5835.29 = 5949.82 over 56 frames.
jackson_2_41 two 
LOG (lattice-best-path[5.5.620~1-dce1dc]:main():lattice-best-path.cc:99) For utterance jackson_2_42, best cost 115.273 + 5905.16 = 6020.43 over 57 frames.
jackson_2_42 two 
LOG (lattice-best-path[5.5.620~1-dce1dc]:main():lattice-best-path.cc:99) For utterance jackson_2_43, best cost 123.621 + 5442.08 = 5565.7 over 50 frames.
jackson_2_43 two 
LOG (lattice-best-path[5.5.620~1-dce1dc]:main():lattice-best-path.cc:99) For utterance jackson_2_44, best cost 135.647 + 6595.8 = 6731.45 over 60 frames.
jackson_2_44 two 
LOG (lattice-best-path[5.5.620~1-dce1dc]:main():lattice-best-path.cc:99) For utterance jackson_2_45, best cost 127.324 + 6529.03 = 6656.35 over 63 frames.
jackson_2_45 two 
LOG (lattice-best-path[5.5.620~1-dce1dc]:main():lattice-best-path.cc:99) For utterance jackson_2_46, best cost 111.083 + 5351.72 = 5462.8 over 50 frames.
jackson_2_46 two 
LOG (lattice-best-path[5.5.620~1-dce1dc]:main():lattice-best-path.cc:99) For utterance jackson_2_47, best cost 113.038 + 4863.68 = 4976.72 over 47 frames.
jackson_2_47 two 
LOG (lattice-best-path[5.5.620~1-dce1dc]:main():lattice-best-path.cc:99) For utterance jackson_2_48, best cost 120.899 + 4950.82 = 5071.72 over 48 frames.
jackson_2_48 two 
LOG (lattice-best-path[5.5.620~1-dce1dc]:main():lattice-best-path.cc:99) For utterance jackson_2_49, best cost 116.292 + 5290.91 = 5407.2 over 52 frames.
jackson_2_49 two 
LOG (lattice-best-path[5.5.620~1-dce1dc]:main():lattice-best-path.cc:99) For utterance jackson_2_5, best cost 174.104 + 4680.34 = 4854.44 over 45 frames.
jackson_2_5 three two 
LOG (lattice-best-path[5.5.620~1-dce1dc]:main():lattice-best-path.cc:99) For utterance jackson_2_6, best cost 114.586 + 4562.61 = 4677.2 over 45 frames.
jackson_2_6 two 
LOG (lattice-best-path[5.5.620~1-dce1dc]:main():lattice-best-path.cc:99) For utterance jackson_2_7, best cost 118.992 + 4769.59 = 4888.58 over 46 frames.
jackson_2_7 two 
LOG (lattice-best-path[5.5.620~1-dce1dc]:main():lattice-best-path.cc:99) For utterance jackson_2_8, best cost 146.34 + 5044.21 = 5190.55 over 46 frames.
jackson_2_8 two 
LOG (lattice-best-path[5.5.620~1-dce1dc]:main():lattice-best-path.cc:99) For utterance jackson_2_9, best cost 130.481 + 5281.9 = 5412.38 over 52 frames.
jackson_2_9 two 
LOG (lattice-best-path[5.5.620~1-dce1dc]:main():lattice-best-path.cc:99) For utterance jackson_3_0, best cost 117.324 + 4736.02 = 4853.34 over 47 frames.
jackson_3_0 three 
LOG (lattice-best-path[5.5.620~1-dce1dc]:main():lattice-best-path.cc:99) For utterance jackson_3_1, best cost 81.6644 + 4956.54 = 5038.2 over 45 frames.
jackson_3_1 
LOG (lattice-best-path[5.5.620~1-dce1dc]:main():lattice-best-path.cc:99) For utterance jackson_3_10, best cost 113.847 + 4556.05 = 4669.89 over 44 frames.
jackson_3_10 three 
LOG (lattice-best-path[5.5.620~1-dce1dc]:main():lattice-best-path.cc:99) For utterance jackson_3_11, best cost 123.66 + 4227.35 = 4351.01 over 43 frames.
jackson_3_11 three 
LOG (lattice-best-path[5.5.620~1-dce1dc]:main():lattice-best-path.cc:99) For utterance jackson_3_12, best cost 85.8196 + 5112.25 = 5198.07 over 46 frames.
jackson_3_12 
LOG (lattice-best-path[5.5.620~1-dce1dc]:main():lattice-best-path.cc:99) For utterance jackson_3_13, best cost 110.574 + 4217.32 = 4327.9 over 42 frames.
jackson_3_13 three 
LOG (lattice-best-path[5.5.620~1-dce1dc]:main():lattice-best-path.cc:99) For utterance jackson_3_14, best cost 122.068 + 4801.98 = 4924.05 over 48 frames.
jackson_3_14 three 
LOG (lattice-best-path[5.5.620~1-dce1dc]:main():lattice-best-path.cc:99) For utterance jackson_3_15, best cost 124.555 + 4359.6 = 4484.16 over 44 frames.
jackson_3_15 three 
LOG (lattice-best-path[5.5.620~1-dce1dc]:main():lattice-best-path.cc:99) For utterance jackson_3_16, best cost 120.994 + 4651.24 = 4772.23 over 46 frames.
jackson_3_16 three 
LOG (lattice-best-path[5.5.620~1-dce1dc]:main():lattice-best-path.cc:99) For utterance jackson_3_17, best cost 148.934 + 4233.51 = 4382.45 over 43 frames.
jackson_3_17 three 
LOG (lattice-best-path[5.5.620~1-dce1dc]:main():lattice-best-path.cc:99) For utterance jackson_3_18, best cost 117.448 + 4738.98 = 4856.43 over 46 frames.
jackson_3_18 three 
LOG (lattice-best-path[5.5.620~1-dce1dc]:main():lattice-best-path.cc:99) For utterance jackson_3_19, best cost 105.741 + 4487.46 = 4593.2 over 42 frames.
jackson_3_19 three 
LOG (lattice-best-path[5.5.620~1-dce1dc]:main():lattice-best-path.cc:99) For utterance jackson_3_2, best cost 86.2379 + 5360.82 = 5447.06 over 49 frames.
jackson_3_2 
LOG (lattice-best-path[5.5.620~1-dce1dc]:main():lattice-best-path.cc:99) For utterance jackson_3_20, best cost 106.448 + 4695.74 = 4802.18 over 45 frames.
jackson_3_20 three 
LOG (lattice-best-path[5.5.620~1-dce1dc]:main():lattice-best-path.cc:99) For utterance jackson_3_21, best cost 107.364 + 4447.36 = 4554.72 over 44 frames.
jackson_3_21 three 
LOG (lattice-best-path[5.5.620~1-dce1dc]:main():lattice-best-path.cc:99) For utterance jackson_3_22, best cost 47.8665 + 4285.68 = 4333.55 over 41 frames.
jackson_3_22 
LOG (lattice-best-path[5.5.620~1-dce1dc]:main():lattice-best-path.cc:99) For utterance jackson_3_23, best cost 84.6777 + 4757.99 = 4842.67 over 44 frames.
jackson_3_23 
LOG (lattice-best-path[5.5.620~1-dce1dc]:main():lattice-best-path.cc:99) For utterance jackson_3_24, best cost 112.607 + 4237.87 = 4350.48 over 41 frames.
jackson_3_24 three 
LOG (lattice-best-path[5.5.620~1-dce1dc]:main():lattice-best-path.cc:99) For utterance jackson_3_25, best cost 86.9342 + 4869.32 = 4956.26 over 46 frames.
jackson_3_25 
LOG (lattice-best-path[5.5.620~1-dce1dc]:main():lattice-best-path.cc:99) For utterance jackson_3_26, best cost 129.23 + 4277.49 = 4406.72 over 42 frames.
jackson_3_26 three 
LOG (lattice-best-path[5.5.620~1-dce1dc]:main():lattice-best-path.cc:99) For utterance jackson_3_27, best cost 116.552 + 4521.39 = 4637.94 over 44 frames.
jackson_3_27 three 
LOG (lattice-best-path[5.5.620~1-dce1dc]:main():lattice-best-path.cc:99) For utterance jackson_3_28, best cost 48.1998 + 4563.83 = 4612.03 over 42 frames.
jackson_3_28 
LOG (lattice-best-path[5.5.620~1-dce1dc]:main():lattice-best-path.cc:99) For utterance jackson_3_29, best cost 153.876 + 4953.6 = 5107.48 over 46 frames.
jackson_3_29 nine 
LOG (lattice-best-path[5.5.620~1-dce1dc]:main():lattice-best-path.cc:99) For utterance jackson_3_3, best cost 121.216 + 5239.55 = 5360.77 over 49 frames.
jackson_3_3 three 
LOG (lattice-best-path[5.5.620~1-dce1dc]:main():lattice-best-path.cc:99) For utterance jackson_3_30, best cost 119.581 + 4870.11 = 4989.69 over 46 frames.
jackson_3_30 three 
LOG (lattice-best-path[5.5.620~1-dce1dc]:main():lattice-best-path.cc:99) For utterance jackson_3_31, best cost 128.632 + 5162.1 = 5290.73 over 47 frames.
jackson_3_31 three 
LOG (lattice-best-path[5.5.620~1-dce1dc]:main():lattice-best-path.cc:99) For utterance jackson_3_32, best cost 84.6273 + 5173.55 = 5258.18 over 46 frames.
jackson_3_32 
LOG (lattice-best-path[5.5.620~1-dce1dc]:main():lattice-best-path.cc:99) For utterance jackson_3_33, best cost 108.882 + 4951.63 = 5060.51 over 46 frames.
jackson_3_33 three 
LOG (lattice-best-path[5.5.620~1-dce1dc]:main():lattice-best-path.cc:99) For utterance jackson_3_34, best cost 50.0631 + 4713.96 = 4764.02 over 46 frames.
jackson_3_34 
LOG (lattice-best-path[5.5.620~1-dce1dc]:main():lattice-best-path.cc:99) For utterance jackson_3_35, best cost 152.104 + 5105.14 = 5257.24 over 50 frames.
jackson_3_35 three 
LOG (lattice-best-path[5.5.620~1-dce1dc]:main():lattice-best-path.cc:99) For utterance jackson_3_36, best cost 151.844 + 5004.08 = 5155.93 over 49 frames.
jackson_3_36 three 
LOG (lattice-best-path[5.5.620~1-dce1dc]:main():lattice-best-path.cc:99) For utterance jackson_3_37, best cost 151.672 + 5137.49 = 5289.16 over 49 frames.
jackson_3_37 three 
LOG (lattice-best-path[5.5.620~1-dce1dc]:main():lattice-best-path.cc:99) For utterance jackson_3_38, best cost 149.546 + 5426.86 = 5576.41 over 51 frames.
jackson_3_38 three 
LOG (lattice-best-path[5.5.620~1-dce1dc]:main():lattice-best-path.cc:99) For utterance jackson_3_39, best cost 170.493 + 5110.12 = 5280.62 over 49 frames.
jackson_3_39 three 
LOG (lattice-best-path[5.5.620~1-dce1dc]:main():lattice-best-path.cc:99) For utterance jackson_3_4, best cost 123.029 + 4336.54 = 4459.57 over 43 frames.
jackson_3_4 three 
LOG (lattice-best-path[5.5.620~1-dce1dc]:main():lattice-best-path.cc:99) For utterance jackson_3_40, best cost 161.499 + 5076.3 = 5237.79 over 50 frames.
jackson_3_40 three 
LOG (lattice-best-path[5.5.620~1-dce1dc]:main():lattice-best-path.cc:99) For utterance jackson_3_41, best cost 154.744 + 5047.89 = 5202.63 over 48 frames.
jackson_3_41 three 
LOG (lattice-best-path[5.5.620~1-dce1dc]:main():lattice-best-path.cc:99) For utterance jackson_3_42, best cost 151.327 + 4922.07 = 5073.4 over 48 frames.
jackson_3_42 three 
LOG (lattice-best-path[5.5.620~1-dce1dc]:main():lattice-best-path.cc:99) For utterance jackson_3_43, best cost 146.296 + 4888.34 = 5034.63 over 48 frames.
jackson_3_43 three 
LOG (lattice-best-path[5.5.620~1-dce1dc]:main():lattice-best-path.cc:99) For utterance jackson_3_44, best cost 87.6778 + 5630.53 = 5718.2 over 53 frames.
jackson_3_44 
LOG (lattice-best-path[5.5.620~1-dce1dc]:main():lattice-best-path.cc:99) For utterance jackson_3_45, best cost 151.373 + 5787.77 = 5939.14 over 55 frames.
jackson_3_45 three 
LOG (lattice-best-path[5.5.620~1-dce1dc]:main():lattice-best-path.cc:99) For utterance jackson_3_46, best cost 153.815 + 5425.35 = 5579.17 over 52 frames.
jackson_3_46 three 
LOG (lattice-best-path[5.5.620~1-dce1dc]:main():lattice-best-path.cc:99) For utterance jackson_3_47, best cost 130.553 + 5604.43 = 5734.98 over 55 frames.
jackson_3_47 three 
LOG (lattice-best-path[5.5.620~1-dce1dc]:main():lattice-best-path.cc:99) For utterance jackson_3_48, best cost 147.569 + 4904.93 = 5052.5 over 49 frames.
jackson_3_48 three 
LOG (lattice-best-path[5.5.620~1-dce1dc]:main():lattice-best-path.cc:99) For utterance jackson_3_49, best cost 150.806 + 5214.36 = 5365.16 over 50 frames.
jackson_3_49 three 
LOG (lattice-best-path[5.5.620~1-dce1dc]:main():lattice-best-path.cc:99) For utterance jackson_3_5, best cost 130.758 + 4423.19 = 4553.95 over 43 frames.
jackson_3_5 three 
LOG (lattice-best-path[5.5.620~1-dce1dc]:main():lattice-best-path.cc:99) For utterance jackson_3_6, best cost 130.076 + 4533.61 = 4663.69 over 45 frames.
jackson_3_6 three 
LOG (lattice-best-path[5.5.620~1-dce1dc]:main():lattice-best-path.cc:99) For utterance jackson_3_7, best cost 119.796 + 5121.12 = 5240.92 over 47 frames.
jackson_3_7 three 
LOG (lattice-best-path[5.5.620~1-dce1dc]:main():lattice-best-path.cc:99) For utterance jackson_3_8, best cost 110.695 + 4416.64 = 4527.33 over 43 frames.
jackson_3_8 three 
LOG (lattice-best-path[5.5.620~1-dce1dc]:main():lattice-best-path.cc:99) For utterance jackson_3_9, best cost 106.821 + 4894.57 = 5001.39 over 47 frames.
jackson_3_9 three 
LOG (lattice-best-path[5.5.620~1-dce1dc]:main():lattice-best-path.cc:99) For utterance jackson_4_0, best cost 123.339 + 4275.76 = 4399.09 over 44 frames.
jackson_4_0 four 
LOG (lattice-best-path[5.5.620~1-dce1dc]:main():lattice-best-path.cc:99) For utterance jackson_4_1, best cost 122.886 + 3696.7 = 3819.59 over 40 frames.
jackson_4_1 four 
LOG (lattice-best-path[5.5.620~1-dce1dc]:main():lattice-best-path.cc:99) For utterance jackson_4_10, best cost 122.362 + 3848.53 = 3970.89 over 36 frames.
jackson_4_10 four 
LOG (lattice-best-path[5.5.620~1-dce1dc]:main():lattice-best-path.cc:99) For utterance jackson_4_11, best cost 121.788 + 3625.58 = 3747.37 over 36 frames.
jackson_4_11 four 
LOG (lattice-best-path[5.5.620~1-dce1dc]:main():lattice-best-path.cc:99) For utterance jackson_4_12, best cost 107.297 + 3448.89 = 3556.19 over 39 frames.
jackson_4_12 four 
LOG (lattice-best-path[5.5.620~1-dce1dc]:main():lattice-best-path.cc:99) For utterance jackson_4_13, best cost 111.826 + 3571.63 = 3683.45 over 35 frames.
jackson_4_13 four 
LOG (lattice-best-path[5.5.620~1-dce1dc]:main():lattice-best-path.cc:99) For utterance jackson_4_14, best cost 113.086 + 3538.76 = 3651.85 over 35 frames.
jackson_4_14 four 
LOG (lattice-best-path[5.5.620~1-dce1dc]:main():lattice-best-path.cc:99) For utterance jackson_4_15, best cost 131.079 + 4410.92 = 4542 over 43 frames.
jackson_4_15 four 
LOG (lattice-best-path[5.5.620~1-dce1dc]:main():lattice-best-path.cc:99) For utterance jackson_4_16, best cost 122.236 + 4192.68 = 4314.92 over 41 frames.
jackson_4_16 four 
LOG (lattice-best-path[5.5.620~1-dce1dc]:main():lattice-best-path.cc:99) For utterance jackson_4_17, best cost 121.722 + 4255.85 = 4377.57 over 38 frames.
jackson_4_17 four 
LOG (lattice-best-path[5.5.620~1-dce1dc]:main():lattice-best-path.cc:99) For utterance jackson_4_18, best cost 121.638 + 3940.5 = 4062.14 over 38 frames.
jackson_4_18 four 
LOG (lattice-best-path[5.5.620~1-dce1dc]:main():lattice-best-path.cc:99) For utterance jackson_4_19, best cost 110.331 + 3592.83 = 3703.16 over 34 frames.
jackson_4_19 four 
LOG (lattice-best-path[5.5.620~1-dce1dc]:main():lattice-best-path.cc:99) For utterance jackson_4_2, best cost 107.491 + 3792.23 = 3899.72 over 40 frames.
jackson_4_2 four 
LOG (lattice-best-path[5.5.620~1-dce1dc]:main():lattice-best-path.cc:99) For utterance jackson_4_20, best cost 122.906 + 3988.44 = 4111.35 over 37 frames.
jackson_4_20 four 
LOG (lattice-best-path[5.5.620~1-dce1dc]:main():lattice-best-path.cc:99) For utterance jackson_4_21, best cost 118.399 + 3389.35 = 3507.75 over 33 frames.
jackson_4_21 four 
LOG (lattice-best-path[5.5.620~1-dce1dc]:main():lattice-best-path.cc:99) For utterance jackson_4_22, best cost 131.407 + 4341.4 = 4472.81 over 40 frames.
jackson_4_22 four 
LOG (lattice-best-path[5.5.620~1-dce1dc]:main():lattice-best-path.cc:99) For utterance jackson_4_23, best cost 107.04 + 3674.55 = 3781.59 over 39 frames.
jackson_4_23 four 
LOG (lattice-best-path[5.5.620~1-dce1dc]:main():lattice-best-path.cc:99) For utterance jackson_4_24, best cost 115.981 + 3915.24 = 4031.22 over 38 frames.
jackson_4_24 four 
LOG (lattice-best-path[5.5.620~1-dce1dc]:main():lattice-best-path.cc:99) For utterance jackson_4_25, best cost 119.324 + 4015.79 = 4135.11 over 39 frames.
jackson_4_25 four 
LOG (lattice-best-path[5.5.620~1-dce1dc]:main():lattice-best-path.cc:99) For utterance jackson_4_26, best cost 123.113 + 4358.7 = 4481.81 over 41 frames.
jackson_4_26 four 
LOG (lattice-best-path[5.5.620~1-dce1dc]:main():lattice-best-path.cc:99) For utterance jackson_4_27, best cost 119.508 + 4236.4 = 4355.91 over 41 frames.
jackson_4_27 four 
LOG (lattice-best-path[5.5.620~1-dce1dc]:main():lattice-best-path.cc:99) For utterance jackson_4_28, best cost 121.713 + 4929.08 = 5050.79 over 45 frames.
jackson_4_28 four 
LOG (lattice-best-path[5.5.620~1-dce1dc]:main():lattice-best-path.cc:99) For utterance jackson_4_29, best cost 125.802 + 4439.17 = 4564.97 over 42 frames.
jackson_4_29 four 
LOG (lattice-best-path[5.5.620~1-dce1dc]:main():lattice-best-path.cc:99) For utterance jackson_4_3, best cost 106.785 + 3678.18 = 3784.96 over 39 frames.
jackson_4_3 four 
LOG (lattice-best-path[5.5.620~1-dce1dc]:main():lattice-best-path.cc:99) For utterance jackson_4_30, best cost 123.917 + 4250.79 = 4374.71 over 42 frames.
jackson_4_30 four 
LOG (lattice-best-path[5.5.620~1-dce1dc]:main():lattice-best-path.cc:99) For utterance jackson_4_31, best cost 117.333 + 4374.86 = 4492.19 over 41 frames.
jackson_4_31 four 
LOG (lattice-best-path[5.5.620~1-dce1dc]:main():lattice-best-path.cc:99) For utterance jackson_4_32, best cost 119.608 + 3863.66 = 3983.26 over 41 frames.
jackson_4_32 four 
LOG (lattice-best-path[5.5.620~1-dce1dc]:main():lattice-best-path.cc:99) For utterance jackson_4_33, best cost 107.272 + 3825.4 = 3932.67 over 40 frames.
jackson_4_33 four 
LOG (lattice-best-path[5.5.620~1-dce1dc]:main():lattice-best-path.cc:99) For utterance jackson_4_34, best cost 105.431 + 3499.2 = 3604.63 over 38 frames.
jackson_4_34 four 
LOG (lattice-best-path[5.5.620~1-dce1dc]:main():lattice-best-path.cc:99) For utterance jackson_4_35, best cost 115.594 + 3890.02 = 4005.61 over 41 frames.
jackson_4_35 four 
LOG (lattice-best-path[5.5.620~1-dce1dc]:main():lattice-best-path.cc:99) For utterance jackson_4_36, best cost 106.462 + 3576.89 = 3683.35 over 38 frames.
jackson_4_36 four 
LOG (lattice-best-path[5.5.620~1-dce1dc]:main():lattice-best-path.cc:99) For utterance jackson_4_37, best cost 120.56 + 5021.94 = 5142.5 over 48 frames.
jackson_4_37 four 
LOG (lattice-best-path[5.5.620~1-dce1dc]:main():lattice-best-path.cc:99) For utterance jackson_4_38, best cost 122.943 + 4477.15 = 4600.09 over 45 frames.
jackson_4_38 four 
LOG (lattice-best-path[5.5.620~1-dce1dc]:main():lattice-best-path.cc:99) For utterance jackson_4_39, best cost 127.773 + 4741.89 = 4869.67 over 46 frames.
jackson_4_39 four 
LOG (lattice-best-path[5.5.620~1-dce1dc]:main():lattice-best-path.cc:99) For utterance jackson_4_4, best cost 116.395 + 3851.82 = 3968.21 over 41 frames.
jackson_4_4 four 
LOG (lattice-best-path[5.5.620~1-dce1dc]:main():lattice-best-path.cc:99) For utterance jackson_4_40, best cost 119.936 + 4573.6 = 4693.54 over 45 frames.
jackson_4_40 four 
LOG (lattice-best-path[5.5.620~1-dce1dc]:main():lattice-best-path.cc:99) For utterance jackson_4_41, best cost 120.017 + 4411.36 = 4531.38 over 43 frames.
jackson_4_41 four 
LOG (lattice-best-path[5.5.620~1-dce1dc]:main():lattice-best-path.cc:99) For utterance jackson_4_42, best cost 115.44 + 4195.84 = 4311.28 over 41 frames.
jackson_4_42 four 
LOG (lattice-best-path[5.5.620~1-dce1dc]:main():lattice-best-path.cc:99) For utterance jackson_4_43, best cost 121.682 + 4503.9 = 4625.58 over 44 frames.
jackson_4_43 four 
LOG (lattice-best-path[5.5.620~1-dce1dc]:main():lattice-best-path.cc:99) For utterance jackson_4_44, best cost 123.614 + 4867.67 = 4991.29 over 45 frames.
jackson_4_44 four 
LOG (lattice-best-path[5.5.620~1-dce1dc]:main():lattice-best-path.cc:99) For utterance jackson_4_45, best cost 122.158 + 4311.22 = 4433.37 over 42 frames.
jackson_4_45 four 
LOG (lattice-best-path[5.5.620~1-dce1dc]:main():lattice-best-path.cc:99) For utterance jackson_4_46, best cost 129.504 + 4865.56 = 4995.07 over 49 frames.
jackson_4_46 four 
LOG (lattice-best-path[5.5.620~1-dce1dc]:main():lattice-best-path.cc:99) For utterance jackson_4_47, best cost 118.625 + 4880.85 = 4999.48 over 47 frames.
jackson_4_47 four 
LOG (lattice-best-path[5.5.620~1-dce1dc]:main():lattice-best-path.cc:99) For utterance jackson_4_48, best cost 122.399 + 4567.52 = 4689.92 over 45 frames.
jackson_4_48 four 
LOG (lattice-best-path[5.5.620~1-dce1dc]:main():lattice-best-path.cc:99) For utterance jackson_4_49, best cost 136.151 + 4673.65 = 4809.8 over 48 frames.
jackson_4_49 four 
LOG (lattice-best-path[5.5.620~1-dce1dc]:main():lattice-best-path.cc:99) For utterance jackson_4_5, best cost 124.84 + 4199.41 = 4324.25 over 42 frames.
jackson_4_5 four 
LOG (lattice-best-path[5.5.620~1-dce1dc]:main():lattice-best-path.cc:99) For utterance jackson_4_6, best cost 133.895 + 4489.47 = 4623.36 over 43 frames.
jackson_4_6 four 
LOG (lattice-best-path[5.5.620~1-dce1dc]:main():lattice-best-path.cc:99) For utterance jackson_4_7, best cost 116.99 + 3956.5 = 4073.49 over 39 frames.
jackson_4_7 four 
LOG (lattice-best-path[5.5.620~1-dce1dc]:main():lattice-best-path.cc:99) For utterance jackson_4_8, best cost 124.726 + 4081.41 = 4206.13 over 40 frames.
jackson_4_8 four 
LOG (lattice-best-path[5.5.620~1-dce1dc]:main():lattice-best-path.cc:99) For utterance jackson_4_9, best cost 116.733 + 3918.38 = 4035.11 over 40 frames.
jackson_4_9 four 
LOG (lattice-best-path[5.5.620~1-dce1dc]:main():lattice-best-path.cc:99) For utterance jackson_5_0, best cost 108.439 + 3757.78 = 3866.22 over 40 frames.
jackson_5_0 five 
LOG (lattice-best-path[5.5.620~1-dce1dc]:main():lattice-best-path.cc:99) For utterance jackson_5_1, best cost 107.827 + 3585.97 = 3693.8 over 39 frames.
jackson_5_1 five 
LOG (lattice-best-path[5.5.620~1-dce1dc]:main():lattice-best-path.cc:99) For utterance jackson_5_10, best cost 105.892 + 3162.44 = 3268.34 over 37 frames.
jackson_5_10 five 
LOG (lattice-best-path[5.5.620~1-dce1dc]:main():lattice-best-path.cc:99) For utterance jackson_5_11, best cost 109.004 + 3730.79 = 3839.8 over 42 frames.
jackson_5_11 five 
LOG (lattice-best-path[5.5.620~1-dce1dc]:main():lattice-best-path.cc:99) For utterance jackson_5_12, best cost 104.92 + 3053.31 = 3158.23 over 35 frames.
jackson_5_12 five 
LOG (lattice-best-path[5.5.620~1-dce1dc]:main():lattice-best-path.cc:99) For utterance jackson_5_13, best cost 114.866 + 3651.76 = 3766.63 over 40 frames.
jackson_5_13 five 
LOG (lattice-best-path[5.5.620~1-dce1dc]:main():lattice-best-path.cc:99) For utterance jackson_5_14, best cost 104.855 + 2971.18 = 3076.04 over 36 frames.
jackson_5_14 five 
LOG (lattice-best-path[5.5.620~1-dce1dc]:main():lattice-best-path.cc:99) For utterance jackson_5_15, best cost 117.102 + 3716.26 = 3833.36 over 41 frames.
jackson_5_15 five 
LOG (lattice-best-path[5.5.620~1-dce1dc]:main():lattice-best-path.cc:99) For utterance jackson_5_16, best cost 107 + 3418.79 = 3525.79 over 38 frames.
jackson_5_16 five 
LOG (lattice-best-path[5.5.620~1-dce1dc]:main():lattice-best-path.cc:99) For utterance jackson_5_17, best cost 109.698 + 3593.69 = 3703.39 over 38 frames.
jackson_5_17 five 
LOG (lattice-best-path[5.5.620~1-dce1dc]:main():lattice-best-path.cc:99) For utterance jackson_5_18, best cost 104.767 + 2963.52 = 3068.29 over 34 frames.
jackson_5_18 five 
LOG (lattice-best-path[5.5.620~1-dce1dc]:main():lattice-best-path.cc:99) For utterance jackson_5_19, best cost 107.085 + 3121.79 = 3228.88 over 35 frames.
jackson_5_19 five 
LOG (lattice-best-path[5.5.620~1-dce1dc]:main():lattice-best-path.cc:99) For utterance jackson_5_2, best cost 114.508 + 4000.99 = 4115.5 over 43 frames.
jackson_5_2 five 
LOG (lattice-best-path[5.5.620~1-dce1dc]:main():lattice-best-path.cc:99) For utterance jackson_5_20, best cost 112.143 + 2977.37 = 3089.51 over 32 frames.
jackson_5_20 five 
LOG (lattice-best-path[5.5.620~1-dce1dc]:main():lattice-best-path.cc:99) For utterance jackson_5_21, best cost 116.729 + 3475.3 = 3592.03 over 36 frames.
jackson_5_21 five 
LOG (lattice-best-path[5.5.620~1-dce1dc]:main():lattice-best-path.cc:99) For utterance jackson_5_22, best cost 107.739 + 3346 = 3453.74 over 35 frames.
jackson_5_22 five 
LOG (lattice-best-path[5.5.620~1-dce1dc]:main():lattice-best-path.cc:99) For utterance jackson_5_23, best cost 106.833 + 3684.77 = 3791.61 over 39 frames.
jackson_5_23 five 
LOG (lattice-best-path[5.5.620~1-dce1dc]:main():lattice-best-path.cc:99) For utterance jackson_5_24, best cost 114.403 + 3260.42 = 3374.82 over 38 frames.
jackson_5_24 five 
LOG (lattice-best-path[5.5.620~1-dce1dc]:main():lattice-best-path.cc:99) For utterance jackson_5_25, best cost 116.67 + 3317.9 = 3434.57 over 37 frames.
jackson_5_25 five 
LOG (lattice-best-path[5.5.620~1-dce1dc]:main():lattice-best-path.cc:99) For utterance jackson_5_26, best cost 109.88 + 3557.99 = 3667.87 over 39 frames.
jackson_5_26 five 
LOG (lattice-best-path[5.5.620~1-dce1dc]:main():lattice-best-path.cc:99) For utterance jackson_5_27, best cost 114.816 + 3514.95 = 3629.77 over 38 frames.
jackson_5_27 five 
LOG (lattice-best-path[5.5.620~1-dce1dc]:main():lattice-best-path.cc:99) For utterance jackson_5_28, best cost 106.376 + 3040.14 = 3146.52 over 35 frames.
jackson_5_28 five 
LOG (lattice-best-path[5.5.620~1-dce1dc]:main():lattice-best-path.cc:99) For utterance jackson_5_29, best cost 122.786 + 4356.05 = 4478.84 over 46 frames.
jackson_5_29 five 
LOG (lattice-best-path[5.5.620~1-dce1dc]:main():lattice-best-path.cc:99) For utterance jackson_5_3, best cost 107.951 + 3420.64 = 3528.59 over 38 frames.
jackson_5_3 five 
LOG (lattice-best-path[5.5.620~1-dce1dc]:main():lattice-best-path.cc:99) For utterance jackson_5_30, best cost 117.7 + 3920 = 4037.7 over 41 frames.
jackson_5_30 five 
LOG (lattice-best-path[5.5.620~1-dce1dc]:main():lattice-best-path.cc:99) For utterance jackson_5_31, best cost 115.228 + 3479.33 = 3594.56 over 39 frames.
jackson_5_31 five 
LOG (lattice-best-path[5.5.620~1-dce1dc]:main():lattice-best-path.cc:99) For utterance jackson_5_32, best cost 115.896 + 3594.01 = 3709.91 over 39 frames.
jackson_5_32 five 
LOG (lattice-best-path[5.5.620~1-dce1dc]:main():lattice-best-path.cc:99) For utterance jackson_5_33, best cost 105.997 + 3402.19 = 3508.19 over 37 frames.
jackson_5_33 five 
LOG (lattice-best-path[5.5.620~1-dce1dc]:main():lattice-best-path.cc:99) For utterance jackson_5_34, best cost 107.512 + 3166.07 = 3273.59 over 34 frames.
jackson_5_34 five 
LOG (lattice-best-path[5.5.620~1-dce1dc]:main():lattice-best-path.cc:99) For utterance jackson_5_35, best cost 111.528 + 3893.44 = 4004.97 over 41 frames.
jackson_5_35 five 
LOG (lattice-best-path[5.5.620~1-dce1dc]:main():lattice-best-path.cc:99) For utterance jackson_5_36, best cost 107.812 + 2953.37 = 3061.19 over 35 frames.
jackson_5_36 five 
LOG (lattice-best-path[5.5.620~1-dce1dc]:main():lattice-best-path.cc:99) For utterance jackson_5_37, best cost 107.823 + 3377.07 = 3484.89 over 37 frames.
jackson_5_37 nine 
LOG (lattice-best-path[5.5.620~1-dce1dc]:main():lattice-best-path.cc:99) For utterance jackson_5_38, best cost 108.792 + 3985.12 = 4093.91 over 41 frames.
jackson_5_38 five 
LOG (lattice-best-path[5.5.620~1-dce1dc]:main():lattice-best-path.cc:99) For utterance jackson_5_39, best cost 104.89 + 3213.45 = 3318.34 over 36 frames.
jackson_5_39 five 
LOG (lattice-best-path[5.5.620~1-dce1dc]:main():lattice-best-path.cc:99) For utterance jackson_5_4, best cost 126.053 + 4781.34 = 4907.4 over 51 frames.
jackson_5_4 five 
LOG (lattice-best-path[5.5.620~1-dce1dc]:main():lattice-best-path.cc:99) For utterance jackson_5_40, best cost 105.193 + 3663.45 = 3768.65 over 39 frames.
jackson_5_40 five 
LOG (lattice-best-path[5.5.620~1-dce1dc]:main():lattice-best-path.cc:99) For utterance jackson_5_41, best cost 112.468 + 3702.47 = 3814.93 over 38 frames.
jackson_5_41 five 
LOG (lattice-best-path[5.5.620~1-dce1dc]:main():lattice-best-path.cc:99) For utterance jackson_5_42, best cost 109.73 + 4595.64 = 4705.37 over 45 frames.
jackson_5_42 five 
LOG (lattice-best-path[5.5.620~1-dce1dc]:main():lattice-best-path.cc:99) For utterance jackson_5_43, best cost 122.943 + 4106.67 = 4229.61 over 42 frames.
jackson_5_43 one 
LOG (lattice-best-path[5.5.620~1-dce1dc]:main():lattice-best-path.cc:99) For utterance jackson_5_44, best cost 126.391 + 4700.14 = 4826.53 over 47 frames.
jackson_5_44 one 
LOG (lattice-best-path[5.5.620~1-dce1dc]:main():lattice-best-path.cc:99) For utterance jackson_5_45, best cost 109.318 + 4272.48 = 4381.79 over 44 frames.
jackson_5_45 five 
LOG (lattice-best-path[5.5.620~1-dce1dc]:main():lattice-best-path.cc:99) For utterance jackson_5_46, best cost 110.99 + 4746.02 = 4857.01 over 48 frames.
jackson_5_46 five 
LOG (lattice-best-path[5.5.620~1-dce1dc]:main():lattice-best-path.cc:99) For utterance jackson_5_47, best cost 117.398 + 5172.01 = 5289.41 over 49 frames.
jackson_5_47 five 
LOG (lattice-best-path[5.5.620~1-dce1dc]:main():lattice-best-path.cc:99) For utterance jackson_5_48, best cost 122.221 + 5429.95 = 5552.17 over 49 frames.
jackson_5_48 five 
LOG (lattice-best-path[5.5.620~1-dce1dc]:main():lattice-best-path.cc:99) For utterance jackson_5_49, best cost 115.06 + 4448.86 = 4563.92 over 46 frames.
jackson_5_49 one 
LOG (lattice-best-path[5.5.620~1-dce1dc]:main():lattice-best-path.cc:99) For utterance jackson_5_5, best cost 108.61 + 3371.51 = 3480.12 over 37 frames.
jackson_5_5 five 
LOG (lattice-best-path[5.5.620~1-dce1dc]:main():lattice-best-path.cc:99) For utterance jackson_5_6, best cost 116.551 + 3720.58 = 3837.13 over 38 frames.
jackson_5_6 five 
LOG (lattice-best-path[5.5.620~1-dce1dc]:main():lattice-best-path.cc:99) For utterance jackson_5_7, best cost 108.017 + 3441.25 = 3549.27 over 36 frames.
jackson_5_7 five 
LOG (lattice-best-path[5.5.620~1-dce1dc]:main():lattice-best-path.cc:99) For utterance jackson_5_8, best cost 104.832 + 3214.81 = 3319.64 over 35 frames.
jackson_5_8 five 
LOG (lattice-best-path[5.5.620~1-dce1dc]:main():lattice-best-path.cc:99) For utterance jackson_5_9, best cost 123.157 + 5740.76 = 5863.92 over 56 frames.
jackson_5_9 five 
LOG (lattice-best-path[5.5.620~1-dce1dc]:main():lattice-best-path.cc:99) For utterance jackson_6_0, best cost 154.43 + 8505.19 = 8659.62 over 81 frames.
jackson_6_0 six 
LOG (lattice-best-path[5.5.620~1-dce1dc]:main():lattice-best-path.cc:99) For utterance jackson_6_1, best cost 92.691 + 6792.44 = 6885.13 over 62 frames.
jackson_6_1 
LOG (lattice-best-path[5.5.620~1-dce1dc]:main():lattice-best-path.cc:99) For utterance jackson_6_10, best cost 140.047 + 8382.09 = 8522.14 over 84 frames.
jackson_6_10 six 
LOG (lattice-best-path[5.5.620~1-dce1dc]:main():lattice-best-path.cc:99) For utterance jackson_6_11, best cost 64.7619 + 8720.89 = 8785.65 over 85 frames.
jackson_6_11 
LOG (lattice-best-path[5.5.620~1-dce1dc]:main():lattice-best-path.cc:99) For utterance jackson_6_12, best cost 150.364 + 8396.87 = 8547.24 over 84 frames.
jackson_6_12 six 
LOG (lattice-best-path[5.5.620~1-dce1dc]:main():lattice-best-path.cc:99) For utterance jackson_6_13, best cost 92.9565 + 7011.81 = 7104.76 over 69 frames.
jackson_6_13 
LOG (lattice-best-path[5.5.620~1-dce1dc]:main():lattice-best-path.cc:99) For utterance jackson_6_14, best cost 94.9306 + 7621.77 = 7716.7 over 75 frames.
jackson_6_14 
LOG (lattice-best-path[5.5.620~1-dce1dc]:main():lattice-best-path.cc:99) For utterance jackson_6_15, best cost 99.2856 + 8728.9 = 8828.19 over 86 frames.
jackson_6_15 
LOG (lattice-best-path[5.5.620~1-dce1dc]:main():lattice-best-path.cc:99) For utterance jackson_6_16, best cost 93.4647 + 7026.68 = 7120.14 over 71 frames.
jackson_6_16 
LOG (lattice-best-path[5.5.620~1-dce1dc]:main():lattice-best-path.cc:99) For utterance jackson_6_17, best cost 94.1955 + 7331.08 = 7425.28 over 72 frames.
jackson_6_17 
LOG (lattice-best-path[5.5.620~1-dce1dc]:main():lattice-best-path.cc:99) For utterance jackson_6_18, best cost 144.579 + 8094.93 = 8239.5 over 84 frames.
jackson_6_18 six 
LOG (lattice-best-path[5.5.620~1-dce1dc]:main():lattice-best-path.cc:99) For utterance jackson_6_19, best cost 92.3676 + 6902.13 = 6994.5 over 67 frames.
jackson_6_19 
LOG (lattice-best-path[5.5.620~1-dce1dc]:main():lattice-best-path.cc:99) For utterance jackson_6_2, best cost 136.036 + 6400.73 = 6536.77 over 61 frames.
jackson_6_2 six 
LOG (lattice-best-path[5.5.620~1-dce1dc]:main():lattice-best-path.cc:99) For utterance jackson_6_20, best cost 135.727 + 7171.01 = 7306.74 over 67 frames.
jackson_6_20 six 
LOG (lattice-best-path[5.5.620~1-dce1dc]:main():lattice-best-path.cc:99) For utterance jackson_6_21, best cost 157.895 + 8053.9 = 8211.8 over 78 frames.
jackson_6_21 seven 
LOG (lattice-best-path[5.5.620~1-dce1dc]:main():lattice-best-path.cc:99) For utterance jackson_6_22, best cost 141.083 + 6976.13 = 7117.21 over 69 frames.
jackson_6_22 six 
LOG (lattice-best-path[5.5.620~1-dce1dc]:main():lattice-best-path.cc:99) For utterance jackson_6_23, best cost 142.562 + 8074.36 = 8216.92 over 80 frames.
jackson_6_23 six 
LOG (lattice-best-path[5.5.620~1-dce1dc]:main():lattice-best-path.cc:99) For utterance jackson_6_24, best cost 94.2172 + 7060.07 = 7154.29 over 70 frames.
jackson_6_24 
LOG (lattice-best-path[5.5.620~1-dce1dc]:main():lattice-best-path.cc:99) For utterance jackson_6_25, best cost 144.074 + 7558.73 = 7702.8 over 77 frames.
jackson_6_25 six 
LOG (lattice-best-path[5.5.620~1-dce1dc]:main():lattice-best-path.cc:99) For utterance jackson_6_26, best cost 93.0248 + 7063.93 = 7156.95 over 70 frames.
jackson_6_26 
LOG (lattice-best-path[5.5.620~1-dce1dc]:main():lattice-best-path.cc:99) For utterance jackson_6_27, best cost 173.175 + 7797.15 = 7970.33 over 79 frames.
jackson_6_27 eight 
LOG (lattice-best-path[5.5.620~1-dce1dc]:main():lattice-best-path.cc:99) For utterance jackson_6_28, best cost 92.0163 + 6800.12 = 6892.14 over 63 frames.
jackson_6_28 
LOG (lattice-best-path[5.5.620~1-dce1dc]:main():lattice-best-path.cc:99) For utterance jackson_6_29, best cost 91.2554 + 6365.27 = 6456.52 over 60 frames.
jackson_6_29 
LOG (lattice-best-path[5.5.620~1-dce1dc]:main():lattice-best-path.cc:99) For utterance jackson_6_3, best cost 151.731 + 9190.67 = 9342.4 over 85 frames.
jackson_6_3 six 
LOG (lattice-best-path[5.5.620~1-dce1dc]:main():lattice-best-path.cc:99) For utterance jackson_6_30, best cost 174.588 + 8174.05 = 8348.64 over 78 frames.
jackson_6_30 six 
LOG (lattice-best-path[5.5.620~1-dce1dc]:main():lattice-best-path.cc:99) For utterance jackson_6_31, best cost 132.969 + 6305.64 = 6438.61 over 61 frames.
jackson_6_31 six 
LOG (lattice-best-path[5.5.620~1-dce1dc]:main():lattice-best-path.cc:99) For utterance jackson_6_32, best cost 154.894 + 8760.51 = 8915.4 over 83 frames.
jackson_6_32 six 
LOG (lattice-best-path[5.5.620~1-dce1dc]:main():lattice-best-path.cc:99) For utterance jackson_6_33, best cost 143.92 + 6416.91 = 6560.83 over 62 frames.
jackson_6_33 six 
LOG (lattice-best-path[5.5.620~1-dce1dc]:main():lattice-best-path.cc:99) For utterance jackson_6_34, best cost 125.202 + 5992.06 = 6117.26 over 56 frames.
jackson_6_34 six 
LOG (lattice-best-path[5.5.620~1-dce1dc]:main():lattice-best-path.cc:99) For utterance jackson_6_35, best cost 91.7896 + 6719.93 = 6811.72 over 62 frames.
jackson_6_35 
LOG (lattice-best-path[5.5.620~1-dce1dc]:main():lattice-best-path.cc:99) For utterance jackson_6_36, best cost 124.311 + 6031.37 = 6155.68 over 56 frames.
jackson_6_36 six 
LOG (lattice-best-path[5.5.620~1-dce1dc]:main():lattice-best-path.cc:99) For utterance jackson_6_37, best cost 138.08 + 6801.82 = 6939.9 over 68 frames.
jackson_6_37 six 
LOG (lattice-best-path[5.5.620~1-dce1dc]:main():lattice-best-path.cc:99) For utterance jackson_6_38, best cost 95.7212 + 7639.22 = 7734.94 over 73 frames.
jackson_6_38 
LOG (lattice-best-path[5.5.620~1-dce1dc]:main():lattice-best-path.cc:99) For utterance jackson_6_39, best cost 92.3237 + 6786.22 = 6878.55 over 64 frames.
jackson_6_39 
LOG (lattice-best-path[5.5.620~1-dce1dc]:main():lattice-best-path.cc:99) For utterance jackson_6_4, best cost 91.5887 + 6704.45 = 6796.04 over 61 frames.
jackson_6_4 
LOG (lattice-best-path[5.5.620~1-dce1dc]:main():lattice-best-path.cc:99) For utterance jackson_6_40, best cost 53.9106 + 6154.37 = 6208.28 over 57 frames.
jackson_6_40 
LOG (lattice-best-path[5.5.620~1-dce1dc]:main():lattice-best-path.cc:99) For utterance jackson_6_41, best cost 54.874 + 5691.75 = 5746.62 over 54 frames.
jackson_6_41 
LOG (lattice-best-path[5.5.620~1-dce1dc]:main():lattice-best-path.cc:99) For utterance jackson_6_42, best cost 87.1912 + 5131.27 = 5218.46 over 49 frames.
jackson_6_42 
LOG (lattice-best-path[5.5.620~1-dce1dc]:main():lattice-best-path.cc:99) For utterance jackson_6_43, best cost 136.721 + 6691.32 = 6828.04 over 65 frames.
jackson_6_43 six 
LOG (lattice-best-path[5.5.620~1-dce1dc]:main():lattice-best-path.cc:99) For utterance jackson_6_44, best cost 50.1315 + 4987.9 = 5038.03 over 47 frames.
jackson_6_44 
LOG (lattice-best-path[5.5.620~1-dce1dc]:main():lattice-best-path.cc:99) For utterance jackson_6_45, best cost 139.566 + 6040.91 = 6180.47 over 57 frames.
jackson_6_45 six 
LOG (lattice-best-path[5.5.620~1-dce1dc]:main():lattice-best-path.cc:99) For utterance jackson_6_46, best cost 147.118 + 7865.64 = 8012.76 over 77 frames.
jackson_6_46 six 
LOG (lattice-best-path[5.5.620~1-dce1dc]:main():lattice-best-path.cc:99) For utterance jackson_6_47, best cost 95.4054 + 7238.42 = 7333.82 over 68 frames.
jackson_6_47 
LOG (lattice-best-path[5.5.620~1-dce1dc]:main():lattice-best-path.cc:99) For utterance jackson_6_48, best cost 129.395 + 5281.71 = 5411.11 over 52 frames.
jackson_6_48 six 
LOG (lattice-best-path[5.5.620~1-dce1dc]:main():lattice-best-path.cc:99) For utterance jackson_6_49, best cost 95.9995 + 7267.28 = 7363.28 over 67 frames.
jackson_6_49 
LOG (lattice-best-path[5.5.620~1-dce1dc]:main():lattice-best-path.cc:99) For utterance jackson_6_5, best cost 137.313 + 6509.12 = 6646.44 over 66 frames.
jackson_6_5 seven 
LOG (lattice-best-path[5.5.620~1-dce1dc]:main():lattice-best-path.cc:99) For utterance jackson_6_6, best cost 95.7637 + 7575.89 = 7671.66 over 74 frames.
jackson_6_6 
LOG (lattice-best-path[5.5.620~1-dce1dc]:main():lattice-best-path.cc:99) For utterance jackson_6_7, best cost 133.517 + 6409.05 = 6542.57 over 62 frames.
jackson_6_7 six 
LOG (lattice-best-path[5.5.620~1-dce1dc]:main():lattice-best-path.cc:99) For utterance jackson_6_8, best cost 150.848 + 8409.93 = 8560.77 over 81 frames.
jackson_6_8 six 
LOG (lattice-best-path[5.5.620~1-dce1dc]:main():lattice-best-path.cc:99) For utterance jackson_6_9, best cost 144.746 + 8090.17 = 8234.91 over 81 frames.
jackson_6_9 six 
LOG (lattice-best-path[5.5.620~1-dce1dc]:main():lattice-best-path.cc:99) For utterance jackson_7_0, best cost 119.43 + 4360.58 = 4480.01 over 41 frames.
jackson_7_0 seven 
LOG (lattice-best-path[5.5.620~1-dce1dc]:main():lattice-best-path.cc:99) For utterance jackson_7_1, best cost 130.383 + 4184.14 = 4314.53 over 45 frames.
jackson_7_1 seven 
LOG (lattice-best-path[5.5.620~1-dce1dc]:main():lattice-best-path.cc:99) For utterance jackson_7_10, best cost 127.5 + 3991.23 = 4118.73 over 42 frames.
jackson_7_10 seven 
LOG (lattice-best-path[5.5.620~1-dce1dc]:main():lattice-best-path.cc:99) For utterance jackson_7_11, best cost 51.885 + 3984.77 = 4036.66 over 39 frames.
jackson_7_11 
LOG (lattice-best-path[5.5.620~1-dce1dc]:main():lattice-best-path.cc:99) For utterance jackson_7_12, best cost 114.084 + 4355.59 = 4469.67 over 42 frames.
jackson_7_12 seven 
LOG (lattice-best-path[5.5.620~1-dce1dc]:main():lattice-best-path.cc:99) For utterance jackson_7_13, best cost 126.083 + 4318.79 = 4444.87 over 43 frames.
jackson_7_13 seven 
LOG (lattice-best-path[5.5.620~1-dce1dc]:main():lattice-best-path.cc:99) For utterance jackson_7_14, best cost 122.485 + 4545.75 = 4668.24 over 46 frames.
jackson_7_14 seven 
LOG (lattice-best-path[5.5.620~1-dce1dc]:main():lattice-best-path.cc:99) For utterance jackson_7_15, best cost 119.483 + 3947.99 = 4067.48 over 38 frames.
jackson_7_15 seven 
LOG (lattice-best-path[5.5.620~1-dce1dc]:main():lattice-best-path.cc:99) For utterance jackson_7_16, best cost 54.4669 + 4300.24 = 4354.71 over 41 frames.
jackson_7_16 
LOG (lattice-best-path[5.5.620~1-dce1dc]:main():lattice-best-path.cc:99) For utterance jackson_7_17, best cost 123.926 + 4686.4 = 4810.32 over 45 frames.
jackson_7_17 seven 
LOG (lattice-best-path[5.5.620~1-dce1dc]:main():lattice-best-path.cc:99) For utterance jackson_7_18, best cost 113.164 + 4001.85 = 4115.02 over 39 frames.
jackson_7_18 seven 
LOG (lattice-best-path[5.5.620~1-dce1dc]:main():lattice-best-path.cc:99) For utterance jackson_7_19, best cost 123.49 + 4523.14 = 4646.63 over 45 frames.
jackson_7_19 seven 
LOG (lattice-best-path[5.5.620~1-dce1dc]:main():lattice-best-path.cc:99) For utterance jackson_7_2, best cost 111.265 + 3509.92 = 3621.18 over 36 frames.
jackson_7_2 seven 
LOG (lattice-best-path[5.5.620~1-dce1dc]:main():lattice-best-path.cc:99) For utterance jackson_7_20, best cost 124.398 + 4646.73 = 4771.13 over 44 frames.
jackson_7_20 seven 
LOG (lattice-best-path[5.5.620~1-dce1dc]:main():lattice-best-path.cc:99) For utterance jackson_7_21, best cost 132.72 + 5033.96 = 5166.68 over 50 frames.
jackson_7_21 seven 
LOG (lattice-best-path[5.5.620~1-dce1dc]:main():lattice-best-path.cc:99) For utterance jackson_7_22, best cost 116.998 + 4388.16 = 4505.16 over 42 frames.
jackson_7_22 seven 
LOG (lattice-best-path[5.5.620~1-dce1dc]:main():lattice-best-path.cc:99) For utterance jackson_7_23, best cost 125.064 + 5156.73 = 5281.8 over 54 frames.
jackson_7_23 seven 
LOG (lattice-best-path[5.5.620~1-dce1dc]:main():lattice-best-path.cc:99) For utterance jackson_7_24, best cost 120.09 + 4455.35 = 4575.44 over 42 frames.
jackson_7_24 seven 
LOG (lattice-best-path[5.5.620~1-dce1dc]:main():lattice-best-path.cc:99) For utterance jackson_7_25, best cost 116.994 + 4918.03 = 5035.03 over 45 frames.
jackson_7_25 seven 
LOG (lattice-best-path[5.5.620~1-dce1dc]:main():lattice-best-path.cc:99) For utterance jackson_7_26, best cost 121.855 + 4916.38 = 5038.24 over 47 frames.
jackson_7_26 seven 
LOG (lattice-best-path[5.5.620~1-dce1dc]:main():lattice-best-path.cc:99) For utterance jackson_7_27, best cost 121.676 + 4976.38 = 5098.05 over 47 frames.
jackson_7_27 nine 
LOG (lattice-best-path[5.5.620~1-dce1dc]:main():lattice-best-path.cc:99) For utterance jackson_7_28, best cost 118.082 + 4245.25 = 4363.33 over 41 frames.
jackson_7_28 seven 
LOG (lattice-best-path[5.5.620~1-dce1dc]:main():lattice-best-path.cc:99) For utterance jackson_7_29, best cost 152.499 + 4307.97 = 4460.46 over 43 frames.
jackson_7_29 seven 
LOG (lattice-best-path[5.5.620~1-dce1dc]:main():lattice-best-path.cc:99) For utterance jackson_7_3, best cost 114.516 + 3986.09 = 4100.61 over 41 frames.
jackson_7_3 seven 
LOG (lattice-best-path[5.5.620~1-dce1dc]:main():lattice-best-path.cc:99) For utterance jackson_7_30, best cost 119.673 + 4345.39 = 4465.06 over 44 frames.
jackson_7_30 seven 
LOG (lattice-best-path[5.5.620~1-dce1dc]:main():lattice-best-path.cc:99) For utterance jackson_7_31, best cost 121.232 + 3872.47 = 3993.7 over 40 frames.
jackson_7_31 seven 
LOG (lattice-best-path[5.5.620~1-dce1dc]:main():lattice-best-path.cc:99) For utterance jackson_7_32, best cost 119.451 + 5225.25 = 5344.7 over 52 frames.
jackson_7_32 seven 
LOG (lattice-best-path[5.5.620~1-dce1dc]:main():lattice-best-path.cc:99) For utterance jackson_7_33, best cost 127.784 + 5298.58 = 5426.36 over 52 frames.
jackson_7_33 seven 
LOG (lattice-best-path[5.5.620~1-dce1dc]:main():lattice-best-path.cc:99) For utterance jackson_7_34, best cost 124.786 + 5272.76 = 5397.55 over 49 frames.
jackson_7_34 seven 
LOG (lattice-best-path[5.5.620~1-dce1dc]:main():lattice-best-path.cc:99) For utterance jackson_7_35, best cost 118.156 + 3613.91 = 3732.07 over 39 frames.
jackson_7_35 seven 
LOG (lattice-best-path[5.5.620~1-dce1dc]:main():lattice-best-path.cc:99) For utterance jackson_7_36, best cost 116.472 + 3829.66 = 3946.13 over 38 frames.
jackson_7_36 seven 
LOG (lattice-best-path[5.5.620~1-dce1dc]:main():lattice-best-path.cc:99) For utterance jackson_7_37, best cost 115.825 + 3783.74 = 3899.57 over 39 frames.
jackson_7_37 seven 
LOG (lattice-best-path[5.5.620~1-dce1dc]:main():lattice-best-path.cc:99) For utterance jackson_7_38, best cost 150.12 + 5179.16 = 5329.28 over 46 frames.
jackson_7_38 nine 
LOG (lattice-best-path[5.5.620~1-dce1dc]:main():lattice-best-path.cc:99) For utterance jackson_7_39, best cost 137.036 + 5142.21 = 5279.25 over 49 frames.
jackson_7_39 seven 
LOG (lattice-best-path[5.5.620~1-dce1dc]:main():lattice-best-path.cc:99) For utterance jackson_7_4, best cost 123.625 + 4202.5 = 4326.12 over 40 frames.
jackson_7_4 seven 
LOG (lattice-best-path[5.5.620~1-dce1dc]:main():lattice-best-path.cc:99) For utterance jackson_7_40, best cost 119.002 + 4774.34 = 4893.34 over 47 frames.
jackson_7_40 nine 
LOG (lattice-best-path[5.5.620~1-dce1dc]:main():lattice-best-path.cc:99) For utterance jackson_7_41, best cost 157.679 + 5037.96 = 5195.64 over 48 frames.
jackson_7_41 nine 
LOG (lattice-best-path[5.5.620~1-dce1dc]:main():lattice-best-path.cc:99) For utterance jackson_7_42, best cost 55.2301 + 4882.85 = 4938.08 over 46 frames.
jackson_7_42 
LOG (lattice-best-path[5.5.620~1-dce1dc]:main():lattice-best-path.cc:99) For utterance jackson_7_43, best cost 138.909 + 5338.76 = 5477.67 over 52 frames.
jackson_7_43 seven 
LOG (lattice-best-path[5.5.620~1-dce1dc]:main():lattice-best-path.cc:99) For utterance jackson_7_44, best cost 120.947 + 5007.81 = 5128.76 over 49 frames.
jackson_7_44 five 
LOG (lattice-best-path[5.5.620~1-dce1dc]:main():lattice-best-path.cc:99) For utterance jackson_7_45, best cost 132.894 + 4464.91 = 4597.8 over 44 frames.
jackson_7_45 seven 
LOG (lattice-best-path[5.5.620~1-dce1dc]:main():lattice-best-path.cc:99) For utterance jackson_7_46, best cost 129.233 + 4836.82 = 4966.05 over 47 frames.
jackson_7_46 seven 
LOG (lattice-best-path[5.5.620~1-dce1dc]:main():lattice-best-path.cc:99) For utterance jackson_7_47, best cost 133.211 + 4956.24 = 5089.45 over 47 frames.
jackson_7_47 seven 
LOG (lattice-best-path[5.5.620~1-dce1dc]:main():lattice-best-path.cc:99) For utterance jackson_7_48, best cost 126.816 + 4532.95 = 4659.76 over 44 frames.
jackson_7_48 seven 
LOG (lattice-best-path[5.5.620~1-dce1dc]:main():lattice-best-path.cc:99) For utterance jackson_7_49, best cost 133.851 + 5016 = 5149.85 over 47 frames.
jackson_7_49 seven 
LOG (lattice-best-path[5.5.620~1-dce1dc]:main():lattice-best-path.cc:99) For utterance jackson_7_5, best cost 136.225 + 4200.59 = 4336.81 over 43 frames.
jackson_7_5 seven 
LOG (lattice-best-path[5.5.620~1-dce1dc]:main():lattice-best-path.cc:99) For utterance jackson_7_6, best cost 120.099 + 4442.86 = 4562.96 over 43 frames.
jackson_7_6 seven 
LOG (lattice-best-path[5.5.620~1-dce1dc]:main():lattice-best-path.cc:99) For utterance jackson_7_7, best cost 118.534 + 3955.33 = 4073.86 over 40 frames.
jackson_7_7 seven 
LOG (lattice-best-path[5.5.620~1-dce1dc]:main():lattice-best-path.cc:99) For utterance jackson_7_8, best cost 47.999 + 4354.99 = 4402.99 over 41 frames.
jackson_7_8 
LOG (lattice-best-path[5.5.620~1-dce1dc]:main():lattice-best-path.cc:99) For utterance jackson_7_9, best cost 48.1998 + 4439.87 = 4488.07 over 42 frames.
jackson_7_9 
LOG (lattice-best-path[5.5.620~1-dce1dc]:main():lattice-best-path.cc:99) For utterance jackson_8_0, best cost 106.961 + 3225.05 = 3332.01 over 33 frames.
jackson_8_0 eight 
LOG (lattice-best-path[5.5.620~1-dce1dc]:main():lattice-best-path.cc:99) For utterance jackson_8_1, best cost 100.875 + 3833.19 = 3934.06 over 38 frames.
jackson_8_1 eight 
LOG (lattice-best-path[5.5.620~1-dce1dc]:main():lattice-best-path.cc:99) For utterance jackson_8_10, best cost 107.195 + 3381.68 = 3488.88 over 34 frames.
jackson_8_10 eight 
LOG (lattice-best-path[5.5.620~1-dce1dc]:main():lattice-best-path.cc:99) For utterance jackson_8_11, best cost 108.784 + 3958.44 = 4067.23 over 39 frames.
jackson_8_11 eight 
LOG (lattice-best-path[5.5.620~1-dce1dc]:main():lattice-best-path.cc:99) For utterance jackson_8_12, best cost 107.907 + 3364.46 = 3472.37 over 34 frames.
jackson_8_12 eight 
LOG (lattice-best-path[5.5.620~1-dce1dc]:main():lattice-best-path.cc:99) For utterance jackson_8_13, best cost 100.507 + 3968.66 = 4069.16 over 36 frames.
jackson_8_13 eight 
LOG (lattice-best-path[5.5.620~1-dce1dc]:main():lattice-best-path.cc:99) For utterance jackson_8_14, best cost 106.653 + 3327.62 = 3434.28 over 34 frames.
jackson_8_14 eight 
LOG (lattice-best-path[5.5.620~1-dce1dc]:main():lattice-best-path.cc:99) For utterance jackson_8_15, best cost 107.687 + 3874.07 = 3981.76 over 37 frames.
jackson_8_15 eight 
LOG (lattice-best-path[5.5.620~1-dce1dc]:main():lattice-best-path.cc:99) For utterance jackson_8_16, best cost 106.531 + 3349.35 = 3455.88 over 33 frames.
jackson_8_16 eight 
LOG (lattice-best-path[5.5.620~1-dce1dc]:main():lattice-best-path.cc:99) For utterance jackson_8_17, best cost 98.753 + 4120.61 = 4219.36 over 38 frames.
jackson_8_17 eight 
LOG (lattice-best-path[5.5.620~1-dce1dc]:main():lattice-best-path.cc:99) For utterance jackson_8_18, best cost 100.786 + 3874.01 = 3974.8 over 38 frames.
jackson_8_18 eight 
LOG (lattice-best-path[5.5.620~1-dce1dc]:main():lattice-best-path.cc:99) For utterance jackson_8_19, best cost 100.063 + 3844.99 = 3945.06 over 36 frames.
jackson_8_19 eight 
LOG (lattice-best-path[5.5.620~1-dce1dc]:main():lattice-best-path.cc:99) For utterance jackson_8_2, best cost 99.8018 + 3813.47 = 3913.27 over 36 frames.
jackson_8_2 eight 
LOG (lattice-best-path[5.5.620~1-dce1dc]:main():lattice-best-path.cc:99) For utterance jackson_8_20, best cost 99.5678 + 3949.86 = 4049.43 over 37 frames.
jackson_8_20 eight 
LOG (lattice-best-path[5.5.620~1-dce1dc]:main():lattice-best-path.cc:99) For utterance jackson_8_21, best cost 99.2482 + 3840.73 = 3939.98 over 37 frames.
jackson_8_21 eight 
LOG (lattice-best-path[5.5.620~1-dce1dc]:main():lattice-best-path.cc:99) For utterance jackson_8_22, best cost 101.981 + 4368.33 = 4470.31 over 43 frames.
jackson_8_22 eight 
LOG (lattice-best-path[5.5.620~1-dce1dc]:main():lattice-best-path.cc:99) For utterance jackson_8_23, best cost 101.979 + 4155.07 = 4257.05 over 42 frames.
jackson_8_23 eight 
LOG (lattice-best-path[5.5.620~1-dce1dc]:main():lattice-best-path.cc:99) For utterance jackson_8_24, best cost 98.2854 + 3547.97 = 3646.25 over 35 frames.
jackson_8_24 eight 
LOG (lattice-best-path[5.5.620~1-dce1dc]:main():lattice-best-path.cc:99) For utterance jackson_8_25, best cost 108.011 + 3848.4 = 3956.41 over 38 frames.
jackson_8_25 eight 
LOG (lattice-best-path[5.5.620~1-dce1dc]:main():lattice-best-path.cc:99) For utterance jackson_8_26, best cost 112.498 + 4579.47 = 4691.97 over 44 frames.
jackson_8_26 eight 
LOG (lattice-best-path[5.5.620~1-dce1dc]:main():lattice-best-path.cc:99) For utterance jackson_8_27, best cost 110.607 + 3780.65 = 3891.26 over 39 frames.
jackson_8_27 eight 
LOG (lattice-best-path[5.5.620~1-dce1dc]:main():lattice-best-path.cc:99) For utterance jackson_8_28, best cost 108.239 + 3828.64 = 3936.88 over 39 frames.
jackson_8_28 eight 
LOG (lattice-best-path[5.5.620~1-dce1dc]:main():lattice-best-path.cc:99) For utterance jackson_8_29, best cost 100.42 + 3678.8 = 3779.22 over 38 frames.
jackson_8_29 eight 
LOG (lattice-best-path[5.5.620~1-dce1dc]:main():lattice-best-path.cc:99) For utterance jackson_8_3, best cost 98.4952 + 3902.36 = 4000.86 over 37 frames.
jackson_8_3 eight 
LOG (lattice-best-path[5.5.620~1-dce1dc]:main():lattice-best-path.cc:99) For utterance jackson_8_30, best cost 101.815 + 4142.32 = 4244.14 over 42 frames.
jackson_8_30 eight 
LOG (lattice-best-path[5.5.620~1-dce1dc]:main():lattice-best-path.cc:99) For utterance jackson_8_31, best cost 108.446 + 4150.7 = 4259.15 over 40 frames.
jackson_8_31 eight 
LOG (lattice-best-path[5.5.620~1-dce1dc]:main():lattice-best-path.cc:99) For utterance jackson_8_32, best cost 102.949 + 4603.75 = 4706.7 over 44 frames.
jackson_8_32 eight 
LOG (lattice-best-path[5.5.620~1-dce1dc]:main():lattice-best-path.cc:99) For utterance jackson_8_33, best cost 109.153 + 4684.69 = 4793.84 over 43 frames.
jackson_8_33 eight 
LOG (lattice-best-path[5.5.620~1-dce1dc]:main():lattice-best-path.cc:99) For utterance jackson_8_34, best cost 103.265 + 4564.05 = 4667.31 over 46 frames.
jackson_8_34 eight 
LOG (lattice-best-path[5.5.620~1-dce1dc]:main():lattice-best-path.cc:99) For utterance jackson_8_35, best cost 104.177 + 4584.92 = 4689.1 over 46 frames.
jackson_8_35 eight 
LOG (lattice-best-path[5.5.620~1-dce1dc]:main():lattice-best-path.cc:99) For utterance jackson_8_36, best cost 99.37 + 4203 = 4302.37 over 40 frames.
jackson_8_36 eight 
LOG (lattice-best-path[5.5.620~1-dce1dc]:main():lattice-best-path.cc:99) For utterance jackson_8_37, best cost 100.168 + 4060.74 = 4160.91 over 39 frames.
jackson_8_37 eight 
LOG (lattice-best-path[5.5.620~1-dce1dc]:main():lattice-best-path.cc:99) For utterance jackson_8_38, best cost 82.5645 + 4475.55 = 4558.12 over 43 frames.
jackson_8_38 
LOG (lattice-best-path[5.5.620~1-dce1dc]:main():lattice-best-path.cc:99) For utterance jackson_8_39, best cost 111.75 + 4688.34 = 4800.09 over 45 frames.
jackson_8_39 eight 
LOG (lattice-best-path[5.5.620~1-dce1dc]:main():lattice-best-path.cc:99) For utterance jackson_8_4, best cost 108.21 + 4096.83 = 4205.04 over 39 frames.
jackson_8_4 eight 
LOG (lattice-best-path[5.5.620~1-dce1dc]:main():lattice-best-path.cc:99) For utterance jackson_8_40, best cost 103.174 + 4187.47 = 4290.64 over 42 frames.
jackson_8_40 eight 
LOG (lattice-best-path[5.5.620~1-dce1dc]:main():lattice-best-path.cc:99) For utterance jackson_8_41, best cost 115.49 + 5984.24 = 6099.73 over 56 frames.
jackson_8_41 eight 
LOG (lattice-best-path[5.5.620~1-dce1dc]:main():lattice-best-path.cc:99) For utterance jackson_8_42, best cost 101.966 + 3887.14 = 3989.11 over 40 frames.
jackson_8_42 eight 
LOG (lattice-best-path[5.5.620~1-dce1dc]:main():lattice-best-path.cc:99) For utterance jackson_8_43, best cost 102.268 + 3952.6 = 4054.86 over 40 frames.
jackson_8_43 eight 
LOG (lattice-best-path[5.5.620~1-dce1dc]:main():lattice-best-path.cc:99) For utterance jackson_8_44, best cost 110.189 + 4277.86 = 4388.05 over 42 frames.
jackson_8_44 eight 
LOG (lattice-best-path[5.5.620~1-dce1dc]:main():lattice-best-path.cc:99) For utterance jackson_8_45, best cost 101.732 + 4370.87 = 4472.6 over 42 frames.
jackson_8_45 eight 
LOG (lattice-best-path[5.5.620~1-dce1dc]:main():lattice-best-path.cc:99) For utterance jackson_8_46, best cost 101.428 + 4154.05 = 4255.48 over 40 frames.
jackson_8_46 eight 
LOG (lattice-best-path[5.5.620~1-dce1dc]:main():lattice-best-path.cc:99) For utterance jackson_8_47, best cost 101.204 + 4089.62 = 4190.82 over 41 frames.
jackson_8_47 eight 
LOG (lattice-best-path[5.5.620~1-dce1dc]:main():lattice-best-path.cc:99) For utterance jackson_8_48, best cost 80.7408 + 4214.94 = 4295.68 over 40 frames.
jackson_8_48 
LOG (lattice-best-path[5.5.620~1-dce1dc]:main():lattice-best-path.cc:99) For utterance jackson_8_49, best cost 111.469 + 4523.98 = 4635.45 over 45 frames.
jackson_8_49 eight 
LOG (lattice-best-path[5.5.620~1-dce1dc]:main():lattice-best-path.cc:99) For utterance jackson_8_5, best cost 101.991 + 4141.41 = 4243.41 over 41 frames.
jackson_8_5 eight 
LOG (lattice-best-path[5.5.620~1-dce1dc]:main():lattice-best-path.cc:99) For utterance jackson_8_6, best cost 101.312 + 4174.91 = 4276.22 over 40 frames.
jackson_8_6 eight 
LOG (lattice-best-path[5.5.620~1-dce1dc]:main():lattice-best-path.cc:99) For utterance jackson_8_7, best cost 110.039 + 4498.48 = 4608.52 over 41 frames.
jackson_8_7 eight 
LOG (lattice-best-path[5.5.620~1-dce1dc]:main():lattice-best-path.cc:99) For utterance jackson_8_8, best cost 98.1353 + 3694.77 = 3792.91 over 35 frames.
jackson_8_8 eight 
LOG (lattice-best-path[5.5.620~1-dce1dc]:main():lattice-best-path.cc:99) For utterance jackson_8_9, best cost 46.1998 + 3914.74 = 3960.94 over 36 frames.
jackson_8_9 
LOG (lattice-best-path[5.5.620~1-dce1dc]:main():lattice-best-path.cc:99) For utterance jackson_9_0, best cost 139.442 + 5294.88 = 5434.32 over 58 frames.
jackson_9_0 nine 
LOG (lattice-best-path[5.5.620~1-dce1dc]:main():lattice-best-path.cc:99) For utterance jackson_9_1, best cost 119.972 + 5409.11 = 5529.08 over 55 frames.
jackson_9_1 nine 
LOG (lattice-best-path[5.5.620~1-dce1dc]:main():lattice-best-path.cc:99) For utterance jackson_9_10, best cost 159.108 + 5096.98 = 5256.08 over 49 frames.
jackson_9_10 one 
LOG (lattice-best-path[5.5.620~1-dce1dc]:main():lattice-best-path.cc:99) For utterance jackson_9_11, best cost 130.985 + 6023.98 = 6154.96 over 60 frames.
jackson_9_11 nine 
LOG (lattice-best-path[5.5.620~1-dce1dc]:main():lattice-best-path.cc:99) For utterance jackson_9_12, best cost 123.879 + 5477.6 = 5601.48 over 56 frames.
jackson_9_12 nine 
LOG (lattice-best-path[5.5.620~1-dce1dc]:main():lattice-best-path.cc:99) For utterance jackson_9_13, best cost 134.547 + 5533.79 = 5668.33 over 57 frames.
jackson_9_13 nine 
LOG (lattice-best-path[5.5.620~1-dce1dc]:main():lattice-best-path.cc:99) For utterance jackson_9_14, best cost 143.059 + 6152.85 = 6295.91 over 60 frames.
jackson_9_14 nine 
LOG (lattice-best-path[5.5.620~1-dce1dc]:main():lattice-best-path.cc:99) For utterance jackson_9_15, best cost 129.862 + 5818.19 = 5948.06 over 57 frames.
jackson_9_15 nine 
LOG (lattice-best-path[5.5.620~1-dce1dc]:main():lattice-best-path.cc:99) For utterance jackson_9_16, best cost 133.003 + 4420.11 = 4553.11 over 45 frames.
jackson_9_16 nine 
LOG (lattice-best-path[5.5.620~1-dce1dc]:main():lattice-best-path.cc:99) For utterance jackson_9_17, best cost 126.232 + 4524.39 = 4650.62 over 46 frames.
jackson_9_17 nine 
LOG (lattice-best-path[5.5.620~1-dce1dc]:main():lattice-best-path.cc:99) For utterance jackson_9_18, best cost 122.241 + 5298.54 = 5420.78 over 52 frames.
jackson_9_18 one 
LOG (lattice-best-path[5.5.620~1-dce1dc]:main():lattice-best-path.cc:99) For utterance jackson_9_19, best cost 120.198 + 5044.36 = 5164.55 over 52 frames.
jackson_9_19 nine 
LOG (lattice-best-path[5.5.620~1-dce1dc]:main():lattice-best-path.cc:99) For utterance jackson_9_2, best cost 143.859 + 5597.62 = 5741.48 over 56 frames.
jackson_9_2 nine 
LOG (lattice-best-path[5.5.620~1-dce1dc]:main():lattice-best-path.cc:99) For utterance jackson_9_20, best cost 139.983 + 5463.06 = 5603.04 over 57 frames.
jackson_9_20 nine 
LOG (lattice-best-path[5.5.620~1-dce1dc]:main():lattice-best-path.cc:99) For utterance jackson_9_21, best cost 123.151 + 5179.98 = 5303.13 over 52 frames.
jackson_9_21 nine 
LOG (lattice-best-path[5.5.620~1-dce1dc]:main():lattice-best-path.cc:99) For utterance jackson_9_22, best cost 136.451 + 4902.11 = 5038.57 over 50 frames.
jackson_9_22 nine 
LOG (lattice-best-path[5.5.620~1-dce1dc]:main():lattice-best-path.cc:99) For utterance jackson_9_23, best cost 124.892 + 5906.72 = 6031.61 over 60 frames.
jackson_9_23 nine 
LOG (lattice-best-path[5.5.620~1-dce1dc]:main():lattice-best-path.cc:99) For utterance jackson_9_24, best cost 123.094 + 5133.26 = 5256.35 over 52 frames.
jackson_9_24 nine 
LOG (lattice-best-path[5.5.620~1-dce1dc]:main():lattice-best-path.cc:99) For utterance jackson_9_25, best cost 117.706 + 4547.16 = 4664.87 over 47 frames.
jackson_9_25 nine 
LOG (lattice-best-path[5.5.620~1-dce1dc]:main():lattice-best-path.cc:99) For utterance jackson_9_26, best cost 124.563 + 5697.05 = 5821.61 over 60 frames.
jackson_9_26 nine 
LOG (lattice-best-path[5.5.620~1-dce1dc]:main():lattice-best-path.cc:99) For utterance jackson_9_27, best cost 128.586 + 5604.01 = 5732.59 over 59 frames.
jackson_9_27 nine 
LOG (lattice-best-path[5.5.620~1-dce1dc]:main():lattice-best-path.cc:99) For utterance jackson_9_28, best cost 123.147 + 5472 = 5595.15 over 59 frames.
jackson_9_28 nine 
LOG (lattice-best-path[5.5.620~1-dce1dc]:main():lattice-best-path.cc:99) For utterance jackson_9_29, best cost 119.192 + 4703.18 = 4822.37 over 50 frames.
jackson_9_29 nine 
LOG (lattice-best-path[5.5.620~1-dce1dc]:main():lattice-best-path.cc:99) For utterance jackson_9_3, best cost 144.473 + 5347.56 = 5492.03 over 52 frames.
jackson_9_3 nine 
LOG (lattice-best-path[5.5.620~1-dce1dc]:main():lattice-best-path.cc:99) For utterance jackson_9_30, best cost 62.6834 + 7120.92 = 7183.6 over 62 frames.
jackson_9_30 
LOG (lattice-best-path[5.5.620~1-dce1dc]:main():lattice-best-path.cc:99) For utterance jackson_9_31, best cost 155.896 + 6628.2 = 6784.1 over 63 frames.
jackson_9_31 nine 
LOG (lattice-best-path[5.5.620~1-dce1dc]:main():lattice-best-path.cc:99) For utterance jackson_9_32, best cost 141.622 + 6388.33 = 6529.96 over 62 frames.
jackson_9_32 nine 
LOG (lattice-best-path[5.5.620~1-dce1dc]:main():lattice-best-path.cc:99) For utterance jackson_9_33, best cost 128.998 + 6945.45 = 7074.45 over 66 frames.
jackson_9_33 nine 
LOG (lattice-best-path[5.5.620~1-dce1dc]:main():lattice-best-path.cc:99) For utterance jackson_9_34, best cost 135.765 + 6695.62 = 6831.39 over 66 frames.
jackson_9_34 nine 
LOG (lattice-best-path[5.5.620~1-dce1dc]:main():lattice-best-path.cc:99) For utterance jackson_9_35, best cost 137.078 + 6611.96 = 6749.04 over 64 frames.
jackson_9_35 nine 
LOG (lattice-best-path[5.5.620~1-dce1dc]:main():lattice-best-path.cc:99) For utterance jackson_9_36, best cost 63.9282 + 6859.32 = 6923.25 over 64 frames.
jackson_9_36 
LOG (lattice-best-path[5.5.620~1-dce1dc]:main():lattice-best-path.cc:99) For utterance jackson_9_37, best cost 56.9822 + 6510.88 = 6567.87 over 60 frames.
jackson_9_37 
LOG (lattice-best-path[5.5.620~1-dce1dc]:main():lattice-best-path.cc:99) For utterance jackson_9_38, best cost 63.4624 + 6653.92 = 6717.38 over 63 frames.
jackson_9_38 
LOG (lattice-best-path[5.5.620~1-dce1dc]:main():lattice-best-path.cc:99) For utterance jackson_9_39, best cost 124.63 + 6209.32 = 6333.95 over 58 frames.
jackson_9_39 nine 
LOG (lattice-best-path[5.5.620~1-dce1dc]:main():lattice-best-path.cc:99) For utterance jackson_9_4, best cost 142.523 + 5567.87 = 5710.4 over 56 frames.
jackson_9_4 nine 
LOG (lattice-best-path[5.5.620~1-dce1dc]:main():lattice-best-path.cc:99) For utterance jackson_9_40, best cost 56.7172 + 6654.57 = 6711.28 over 60 frames.
jackson_9_40 
LOG (lattice-best-path[5.5.620~1-dce1dc]:main():lattice-best-path.cc:99) For utterance jackson_9_41, best cost 59.2699 + 6021.91 = 6081.18 over 54 frames.
jackson_9_41 
LOG (lattice-best-path[5.5.620~1-dce1dc]:main():lattice-best-path.cc:99) For utterance jackson_9_42, best cost 138.287 + 5850.39 = 5988.68 over 56 frames.
jackson_9_42 nine 
LOG (lattice-best-path[5.5.620~1-dce1dc]:main():lattice-best-path.cc:99) For utterance jackson_9_43, best cost 122.984 + 6401.1 = 6524.08 over 60 frames.
jackson_9_43 nine 
LOG (lattice-best-path[5.5.620~1-dce1dc]:main():lattice-best-path.cc:99) For utterance jackson_9_44, best cost 159.385 + 6257.9 = 6417.28 over 58 frames.
jackson_9_44 nine 
LOG (lattice-best-path[5.5.620~1-dce1dc]:main():lattice-best-path.cc:99) For utterance jackson_9_45, best cost 115.706 + 5304.41 = 5420.11 over 52 frames.
jackson_9_45 nine 
LOG (lattice-best-path[5.5.620~1-dce1dc]:main():lattice-best-path.cc:99) For utterance jackson_9_46, best cost 57.5847 + 6870.82 = 6928.41 over 63 frames.
jackson_9_46 
LOG (lattice-best-path[5.5.620~1-dce1dc]:main():lattice-best-path.cc:99) For utterance jackson_9_47, best cost 56.6488 + 6433.95 = 6490.6 over 59 frames.
jackson_9_47 
LOG (lattice-best-path[5.5.620~1-dce1dc]:main():lattice-best-path.cc:99) For utterance jackson_9_48, best cost 56.6488 + 6496.42 = 6553.07 over 59 frames.
jackson_9_48 
LOG (lattice-best-path[5.5.620~1-dce1dc]:main():lattice-best-path.cc:99) For utterance jackson_9_49, best cost 131.617 + 6520.25 = 6651.87 over 62 frames.
jackson_9_49 nine 
LOG (lattice-best-path[5.5.620~1-dce1dc]:main():lattice-best-path.cc:99) For utterance jackson_9_5, best cost 137.912 + 5355.95 = 5493.86 over 56 frames.
jackson_9_5 nine 
LOG (lattice-best-path[5.5.620~1-dce1dc]:main():lattice-best-path.cc:99) For utterance jackson_9_6, best cost 127.596 + 5251.91 = 5379.51 over 54 frames.
jackson_9_6 nine 
LOG (lattice-best-path[5.5.620~1-dce1dc]:main():lattice-best-path.cc:99) For utterance jackson_9_7, best cost 126.907 + 5161.73 = 5288.64 over 52 frames.
jackson_9_7 nine 
LOG (lattice-best-path[5.5.620~1-dce1dc]:main():lattice-best-path.cc:99) For utterance jackson_9_8, best cost 118.088 + 6130.91 = 6249 over 62 frames.
jackson_9_8 nine 
LOG (lattice-best-path[5.5.620~1-dce1dc]:main():lattice-best-path.cc:99) For utterance jackson_9_9, best cost 52.4606 + 5268.39 = 5320.85 over 52 frames.
jackson_9_9 
LOG (lattice-best-path[5.5.620~1-dce1dc]:main():lattice-best-path.cc:124) Overall cost per frame is 104.192 = 2.40298 [graph] + 101.789 [acoustic] over 24827 frames.
LOG (lattice-best-path[5.5.620~1-dce1dc]:main():lattice-best-path.cc:128) Done 500 lattices, failed for 0
# Accounting: time=0 threads=1
# Ended (code 0) at ح فيفري  2 11:07:35 CET 2020, elapsed time 0 seconds
