# lattice-best-path --lm-scale=11 --word-symbol-table=exp/mono/graph/words.txt "ark:gunzip -c exp/mono/decode/lat.*.gz|" ark,t:exp/mono/decode/scoring/11.tra 
# Started at ح فيفري  2 11:07:34 CET 2020
#
lattice-best-path --lm-scale=11 --word-symbol-table=exp/mono/graph/words.txt 'ark:gunzip -c exp/mono/decode/lat.*.gz|' ark,t:exp/mono/decode/scoring/11.tra 
LOG (lattice-best-path[5.5.620~1-dce1dc]:main():lattice-best-path.cc:99) For utterance jackson_0_0, best cost 98.6005 + 6111.14 = 6209.74 over 62 frames.
jackson_0_0 zero 
LOG (lattice-best-path[5.5.620~1-dce1dc]:main():lattice-best-path.cc:99) For utterance jackson_0_1, best cost 87.2733 + 5162.9 = 5250.18 over 51 frames.
jackson_0_1 zero 
LOG (lattice-best-path[5.5.620~1-dce1dc]:main():lattice-best-path.cc:99) For utterance jackson_0_10, best cost 93.4302 + 6309.81 = 6403.24 over 66 frames.
jackson_0_10 zero 
LOG (lattice-best-path[5.5.620~1-dce1dc]:main():lattice-best-path.cc:99) For utterance jackson_0_11, best cost 108.701 + 5714.99 = 5823.69 over 59 frames.
jackson_0_11 zero 
LOG (lattice-best-path[5.5.620~1-dce1dc]:main():lattice-best-path.cc:99) For utterance jackson_0_12, best cost 87.8958 + 5046.34 = 5134.24 over 49 frames.
jackson_0_12 zero 
LOG (lattice-best-path[5.5.620~1-dce1dc]:main():lattice-best-path.cc:99) For utterance jackson_0_13, best cost 90.5452 + 5589.43 = 5679.98 over 57 frames.
jackson_0_13 zero 
LOG (lattice-best-path[5.5.620~1-dce1dc]:main():lattice-best-path.cc:99) For utterance jackson_0_14, best cost 97.6663 + 5825.73 = 5923.4 over 60 frames.
jackson_0_14 zero 
LOG (lattice-best-path[5.5.620~1-dce1dc]:main():lattice-best-path.cc:99) For utterance jackson_0_15, best cost 94.1205 + 6182.23 = 6276.35 over 62 frames.
jackson_0_15 zero 
LOG (lattice-best-path[5.5.620~1-dce1dc]:main():lattice-best-path.cc:99) For utterance jackson_0_16, best cost 92.1809 + 5305.59 = 5397.77 over 53 frames.
jackson_0_16 zero 
LOG (lattice-best-path[5.5.620~1-dce1dc]:main():lattice-best-path.cc:99) For utterance jackson_0_17, best cost 100.03 + 5130.9 = 5230.93 over 51 frames.
jackson_0_17 zero 
LOG (lattice-best-path[5.5.620~1-dce1dc]:main():lattice-best-path.cc:99) For utterance jackson_0_18, best cost 113.913 + 6112.27 = 6226.18 over 63 frames.
jackson_0_18 zero 
LOG (lattice-best-path[5.5.620~1-dce1dc]:main():lattice-best-path.cc:99) For utterance jackson_0_19, best cost 142.373 + 6301.98 = 6444.35 over 62 frames.
jackson_0_19 zero 
LOG (lattice-best-path[5.5.620~1-dce1dc]:main():lattice-best-path.cc:99) For utterance jackson_0_2, best cost 100.211 + 4994.31 = 5094.52 over 51 frames.
jackson_0_2 zero 
LOG (lattice-best-path[5.5.620~1-dce1dc]:main():lattice-best-path.cc:99) For utterance jackson_0_20, best cost 90.7941 + 6016.71 = 6107.5 over 60 frames.
jackson_0_20 zero 
LOG (lattice-best-path[5.5.620~1-dce1dc]:main():lattice-best-path.cc:99) For utterance jackson_0_21, best cost 98.0491 + 5717.62 = 5815.67 over 58 frames.
jackson_0_21 zero 
LOG (lattice-best-path[5.5.620~1-dce1dc]:main():lattice-best-path.cc:99) For utterance jackson_0_22, best cost 93.8056 + 5737.8 = 5831.61 over 58 frames.
jackson_0_22 zero 
LOG (lattice-best-path[5.5.620~1-dce1dc]:main():lattice-best-path.cc:99) For utterance jackson_0_23, best cost 93.6318 + 5593.55 = 5687.18 over 57 frames.
jackson_0_23 zero 
LOG (lattice-best-path[5.5.620~1-dce1dc]:main():lattice-best-path.cc:99) For utterance jackson_0_24, best cost 101.917 + 6229.69 = 6331.6 over 62 frames.
jackson_0_24 zero 
LOG (lattice-best-path[5.5.620~1-dce1dc]:main():lattice-best-path.cc:99) For utterance jackson_0_25, best cost 97.2291 + 5878.02 = 5975.25 over 60 frames.
jackson_0_25 zero 
LOG (lattice-best-path[5.5.620~1-dce1dc]:main():lattice-best-path.cc:99) For utterance jackson_0_26, best cost 38.866 + 5827.57 = 5866.44 over 56 frames.
jackson_0_26 
LOG (lattice-best-path[5.5.620~1-dce1dc]:main():lattice-best-path.cc:99) For utterance jackson_0_27, best cost 91.3654 + 5911.83 = 6003.19 over 63 frames.
jackson_0_27 zero 
LOG (lattice-best-path[5.5.620~1-dce1dc]:main():lattice-best-path.cc:99) For utterance jackson_0_28, best cost 88.5469 + 6291.79 = 6380.33 over 62 frames.
jackson_0_28 zero 
LOG (lattice-best-path[5.5.620~1-dce1dc]:main():lattice-best-path.cc:99) For utterance jackson_0_29, best cost 90.9296 + 5645.46 = 5736.39 over 56 frames.
jackson_0_29 zero 
LOG (lattice-best-path[5.5.620~1-dce1dc]:main():lattice-best-path.cc:99) For utterance jackson_0_3, best cost 100.26 + 5529.01 = 5629.27 over 58 frames.
jackson_0_3 zero 
LOG (lattice-best-path[5.5.620~1-dce1dc]:main():lattice-best-path.cc:99) For utterance jackson_0_30, best cost 92.4352 + 5931.2 = 6023.63 over 62 frames.
jackson_0_30 zero 
LOG (lattice-best-path[5.5.620~1-dce1dc]:main():lattice-best-path.cc:99) For utterance jackson_0_31, best cost 90.5734 + 5294.57 = 5385.14 over 55 frames.
jackson_0_31 zero 
LOG (lattice-best-path[5.5.620~1-dce1dc]:main():lattice-best-path.cc:99) For utterance jackson_0_32, best cost 99.1047 + 6191.26 = 6290.37 over 60 frames.
jackson_0_32 zero 
LOG (lattice-best-path[5.5.620~1-dce1dc]:main():lattice-best-path.cc:99) For utterance jackson_0_33, best cost 85.1864 + 6450.9 = 6536.08 over 64 frames.
jackson_0_33 zero 
LOG (lattice-best-path[5.5.620~1-dce1dc]:main():lattice-best-path.cc:99) For utterance jackson_0_34, best cost 90.0715 + 6175.77 = 6265.84 over 64 frames.
jackson_0_34 zero 
LOG (lattice-best-path[5.5.620~1-dce1dc]:main():lattice-best-path.cc:99) For utterance jackson_0_35, best cost 90.4426 + 6246.45 = 6336.89 over 61 frames.
jackson_0_35 zero 
LOG (lattice-best-path[5.5.620~1-dce1dc]:main():lattice-best-path.cc:99) For utterance jackson_0_36, best cost 92.8488 + 5674.74 = 5767.58 over 58 frames.
jackson_0_36 zero 
LOG (lattice-best-path[5.5.620~1-dce1dc]:main():lattice-best-path.cc:99) For utterance jackson_0_37, best cost 95.1866 + 5864.41 = 5959.59 over 60 frames.
jackson_0_37 zero 
LOG (lattice-best-path[5.5.620~1-dce1dc]:main():lattice-best-path.cc:99) For utterance jackson_0_38, best cost 87.4863 + 6109.3 = 6196.79 over 64 frames.
jackson_0_38 zero 
LOG (lattice-best-path[5.5.620~1-dce1dc]:main():lattice-best-path.cc:99) For utterance jackson_0_39, best cost 84.1928 + 5377.82 = 5462.01 over 56 frames.
jackson_0_39 zero 
LOG (lattice-best-path[5.5.620~1-dce1dc]:main():lattice-best-path.cc:99) For utterance jackson_0_4, best cost 110.293 + 4822.44 = 4932.73 over 52 frames.
jackson_0_4 zero 
LOG (lattice-best-path[5.5.620~1-dce1dc]:main():lattice-best-path.cc:99) For utterance jackson_0_40, best cost 112.057 + 6479.89 = 6591.95 over 69 frames.
jackson_0_40 zero 
LOG (lattice-best-path[5.5.620~1-dce1dc]:main():lattice-best-path.cc:99) For utterance jackson_0_41, best cost 97.5462 + 6749.62 = 6847.17 over 67 frames.
jackson_0_41 zero 
LOG (lattice-best-path[5.5.620~1-dce1dc]:main():lattice-best-path.cc:99) For utterance jackson_0_42, best cost 99.4158 + 6419.29 = 6518.7 over 64 frames.
jackson_0_42 zero 
LOG (lattice-best-path[5.5.620~1-dce1dc]:main():lattice-best-path.cc:99) For utterance jackson_0_43, best cost 106.666 + 6012.47 = 6119.14 over 60 frames.
jackson_0_43 zero 
LOG (lattice-best-path[5.5.620~1-dce1dc]:main():lattice-best-path.cc:99) For utterance jackson_0_44, best cost 99.9468 + 6781.78 = 6881.73 over 65 frames.
jackson_0_44 zero 
LOG (lattice-best-path[5.5.620~1-dce1dc]:main():lattice-best-path.cc:99) For utterance jackson_0_45, best cost 41.696 + 6750.18 = 6791.87 over 64 frames.
jackson_0_45 
LOG (lattice-best-path[5.5.620~1-dce1dc]:main():lattice-best-path.cc:99) For utterance jackson_0_46, best cost 68.7448 + 6869.75 = 6938.5 over 65 frames.
jackson_0_46 
LOG (lattice-best-path[5.5.620~1-dce1dc]:main():lattice-best-path.cc:99) For utterance jackson_0_47, best cost 107.588 + 6725.3 = 6832.89 over 65 frames.
jackson_0_47 zero 
LOG (lattice-best-path[5.5.620~1-dce1dc]:main():lattice-best-path.cc:99) For utterance jackson_0_48, best cost 89.8771 + 6336.49 = 6426.37 over 63 frames.
jackson_0_48 zero 
LOG (lattice-best-path[5.5.620~1-dce1dc]:main():lattice-best-path.cc:99) For utterance jackson_0_49, best cost 115.339 + 8299.42 = 8414.76 over 76 frames.
jackson_0_49 zero 
LOG (lattice-best-path[5.5.620~1-dce1dc]:main():lattice-best-path.cc:99) For utterance jackson_0_5, best cost 90.8919 + 5227.69 = 5318.58 over 55 frames.
jackson_0_5 zero 
LOG (lattice-best-path[5.5.620~1-dce1dc]:main():lattice-best-path.cc:99) For utterance jackson_0_6, best cost 98.839 + 5960.75 = 6059.59 over 61 frames.
jackson_0_6 zero 
LOG (lattice-best-path[5.5.620~1-dce1dc]:main():lattice-best-path.cc:99) For utterance jackson_0_7, best cost 131.321 + 5198.08 = 5329.4 over 53 frames.
jackson_0_7 zero 
LOG (lattice-best-path[5.5.620~1-dce1dc]:main():lattice-best-path.cc:99) For utterance jackson_0_8, best cost 88.9859 + 5574.26 = 5663.25 over 56 frames.
jackson_0_8 zero 
LOG (lattice-best-path[5.5.620~1-dce1dc]:main():lattice-best-path.cc:99) For utterance jackson_0_9, best cost 92.2797 + 5750.42 = 5842.7 over 61 frames.
jackson_0_9 zero 
LOG (lattice-best-path[5.5.620~1-dce1dc]:main():lattice-best-path.cc:99) For utterance jackson_1_0, best cost 86.7899 + 4863.72 = 4950.51 over 50 frames.
jackson_1_0 one 
LOG (lattice-best-path[5.5.620~1-dce1dc]:main():lattice-best-path.cc:99) For utterance jackson_1_1, best cost 93.3064 + 5022.74 = 5116.05 over 51 frames.
jackson_1_1 one 
LOG (lattice-best-path[5.5.620~1-dce1dc]:main():lattice-best-path.cc:99) For utterance jackson_1_10, best cost 99.434 + 5639.76 = 5739.19 over 57 frames.
jackson_1_10 one 
LOG (lattice-best-path[5.5.620~1-dce1dc]:main():lattice-best-path.cc:99) For utterance jackson_1_11, best cost 87.1434 + 4770.11 = 4857.25 over 49 frames.
jackson_1_11 one 
LOG (lattice-best-path[5.5.620~1-dce1dc]:main():lattice-best-path.cc:99) For utterance jackson_1_12, best cost 93.4144 + 4470.3 = 4563.71 over 43 frames.
jackson_1_12 one 
LOG (lattice-best-path[5.5.620~1-dce1dc]:main():lattice-best-path.cc:99) For utterance jackson_1_13, best cost 86.4352 + 4798.7 = 4885.14 over 45 frames.
jackson_1_13 one 
LOG (lattice-best-path[5.5.620~1-dce1dc]:main():lattice-best-path.cc:99) For utterance jackson_1_14, best cost 107.507 + 7077.47 = 7184.97 over 66 frames.
jackson_1_14 one 
LOG (lattice-best-path[5.5.620~1-dce1dc]:main():lattice-best-path.cc:99) For utterance jackson_1_15, best cost 84.2823 + 4127.78 = 4212.06 over 43 frames.
jackson_1_15 one 
LOG (lattice-best-path[5.5.620~1-dce1dc]:main():lattice-best-path.cc:99) For utterance jackson_1_16, best cost 93.0913 + 4524.91 = 4618 over 47 frames.
jackson_1_16 one 
LOG (lattice-best-path[5.5.620~1-dce1dc]:main():lattice-best-path.cc:99) For utterance jackson_1_17, best cost 82.3803 + 4051.13 = 4133.51 over 40 frames.
jackson_1_17 one 
LOG (lattice-best-path[5.5.620~1-dce1dc]:main():lattice-best-path.cc:99) For utterance jackson_1_18, best cost 87.1492 + 4331.81 = 4418.96 over 43 frames.
jackson_1_18 one 
LOG (lattice-best-path[5.5.620~1-dce1dc]:main():lattice-best-path.cc:99) For utterance jackson_1_19, best cost 89.4867 + 4562.09 = 4651.57 over 46 frames.
jackson_1_19 one 
LOG (lattice-best-path[5.5.620~1-dce1dc]:main():lattice-best-path.cc:99) For utterance jackson_1_2, best cost 90.059 + 4516.43 = 4606.48 over 46 frames.
jackson_1_2 one 
LOG (lattice-best-path[5.5.620~1-dce1dc]:main():lattice-best-path.cc:99) For utterance jackson_1_20, best cost 84.4569 + 4410.34 = 4494.8 over 44 frames.
jackson_1_20 one 
LOG (lattice-best-path[5.5.620~1-dce1dc]:main():lattice-best-path.cc:99) For utterance jackson_1_21, best cost 91.489 + 4867.98 = 4959.47 over 47 frames.
jackson_1_21 one 
LOG (lattice-best-path[5.5.620~1-dce1dc]:main():lattice-best-path.cc:99) For utterance jackson_1_22, best cost 88.4808 + 4440.99 = 4529.47 over 42 frames.
jackson_1_22 one 
LOG (lattice-best-path[5.5.620~1-dce1dc]:main():lattice-best-path.cc:99) For utterance jackson_1_23, best cost 92.3816 + 4271.11 = 4363.49 over 45 frames.
jackson_1_23 one 
LOG (lattice-best-path[5.5.620~1-dce1dc]:main():lattice-best-path.cc:99) For utterance jackson_1_24, best cost 86.4763 + 4420.48 = 4506.96 over 46 frames.
jackson_1_24 one 
LOG (lattice-best-path[5.5.620~1-dce1dc]:main():lattice-best-path.cc:99) For utterance jackson_1_25, best cost 90.3102 + 5042.66 = 5132.97 over 53 frames.
jackson_1_25 one 
LOG (lattice-best-path[5.5.620~1-dce1dc]:main():lattice-best-path.cc:99) For utterance jackson_1_26, best cost 91.5998 + 5165.72 = 5257.32 over 51 frames.
jackson_1_26 one 
LOG (lattice-best-path[5.5.620~1-dce1dc]:main():lattice-best-path.cc:99) For utterance jackson_1_27, best cost 86.4534 + 4716.2 = 4802.65 over 46 frames.
jackson_1_27 one 
LOG (lattice-best-path[5.5.620~1-dce1dc]:main():lattice-best-path.cc:99) For utterance jackson_1_28, best cost 86.0015 + 4741.16 = 4827.16 over 45 frames.
jackson_1_28 one 
LOG (lattice-best-path[5.5.620~1-dce1dc]:main():lattice-best-path.cc:99) For utterance jackson_1_29, best cost 91.6727 + 4704.46 = 4796.14 over 45 frames.
jackson_1_29 one 
LOG (lattice-best-path[5.5.620~1-dce1dc]:main():lattice-best-path.cc:99) For utterance jackson_1_3, best cost 88.134 + 4788.16 = 4876.29 over 48 frames.
jackson_1_3 one 
LOG (lattice-best-path[5.5.620~1-dce1dc]:main():lattice-best-path.cc:99) For utterance jackson_1_30, best cost 94.9071 + 4899.56 = 4994.47 over 47 frames.
jackson_1_30 one 
LOG (lattice-best-path[5.5.620~1-dce1dc]:main():lattice-best-path.cc:99) For utterance jackson_1_31, best cost 92.1496 + 5204.13 = 5296.28 over 51 frames.
jackson_1_31 one 
LOG (lattice-best-path[5.5.620~1-dce1dc]:main():lattice-best-path.cc:99) For utterance jackson_1_32, best cost 92.4432 + 4949.36 = 5041.8 over 50 frames.
jackson_1_32 one 
LOG (lattice-best-path[5.5.620~1-dce1dc]:main():lattice-best-path.cc:99) For utterance jackson_1_33, best cost 95.7366 + 6304.46 = 6400.2 over 59 frames.
jackson_1_33 one 
LOG (lattice-best-path[5.5.620~1-dce1dc]:main():lattice-best-path.cc:99) For utterance jackson_1_34, best cost 90.7837 + 4927.87 = 5018.66 over 49 frames.
jackson_1_34 one 
LOG (lattice-best-path[5.5.620~1-dce1dc]:main():lattice-best-path.cc:99) For utterance jackson_1_35, best cost 93.4404 + 4787.46 = 4880.91 over 48 frames.
jackson_1_35 one 
LOG (lattice-best-path[5.5.620~1-dce1dc]:main():lattice-best-path.cc:99) For utterance jackson_1_36, best cost 87.2744 + 4206.29 = 4293.56 over 42 frames.
jackson_1_36 one 
LOG (lattice-best-path[5.5.620~1-dce1dc]:main():lattice-best-path.cc:99) For utterance jackson_1_37, best cost 87.984 + 4197.36 = 4285.34 over 42 frames.
jackson_1_37 one 
LOG (lattice-best-path[5.5.620~1-dce1dc]:main():lattice-best-path.cc:99) For utterance jackson_1_38, best cost 92.1952 + 4800.26 = 4892.45 over 48 frames.
jackson_1_38 one 
LOG (lattice-best-path[5.5.620~1-dce1dc]:main():lattice-best-path.cc:99) For utterance jackson_1_39, best cost 99.8901 + 5868.58 = 5968.47 over 54 frames.
jackson_1_39 one 
LOG (lattice-best-path[5.5.620~1-dce1dc]:main():lattice-best-path.cc:99) For utterance jackson_1_4, best cost 90.7693 + 5237.26 = 5328.03 over 51 frames.
jackson_1_4 one 
LOG (lattice-best-path[5.5.620~1-dce1dc]:main():lattice-best-path.cc:99) For utterance jackson_1_40, best cost 104.65 + 6346.46 = 6451.11 over 59 frames.
jackson_1_40 one 
LOG (lattice-best-path[5.5.620~1-dce1dc]:main():lattice-best-path.cc:99) For utterance jackson_1_41, best cost 107.124 + 6378.32 = 6485.44 over 60 frames.
jackson_1_41 one 
LOG (lattice-best-path[5.5.620~1-dce1dc]:main():lattice-best-path.cc:99) For utterance jackson_1_42, best cost 105.157 + 6425.93 = 6531.09 over 61 frames.
jackson_1_42 one 
LOG (lattice-best-path[5.5.620~1-dce1dc]:main():lattice-best-path.cc:99) For utterance jackson_1_43, best cost 98.1687 + 6070.53 = 6168.7 over 56 frames.
jackson_1_43 one 
LOG (lattice-best-path[5.5.620~1-dce1dc]:main():lattice-best-path.cc:99) For utterance jackson_1_44, best cost 91.4808 + 6000.01 = 6091.49 over 56 frames.
jackson_1_44 one 
LOG (lattice-best-path[5.5.620~1-dce1dc]:main():lattice-best-path.cc:99) For utterance jackson_1_45, best cost 124.214 + 6517.23 = 6641.44 over 58 frames.
jackson_1_45 nine 
LOG (lattice-best-path[5.5.620~1-dce1dc]:main():lattice-best-path.cc:99) For utterance jackson_1_46, best cost 94.2909 + 5466.27 = 5560.56 over 51 frames.
jackson_1_46 one 
LOG (lattice-best-path[5.5.620~1-dce1dc]:main():lattice-best-path.cc:99) For utterance jackson_1_47, best cost 92.8449 + 6013.66 = 6106.51 over 54 frames.
jackson_1_47 one 
LOG (lattice-best-path[5.5.620~1-dce1dc]:main():lattice-best-path.cc:99) For utterance jackson_1_48, best cost 100.39 + 5692.31 = 5792.7 over 57 frames.
jackson_1_48 one 
LOG (lattice-best-path[5.5.620~1-dce1dc]:main():lattice-best-path.cc:99) For utterance jackson_1_49, best cost 98.5709 + 5351.95 = 5450.52 over 48 frames.
jackson_1_49 one 
LOG (lattice-best-path[5.5.620~1-dce1dc]:main():lattice-best-path.cc:99) For utterance jackson_1_5, best cost 93.4947 + 5520.05 = 5613.55 over 55 frames.
jackson_1_5 one 
LOG (lattice-best-path[5.5.620~1-dce1dc]:main():lattice-best-path.cc:99) For utterance jackson_1_6, best cost 90.3908 + 5030.13 = 5120.52 over 49 frames.
jackson_1_6 one 
LOG (lattice-best-path[5.5.620~1-dce1dc]:main():lattice-best-path.cc:99) For utterance jackson_1_7, best cost 93.6444 + 5312.68 = 5406.32 over 54 frames.
jackson_1_7 one 
LOG (lattice-best-path[5.5.620~1-dce1dc]:main():lattice-best-path.cc:99) For utterance jackson_1_8, best cost 85.5005 + 4642.92 = 4728.42 over 49 frames.
jackson_1_8 one 
LOG (lattice-best-path[5.5.620~1-dce1dc]:main():lattice-best-path.cc:99) For utterance jackson_1_9, best cost 96.9248 + 5579.87 = 5676.79 over 56 frames.
jackson_1_9 one 
LOG (lattice-best-path[5.5.620~1-dce1dc]:main():lattice-best-path.cc:99) For utterance jackson_2_0, best cost 110.801 + 4992.46 = 5103.26 over 48 frames.
jackson_2_0 zero 
LOG (lattice-best-path[5.5.620~1-dce1dc]:main():lattice-best-path.cc:99) For utterance jackson_2_1, best cost 112.145 + 5592.18 = 5704.32 over 53 frames.
jackson_2_1 zero 
LOG (lattice-best-path[5.5.620~1-dce1dc]:main():lattice-best-path.cc:99) For utterance jackson_2_10, best cost 90.5705 + 5061.07 = 5151.64 over 50 frames.
jackson_2_10 two 
LOG (lattice-best-path[5.5.620~1-dce1dc]:main():lattice-best-path.cc:99) For utterance jackson_2_11, best cost 90.5543 + 5053.16 = 5143.71 over 50 frames.
jackson_2_11 two 
LOG (lattice-best-path[5.5.620~1-dce1dc]:main():lattice-best-path.cc:99) For utterance jackson_2_12, best cost 91.1459 + 4968.66 = 5059.81 over 47 frames.
jackson_2_12 two 
LOG (lattice-best-path[5.5.620~1-dce1dc]:main():lattice-best-path.cc:99) For utterance jackson_2_13, best cost 117.823 + 5416.58 = 5534.4 over 50 frames.
jackson_2_13 zero 
LOG (lattice-best-path[5.5.620~1-dce1dc]:main():lattice-best-path.cc:99) For utterance jackson_2_14, best cost 108.086 + 5230.76 = 5338.85 over 49 frames.
jackson_2_14 two 
LOG (lattice-best-path[5.5.620~1-dce1dc]:main():lattice-best-path.cc:99) For utterance jackson_2_15, best cost 112.133 + 5370.22 = 5482.35 over 50 frames.
jackson_2_15 zero 
LOG (lattice-best-path[5.5.620~1-dce1dc]:main():lattice-best-path.cc:99) For utterance jackson_2_16, best cost 107.426 + 4948.87 = 5056.3 over 46 frames.
jackson_2_16 two 
LOG (lattice-best-path[5.5.620~1-dce1dc]:main():lattice-best-path.cc:99) For utterance jackson_2_17, best cost 116.873 + 5606.08 = 5722.95 over 52 frames.
jackson_2_17 nine 
LOG (lattice-best-path[5.5.620~1-dce1dc]:main():lattice-best-path.cc:99) For utterance jackson_2_18, best cost 108.612 + 5685.71 = 5794.32 over 53 frames.
jackson_2_18 two 
LOG (lattice-best-path[5.5.620~1-dce1dc]:main():lattice-best-path.cc:99) For utterance jackson_2_19, best cost 110.465 + 5374.7 = 5485.16 over 50 frames.
jackson_2_19 two 
LOG (lattice-best-path[5.5.620~1-dce1dc]:main():lattice-best-path.cc:99) For utterance jackson_2_2, best cost 88.7176 + 4360.39 = 4449.11 over 42 frames.
jackson_2_2 two 
LOG (lattice-best-path[5.5.620~1-dce1dc]:main():lattice-best-path.cc:99) For utterance jackson_2_20, best cost 106.99 + 5110.5 = 5217.49 over 46 frames.
jackson_2_20 two 
LOG (lattice-best-path[5.5.620~1-dce1dc]:main():lattice-best-path.cc:99) For utterance jackson_2_21, best cost 94.2168 + 7595.49 = 7689.7 over 72 frames.
jackson_2_21 two 
LOG (lattice-best-path[5.5.620~1-dce1dc]:main():lattice-best-path.cc:99) For utterance jackson_2_22, best cost 81.5581 + 4698.06 = 4779.62 over 46 frames.
jackson_2_22 two 
LOG (lattice-best-path[5.5.620~1-dce1dc]:main():lattice-best-path.cc:99) For utterance jackson_2_23, best cost 81.0955 + 5039.58 = 5120.68 over 48 frames.
jackson_2_23 two 
LOG (lattice-best-path[5.5.620~1-dce1dc]:main():lattice-best-path.cc:99) For utterance jackson_2_24, best cost 136.938 + 5261.16 = 5398.1 over 50 frames.
jackson_2_24 two nine 
LOG (lattice-best-path[5.5.620~1-dce1dc]:main():lattice-best-path.cc:99) For utterance jackson_2_25, best cost 96.5196 + 5518.5 = 5615.02 over 52 frames.
jackson_2_25 two 
LOG (lattice-best-path[5.5.620~1-dce1dc]:main():lattice-best-path.cc:99) For utterance jackson_2_26, best cost 91.2434 + 5332.12 = 5423.36 over 48 frames.
jackson_2_26 two 
LOG (lattice-best-path[5.5.620~1-dce1dc]:main():lattice-best-path.cc:99) For utterance jackson_2_27, best cost 96.4207 + 5404.63 = 5501.05 over 51 frames.
jackson_2_27 two 
LOG (lattice-best-path[5.5.620~1-dce1dc]:main():lattice-best-path.cc:99) For utterance jackson_2_28, best cost 87.0953 + 5195.98 = 5283.08 over 49 frames.
jackson_2_28 two 
LOG (lattice-best-path[5.5.620~1-dce1dc]:main():lattice-best-path.cc:99) For utterance jackson_2_29, best cost 90.7065 + 5635.56 = 5726.26 over 53 frames.
jackson_2_29 two 
LOG (lattice-best-path[5.5.620~1-dce1dc]:main():lattice-best-path.cc:99) For utterance jackson_2_3, best cost 122.775 + 5026.41 = 5149.18 over 48 frames.
jackson_2_3 three two 
LOG (lattice-best-path[5.5.620~1-dce1dc]:main():lattice-best-path.cc:99) For utterance jackson_2_30, best cost 87.2942 + 4886.81 = 4974.1 over 46 frames.
jackson_2_30 two 
LOG (lattice-best-path[5.5.620~1-dce1dc]:main():lattice-best-path.cc:99) For utterance jackson_2_31, best cost 83.5476 + 4550.15 = 4633.7 over 45 frames.
jackson_2_31 two 
LOG (lattice-best-path[5.5.620~1-dce1dc]:main():lattice-best-path.cc:99) For utterance jackson_2_32, best cost 91.1895 + 5023.92 = 5115.11 over 49 frames.
jackson_2_32 two 
LOG (lattice-best-path[5.5.620~1-dce1dc]:main():lattice-best-path.cc:99) For utterance jackson_2_33, best cost 114.066 + 5283.34 = 5397.4 over 49 frames.
jackson_2_33 two 
LOG (lattice-best-path[5.5.620~1-dce1dc]:main():lattice-best-path.cc:99) For utterance jackson_2_34, best cost 90.4326 + 5064.84 = 5155.28 over 47 frames.
jackson_2_34 two 
LOG (lattice-best-path[5.5.620~1-dce1dc]:main():lattice-best-path.cc:99) For utterance jackson_2_35, best cost 80.4491 + 4542.38 = 4622.83 over 45 frames.
jackson_2_35 two 
LOG (lattice-best-path[5.5.620~1-dce1dc]:main():lattice-best-path.cc:99) For utterance jackson_2_36, best cost 107.629 + 5074.45 = 5182.08 over 47 frames.
jackson_2_36 two 
LOG (lattice-best-path[5.5.620~1-dce1dc]:main():lattice-best-path.cc:99) For utterance jackson_2_37, best cost 78.576 + 4118.17 = 4196.75 over 38 frames.
jackson_2_37 two 
LOG (lattice-best-path[5.5.620~1-dce1dc]:main():lattice-best-path.cc:99) For utterance jackson_2_38, best cost 84.0718 + 4758.35 = 4842.42 over 45 frames.
jackson_2_38 two 
LOG (lattice-best-path[5.5.620~1-dce1dc]:main():lattice-best-path.cc:99) For utterance jackson_2_39, best cost 81.5878 + 4632.43 = 4714.02 over 44 frames.
jackson_2_39 two 
LOG (lattice-best-path[5.5.620~1-dce1dc]:main():lattice-best-path.cc:99) For utterance jackson_2_4, best cost 93.3776 + 4777.83 = 4871.21 over 46 frames.
jackson_2_4 two 
LOG (lattice-best-path[5.5.620~1-dce1dc]:main():lattice-best-path.cc:99) For utterance jackson_2_40, best cost 83.3539 + 5292.32 = 5375.67 over 53 frames.
jackson_2_40 two 
LOG (lattice-best-path[5.5.620~1-dce1dc]:main():lattice-best-path.cc:99) For utterance jackson_2_41, best cost 83.9865 + 5835.29 = 5919.28 over 56 frames.
jackson_2_41 two 
LOG (lattice-best-path[5.5.620~1-dce1dc]:main():lattice-best-path.cc:99) For utterance jackson_2_42, best cost 84.5338 + 5905.16 = 5989.69 over 57 frames.
jackson_2_42 two 
LOG (lattice-best-path[5.5.620~1-dce1dc]:main():lattice-best-path.cc:99) For utterance jackson_2_43, best cost 90.6555 + 5442.08 = 5532.74 over 50 frames.
jackson_2_43 two 
LOG (lattice-best-path[5.5.620~1-dce1dc]:main():lattice-best-path.cc:99) For utterance jackson_2_44, best cost 99.4743 + 6595.8 = 6695.27 over 60 frames.
jackson_2_44 two 
LOG (lattice-best-path[5.5.620~1-dce1dc]:main():lattice-best-path.cc:99) For utterance jackson_2_45, best cost 93.3708 + 6529.03 = 6622.4 over 63 frames.
jackson_2_45 two 
LOG (lattice-best-path[5.5.620~1-dce1dc]:main():lattice-best-path.cc:99) For utterance jackson_2_46, best cost 81.4606 + 5351.72 = 5433.18 over 50 frames.
jackson_2_46 two 
LOG (lattice-best-path[5.5.620~1-dce1dc]:main():lattice-best-path.cc:99) For utterance jackson_2_47, best cost 82.8947 + 4863.68 = 4946.57 over 47 frames.
jackson_2_47 two 
LOG (lattice-best-path[5.5.620~1-dce1dc]:main():lattice-best-path.cc:99) For utterance jackson_2_48, best cost 88.6596 + 4950.82 = 5039.48 over 48 frames.
jackson_2_48 two 
LOG (lattice-best-path[5.5.620~1-dce1dc]:main():lattice-best-path.cc:99) For utterance jackson_2_49, best cost 85.2804 + 5290.91 = 5376.19 over 52 frames.
jackson_2_49 two 
LOG (lattice-best-path[5.5.620~1-dce1dc]:main():lattice-best-path.cc:99) For utterance jackson_2_5, best cost 127.676 + 4680.34 = 4808.01 over 45 frames.
jackson_2_5 three two 
LOG (lattice-best-path[5.5.620~1-dce1dc]:main():lattice-best-path.cc:99) For utterance jackson_2_6, best cost 84.0294 + 4562.61 = 4646.64 over 45 frames.
jackson_2_6 two 
LOG (lattice-best-path[5.5.620~1-dce1dc]:main():lattice-best-path.cc:99) For utterance jackson_2_7, best cost 87.2605 + 4769.59 = 4856.85 over 46 frames.
jackson_2_7 two 
LOG (lattice-best-path[5.5.620~1-dce1dc]:main():lattice-best-path.cc:99) For utterance jackson_2_8, best cost 107.316 + 5044.21 = 5151.52 over 46 frames.
jackson_2_8 two 
LOG (lattice-best-path[5.5.620~1-dce1dc]:main():lattice-best-path.cc:99) For utterance jackson_2_9, best cost 95.6863 + 5281.9 = 5377.58 over 52 frames.
jackson_2_9 two 
LOG (lattice-best-path[5.5.620~1-dce1dc]:main():lattice-best-path.cc:99) For utterance jackson_3_0, best cost 86.0374 + 4736.02 = 4822.06 over 47 frames.
jackson_3_0 three 
LOG (lattice-best-path[5.5.620~1-dce1dc]:main():lattice-best-path.cc:99) For utterance jackson_3_1, best cost 59.8872 + 4956.54 = 5016.42 over 45 frames.
jackson_3_1 
LOG (lattice-best-path[5.5.620~1-dce1dc]:main():lattice-best-path.cc:99) For utterance jackson_3_10, best cost 83.488 + 4556.05 = 4639.54 over 44 frames.
jackson_3_10 three 
LOG (lattice-best-path[5.5.620~1-dce1dc]:main():lattice-best-path.cc:99) For utterance jackson_3_11, best cost 90.6838 + 4227.35 = 4318.03 over 43 frames.
jackson_3_11 three 
LOG (lattice-best-path[5.5.620~1-dce1dc]:main():lattice-best-path.cc:99) For utterance jackson_3_12, best cost 62.9344 + 5112.25 = 5175.18 over 46 frames.
jackson_3_12 
LOG (lattice-best-path[5.5.620~1-dce1dc]:main():lattice-best-path.cc:99) For utterance jackson_3_13, best cost 81.0875 + 4217.32 = 4298.41 over 42 frames.
jackson_3_13 three 
LOG (lattice-best-path[5.5.620~1-dce1dc]:main():lattice-best-path.cc:99) For utterance jackson_3_14, best cost 89.5164 + 4801.98 = 4891.5 over 48 frames.
jackson_3_14 three 
LOG (lattice-best-path[5.5.620~1-dce1dc]:main():lattice-best-path.cc:99) For utterance jackson_3_15, best cost 91.3405 + 4359.6 = 4450.94 over 44 frames.
jackson_3_15 three 
LOG (lattice-best-path[5.5.620~1-dce1dc]:main():lattice-best-path.cc:99) For utterance jackson_3_16, best cost 88.7287 + 4651.24 = 4739.97 over 46 frames.
jackson_3_16 three 
LOG (lattice-best-path[5.5.620~1-dce1dc]:main():lattice-best-path.cc:99) For utterance jackson_3_17, best cost 109.218 + 4233.51 = 4342.73 over 43 frames.
jackson_3_17 three 
LOG (lattice-best-path[5.5.620~1-dce1dc]:main():lattice-best-path.cc:99) For utterance jackson_3_18, best cost 86.1286 + 4738.98 = 4825.11 over 46 frames.
jackson_3_18 three 
LOG (lattice-best-path[5.5.620~1-dce1dc]:main():lattice-best-path.cc:99) For utterance jackson_3_19, best cost 77.5433 + 4487.46 = 4565 over 42 frames.
jackson_3_19 three 
LOG (lattice-best-path[5.5.620~1-dce1dc]:main():lattice-best-path.cc:99) For utterance jackson_3_2, best cost 63.2411 + 5360.82 = 5424.06 over 49 frames.
jackson_3_2 
LOG (lattice-best-path[5.5.620~1-dce1dc]:main():lattice-best-path.cc:99) For utterance jackson_3_20, best cost 78.0615 + 4695.74 = 4773.8 over 45 frames.
jackson_3_20 three 
LOG (lattice-best-path[5.5.620~1-dce1dc]:main():lattice-best-path.cc:99) For utterance jackson_3_21, best cost 78.7339 + 4447.36 = 4526.09 over 44 frames.
jackson_3_21 three 
LOG (lattice-best-path[5.5.620~1-dce1dc]:main():lattice-best-path.cc:99) For utterance jackson_3_22, best cost 35.1021 + 4285.68 = 4320.79 over 41 frames.
jackson_3_22 
LOG (lattice-best-path[5.5.620~1-dce1dc]:main():lattice-best-path.cc:99) For utterance jackson_3_23, best cost 62.097 + 4757.99 = 4820.09 over 44 frames.
jackson_3_23 
LOG (lattice-best-path[5.5.620~1-dce1dc]:main():lattice-best-path.cc:99) For utterance jackson_3_24, best cost 82.5784 + 4237.87 = 4320.45 over 41 frames.
jackson_3_24 three 
LOG (lattice-best-path[5.5.620~1-dce1dc]:main():lattice-best-path.cc:99) For utterance jackson_3_25, best cost 113.959 + 4804.83 = 4918.79 over 46 frames.
jackson_3_25 three 
LOG (lattice-best-path[5.5.620~1-dce1dc]:main():lattice-best-path.cc:99) For utterance jackson_3_26, best cost 94.7684 + 4277.49 = 4372.26 over 42 frames.
jackson_3_26 three 
LOG (lattice-best-path[5.5.620~1-dce1dc]:main():lattice-best-path.cc:99) For utterance jackson_3_27, best cost 85.4715 + 4521.39 = 4606.86 over 44 frames.
jackson_3_27 three 
LOG (lattice-best-path[5.5.620~1-dce1dc]:main():lattice-best-path.cc:99) For utterance jackson_3_28, best cost 105.824 + 4479.96 = 4585.78 over 42 frames.
jackson_3_28 three 
LOG (lattice-best-path[5.5.620~1-dce1dc]:main():lattice-best-path.cc:99) For utterance jackson_3_29, best cost 112.842 + 4953.6 = 5066.44 over 46 frames.
jackson_3_29 nine 
LOG (lattice-best-path[5.5.620~1-dce1dc]:main():lattice-best-path.cc:99) For utterance jackson_3_3, best cost 88.8916 + 5239.55 = 5328.44 over 49 frames.
jackson_3_3 three 
LOG (lattice-best-path[5.5.620~1-dce1dc]:main():lattice-best-path.cc:99) For utterance jackson_3_30, best cost 87.6926 + 4870.11 = 4957.8 over 46 frames.
jackson_3_30 three 
LOG (lattice-best-path[5.5.620~1-dce1dc]:main():lattice-best-path.cc:99) For utterance jackson_3_31, best cost 94.3298 + 5162.1 = 5256.43 over 47 frames.
jackson_3_31 three 
LOG (lattice-best-path[5.5.620~1-dce1dc]:main():lattice-best-path.cc:99) For utterance jackson_3_32, best cost 62.06 + 5173.55 = 5235.61 over 46 frames.
jackson_3_32 
LOG (lattice-best-path[5.5.620~1-dce1dc]:main():lattice-best-path.cc:99) For utterance jackson_3_33, best cost 79.8469 + 4951.63 = 5031.48 over 46 frames.
jackson_3_33 three 
LOG (lattice-best-path[5.5.620~1-dce1dc]:main():lattice-best-path.cc:99) For utterance jackson_3_34, best cost 89.343 + 4658.93 = 4748.27 over 46 frames.
jackson_3_34 three 
LOG (lattice-best-path[5.5.620~1-dce1dc]:main():lattice-best-path.cc:99) For utterance jackson_3_35, best cost 111.543 + 5105.14 = 5216.68 over 50 frames.
jackson_3_35 three 
LOG (lattice-best-path[5.5.620~1-dce1dc]:main():lattice-best-path.cc:99) For utterance jackson_3_36, best cost 111.353 + 5004.08 = 5115.44 over 49 frames.
jackson_3_36 three 
LOG (lattice-best-path[5.5.620~1-dce1dc]:main():lattice-best-path.cc:99) For utterance jackson_3_37, best cost 111.226 + 5137.49 = 5248.72 over 49 frames.
jackson_3_37 three 
LOG (lattice-best-path[5.5.620~1-dce1dc]:main():lattice-best-path.cc:99) For utterance jackson_3_38, best cost 109.667 + 5426.86 = 5536.53 over 51 frames.
jackson_3_38 three 
LOG (lattice-best-path[5.5.620~1-dce1dc]:main():lattice-best-path.cc:99) For utterance jackson_3_39, best cost 125.028 + 5110.12 = 5235.15 over 49 frames.
jackson_3_39 three 
LOG (lattice-best-path[5.5.620~1-dce1dc]:main():lattice-best-path.cc:99) For utterance jackson_3_4, best cost 90.2215 + 4336.54 = 4426.76 over 43 frames.
jackson_3_4 three 
LOG (lattice-best-path[5.5.620~1-dce1dc]:main():lattice-best-path.cc:99) For utterance jackson_3_40, best cost 118.432 + 5076.3 = 5194.73 over 50 frames.
jackson_3_40 three 
LOG (lattice-best-path[5.5.620~1-dce1dc]:main():lattice-best-path.cc:99) For utterance jackson_3_41, best cost 113.479 + 5047.89 = 5161.36 over 48 frames.
jackson_3_41 three 
LOG (lattice-best-path[5.5.620~1-dce1dc]:main():lattice-best-path.cc:99) For utterance jackson_3_42, best cost 110.973 + 4922.07 = 5033.04 over 48 frames.
jackson_3_42 three 
LOG (lattice-best-path[5.5.620~1-dce1dc]:main():lattice-best-path.cc:99) For utterance jackson_3_43, best cost 107.284 + 4888.34 = 4995.62 over 48 frames.
jackson_3_43 three 
LOG (lattice-best-path[5.5.620~1-dce1dc]:main():lattice-best-path.cc:99) For utterance jackson_3_44, best cost 64.2971 + 5630.53 = 5694.82 over 53 frames.
jackson_3_44 
LOG (lattice-best-path[5.5.620~1-dce1dc]:main():lattice-best-path.cc:99) For utterance jackson_3_45, best cost 111.007 + 5787.77 = 5898.78 over 55 frames.
jackson_3_45 three 
LOG (lattice-best-path[5.5.620~1-dce1dc]:main():lattice-best-path.cc:99) For utterance jackson_3_46, best cost 112.798 + 5425.35 = 5538.15 over 52 frames.
jackson_3_46 three 
LOG (lattice-best-path[5.5.620~1-dce1dc]:main():lattice-best-path.cc:99) For utterance jackson_3_47, best cost 95.7392 + 5604.43 = 5700.17 over 55 frames.
jackson_3_47 three 
LOG (lattice-best-path[5.5.620~1-dce1dc]:main():lattice-best-path.cc:99) For utterance jackson_3_48, best cost 108.217 + 4904.93 = 5013.15 over 49 frames.
jackson_3_48 three 
LOG (lattice-best-path[5.5.620~1-dce1dc]:main():lattice-best-path.cc:99) For utterance jackson_3_49, best cost 110.591 + 5214.36 = 5324.95 over 50 frames.
jackson_3_49 three 
LOG (lattice-best-path[5.5.620~1-dce1dc]:main():lattice-best-path.cc:99) For utterance jackson_3_5, best cost 95.889 + 4423.19 = 4519.08 over 43 frames.
jackson_3_5 three 
LOG (lattice-best-path[5.5.620~1-dce1dc]:main():lattice-best-path.cc:99) For utterance jackson_3_6, best cost 95.389 + 4533.61 = 4629 over 45 frames.
jackson_3_6 three 
LOG (lattice-best-path[5.5.620~1-dce1dc]:main():lattice-best-path.cc:99) For utterance jackson_3_7, best cost 87.8505 + 5121.12 = 5208.97 over 47 frames.
jackson_3_7 three 
LOG (lattice-best-path[5.5.620~1-dce1dc]:main():lattice-best-path.cc:99) For utterance jackson_3_8, best cost 81.1766 + 4416.64 = 4497.82 over 43 frames.
jackson_3_8 three 
LOG (lattice-best-path[5.5.620~1-dce1dc]:main():lattice-best-path.cc:99) For utterance jackson_3_9, best cost 78.3357 + 4894.57 = 4972.9 over 47 frames.
jackson_3_9 three 
LOG (lattice-best-path[5.5.620~1-dce1dc]:main():lattice-best-path.cc:99) For utterance jackson_4_0, best cost 90.4485 + 4275.76 = 4366.2 over 44 frames.
jackson_4_0 four 
LOG (lattice-best-path[5.5.620~1-dce1dc]:main():lattice-best-path.cc:99) For utterance jackson_4_1, best cost 90.1164 + 3696.7 = 3786.82 over 40 frames.
jackson_4_1 four 
LOG (lattice-best-path[5.5.620~1-dce1dc]:main():lattice-best-path.cc:99) For utterance jackson_4_10, best cost 89.7319 + 3848.53 = 3938.26 over 36 frames.
jackson_4_10 four 
LOG (lattice-best-path[5.5.620~1-dce1dc]:main():lattice-best-path.cc:99) For utterance jackson_4_11, best cost 89.3113 + 3625.58 = 3714.89 over 36 frames.
jackson_4_11 four 
LOG (lattice-best-path[5.5.620~1-dce1dc]:main():lattice-best-path.cc:99) For utterance jackson_4_12, best cost 78.6843 + 3448.89 = 3527.57 over 39 frames.
jackson_4_12 four 
LOG (lattice-best-path[5.5.620~1-dce1dc]:main():lattice-best-path.cc:99) For utterance jackson_4_13, best cost 82.0055 + 3571.63 = 3653.63 over 35 frames.
jackson_4_13 four 
LOG (lattice-best-path[5.5.620~1-dce1dc]:main():lattice-best-path.cc:99) For utterance jackson_4_14, best cost 82.9297 + 3538.76 = 3621.69 over 35 frames.
jackson_4_14 four 
LOG (lattice-best-path[5.5.620~1-dce1dc]:main():lattice-best-path.cc:99) For utterance jackson_4_15, best cost 96.1244 + 4410.92 = 4507.04 over 43 frames.
jackson_4_15 four 
LOG (lattice-best-path[5.5.620~1-dce1dc]:main():lattice-best-path.cc:99) For utterance jackson_4_16, best cost 89.64 + 4192.68 = 4282.32 over 41 frames.
jackson_4_16 four 
LOG (lattice-best-path[5.5.620~1-dce1dc]:main():lattice-best-path.cc:99) For utterance jackson_4_17, best cost 89.2627 + 4255.85 = 4345.11 over 38 frames.
jackson_4_17 four 
LOG (lattice-best-path[5.5.620~1-dce1dc]:main():lattice-best-path.cc:99) For utterance jackson_4_18, best cost 89.2012 + 3940.5 = 4029.71 over 38 frames.
jackson_4_18 four 
LOG (lattice-best-path[5.5.620~1-dce1dc]:main():lattice-best-path.cc:99) For utterance jackson_4_19, best cost 80.9094 + 3592.83 = 3673.74 over 34 frames.
jackson_4_19 four 
LOG (lattice-best-path[5.5.620~1-dce1dc]:main():lattice-best-path.cc:99) For utterance jackson_4_2, best cost 78.8269 + 3792.23 = 3871.06 over 40 frames.
jackson_4_2 four 
LOG (lattice-best-path[5.5.620~1-dce1dc]:main():lattice-best-path.cc:99) For utterance jackson_4_20, best cost 90.1314 + 3988.44 = 4078.57 over 37 frames.
jackson_4_20 four 
LOG (lattice-best-path[5.5.620~1-dce1dc]:main():lattice-best-path.cc:99) For utterance jackson_4_21, best cost 86.8259 + 3389.35 = 3476.18 over 33 frames.
jackson_4_21 four 
LOG (lattice-best-path[5.5.620~1-dce1dc]:main():lattice-best-path.cc:99) For utterance jackson_4_22, best cost 96.3648 + 4341.4 = 4437.77 over 40 frames.
jackson_4_22 four 
LOG (lattice-best-path[5.5.620~1-dce1dc]:main():lattice-best-path.cc:99) For utterance jackson_4_23, best cost 78.4962 + 3674.55 = 3753.04 over 39 frames.
jackson_4_23 four 
LOG (lattice-best-path[5.5.620~1-dce1dc]:main():lattice-best-path.cc:99) For utterance jackson_4_24, best cost 85.0524 + 3915.24 = 4000.3 over 38 frames.
jackson_4_24 four 
LOG (lattice-best-path[5.5.620~1-dce1dc]:main():lattice-best-path.cc:99) For utterance jackson_4_25, best cost 87.5042 + 4015.79 = 4103.29 over 39 frames.
jackson_4_25 four 
LOG (lattice-best-path[5.5.620~1-dce1dc]:main():lattice-best-path.cc:99) For utterance jackson_4_26, best cost 90.2831 + 4358.7 = 4448.98 over 41 frames.
jackson_4_26 four 
LOG (lattice-best-path[5.5.620~1-dce1dc]:main():lattice-best-path.cc:99) For utterance jackson_4_27, best cost 87.6391 + 4236.4 = 4324.04 over 41 frames.
jackson_4_27 four 
LOG (lattice-best-path[5.5.620~1-dce1dc]:main():lattice-best-path.cc:99) For utterance jackson_4_28, best cost 89.2559 + 4929.08 = 5018.33 over 45 frames.
jackson_4_28 four 
LOG (lattice-best-path[5.5.620~1-dce1dc]:main():lattice-best-path.cc:99) For utterance jackson_4_29, best cost 92.2551 + 4439.17 = 4531.42 over 42 frames.
jackson_4_29 four 
LOG (lattice-best-path[5.5.620~1-dce1dc]:main():lattice-best-path.cc:99) For utterance jackson_4_3, best cost 78.3092 + 3678.18 = 3756.49 over 39 frames.
jackson_4_3 four 
LOG (lattice-best-path[5.5.620~1-dce1dc]:main():lattice-best-path.cc:99) For utterance jackson_4_30, best cost 90.8725 + 4250.79 = 4341.67 over 42 frames.
jackson_4_30 four 
LOG (lattice-best-path[5.5.620~1-dce1dc]:main():lattice-best-path.cc:99) For utterance jackson_4_31, best cost 86.044 + 4374.86 = 4460.9 over 41 frames.
jackson_4_31 four 
LOG (lattice-best-path[5.5.620~1-dce1dc]:main():lattice-best-path.cc:99) For utterance jackson_4_32, best cost 87.7127 + 3863.66 = 3951.37 over 41 frames.
jackson_4_32 four 
LOG (lattice-best-path[5.5.620~1-dce1dc]:main():lattice-best-path.cc:99) For utterance jackson_4_33, best cost 78.6662 + 3825.4 = 3904.06 over 40 frames.
jackson_4_33 four 
LOG (lattice-best-path[5.5.620~1-dce1dc]:main():lattice-best-path.cc:99) For utterance jackson_4_34, best cost 77.3162 + 3499.2 = 3576.52 over 38 frames.
jackson_4_34 four 
LOG (lattice-best-path[5.5.620~1-dce1dc]:main():lattice-best-path.cc:99) For utterance jackson_4_35, best cost 84.769 + 3890.02 = 3974.79 over 41 frames.
jackson_4_35 four 
LOG (lattice-best-path[5.5.620~1-dce1dc]:main():lattice-best-path.cc:99) For utterance jackson_4_36, best cost 78.0724 + 3576.89 = 3654.97 over 38 frames.
jackson_4_36 four 
LOG (lattice-best-path[5.5.620~1-dce1dc]:main():lattice-best-path.cc:99) For utterance jackson_4_37, best cost 88.4107 + 5021.94 = 5110.35 over 48 frames.
jackson_4_37 four 
LOG (lattice-best-path[5.5.620~1-dce1dc]:main():lattice-best-path.cc:99) For utterance jackson_4_38, best cost 90.1585 + 4477.15 = 4567.31 over 45 frames.
jackson_4_38 four 
LOG (lattice-best-path[5.5.620~1-dce1dc]:main():lattice-best-path.cc:99) For utterance jackson_4_39, best cost 93.7 + 4741.89 = 4835.59 over 46 frames.
jackson_4_39 four 
LOG (lattice-best-path[5.5.620~1-dce1dc]:main():lattice-best-path.cc:99) For utterance jackson_4_4, best cost 85.3562 + 3851.82 = 3937.17 over 41 frames.
jackson_4_4 four 
LOG (lattice-best-path[5.5.620~1-dce1dc]:main():lattice-best-path.cc:99) For utterance jackson_4_40, best cost 87.9531 + 4573.6 = 4661.56 over 45 frames.
jackson_4_40 four 
LOG (lattice-best-path[5.5.620~1-dce1dc]:main():lattice-best-path.cc:99) For utterance jackson_4_41, best cost 88.0125 + 4411.36 = 4499.37 over 43 frames.
jackson_4_41 four 
LOG (lattice-best-path[5.5.620~1-dce1dc]:main():lattice-best-path.cc:99) For utterance jackson_4_42, best cost 84.6559 + 4195.84 = 4280.5 over 41 frames.
jackson_4_42 four 
LOG (lattice-best-path[5.5.620~1-dce1dc]:main():lattice-best-path.cc:99) For utterance jackson_4_43, best cost 89.2336 + 4503.9 = 4593.13 over 44 frames.
jackson_4_43 four 
LOG (lattice-best-path[5.5.620~1-dce1dc]:main():lattice-best-path.cc:99) For utterance jackson_4_44, best cost 90.6499 + 4867.67 = 4958.32 over 45 frames.
jackson_4_44 four 
LOG (lattice-best-path[5.5.620~1-dce1dc]:main():lattice-best-path.cc:99) For utterance jackson_4_45, best cost 89.5824 + 4311.22 = 4400.8 over 42 frames.
jackson_4_45 four 
LOG (lattice-best-path[5.5.620~1-dce1dc]:main():lattice-best-path.cc:99) For utterance jackson_4_46, best cost 94.9697 + 4865.56 = 4960.53 over 49 frames.
jackson_4_46 four 
LOG (lattice-best-path[5.5.620~1-dce1dc]:main():lattice-best-path.cc:99) For utterance jackson_4_47, best cost 86.9916 + 4880.85 = 4967.84 over 47 frames.
jackson_4_47 four 
LOG (lattice-best-path[5.5.620~1-dce1dc]:main():lattice-best-path.cc:99) For utterance jackson_4_48, best cost 89.7591 + 4567.52 = 4657.28 over 45 frames.
jackson_4_48 four 
LOG (lattice-best-path[5.5.620~1-dce1dc]:main():lattice-best-path.cc:99) For utterance jackson_4_49, best cost 99.8442 + 4673.65 = 4773.49 over 48 frames.
jackson_4_49 four 
LOG (lattice-best-path[5.5.620~1-dce1dc]:main():lattice-best-path.cc:99) For utterance jackson_4_5, best cost 91.5494 + 4199.41 = 4290.96 over 42 frames.
jackson_4_5 four 
LOG (lattice-best-path[5.5.620~1-dce1dc]:main():lattice-best-path.cc:99) For utterance jackson_4_6, best cost 98.1896 + 4489.47 = 4587.65 over 43 frames.
jackson_4_6 four 
LOG (lattice-best-path[5.5.620~1-dce1dc]:main():lattice-best-path.cc:99) For utterance jackson_4_7, best cost 85.793 + 3956.5 = 4042.29 over 39 frames.
jackson_4_7 four 
LOG (lattice-best-path[5.5.620~1-dce1dc]:main():lattice-best-path.cc:99) For utterance jackson_4_8, best cost 91.4658 + 4081.41 = 4172.87 over 40 frames.
jackson_4_8 four 
LOG (lattice-best-path[5.5.620~1-dce1dc]:main():lattice-best-path.cc:99) For utterance jackson_4_9, best cost 85.6045 + 3918.38 = 4003.98 over 40 frames.
jackson_4_9 four 
LOG (lattice-best-path[5.5.620~1-dce1dc]:main():lattice-best-path.cc:99) For utterance jackson_5_0, best cost 79.522 + 3757.78 = 3837.3 over 40 frames.
jackson_5_0 five 
LOG (lattice-best-path[5.5.620~1-dce1dc]:main():lattice-best-path.cc:99) For utterance jackson_5_1, best cost 79.073 + 3585.97 = 3665.04 over 39 frames.
jackson_5_1 five 
LOG (lattice-best-path[5.5.620~1-dce1dc]:main():lattice-best-path.cc:99) For utterance jackson_5_10, best cost 77.6542 + 3162.44 = 3240.1 over 37 frames.
jackson_5_10 five 
LOG (lattice-best-path[5.5.620~1-dce1dc]:main():lattice-best-path.cc:99) For utterance jackson_5_11, best cost 79.9366 + 3730.79 = 3810.73 over 42 frames.
jackson_5_11 five 
LOG (lattice-best-path[5.5.620~1-dce1dc]:main():lattice-best-path.cc:99) For utterance jackson_5_12, best cost 76.9414 + 3053.31 = 3130.25 over 35 frames.
jackson_5_12 five 
LOG (lattice-best-path[5.5.620~1-dce1dc]:main():lattice-best-path.cc:99) For utterance jackson_5_13, best cost 84.2353 + 3651.76 = 3736 over 40 frames.
jackson_5_13 five 
LOG (lattice-best-path[5.5.620~1-dce1dc]:main():lattice-best-path.cc:99) For utterance jackson_5_14, best cost 76.8937 + 2971.18 = 3048.08 over 36 frames.
jackson_5_14 five 
LOG (lattice-best-path[5.5.620~1-dce1dc]:main():lattice-best-path.cc:99) For utterance jackson_5_15, best cost 85.8749 + 3716.26 = 3802.13 over 41 frames.
jackson_5_15 five 
LOG (lattice-best-path[5.5.620~1-dce1dc]:main():lattice-best-path.cc:99) For utterance jackson_5_16, best cost 78.4667 + 3418.79 = 3497.26 over 38 frames.
jackson_5_16 five 
LOG (lattice-best-path[5.5.620~1-dce1dc]:main():lattice-best-path.cc:99) For utterance jackson_5_17, best cost 80.4451 + 3593.69 = 3674.14 over 38 frames.
jackson_5_17 five 
LOG (lattice-best-path[5.5.620~1-dce1dc]:main():lattice-best-path.cc:99) For utterance jackson_5_18, best cost 76.8288 + 2963.52 = 3040.35 over 34 frames.
jackson_5_18 five 
LOG (lattice-best-path[5.5.620~1-dce1dc]:main():lattice-best-path.cc:99) For utterance jackson_5_19, best cost 78.529 + 3121.79 = 3200.32 over 35 frames.
jackson_5_19 five 
LOG (lattice-best-path[5.5.620~1-dce1dc]:main():lattice-best-path.cc:99) For utterance jackson_5_2, best cost 83.9722 + 4000.99 = 4084.97 over 43 frames.
jackson_5_2 five 
LOG (lattice-best-path[5.5.620~1-dce1dc]:main():lattice-best-path.cc:99) For utterance jackson_5_20, best cost 82.2381 + 2977.37 = 3059.61 over 32 frames.
jackson_5_20 five 
LOG (lattice-best-path[5.5.620~1-dce1dc]:main():lattice-best-path.cc:99) For utterance jackson_5_21, best cost 85.6009 + 3475.3 = 3560.9 over 36 frames.
jackson_5_21 five 
LOG (lattice-best-path[5.5.620~1-dce1dc]:main():lattice-best-path.cc:99) For utterance jackson_5_22, best cost 79.0089 + 3346 = 3425.01 over 35 frames.
jackson_5_22 five 
LOG (lattice-best-path[5.5.620~1-dce1dc]:main():lattice-best-path.cc:99) For utterance jackson_5_23, best cost 78.3439 + 3684.77 = 3763.12 over 39 frames.
jackson_5_23 five 
LOG (lattice-best-path[5.5.620~1-dce1dc]:main():lattice-best-path.cc:99) For utterance jackson_5_24, best cost 83.8953 + 3260.42 = 3344.31 over 38 frames.
jackson_5_24 five 
LOG (lattice-best-path[5.5.620~1-dce1dc]:main():lattice-best-path.cc:99) For utterance jackson_5_25, best cost 85.5579 + 3317.9 = 3403.46 over 37 frames.
jackson_5_25 five 
LOG (lattice-best-path[5.5.620~1-dce1dc]:main():lattice-best-path.cc:99) For utterance jackson_5_26, best cost 80.5786 + 3557.99 = 3638.56 over 39 frames.
jackson_5_26 five 
LOG (lattice-best-path[5.5.620~1-dce1dc]:main():lattice-best-path.cc:99) For utterance jackson_5_27, best cost 84.1983 + 3514.95 = 3599.15 over 38 frames.
jackson_5_27 five 
LOG (lattice-best-path[5.5.620~1-dce1dc]:main():lattice-best-path.cc:99) For utterance jackson_5_28, best cost 78.0091 + 3040.14 = 3118.15 over 35 frames.
jackson_5_28 five 
LOG (lattice-best-path[5.5.620~1-dce1dc]:main():lattice-best-path.cc:99) For utterance jackson_5_29, best cost 90.0428 + 4356.05 = 4446.09 over 46 frames.
jackson_5_29 five 
LOG (lattice-best-path[5.5.620~1-dce1dc]:main():lattice-best-path.cc:99) For utterance jackson_5_3, best cost 79.1637 + 3420.64 = 3499.81 over 38 frames.
jackson_5_3 five 
LOG (lattice-best-path[5.5.620~1-dce1dc]:main():lattice-best-path.cc:99) For utterance jackson_5_30, best cost 86.3136 + 3920 = 4006.31 over 41 frames.
jackson_5_30 five 
LOG (lattice-best-path[5.5.620~1-dce1dc]:main():lattice-best-path.cc:99) For utterance jackson_5_31, best cost 84.5006 + 3479.33 = 3563.83 over 39 frames.
jackson_5_31 five 
LOG (lattice-best-path[5.5.620~1-dce1dc]:main():lattice-best-path.cc:99) For utterance jackson_5_32, best cost 84.9908 + 3594.01 = 3679 over 39 frames.
jackson_5_32 five 
LOG (lattice-best-path[5.5.620~1-dce1dc]:main():lattice-best-path.cc:99) For utterance jackson_5_33, best cost 77.7308 + 3402.19 = 3479.92 over 37 frames.
jackson_5_33 five 
LOG (lattice-best-path[5.5.620~1-dce1dc]:main():lattice-best-path.cc:99) For utterance jackson_5_34, best cost 78.8422 + 3166.07 = 3244.92 over 34 frames.
jackson_5_34 five 
LOG (lattice-best-path[5.5.620~1-dce1dc]:main():lattice-best-path.cc:99) For utterance jackson_5_35, best cost 81.7869 + 3893.44 = 3975.23 over 41 frames.
jackson_5_35 five 
LOG (lattice-best-path[5.5.620~1-dce1dc]:main():lattice-best-path.cc:99) For utterance jackson_5_36, best cost 79.0618 + 2953.37 = 3032.44 over 35 frames.
jackson_5_36 five 
LOG (lattice-best-path[5.5.620~1-dce1dc]:main():lattice-best-path.cc:99) For utterance jackson_5_37, best cost 79.0704 + 3377.07 = 3456.14 over 37 frames.
jackson_5_37 nine 
LOG (lattice-best-path[5.5.620~1-dce1dc]:main():lattice-best-path.cc:99) For utterance jackson_5_38, best cost 79.7811 + 3985.12 = 4064.9 over 41 frames.
jackson_5_38 five 
LOG (lattice-best-path[5.5.620~1-dce1dc]:main():lattice-best-path.cc:99) For utterance jackson_5_39, best cost 76.9193 + 3213.45 = 3290.37 over 36 frames.
jackson_5_39 five 
LOG (lattice-best-path[5.5.620~1-dce1dc]:main():lattice-best-path.cc:99) For utterance jackson_5_4, best cost 92.4386 + 4781.34 = 4873.78 over 51 frames.
jackson_5_4 five 
LOG (lattice-best-path[5.5.620~1-dce1dc]:main():lattice-best-path.cc:99) For utterance jackson_5_40, best cost 77.1413 + 3663.45 = 3740.6 over 39 frames.
jackson_5_40 five 
LOG (lattice-best-path[5.5.620~1-dce1dc]:main():lattice-best-path.cc:99) For utterance jackson_5_41, best cost 82.4767 + 3702.47 = 3784.94 over 38 frames.
jackson_5_41 five 
LOG (lattice-best-path[5.5.620~1-dce1dc]:main():lattice-best-path.cc:99) For utterance jackson_5_42, best cost 80.4689 + 4595.64 = 4676.11 over 45 frames.
jackson_5_42 five 
LOG (lattice-best-path[5.5.620~1-dce1dc]:main():lattice-best-path.cc:99) For utterance jackson_5_43, best cost 90.1585 + 4106.67 = 4196.82 over 42 frames.
jackson_5_43 one 
LOG (lattice-best-path[5.5.620~1-dce1dc]:main():lattice-best-path.cc:99) For utterance jackson_5_44, best cost 92.687 + 4700.14 = 4792.83 over 47 frames.
jackson_5_44 one 
LOG (lattice-best-path[5.5.620~1-dce1dc]:main():lattice-best-path.cc:99) For utterance jackson_5_45, best cost 80.1668 + 4272.48 = 4352.64 over 44 frames.
jackson_5_45 five 
LOG (lattice-best-path[5.5.620~1-dce1dc]:main():lattice-best-path.cc:99) For utterance jackson_5_46, best cost 81.3927 + 4746.02 = 4827.41 over 48 frames.
jackson_5_46 five 
LOG (lattice-best-path[5.5.620~1-dce1dc]:main():lattice-best-path.cc:99) For utterance jackson_5_47, best cost 86.0922 + 5172.01 = 5258.1 over 49 frames.
jackson_5_47 five 
LOG (lattice-best-path[5.5.620~1-dce1dc]:main():lattice-best-path.cc:99) For utterance jackson_5_48, best cost 89.6287 + 5429.95 = 5519.58 over 49 frames.
jackson_5_48 five 
LOG (lattice-best-path[5.5.620~1-dce1dc]:main():lattice-best-path.cc:99) For utterance jackson_5_49, best cost 84.377 + 4448.86 = 4533.24 over 46 frames.
jackson_5_49 one 
LOG (lattice-best-path[5.5.620~1-dce1dc]:main():lattice-best-path.cc:99) For utterance jackson_5_5, best cost 79.6476 + 3371.51 = 3451.16 over 37 frames.
jackson_5_5 five 
LOG (lattice-best-path[5.5.620~1-dce1dc]:main():lattice-best-path.cc:99) For utterance jackson_5_6, best cost 85.4709 + 3720.58 = 3806.05 over 38 frames.
jackson_5_6 five 
LOG (lattice-best-path[5.5.620~1-dce1dc]:main():lattice-best-path.cc:99) For utterance jackson_5_7, best cost 79.2124 + 3441.25 = 3520.46 over 36 frames.
jackson_5_7 five 
LOG (lattice-best-path[5.5.620~1-dce1dc]:main():lattice-best-path.cc:99) For utterance jackson_5_8, best cost 76.8766 + 3214.81 = 3291.68 over 35 frames.
jackson_5_8 five 
LOG (lattice-best-path[5.5.620~1-dce1dc]:main():lattice-best-path.cc:99) For utterance jackson_5_9, best cost 90.3154 + 5740.76 = 5831.07 over 56 frames.
jackson_5_9 five 
LOG (lattice-best-path[5.5.620~1-dce1dc]:main():lattice-best-path.cc:99) For utterance jackson_6_0, best cost 113.249 + 8505.19 = 8618.44 over 81 frames.
jackson_6_0 six 
LOG (lattice-best-path[5.5.620~1-dce1dc]:main():lattice-best-path.cc:99) For utterance jackson_6_1, best cost 67.9734 + 6792.44 = 6860.41 over 62 frames.
jackson_6_1 
LOG (lattice-best-path[5.5.620~1-dce1dc]:main():lattice-best-path.cc:99) For utterance jackson_6_10, best cost 102.701 + 8382.09 = 8484.79 over 84 frames.
jackson_6_10 six 
LOG (lattice-best-path[5.5.620~1-dce1dc]:main():lattice-best-path.cc:99) For utterance jackson_6_11, best cost 118.505 + 8644.88 = 8763.39 over 85 frames.
jackson_6_11 six 
LOG (lattice-best-path[5.5.620~1-dce1dc]:main():lattice-best-path.cc:99) For utterance jackson_6_12, best cost 110.267 + 8396.87 = 8507.14 over 84 frames.
jackson_6_12 six 
LOG (lattice-best-path[5.5.620~1-dce1dc]:main():lattice-best-path.cc:99) For utterance jackson_6_13, best cost 68.1681 + 7011.81 = 7079.98 over 69 frames.
jackson_6_13 
LOG (lattice-best-path[5.5.620~1-dce1dc]:main():lattice-best-path.cc:99) For utterance jackson_6_14, best cost 69.6158 + 7621.77 = 7691.38 over 75 frames.
jackson_6_14 
LOG (lattice-best-path[5.5.620~1-dce1dc]:main():lattice-best-path.cc:99) For utterance jackson_6_15, best cost 72.8095 + 8728.9 = 8801.71 over 86 frames.
jackson_6_15 
LOG (lattice-best-path[5.5.620~1-dce1dc]:main():lattice-best-path.cc:99) For utterance jackson_6_16, best cost 68.5408 + 7026.68 = 7095.22 over 71 frames.
jackson_6_16 
LOG (lattice-best-path[5.5.620~1-dce1dc]:main():lattice-best-path.cc:99) For utterance jackson_6_17, best cost 69.0767 + 7331.08 = 7400.16 over 72 frames.
jackson_6_17 
LOG (lattice-best-path[5.5.620~1-dce1dc]:main():lattice-best-path.cc:99) For utterance jackson_6_18, best cost 106.025 + 8094.93 = 8200.95 over 84 frames.
jackson_6_18 six 
LOG (lattice-best-path[5.5.620~1-dce1dc]:main():lattice-best-path.cc:99) For utterance jackson_6_19, best cost 67.7362 + 6902.13 = 6969.86 over 67 frames.
jackson_6_19 
LOG (lattice-best-path[5.5.620~1-dce1dc]:main():lattice-best-path.cc:99) For utterance jackson_6_2, best cost 99.7595 + 6400.73 = 6500.49 over 61 frames.
jackson_6_2 six 
LOG (lattice-best-path[5.5.620~1-dce1dc]:main():lattice-best-path.cc:99) For utterance jackson_6_20, best cost 99.5329 + 7171.01 = 7270.54 over 67 frames.
jackson_6_20 six 
LOG (lattice-best-path[5.5.620~1-dce1dc]:main():lattice-best-path.cc:99) For utterance jackson_6_21, best cost 115.79 + 8053.9 = 8169.69 over 78 frames.
jackson_6_21 seven 
LOG (lattice-best-path[5.5.620~1-dce1dc]:main():lattice-best-path.cc:99) For utterance jackson_6_22, best cost 103.461 + 6976.13 = 7079.59 over 69 frames.
jackson_6_22 six 
LOG (lattice-best-path[5.5.620~1-dce1dc]:main():lattice-best-path.cc:99) For utterance jackson_6_23, best cost 104.546 + 8074.36 = 8178.9 over 80 frames.
jackson_6_23 six 
LOG (lattice-best-path[5.5.620~1-dce1dc]:main():lattice-best-path.cc:99) For utterance jackson_6_24, best cost 69.0926 + 7060.07 = 7129.17 over 70 frames.
jackson_6_24 
LOG (lattice-best-path[5.5.620~1-dce1dc]:main():lattice-best-path.cc:99) For utterance jackson_6_25, best cost 105.654 + 7558.73 = 7664.38 over 77 frames.
jackson_6_25 six 
LOG (lattice-best-path[5.5.620~1-dce1dc]:main():lattice-best-path.cc:99) For utterance jackson_6_26, best cost 68.2182 + 7063.93 = 7132.15 over 70 frames.
jackson_6_26 
LOG (lattice-best-path[5.5.620~1-dce1dc]:main():lattice-best-path.cc:99) For utterance jackson_6_27, best cost 126.995 + 7797.15 = 7924.15 over 79 frames.
jackson_6_27 eight 
LOG (lattice-best-path[5.5.620~1-dce1dc]:main():lattice-best-path.cc:99) For utterance jackson_6_28, best cost 67.4786 + 6800.12 = 6867.6 over 63 frames.
jackson_6_28 
LOG (lattice-best-path[5.5.620~1-dce1dc]:main():lattice-best-path.cc:99) For utterance jackson_6_29, best cost 66.9206 + 6365.27 = 6432.19 over 60 frames.
jackson_6_29 
LOG (lattice-best-path[5.5.620~1-dce1dc]:main():lattice-best-path.cc:99) For utterance jackson_6_3, best cost 111.27 + 9190.67 = 9301.94 over 85 frames.
jackson_6_3 six 
LOG (lattice-best-path[5.5.620~1-dce1dc]:main():lattice-best-path.cc:99) For utterance jackson_6_30, best cost 128.031 + 8174.05 = 8302.08 over 78 frames.
jackson_6_30 six 
LOG (lattice-best-path[5.5.620~1-dce1dc]:main():lattice-best-path.cc:99) For utterance jackson_6_31, best cost 97.5104 + 6305.64 = 6403.15 over 61 frames.
jackson_6_31 six 
LOG (lattice-best-path[5.5.620~1-dce1dc]:main():lattice-best-path.cc:99) For utterance jackson_6_32, best cost 113.589 + 8760.51 = 8874.09 over 83 frames.
jackson_6_32 six 
LOG (lattice-best-path[5.5.620~1-dce1dc]:main():lattice-best-path.cc:99) For utterance jackson_6_33, best cost 105.541 + 6416.91 = 6522.45 over 62 frames.
jackson_6_33 six 
LOG (lattice-best-path[5.5.620~1-dce1dc]:main():lattice-best-path.cc:99) For utterance jackson_6_34, best cost 91.8147 + 5992.06 = 6083.88 over 56 frames.
jackson_6_34 six 
LOG (lattice-best-path[5.5.620~1-dce1dc]:main():lattice-best-path.cc:99) For utterance jackson_6_35, best cost 67.3123 + 6719.93 = 6787.24 over 62 frames.
jackson_6_35 
LOG (lattice-best-path[5.5.620~1-dce1dc]:main():lattice-best-path.cc:99) For utterance jackson_6_36, best cost 91.1614 + 6031.37 = 6122.53 over 56 frames.
jackson_6_36 six 
LOG (lattice-best-path[5.5.620~1-dce1dc]:main():lattice-best-path.cc:99) For utterance jackson_6_37, best cost 101.259 + 6801.82 = 6903.08 over 68 frames.
jackson_6_37 six 
LOG (lattice-best-path[5.5.620~1-dce1dc]:main():lattice-best-path.cc:99) For utterance jackson_6_38, best cost 70.1956 + 7639.22 = 7709.42 over 73 frames.
jackson_6_38 
LOG (lattice-best-path[5.5.620~1-dce1dc]:main():lattice-best-path.cc:99) For utterance jackson_6_39, best cost 67.7041 + 6786.22 = 6853.93 over 64 frames.
jackson_6_39 
LOG (lattice-best-path[5.5.620~1-dce1dc]:main():lattice-best-path.cc:99) For utterance jackson_6_4, best cost 67.165 + 6704.45 = 6771.61 over 61 frames.
jackson_6_4 
LOG (lattice-best-path[5.5.620~1-dce1dc]:main():lattice-best-path.cc:99) For utterance jackson_6_40, best cost 39.5344 + 6154.37 = 6193.91 over 57 frames.
jackson_6_40 
LOG (lattice-best-path[5.5.620~1-dce1dc]:main():lattice-best-path.cc:99) For utterance jackson_6_41, best cost 40.2409 + 5691.75 = 5731.99 over 54 frames.
jackson_6_41 
LOG (lattice-best-path[5.5.620~1-dce1dc]:main():lattice-best-path.cc:99) For utterance jackson_6_42, best cost 63.9402 + 5131.27 = 5195.21 over 49 frames.
jackson_6_42 
LOG (lattice-best-path[5.5.620~1-dce1dc]:main():lattice-best-path.cc:99) For utterance jackson_6_43, best cost 100.262 + 6691.32 = 6791.59 over 65 frames.
jackson_6_43 six 
LOG (lattice-best-path[5.5.620~1-dce1dc]:main():lattice-best-path.cc:99) For utterance jackson_6_44, best cost 36.7631 + 4987.9 = 5024.66 over 47 frames.
jackson_6_44 
LOG (lattice-best-path[5.5.620~1-dce1dc]:main():lattice-best-path.cc:99) For utterance jackson_6_45, best cost 102.348 + 6040.91 = 6143.25 over 57 frames.
jackson_6_45 six 
LOG (lattice-best-path[5.5.620~1-dce1dc]:main():lattice-best-path.cc:99) For utterance jackson_6_46, best cost 107.886 + 7865.64 = 7973.53 over 77 frames.
jackson_6_46 six 
LOG (lattice-best-path[5.5.620~1-dce1dc]:main():lattice-best-path.cc:99) For utterance jackson_6_47, best cost 69.9639 + 7238.42 = 7308.38 over 68 frames.
jackson_6_47 
LOG (lattice-best-path[5.5.620~1-dce1dc]:main():lattice-best-path.cc:99) For utterance jackson_6_48, best cost 94.8898 + 5281.71 = 5376.6 over 52 frames.
jackson_6_48 six 
LOG (lattice-best-path[5.5.620~1-dce1dc]:main():lattice-best-path.cc:99) For utterance jackson_6_49, best cost 104.882 + 7227.93 = 7332.82 over 67 frames.
jackson_6_49 six 
LOG (lattice-best-path[5.5.620~1-dce1dc]:main():lattice-best-path.cc:99) For utterance jackson_6_5, best cost 100.696 + 6509.12 = 6609.82 over 66 frames.
jackson_6_5 seven 
LOG (lattice-best-path[5.5.620~1-dce1dc]:main():lattice-best-path.cc:99) For utterance jackson_6_6, best cost 70.2267 + 7575.89 = 7646.12 over 74 frames.
jackson_6_6 
LOG (lattice-best-path[5.5.620~1-dce1dc]:main():lattice-best-path.cc:99) For utterance jackson_6_7, best cost 97.9128 + 6409.05 = 6506.96 over 62 frames.
jackson_6_7 six 
LOG (lattice-best-path[5.5.620~1-dce1dc]:main():lattice-best-path.cc:99) For utterance jackson_6_8, best cost 110.622 + 8409.93 = 8520.55 over 81 frames.
jackson_6_8 six 
LOG (lattice-best-path[5.5.620~1-dce1dc]:main():lattice-best-path.cc:99) For utterance jackson_6_9, best cost 106.147 + 8090.17 = 8196.32 over 81 frames.
jackson_6_9 six 
LOG (lattice-best-path[5.5.620~1-dce1dc]:main():lattice-best-path.cc:99) For utterance jackson_7_0, best cost 87.5819 + 4360.58 = 4448.17 over 41 frames.
jackson_7_0 seven 
LOG (lattice-best-path[5.5.620~1-dce1dc]:main():lattice-best-path.cc:99) For utterance jackson_7_1, best cost 95.6141 + 4184.14 = 4279.76 over 45 frames.
jackson_7_1 seven 
LOG (lattice-best-path[5.5.620~1-dce1dc]:main():lattice-best-path.cc:99) For utterance jackson_7_10, best cost 93.4998 + 3991.23 = 4084.73 over 42 frames.
jackson_7_10 seven 
LOG (lattice-best-path[5.5.620~1-dce1dc]:main():lattice-best-path.cc:99) For utterance jackson_7_11, best cost 86.1241 + 3924.32 = 4010.45 over 39 frames.
jackson_7_11 five 
LOG (lattice-best-path[5.5.620~1-dce1dc]:main():lattice-best-path.cc:99) For utterance jackson_7_12, best cost 83.6615 + 4355.59 = 4439.25 over 42 frames.
jackson_7_12 seven 
LOG (lattice-best-path[5.5.620~1-dce1dc]:main():lattice-best-path.cc:99) For utterance jackson_7_13, best cost 92.4605 + 4318.79 = 4411.25 over 43 frames.
jackson_7_13 seven 
LOG (lattice-best-path[5.5.620~1-dce1dc]:main():lattice-best-path.cc:99) For utterance jackson_7_14, best cost 89.8221 + 4545.75 = 4635.57 over 46 frames.
jackson_7_14 seven 
LOG (lattice-best-path[5.5.620~1-dce1dc]:main():lattice-best-path.cc:99) For utterance jackson_7_15, best cost 87.6209 + 3947.99 = 4035.62 over 38 frames.
jackson_7_15 seven 
LOG (lattice-best-path[5.5.620~1-dce1dc]:main():lattice-best-path.cc:99) For utterance jackson_7_16, best cost 88.0371 + 4235.64 = 4323.68 over 41 frames.
jackson_7_16 seven 
LOG (lattice-best-path[5.5.620~1-dce1dc]:main():lattice-best-path.cc:99) For utterance jackson_7_17, best cost 90.8789 + 4686.4 = 4777.27 over 45 frames.
jackson_7_17 seven 
LOG (lattice-best-path[5.5.620~1-dce1dc]:main():lattice-best-path.cc:99) For utterance jackson_7_18, best cost 82.987 + 4001.85 = 4084.84 over 39 frames.
jackson_7_18 seven 
LOG (lattice-best-path[5.5.620~1-dce1dc]:main():lattice-best-path.cc:99) For utterance jackson_7_19, best cost 90.5594 + 4523.14 = 4613.7 over 45 frames.
jackson_7_19 seven 
LOG (lattice-best-path[5.5.620~1-dce1dc]:main():lattice-best-path.cc:99) For utterance jackson_7_2, best cost 81.5943 + 3509.92 = 3591.51 over 36 frames.
jackson_7_2 seven 
LOG (lattice-best-path[5.5.620~1-dce1dc]:main():lattice-best-path.cc:99) For utterance jackson_7_20, best cost 91.2252 + 4646.73 = 4737.96 over 44 frames.
jackson_7_20 seven 
LOG (lattice-best-path[5.5.620~1-dce1dc]:main():lattice-best-path.cc:99) For utterance jackson_7_21, best cost 97.3282 + 5033.96 = 5131.29 over 50 frames.
jackson_7_21 seven 
LOG (lattice-best-path[5.5.620~1-dce1dc]:main():lattice-best-path.cc:99) For utterance jackson_7_22, best cost 85.7986 + 4388.16 = 4473.96 over 42 frames.
jackson_7_22 seven 
LOG (lattice-best-path[5.5.620~1-dce1dc]:main():lattice-best-path.cc:99) For utterance jackson_7_23, best cost 91.7138 + 5156.73 = 5248.45 over 54 frames.
jackson_7_23 seven 
LOG (lattice-best-path[5.5.620~1-dce1dc]:main():lattice-best-path.cc:99) For utterance jackson_7_24, best cost 88.0662 + 4455.35 = 4543.41 over 42 frames.
jackson_7_24 seven 
LOG (lattice-best-path[5.5.620~1-dce1dc]:main():lattice-best-path.cc:99) For utterance jackson_7_25, best cost 85.7953 + 4918.03 = 5003.83 over 45 frames.
jackson_7_25 seven 
LOG (lattice-best-path[5.5.620~1-dce1dc]:main():lattice-best-path.cc:99) For utterance jackson_7_26, best cost 138.774 + 4865.11 = 5003.88 over 47 frames.
jackson_7_26 five seven 
LOG (lattice-best-path[5.5.620~1-dce1dc]:main():lattice-best-path.cc:99) For utterance jackson_7_27, best cost 89.2292 + 4976.38 = 5065.6 over 47 frames.
jackson_7_27 nine 
LOG (lattice-best-path[5.5.620~1-dce1dc]:main():lattice-best-path.cc:99) For utterance jackson_7_28, best cost 86.5938 + 4245.25 = 4331.85 over 41 frames.
jackson_7_28 seven 
LOG (lattice-best-path[5.5.620~1-dce1dc]:main():lattice-best-path.cc:99) For utterance jackson_7_29, best cost 111.833 + 4307.97 = 4419.8 over 43 frames.
jackson_7_29 seven 
LOG (lattice-best-path[5.5.620~1-dce1dc]:main():lattice-best-path.cc:99) For utterance jackson_7_3, best cost 83.9784 + 3986.09 = 4070.07 over 41 frames.
jackson_7_3 seven 
LOG (lattice-best-path[5.5.620~1-dce1dc]:main():lattice-best-path.cc:99) For utterance jackson_7_30, best cost 87.7605 + 4345.39 = 4433.15 over 44 frames.
jackson_7_30 seven 
LOG (lattice-best-path[5.5.620~1-dce1dc]:main():lattice-best-path.cc:99) For utterance jackson_7_31, best cost 88.9033 + 3872.47 = 3961.37 over 40 frames.
jackson_7_31 seven 
LOG (lattice-best-path[5.5.620~1-dce1dc]:main():lattice-best-path.cc:99) For utterance jackson_7_32, best cost 87.5972 + 5225.25 = 5312.84 over 52 frames.
jackson_7_32 seven 
LOG (lattice-best-path[5.5.620~1-dce1dc]:main():lattice-best-path.cc:99) For utterance jackson_7_33, best cost 93.7086 + 5298.58 = 5392.29 over 52 frames.
jackson_7_33 seven 
LOG (lattice-best-path[5.5.620~1-dce1dc]:main():lattice-best-path.cc:99) For utterance jackson_7_34, best cost 91.5097 + 5272.76 = 5364.27 over 49 frames.
jackson_7_34 seven 
LOG (lattice-best-path[5.5.620~1-dce1dc]:main():lattice-best-path.cc:99) For utterance jackson_7_35, best cost 86.6475 + 3613.91 = 3700.56 over 39 frames.
jackson_7_35 seven 
LOG (lattice-best-path[5.5.620~1-dce1dc]:main():lattice-best-path.cc:99) For utterance jackson_7_36, best cost 85.4125 + 3829.66 = 3915.07 over 38 frames.
jackson_7_36 seven 
LOG (lattice-best-path[5.5.620~1-dce1dc]:main():lattice-best-path.cc:99) For utterance jackson_7_37, best cost 84.938 + 3783.74 = 3868.68 over 39 frames.
jackson_7_37 seven 
LOG (lattice-best-path[5.5.620~1-dce1dc]:main():lattice-best-path.cc:99) For utterance jackson_7_38, best cost 110.088 + 5179.16 = 5289.25 over 46 frames.
jackson_7_38 nine 
LOG (lattice-best-path[5.5.620~1-dce1dc]:main():lattice-best-path.cc:99) For utterance jackson_7_39, best cost 100.493 + 5142.21 = 5242.7 over 49 frames.
jackson_7_39 seven 
LOG (lattice-best-path[5.5.620~1-dce1dc]:main():lattice-best-path.cc:99) For utterance jackson_7_4, best cost 90.6583 + 4202.5 = 4293.15 over 40 frames.
jackson_7_4 seven 
LOG (lattice-best-path[5.5.620~1-dce1dc]:main():lattice-best-path.cc:99) For utterance jackson_7_40, best cost 87.268 + 4774.34 = 4861.61 over 47 frames.
jackson_7_40 nine 
LOG (lattice-best-path[5.5.620~1-dce1dc]:main():lattice-best-path.cc:99) For utterance jackson_7_41, best cost 115.631 + 5037.96 = 5153.59 over 48 frames.
jackson_7_41 nine 
LOG (lattice-best-path[5.5.620~1-dce1dc]:main():lattice-best-path.cc:99) For utterance jackson_7_42, best cost 118.894 + 4785.39 = 4904.29 over 46 frames.
jackson_7_42 nine 
LOG (lattice-best-path[5.5.620~1-dce1dc]:main():lattice-best-path.cc:99) For utterance jackson_7_43, best cost 101.867 + 5338.76 = 5440.62 over 52 frames.
jackson_7_43 seven 
LOG (lattice-best-path[5.5.620~1-dce1dc]:main():lattice-best-path.cc:99) For utterance jackson_7_44, best cost 88.6942 + 5007.81 = 5096.51 over 49 frames.
jackson_7_44 five 
LOG (lattice-best-path[5.5.620~1-dce1dc]:main():lattice-best-path.cc:99) For utterance jackson_7_45, best cost 97.4556 + 4464.91 = 4562.36 over 44 frames.
jackson_7_45 seven 
LOG (lattice-best-path[5.5.620~1-dce1dc]:main():lattice-best-path.cc:99) For utterance jackson_7_46, best cost 94.7708 + 4836.82 = 4931.59 over 47 frames.
jackson_7_46 seven 
LOG (lattice-best-path[5.5.620~1-dce1dc]:main():lattice-best-path.cc:99) For utterance jackson_7_47, best cost 97.6879 + 4956.24 = 5053.93 over 47 frames.
jackson_7_47 seven 
LOG (lattice-best-path[5.5.620~1-dce1dc]:main():lattice-best-path.cc:99) For utterance jackson_7_48, best cost 92.9981 + 4532.95 = 4625.94 over 44 frames.
jackson_7_48 seven 
LOG (lattice-best-path[5.5.620~1-dce1dc]:main():lattice-best-path.cc:99) For utterance jackson_7_49, best cost 98.1571 + 5016 = 5114.16 over 47 frames.
jackson_7_49 seven 
LOG (lattice-best-path[5.5.620~1-dce1dc]:main():lattice-best-path.cc:99) For utterance jackson_7_5, best cost 99.898 + 4200.59 = 4300.49 over 43 frames.
jackson_7_5 seven 
LOG (lattice-best-path[5.5.620~1-dce1dc]:main():lattice-best-path.cc:99) For utterance jackson_7_6, best cost 88.0725 + 4442.86 = 4530.94 over 43 frames.
jackson_7_6 seven 
LOG (lattice-best-path[5.5.620~1-dce1dc]:main():lattice-best-path.cc:99) For utterance jackson_7_7, best cost 86.9247 + 3955.33 = 4042.26 over 40 frames.
jackson_7_7 seven 
LOG (lattice-best-path[5.5.620~1-dce1dc]:main():lattice-best-path.cc:99) For utterance jackson_7_8, best cost 100.621 + 4267.82 = 4368.44 over 41 frames.
jackson_7_8 seven 
LOG (lattice-best-path[5.5.620~1-dce1dc]:main():lattice-best-path.cc:99) For utterance jackson_7_9, best cost 85.5065 + 4388.89 = 4474.39 over 42 frames.
jackson_7_9 seven 
LOG (lattice-best-path[5.5.620~1-dce1dc]:main():lattice-best-path.cc:99) For utterance jackson_8_0, best cost 78.4381 + 3225.05 = 3303.49 over 33 frames.
jackson_8_0 eight 
LOG (lattice-best-path[5.5.620~1-dce1dc]:main():lattice-best-path.cc:99) For utterance jackson_8_1, best cost 73.975 + 3833.19 = 3907.16 over 38 frames.
jackson_8_1 eight 
LOG (lattice-best-path[5.5.620~1-dce1dc]:main():lattice-best-path.cc:99) For utterance jackson_8_10, best cost 78.6096 + 3381.68 = 3460.29 over 34 frames.
jackson_8_10 eight 
LOG (lattice-best-path[5.5.620~1-dce1dc]:main():lattice-best-path.cc:99) For utterance jackson_8_11, best cost 79.775 + 3958.44 = 4038.22 over 39 frames.
jackson_8_11 eight 
LOG (lattice-best-path[5.5.620~1-dce1dc]:main():lattice-best-path.cc:99) For utterance jackson_8_12, best cost 79.1319 + 3364.46 = 3443.6 over 34 frames.
jackson_8_12 eight 
LOG (lattice-best-path[5.5.620~1-dce1dc]:main():lattice-best-path.cc:99) For utterance jackson_8_13, best cost 73.7049 + 3968.66 = 4042.36 over 36 frames.
jackson_8_13 eight 
LOG (lattice-best-path[5.5.620~1-dce1dc]:main():lattice-best-path.cc:99) For utterance jackson_8_14, best cost 78.2119 + 3327.62 = 3405.84 over 34 frames.
jackson_8_14 eight 
LOG (lattice-best-path[5.5.620~1-dce1dc]:main():lattice-best-path.cc:99) For utterance jackson_8_15, best cost 78.9701 + 3874.07 = 3953.04 over 37 frames.
jackson_8_15 eight 
LOG (lattice-best-path[5.5.620~1-dce1dc]:main():lattice-best-path.cc:99) For utterance jackson_8_16, best cost 78.123 + 3349.35 = 3427.47 over 33 frames.
jackson_8_16 eight 
LOG (lattice-best-path[5.5.620~1-dce1dc]:main():lattice-best-path.cc:99) For utterance jackson_8_17, best cost 72.4188 + 4120.61 = 4193.03 over 38 frames.
jackson_8_17 eight 
LOG (lattice-best-path[5.5.620~1-dce1dc]:main():lattice-best-path.cc:99) For utterance jackson_8_18, best cost 73.9098 + 3874.01 = 3947.92 over 38 frames.
jackson_8_18 eight 
LOG (lattice-best-path[5.5.620~1-dce1dc]:main():lattice-best-path.cc:99) For utterance jackson_8_19, best cost 73.3795 + 3844.99 = 3918.37 over 36 frames.
jackson_8_19 eight 
LOG (lattice-best-path[5.5.620~1-dce1dc]:main():lattice-best-path.cc:99) For utterance jackson_8_2, best cost 73.188 + 3813.47 = 3886.66 over 36 frames.
jackson_8_2 eight 
LOG (lattice-best-path[5.5.620~1-dce1dc]:main():lattice-best-path.cc:99) For utterance jackson_8_20, best cost 73.0164 + 3949.86 = 4022.88 over 37 frames.
jackson_8_20 eight 
LOG (lattice-best-path[5.5.620~1-dce1dc]:main():lattice-best-path.cc:99) For utterance jackson_8_21, best cost 72.782 + 3840.73 = 3913.51 over 37 frames.
jackson_8_21 eight 
LOG (lattice-best-path[5.5.620~1-dce1dc]:main():lattice-best-path.cc:99) For utterance jackson_8_22, best cost 74.7858 + 4368.33 = 4443.12 over 43 frames.
jackson_8_22 eight 
LOG (lattice-best-path[5.5.620~1-dce1dc]:main():lattice-best-path.cc:99) For utterance jackson_8_23, best cost 74.7849 + 4155.07 = 4229.86 over 42 frames.
jackson_8_23 eight 
LOG (lattice-best-path[5.5.620~1-dce1dc]:main():lattice-best-path.cc:99) For utterance jackson_8_24, best cost 72.076 + 3547.97 = 3620.04 over 35 frames.
jackson_8_24 eight 
LOG (lattice-best-path[5.5.620~1-dce1dc]:main():lattice-best-path.cc:99) For utterance jackson_8_25, best cost 79.2078 + 3848.4 = 3927.6 over 38 frames.
jackson_8_25 eight 
LOG (lattice-best-path[5.5.620~1-dce1dc]:main():lattice-best-path.cc:99) For utterance jackson_8_26, best cost 117.447 + 4543.15 = 4660.6 over 44 frames.
jackson_8_26 three 
LOG (lattice-best-path[5.5.620~1-dce1dc]:main():lattice-best-path.cc:99) For utterance jackson_8_27, best cost 81.1119 + 3780.65 = 3861.76 over 39 frames.
jackson_8_27 eight 
LOG (lattice-best-path[5.5.620~1-dce1dc]:main():lattice-best-path.cc:99) For utterance jackson_8_28, best cost 79.3752 + 3828.64 = 3908.02 over 39 frames.
jackson_8_28 eight 
LOG (lattice-best-path[5.5.620~1-dce1dc]:main():lattice-best-path.cc:99) For utterance jackson_8_29, best cost 73.6412 + 3678.8 = 3752.44 over 38 frames.
jackson_8_29 eight 
LOG (lattice-best-path[5.5.620~1-dce1dc]:main():lattice-best-path.cc:99) For utterance jackson_8_3, best cost 72.2298 + 3902.36 = 3974.59 over 37 frames.
jackson_8_3 eight 
LOG (lattice-best-path[5.5.620~1-dce1dc]:main():lattice-best-path.cc:99) For utterance jackson_8_30, best cost 74.6642 + 4142.32 = 4216.99 over 42 frames.
jackson_8_30 eight 
LOG (lattice-best-path[5.5.620~1-dce1dc]:main():lattice-best-path.cc:99) For utterance jackson_8_31, best cost 79.5267 + 4150.7 = 4230.23 over 40 frames.
jackson_8_31 eight 
LOG (lattice-best-path[5.5.620~1-dce1dc]:main():lattice-best-path.cc:99) For utterance jackson_8_32, best cost 75.4957 + 4603.75 = 4679.25 over 44 frames.
jackson_8_32 eight 
LOG (lattice-best-path[5.5.620~1-dce1dc]:main():lattice-best-path.cc:99) For utterance jackson_8_33, best cost 80.0456 + 4684.69 = 4764.73 over 43 frames.
jackson_8_33 eight 
LOG (lattice-best-path[5.5.620~1-dce1dc]:main():lattice-best-path.cc:99) For utterance jackson_8_34, best cost 75.7275 + 4564.05 = 4639.78 over 46 frames.
jackson_8_34 eight 
LOG (lattice-best-path[5.5.620~1-dce1dc]:main():lattice-best-path.cc:99) For utterance jackson_8_35, best cost 76.3966 + 4584.92 = 4661.32 over 46 frames.
jackson_8_35 eight 
LOG (lattice-best-path[5.5.620~1-dce1dc]:main():lattice-best-path.cc:99) For utterance jackson_8_36, best cost 72.8713 + 4203 = 4275.87 over 40 frames.
jackson_8_36 eight 
LOG (lattice-best-path[5.5.620~1-dce1dc]:main():lattice-best-path.cc:99) For utterance jackson_8_37, best cost 73.4564 + 4060.74 = 4134.2 over 39 frames.
jackson_8_37 eight 
LOG (lattice-best-path[5.5.620~1-dce1dc]:main():lattice-best-path.cc:99) For utterance jackson_8_38, best cost 60.5473 + 4475.55 = 4536.1 over 43 frames.
jackson_8_38 
LOG (lattice-best-path[5.5.620~1-dce1dc]:main():lattice-best-path.cc:99) For utterance jackson_8_39, best cost 81.95 + 4688.34 = 4770.29 over 45 frames.
jackson_8_39 eight 
LOG (lattice-best-path[5.5.620~1-dce1dc]:main():lattice-best-path.cc:99) For utterance jackson_8_4, best cost 79.3542 + 4096.83 = 4176.18 over 39 frames.
jackson_8_4 eight 
LOG (lattice-best-path[5.5.620~1-dce1dc]:main():lattice-best-path.cc:99) For utterance jackson_8_40, best cost 75.6613 + 4187.47 = 4263.13 over 42 frames.
jackson_8_40 eight 
LOG (lattice-best-path[5.5.620~1-dce1dc]:main():lattice-best-path.cc:99) For utterance jackson_8_41, best cost 84.6925 + 5984.24 = 6068.93 over 56 frames.
jackson_8_41 eight 
LOG (lattice-best-path[5.5.620~1-dce1dc]:main():lattice-best-path.cc:99) For utterance jackson_8_42, best cost 74.7754 + 3887.14 = 3961.92 over 40 frames.
jackson_8_42 eight 
LOG (lattice-best-path[5.5.620~1-dce1dc]:main():lattice-best-path.cc:99) For utterance jackson_8_43, best cost 74.9966 + 3952.6 = 4027.59 over 40 frames.
jackson_8_43 eight 
LOG (lattice-best-path[5.5.620~1-dce1dc]:main():lattice-best-path.cc:99) For utterance jackson_8_44, best cost 80.8052 + 4277.86 = 4358.67 over 42 frames.
jackson_8_44 eight 
LOG (lattice-best-path[5.5.620~1-dce1dc]:main():lattice-best-path.cc:99) For utterance jackson_8_45, best cost 74.6038 + 4370.87 = 4445.47 over 42 frames.
jackson_8_45 eight 
LOG (lattice-best-path[5.5.620~1-dce1dc]:main():lattice-best-path.cc:99) For utterance jackson_8_46, best cost 74.3808 + 4154.05 = 4228.43 over 40 frames.
jackson_8_46 eight 
LOG (lattice-best-path[5.5.620~1-dce1dc]:main():lattice-best-path.cc:99) For utterance jackson_8_47, best cost 74.2162 + 4089.62 = 4163.83 over 41 frames.
jackson_8_47 eight 
LOG (lattice-best-path[5.5.620~1-dce1dc]:main():lattice-best-path.cc:99) For utterance jackson_8_48, best cost 59.2099 + 4214.94 = 4274.15 over 40 frames.
jackson_8_48 
LOG (lattice-best-path[5.5.620~1-dce1dc]:main():lattice-best-path.cc:99) For utterance jackson_8_49, best cost 81.7438 + 4523.98 = 4605.72 over 45 frames.
jackson_8_49 eight 
LOG (lattice-best-path[5.5.620~1-dce1dc]:main():lattice-best-path.cc:99) For utterance jackson_8_5, best cost 74.7934 + 4141.41 = 4216.21 over 41 frames.
jackson_8_5 eight 
LOG (lattice-best-path[5.5.620~1-dce1dc]:main():lattice-best-path.cc:99) For utterance jackson_8_6, best cost 74.2958 + 4174.91 = 4249.2 over 40 frames.
jackson_8_6 eight 
LOG (lattice-best-path[5.5.620~1-dce1dc]:main():lattice-best-path.cc:99) For utterance jackson_8_7, best cost 80.695 + 4498.48 = 4579.17 over 41 frames.
jackson_8_7 eight 
LOG (lattice-best-path[5.5.620~1-dce1dc]:main():lattice-best-path.cc:99) For utterance jackson_8_8, best cost 71.9659 + 3694.77 = 3766.74 over 35 frames.
jackson_8_8 eight 
LOG (lattice-best-path[5.5.620~1-dce1dc]:main():lattice-best-path.cc:99) For utterance jackson_8_9, best cost 33.8798 + 3914.74 = 3948.62 over 36 frames.
jackson_8_9 
LOG (lattice-best-path[5.5.620~1-dce1dc]:main():lattice-best-path.cc:99) For utterance jackson_9_0, best cost 102.257 + 5294.88 = 5397.14 over 58 frames.
jackson_9_0 nine 
LOG (lattice-best-path[5.5.620~1-dce1dc]:main():lattice-best-path.cc:99) For utterance jackson_9_1, best cost 87.9797 + 5409.11 = 5497.09 over 55 frames.
jackson_9_1 nine 
LOG (lattice-best-path[5.5.620~1-dce1dc]:main():lattice-best-path.cc:99) For utterance jackson_9_10, best cost 116.679 + 5096.98 = 5213.65 over 49 frames.
jackson_9_10 one 
LOG (lattice-best-path[5.5.620~1-dce1dc]:main():lattice-best-path.cc:99) For utterance jackson_9_11, best cost 96.056 + 6023.98 = 6120.03 over 60 frames.
jackson_9_11 nine 
LOG (lattice-best-path[5.5.620~1-dce1dc]:main():lattice-best-path.cc:99) For utterance jackson_9_12, best cost 90.8447 + 5477.6 = 5568.44 over 56 frames.
jackson_9_12 nine 
LOG (lattice-best-path[5.5.620~1-dce1dc]:main():lattice-best-path.cc:99) For utterance jackson_9_13, best cost 98.6675 + 5533.79 = 5632.45 over 57 frames.
jackson_9_13 nine 
LOG (lattice-best-path[5.5.620~1-dce1dc]:main():lattice-best-path.cc:99) For utterance jackson_9_14, best cost 104.91 + 6152.85 = 6257.76 over 60 frames.
jackson_9_14 nine 
LOG (lattice-best-path[5.5.620~1-dce1dc]:main():lattice-best-path.cc:99) For utterance jackson_9_15, best cost 95.2319 + 5818.19 = 5913.43 over 57 frames.
jackson_9_15 nine 
LOG (lattice-best-path[5.5.620~1-dce1dc]:main():lattice-best-path.cc:99) For utterance jackson_9_16, best cost 97.5353 + 4420.11 = 4517.65 over 45 frames.
jackson_9_16 nine 
LOG (lattice-best-path[5.5.620~1-dce1dc]:main():lattice-best-path.cc:99) For utterance jackson_9_17, best cost 92.5704 + 4524.39 = 4616.96 over 46 frames.
jackson_9_17 nine 
LOG (lattice-best-path[5.5.620~1-dce1dc]:main():lattice-best-path.cc:99) For utterance jackson_9_18, best cost 89.6431 + 5298.54 = 5388.18 over 52 frames.
jackson_9_18 one 
LOG (lattice-best-path[5.5.620~1-dce1dc]:main():lattice-best-path.cc:99) For utterance jackson_9_19, best cost 88.145 + 5044.36 = 5132.5 over 52 frames.
jackson_9_19 nine 
LOG (lattice-best-path[5.5.620~1-dce1dc]:main():lattice-best-path.cc:99) For utterance jackson_9_2, best cost 105.497 + 5597.62 = 5703.11 over 56 frames.
jackson_9_2 nine 
LOG (lattice-best-path[5.5.620~1-dce1dc]:main():lattice-best-path.cc:99) For utterance jackson_9_20, best cost 102.654 + 5463.06 = 5565.71 over 57 frames.
jackson_9_20 nine 
LOG (lattice-best-path[5.5.620~1-dce1dc]:main():lattice-best-path.cc:99) For utterance jackson_9_21, best cost 90.3109 + 5179.98 = 5270.29 over 52 frames.
jackson_9_21 nine 
LOG (lattice-best-path[5.5.620~1-dce1dc]:main():lattice-best-path.cc:99) For utterance jackson_9_22, best cost 100.064 + 4902.11 = 5002.18 over 50 frames.
jackson_9_22 nine 
LOG (lattice-best-path[5.5.620~1-dce1dc]:main():lattice-best-path.cc:99) For utterance jackson_9_23, best cost 91.5873 + 5906.72 = 5998.31 over 60 frames.
jackson_9_23 nine 
LOG (lattice-best-path[5.5.620~1-dce1dc]:main():lattice-best-path.cc:99) For utterance jackson_9_24, best cost 90.2687 + 5133.26 = 5223.53 over 52 frames.
jackson_9_24 nine 
LOG (lattice-best-path[5.5.620~1-dce1dc]:main():lattice-best-path.cc:99) For utterance jackson_9_25, best cost 86.3175 + 4547.16 = 4633.48 over 47 frames.
jackson_9_25 nine 
LOG (lattice-best-path[5.5.620~1-dce1dc]:main():lattice-best-path.cc:99) For utterance jackson_9_26, best cost 91.3461 + 5697.05 = 5788.39 over 60 frames.
jackson_9_26 nine 
LOG (lattice-best-path[5.5.620~1-dce1dc]:main():lattice-best-path.cc:99) For utterance jackson_9_27, best cost 94.2961 + 5604.01 = 5698.3 over 59 frames.
jackson_9_27 nine 
LOG (lattice-best-path[5.5.620~1-dce1dc]:main():lattice-best-path.cc:99) For utterance jackson_9_28, best cost 90.3077 + 5472 = 5562.31 over 59 frames.
jackson_9_28 nine 
LOG (lattice-best-path[5.5.620~1-dce1dc]:main():lattice-best-path.cc:99) For utterance jackson_9_29, best cost 87.4076 + 4703.18 = 4790.59 over 50 frames.
jackson_9_29 nine 
LOG (lattice-best-path[5.5.620~1-dce1dc]:main():lattice-best-path.cc:99) For utterance jackson_9_3, best cost 105.947 + 5347.56 = 5453.5 over 52 frames.
jackson_9_3 nine 
LOG (lattice-best-path[5.5.620~1-dce1dc]:main():lattice-best-path.cc:99) For utterance jackson_9_30, best cost 117.92 + 7033.65 = 7151.57 over 62 frames.
jackson_9_30 nine 
LOG (lattice-best-path[5.5.620~1-dce1dc]:main():lattice-best-path.cc:99) For utterance jackson_9_31, best cost 114.324 + 6628.2 = 6742.52 over 63 frames.
jackson_9_31 nine 
LOG (lattice-best-path[5.5.620~1-dce1dc]:main():lattice-best-path.cc:99) For utterance jackson_9_32, best cost 103.856 + 6388.33 = 6492.19 over 62 frames.
jackson_9_32 nine 
LOG (lattice-best-path[5.5.620~1-dce1dc]:main():lattice-best-path.cc:99) For utterance jackson_9_33, best cost 94.5983 + 6945.45 = 7040.05 over 66 frames.
jackson_9_33 nine 
LOG (lattice-best-path[5.5.620~1-dce1dc]:main():lattice-best-path.cc:99) For utterance jackson_9_34, best cost 99.5608 + 6695.62 = 6795.18 over 66 frames.
jackson_9_34 nine 
LOG (lattice-best-path[5.5.620~1-dce1dc]:main():lattice-best-path.cc:99) For utterance jackson_9_35, best cost 100.524 + 6611.96 = 6712.48 over 64 frames.
jackson_9_35 nine 
LOG (lattice-best-path[5.5.620~1-dce1dc]:main():lattice-best-path.cc:99) For utterance jackson_9_36, best cost 46.8807 + 6859.32 = 6906.2 over 64 frames.
jackson_9_36 
LOG (lattice-best-path[5.5.620~1-dce1dc]:main():lattice-best-path.cc:99) For utterance jackson_9_37, best cost 94.0542 + 6455.65 = 6549.71 over 60 frames.
jackson_9_37 nine 
LOG (lattice-best-path[5.5.620~1-dce1dc]:main():lattice-best-path.cc:99) For utterance jackson_9_38, best cost 117.765 + 6564.67 = 6682.43 over 63 frames.
jackson_9_38 nine 
LOG (lattice-best-path[5.5.620~1-dce1dc]:main():lattice-best-path.cc:99) For utterance jackson_9_39, best cost 91.3951 + 6209.32 = 6300.71 over 58 frames.
jackson_9_39 nine 
LOG (lattice-best-path[5.5.620~1-dce1dc]:main():lattice-best-path.cc:99) For utterance jackson_9_4, best cost 104.517 + 5567.87 = 5672.39 over 56 frames.
jackson_9_4 nine 
LOG (lattice-best-path[5.5.620~1-dce1dc]:main():lattice-best-path.cc:99) For utterance jackson_9_40, best cost 98.7362 + 6592.53 = 6691.27 over 60 frames.
jackson_9_40 five 
LOG (lattice-best-path[5.5.620~1-dce1dc]:main():lattice-best-path.cc:99) For utterance jackson_9_41, best cost 43.4646 + 6021.91 = 6065.38 over 54 frames.
jackson_9_41 
LOG (lattice-best-path[5.5.620~1-dce1dc]:main():lattice-best-path.cc:99) For utterance jackson_9_42, best cost 101.41 + 5850.39 = 5951.8 over 56 frames.
jackson_9_42 nine 
LOG (lattice-best-path[5.5.620~1-dce1dc]:main():lattice-best-path.cc:99) For utterance jackson_9_43, best cost 90.1879 + 6401.1 = 6491.28 over 60 frames.
jackson_9_43 nine 
LOG (lattice-best-path[5.5.620~1-dce1dc]:main():lattice-best-path.cc:99) For utterance jackson_9_44, best cost 116.882 + 6257.9 = 6374.78 over 58 frames.
jackson_9_44 nine 
LOG (lattice-best-path[5.5.620~1-dce1dc]:main():lattice-best-path.cc:99) For utterance jackson_9_45, best cost 84.851 + 5304.41 = 5389.26 over 52 frames.
jackson_9_45 nine 
LOG (lattice-best-path[5.5.620~1-dce1dc]:main():lattice-best-path.cc:99) For utterance jackson_9_46, best cost 42.2288 + 6870.82 = 6913.05 over 63 frames.
jackson_9_46 
LOG (lattice-best-path[5.5.620~1-dce1dc]:main():lattice-best-path.cc:99) For utterance jackson_9_47, best cost 41.5425 + 6433.95 = 6475.49 over 59 frames.
jackson_9_47 
LOG (lattice-best-path[5.5.620~1-dce1dc]:main():lattice-best-path.cc:99) For utterance jackson_9_48, best cost 41.5425 + 6496.42 = 6537.96 over 59 frames.
jackson_9_48 
LOG (lattice-best-path[5.5.620~1-dce1dc]:main():lattice-best-path.cc:99) For utterance jackson_9_49, best cost 96.5192 + 6520.25 = 6616.77 over 62 frames.
jackson_9_49 nine 
LOG (lattice-best-path[5.5.620~1-dce1dc]:main():lattice-best-path.cc:99) For utterance jackson_9_5, best cost 101.136 + 5355.95 = 5457.08 over 56 frames.
jackson_9_5 nine 
LOG (lattice-best-path[5.5.620~1-dce1dc]:main():lattice-best-path.cc:99) For utterance jackson_9_6, best cost 93.5701 + 5251.91 = 5345.48 over 54 frames.
jackson_9_6 nine 
LOG (lattice-best-path[5.5.620~1-dce1dc]:main():lattice-best-path.cc:99) For utterance jackson_9_7, best cost 93.0654 + 5161.73 = 5254.8 over 52 frames.
jackson_9_7 nine 
LOG (lattice-best-path[5.5.620~1-dce1dc]:main():lattice-best-path.cc:99) For utterance jackson_9_8, best cost 86.5979 + 6130.91 = 6217.51 over 62 frames.
jackson_9_8 nine 
LOG (lattice-best-path[5.5.620~1-dce1dc]:main():lattice-best-path.cc:99) For utterance jackson_9_9, best cost 87.3698 + 5211.33 = 5298.7 over 52 frames.
jackson_9_9 nine 
LOG (lattice-best-path[5.5.620~1-dce1dc]:main():lattice-best-path.cc:124) Overall cost per frame is 103.544 = 1.80246 [graph] + 101.742 [acoustic] over 24827 frames.
LOG (lattice-best-path[5.5.620~1-dce1dc]:main():lattice-best-path.cc:128) Done 500 lattices, failed for 0
# Accounting: time=1 threads=1
# Ended (code 0) at ح فيفري  2 11:07:35 CET 2020, elapsed time 1 seconds
