# build-tree --verbose=1 --max-leaves=2000 --cluster-thresh=-1 exp/tri1/treeacc data/lang/phones/roots.int exp/tri1/questions.qst data/lang/topo exp/tri1/tree 
# Started at ح فيفري  2 11:07:36 CET 2020
#
build-tree --verbose=1 --max-leaves=2000 --cluster-thresh=-1 exp/tri1/treeacc data/lang/phones/roots.int exp/tri1/questions.qst data/lang/topo exp/tri1/tree 
LOG (build-tree[5.5.620~1-dce1dc]:main():build-tree.cc:104) Number of separate statistics is 169
LOG (build-tree[5.5.620~1-dce1dc]:BuildTree():build-tree.cc:161) BuildTree: before building trees, map has 22 leaves.
LOG (build-tree[5.5.620~1-dce1dc]:SplitDecisionTree():build-tree-utils.cc:577) DoDecisionTreeSplit: split 86 times, #leaves now 108
LOG (build-tree[5.5.620~1-dce1dc]:BuildTree():build-tree.cc:187) Setting clustering threshold to smallest split 301.816
VLOG[1] (build-tree[5.5.620~1-dce1dc]:BuildTree():build-tree.cc:196) After decision tree split, num-leaves = 108, like-impr = 6.56653 per frame over 34902 frames.
VLOG[1] (build-tree[5.5.620~1-dce1dc]:BuildTree():build-tree.cc:200) Including just phones that were split, improvement is 6.56653 per frame over 34902 frames.
LOG (build-tree[5.5.620~1-dce1dc]:BuildTree():build-tree.cc:215) BuildTree: removed 5 leaves.
VLOG[1] (build-tree[5.5.620~1-dce1dc]:ClusterEventMapToNClustersRestrictedByMap():build-tree-utils.cc:914) Number of non-empty clusters in map = 21
VLOG[1] (build-tree[5.5.620~1-dce1dc]:ClusterEventMapToNClustersRestrictedByMap():build-tree-utils.cc:915) Number of non-empty clusters = 102
LOG (build-tree[5.5.620~1-dce1dc]:BuildTree():build-tree.cc:231) BuildTree: Rounded num leaves to multiple of 8 by removing 7 leaves.
VLOG[1] (build-tree[5.5.620~1-dce1dc]:BuildTree():build-tree.cc:256) Objf change due to clustering -0.0972079 per frame.
VLOG[1] (build-tree[5.5.620~1-dce1dc]:BuildTree():build-tree.cc:259) Normalizing over only split phones, this is: -0.0972079 per frame.
VLOG[1] (build-tree[5.5.620~1-dce1dc]:BuildTree():build-tree.cc:262) Num-leaves is now 96
VLOG[1] (build-tree[5.5.620~1-dce1dc]:main():build-tree.cc:143) For pdf-id 1, low count 0
VLOG[1] (build-tree[5.5.620~1-dce1dc]:main():build-tree.cc:143) For pdf-id 6, low count 25
VLOG[1] (build-tree[5.5.620~1-dce1dc]:main():build-tree.cc:143) For pdf-id 30, low count 37
VLOG[1] (build-tree[5.5.620~1-dce1dc]:main():build-tree.cc:143) For pdf-id 34, low count 88
VLOG[1] (build-tree[5.5.620~1-dce1dc]:main():build-tree.cc:143) For pdf-id 37, low count 94
VLOG[1] (build-tree[5.5.620~1-dce1dc]:main():build-tree.cc:143) For pdf-id 63, low count 81
VLOG[1] (build-tree[5.5.620~1-dce1dc]:main():build-tree.cc:143) For pdf-id 76, low count 68
WARNING (build-tree[5.5.620~1-dce1dc]:main():build-tree.cc:185) Saw no stats for following phones: 2 3 4 5 6 7 8 9 10 11 12 14 15 16 18 19 20 22 23 24 26 28 29 30 32 33 34 36 37 38 39 40 42 43 46 47 48 50 53 54 55 57 58 59 62 65 66 69 70 72 73 74 75 77 78 80 82 83 86 88 89 90 
LOG (build-tree[5.5.620~1-dce1dc]:main():build-tree.cc:189) Wrote tree
# Accounting: time=0 threads=1
# Ended (code 0) at ح فيفري  2 11:07:36 CET 2020, elapsed time 0 seconds
