# gmm-est --mix-up=5240 --power=0.25 --write-occs=exp/tri1/11.occs exp/tri1/10.mdl "gmm-sum-accs - exp/tri1/10.*.acc |" exp/tri1/11.mdl 
# Started at ح فيفري  2 11:07:39 CET 2020
#
gmm-est --mix-up=5240 --power=0.25 --write-occs=exp/tri1/11.occs exp/tri1/10.mdl 'gmm-sum-accs - exp/tri1/10.*.acc |' exp/tri1/11.mdl 
gmm-sum-accs - exp/tri1/10.1.acc 
LOG (gmm-sum-accs[5.5.620~1-dce1dc]:main():gmm-sum-accs.cc:63) Summed 1 stats, total count 34902, avg like/frame -73.5199
LOG (gmm-sum-accs[5.5.620~1-dce1dc]:main():gmm-sum-accs.cc:66) Total count of stats is 34902
LOG (gmm-sum-accs[5.5.620~1-dce1dc]:main():gmm-sum-accs.cc:67) Written stats to -
LOG (gmm-est[5.5.620~1-dce1dc]:MleUpdate():transition-model.cc:528) TransitionModel::Update, objf change is 0.006138 per frame over 34902 frames. 
LOG (gmm-est[5.5.620~1-dce1dc]:MleUpdate():transition-model.cc:531) 15 probabilities floored, 352 out of 462 transition-states skipped due to insuffient data (it is normal to have some skipped.)
LOG (gmm-est[5.5.620~1-dce1dc]:main():gmm-est.cc:102) Transition model update: Overall 0.006138 log-like improvement per frame over 34902 frames.
WARNING (gmm-est[5.5.620~1-dce1dc]:MleDiagGmmUpdate():mle-diag-gmm.cc:365) Gaussian has too little data but not removing it because it is the last Gaussian: i = 0, occ = 0, weight = 1
WARNING (gmm-est[5.5.620~1-dce1dc]:MleDiagGmmUpdate():mle-diag-gmm.cc:359) Too little data - removing Gaussian (weight 0.014433, occupation count 9.193656, vector size 39)
WARNING (gmm-est[5.5.620~1-dce1dc]:MleDiagGmmUpdate():mle-diag-gmm.cc:359) Too little data - removing Gaussian (weight 0.011979, occupation count 9.930998, vector size 39)
WARNING (gmm-est[5.5.620~1-dce1dc]:MleDiagGmmUpdate():mle-diag-gmm.cc:359) Too little data - removing Gaussian (weight 0.018561, occupation count 9.818744, vector size 39)
WARNING (gmm-est[5.5.620~1-dce1dc]:MleDiagGmmUpdate():mle-diag-gmm.cc:359) Too little data - removing Gaussian (weight 0.012817, occupation count 7.459625, vector size 39)
WARNING (gmm-est[5.5.620~1-dce1dc]:MleDiagGmmUpdate():mle-diag-gmm.cc:359) Too little data - removing Gaussian (weight 0.026393, occupation count 9.184731, vector size 39)
WARNING (gmm-est[5.5.620~1-dce1dc]:MleDiagGmmUpdate():mle-diag-gmm.cc:359) Too little data - removing Gaussian (weight 0.008850, occupation count 9.628531, vector size 39)
WARNING (gmm-est[5.5.620~1-dce1dc]:MleDiagGmmUpdate():mle-diag-gmm.cc:359) Too little data - removing Gaussian (weight 0.055656, occupation count 9.127624, vector size 39)
LOG (gmm-est[5.5.620~1-dce1dc]:MleAmDiagGmmUpdate():mle-am-diag-gmm.cc:225) 1 variance elements floored in 1 Gaussians, out of 1689
LOG (gmm-est[5.5.620~1-dce1dc]:MleAmDiagGmmUpdate():mle-am-diag-gmm.cc:229) Removed 7 Gaussians due to counts < --min-gaussian-occupancy=10 and --remove-low-count-gaussians=true
LOG (gmm-est[5.5.620~1-dce1dc]:main():gmm-est.cc:113) GMM update: Overall 0.167366 objective function improvement per frame over 34902 frames
LOG (gmm-est[5.5.620~1-dce1dc]:main():gmm-est.cc:116) GMM update: Overall avg like per frame = -73.5199 over 34902 frames.
WARNING (gmm-est[5.5.620~1-dce1dc]:GetSplitTargets():model-common.cc:134) Could not split up to 5240 due to min-count = 20 (or no counts at all)

LOG (gmm-est[5.5.620~1-dce1dc]:SplitByCount():am-diag-gmm.cc:116) Split 96 states with target = 5240, power = 0.25, perturb_factor = 0.01 and min_count = 20, split #Gauss from 1689 to 1702
LOG (gmm-est[5.5.620~1-dce1dc]:main():gmm-est.cc:146) Written model to exp/tri1/11.mdl
# Accounting: time=0 threads=1
# Ended (code 0) at ح فيفري  2 11:07:39 CET 2020, elapsed time 0 seconds
