# gmm-acc-stats-ali exp/mono/20.mdl "ark,s,cs:apply-cmvn  --utt2spk=ark:data/train/split1/1/utt2spk scp:data/train/split1/1/cmvn.scp scp:data/train/split1/1/feats.scp ark:- | add-deltas  ark:- ark:- |" "ark:gunzip -c exp/mono/ali.1.gz|" exp/mono/20.1.acc 
# Started at ح فيفري  2 11:07:25 CET 2020
#
gmm-acc-stats-ali exp/mono/20.mdl 'ark,s,cs:apply-cmvn  --utt2spk=ark:data/train/split1/1/utt2spk scp:data/train/split1/1/cmvn.scp scp:data/train/split1/1/feats.scp ark:- | add-deltas  ark:- ark:- |' 'ark:gunzip -c exp/mono/ali.1.gz|' exp/mono/20.1.acc 
add-deltas ark:- ark:- 
apply-cmvn --utt2spk=ark:data/train/split1/1/utt2spk scp:data/train/split1/1/cmvn.scp scp:data/train/split1/1/feats.scp ark:- 
LOG (gmm-acc-stats-ali[5.5.620~1-dce1dc]:main():gmm-acc-stats-ali.cc:105) Processed 50 utterances; for utterance nicolas_0_9 avg. like is -75.8391 over 46 frames.
LOG (gmm-acc-stats-ali[5.5.620~1-dce1dc]:main():gmm-acc-stats-ali.cc:105) Processed 100 utterances; for utterance nicolas_1_9 avg. like is -70.5466 over 29 frames.
LOG (gmm-acc-stats-ali[5.5.620~1-dce1dc]:main():gmm-acc-stats-ali.cc:105) Processed 150 utterances; for utterance nicolas_2_9 avg. like is -79.9381 over 33 frames.
LOG (gmm-acc-stats-ali[5.5.620~1-dce1dc]:main():gmm-acc-stats-ali.cc:105) Processed 200 utterances; for utterance nicolas_3_9 avg. like is -67.0559 over 22 frames.
LOG (gmm-acc-stats-ali[5.5.620~1-dce1dc]:main():gmm-acc-stats-ali.cc:105) Processed 250 utterances; for utterance nicolas_4_9 avg. like is -70.8486 over 31 frames.
LOG (gmm-acc-stats-ali[5.5.620~1-dce1dc]:main():gmm-acc-stats-ali.cc:105) Processed 300 utterances; for utterance nicolas_5_9 avg. like is -69.9595 over 32 frames.
LOG (gmm-acc-stats-ali[5.5.620~1-dce1dc]:main():gmm-acc-stats-ali.cc:105) Processed 350 utterances; for utterance nicolas_6_9 avg. like is -87.0616 over 14 frames.
LOG (gmm-acc-stats-ali[5.5.620~1-dce1dc]:main():gmm-acc-stats-ali.cc:105) Processed 400 utterances; for utterance nicolas_7_9 avg. like is -74.4267 over 35 frames.
LOG (gmm-acc-stats-ali[5.5.620~1-dce1dc]:main():gmm-acc-stats-ali.cc:105) Processed 450 utterances; for utterance nicolas_8_9 avg. like is -76.8419 over 25 frames.
LOG (gmm-acc-stats-ali[5.5.620~1-dce1dc]:main():gmm-acc-stats-ali.cc:105) Processed 500 utterances; for utterance nicolas_9_9 avg. like is -66.0363 over 42 frames.
LOG (gmm-acc-stats-ali[5.5.620~1-dce1dc]:main():gmm-acc-stats-ali.cc:105) Processed 550 utterances; for utterance theo_0_9 avg. like is -75.028 over 37 frames.
LOG (gmm-acc-stats-ali[5.5.620~1-dce1dc]:main():gmm-acc-stats-ali.cc:105) Processed 600 utterances; for utterance theo_1_9 avg. like is -80.7506 over 22 frames.
LOG (gmm-acc-stats-ali[5.5.620~1-dce1dc]:main():gmm-acc-stats-ali.cc:105) Processed 650 utterances; for utterance theo_2_9 avg. like is -91.5275 over 22 frames.
LOG (gmm-acc-stats-ali[5.5.620~1-dce1dc]:main():gmm-acc-stats-ali.cc:105) Processed 700 utterances; for utterance theo_3_9 avg. like is -83.3616 over 23 frames.
LOG (gmm-acc-stats-ali[5.5.620~1-dce1dc]:main():gmm-acc-stats-ali.cc:105) Processed 750 utterances; for utterance theo_4_9 avg. like is -75.7779 over 24 frames.
LOG (gmm-acc-stats-ali[5.5.620~1-dce1dc]:main():gmm-acc-stats-ali.cc:105) Processed 800 utterances; for utterance theo_5_9 avg. like is -78.2805 over 30 frames.
LOG (gmm-acc-stats-ali[5.5.620~1-dce1dc]:main():gmm-acc-stats-ali.cc:105) Processed 850 utterances; for utterance theo_6_9 avg. like is -82.3158 over 48 frames.
LOG (gmm-acc-stats-ali[5.5.620~1-dce1dc]:main():gmm-acc-stats-ali.cc:105) Processed 900 utterances; for utterance theo_7_9 avg. like is -81.381 over 38 frames.
LOG (gmm-acc-stats-ali[5.5.620~1-dce1dc]:main():gmm-acc-stats-ali.cc:105) Processed 950 utterances; for utterance theo_8_9 avg. like is -77.1059 over 33 frames.
LOG (apply-cmvn[5.5.620~1-dce1dc]:main():apply-cmvn.cc:162) Applied cepstral mean normalization to 1000 utterances, errors on 0
LOG (gmm-acc-stats-ali[5.5.620~1-dce1dc]:main():gmm-acc-stats-ali.cc:105) Processed 1000 utterances; for utterance theo_9_9 avg. like is -79.0825 over 40 frames.
LOG (gmm-acc-stats-ali[5.5.620~1-dce1dc]:main():gmm-acc-stats-ali.cc:112) Done 1000 files, 0 with errors.
LOG (gmm-acc-stats-ali[5.5.620~1-dce1dc]:main():gmm-acc-stats-ali.cc:115) Overall avg like per frame (Gaussian only) = -78.1958 over 34902 frames.
LOG (gmm-acc-stats-ali[5.5.620~1-dce1dc]:main():gmm-acc-stats-ali.cc:123) Written accs.
# Accounting: time=0 threads=1
# Ended (code 0) at ح فيفري  2 11:07:25 CET 2020, elapsed time 0 seconds
