# gmm-acc-stats-ali exp/mono/21.mdl "ark,s,cs:apply-cmvn  --utt2spk=ark:data/train/split1/1/utt2spk scp:data/train/split1/1/cmvn.scp scp:data/train/split1/1/feats.scp ark:- | add-deltas  ark:- ark:- |" "ark:gunzip -c exp/mono/ali.1.gz|" exp/mono/21.1.acc 
# Started at ح فيفري  2 11:07:25 CET 2020
#
gmm-acc-stats-ali exp/mono/21.mdl 'ark,s,cs:apply-cmvn  --utt2spk=ark:data/train/split1/1/utt2spk scp:data/train/split1/1/cmvn.scp scp:data/train/split1/1/feats.scp ark:- | add-deltas  ark:- ark:- |' 'ark:gunzip -c exp/mono/ali.1.gz|' exp/mono/21.1.acc 
add-deltas ark:- ark:- 
apply-cmvn --utt2spk=ark:data/train/split1/1/utt2spk scp:data/train/split1/1/cmvn.scp scp:data/train/split1/1/feats.scp ark:- 
LOG (gmm-acc-stats-ali[5.5.620~1-dce1dc]:main():gmm-acc-stats-ali.cc:105) Processed 50 utterances; for utterance nicolas_0_9 avg. like is -75.5201 over 46 frames.
LOG (gmm-acc-stats-ali[5.5.620~1-dce1dc]:main():gmm-acc-stats-ali.cc:105) Processed 100 utterances; for utterance nicolas_1_9 avg. like is -70.2474 over 29 frames.
LOG (gmm-acc-stats-ali[5.5.620~1-dce1dc]:main():gmm-acc-stats-ali.cc:105) Processed 150 utterances; for utterance nicolas_2_9 avg. like is -79.3743 over 33 frames.
LOG (gmm-acc-stats-ali[5.5.620~1-dce1dc]:main():gmm-acc-stats-ali.cc:105) Processed 200 utterances; for utterance nicolas_3_9 avg. like is -66.9983 over 22 frames.
LOG (gmm-acc-stats-ali[5.5.620~1-dce1dc]:main():gmm-acc-stats-ali.cc:105) Processed 250 utterances; for utterance nicolas_4_9 avg. like is -70.6172 over 31 frames.
LOG (gmm-acc-stats-ali[5.5.620~1-dce1dc]:main():gmm-acc-stats-ali.cc:105) Processed 300 utterances; for utterance nicolas_5_9 avg. like is -69.7881 over 32 frames.
LOG (gmm-acc-stats-ali[5.5.620~1-dce1dc]:main():gmm-acc-stats-ali.cc:105) Processed 350 utterances; for utterance nicolas_6_9 avg. like is -86.5887 over 14 frames.
LOG (gmm-acc-stats-ali[5.5.620~1-dce1dc]:main():gmm-acc-stats-ali.cc:105) Processed 400 utterances; for utterance nicolas_7_9 avg. like is -74.4719 over 35 frames.
LOG (gmm-acc-stats-ali[5.5.620~1-dce1dc]:main():gmm-acc-stats-ali.cc:105) Processed 450 utterances; for utterance nicolas_8_9 avg. like is -76.519 over 25 frames.
LOG (gmm-acc-stats-ali[5.5.620~1-dce1dc]:main():gmm-acc-stats-ali.cc:105) Processed 500 utterances; for utterance nicolas_9_9 avg. like is -65.6753 over 42 frames.
LOG (gmm-acc-stats-ali[5.5.620~1-dce1dc]:main():gmm-acc-stats-ali.cc:105) Processed 550 utterances; for utterance theo_0_9 avg. like is -74.6701 over 37 frames.
LOG (gmm-acc-stats-ali[5.5.620~1-dce1dc]:main():gmm-acc-stats-ali.cc:105) Processed 600 utterances; for utterance theo_1_9 avg. like is -79.9045 over 22 frames.
LOG (gmm-acc-stats-ali[5.5.620~1-dce1dc]:main():gmm-acc-stats-ali.cc:105) Processed 650 utterances; for utterance theo_2_9 avg. like is -90.8272 over 22 frames.
LOG (gmm-acc-stats-ali[5.5.620~1-dce1dc]:main():gmm-acc-stats-ali.cc:105) Processed 700 utterances; for utterance theo_3_9 avg. like is -83.1178 over 23 frames.
LOG (gmm-acc-stats-ali[5.5.620~1-dce1dc]:main():gmm-acc-stats-ali.cc:105) Processed 750 utterances; for utterance theo_4_9 avg. like is -75.8995 over 24 frames.
LOG (gmm-acc-stats-ali[5.5.620~1-dce1dc]:main():gmm-acc-stats-ali.cc:105) Processed 800 utterances; for utterance theo_5_9 avg. like is -78.0308 over 30 frames.
LOG (gmm-acc-stats-ali[5.5.620~1-dce1dc]:main():gmm-acc-stats-ali.cc:105) Processed 850 utterances; for utterance theo_6_9 avg. like is -82.1821 over 48 frames.
LOG (gmm-acc-stats-ali[5.5.620~1-dce1dc]:main():gmm-acc-stats-ali.cc:105) Processed 900 utterances; for utterance theo_7_9 avg. like is -81.3023 over 38 frames.
LOG (gmm-acc-stats-ali[5.5.620~1-dce1dc]:main():gmm-acc-stats-ali.cc:105) Processed 950 utterances; for utterance theo_8_9 avg. like is -77.0682 over 33 frames.
LOG (apply-cmvn[5.5.620~1-dce1dc]:main():apply-cmvn.cc:162) Applied cepstral mean normalization to 1000 utterances, errors on 0
LOG (gmm-acc-stats-ali[5.5.620~1-dce1dc]:main():gmm-acc-stats-ali.cc:105) Processed 1000 utterances; for utterance theo_9_9 avg. like is -79.1 over 40 frames.
LOG (gmm-acc-stats-ali[5.5.620~1-dce1dc]:main():gmm-acc-stats-ali.cc:112) Done 1000 files, 0 with errors.
LOG (gmm-acc-stats-ali[5.5.620~1-dce1dc]:main():gmm-acc-stats-ali.cc:115) Overall avg like per frame (Gaussian only) = -77.9764 over 34902 frames.
LOG (gmm-acc-stats-ali[5.5.620~1-dce1dc]:main():gmm-acc-stats-ali.cc:123) Written accs.
# Accounting: time=0 threads=1
# Ended (code 0) at ح فيفري  2 11:07:25 CET 2020, elapsed time 0 seconds
