# gmm-align-compiled --transition-scale=1.0 --acoustic-scale=0.1 --self-loop-scale=0.1 --beam=10 --retry-beam=40 --careful=false "gmm-boost-silence --boost=1.0 1 exp/mono/12.mdl - |" "ark:gunzip -c exp/mono/fsts.1.gz|" "ark,s,cs:apply-cmvn  --utt2spk=ark:data/train/split1/1/utt2spk scp:data/train/split1/1/cmvn.scp scp:data/train/split1/1/feats.scp ark:- | add-deltas  ark:- ark:- |" "ark,t:|gzip -c >exp/mono/ali.1.gz" 
# Started at ح فيفري  2 11:07:21 CET 2020
#
gmm-align-compiled --transition-scale=1.0 --acoustic-scale=0.1 --self-loop-scale=0.1 --beam=10 --retry-beam=40 --careful=false 'gmm-boost-silence --boost=1.0 1 exp/mono/12.mdl - |' 'ark:gunzip -c exp/mono/fsts.1.gz|' 'ark,s,cs:apply-cmvn  --utt2spk=ark:data/train/split1/1/utt2spk scp:data/train/split1/1/cmvn.scp scp:data/train/split1/1/feats.scp ark:- | add-deltas  ark:- ark:- |' 'ark,t:|gzip -c >exp/mono/ali.1.gz' 
gmm-boost-silence --boost=1.0 1 exp/mono/12.mdl - 
WARNING (gmm-boost-silence[5.5.620~1-dce1dc]:main():gmm-boost-silence.cc:82) The pdfs for the silence phones may be shared by other phones (note: this probably does not matter.)
LOG (gmm-boost-silence[5.5.620~1-dce1dc]:main():gmm-boost-silence.cc:93) Boosted weights for 5 pdfs, by factor of 1
LOG (gmm-boost-silence[5.5.620~1-dce1dc]:main():gmm-boost-silence.cc:103) Wrote model to -
add-deltas ark:- ark:- 
apply-cmvn --utt2spk=ark:data/train/split1/1/utt2spk scp:data/train/split1/1/cmvn.scp scp:data/train/split1/1/feats.scp ark:- 
LOG (gmm-align-compiled[5.5.620~1-dce1dc]:main():gmm-align-compiled.cc:127) nicolas_0_0
LOG (gmm-align-compiled[5.5.620~1-dce1dc]:main():gmm-align-compiled.cc:127) nicolas_0_1
LOG (gmm-align-compiled[5.5.620~1-dce1dc]:main():gmm-align-compiled.cc:127) nicolas_0_10
LOG (gmm-align-compiled[5.5.620~1-dce1dc]:main():gmm-align-compiled.cc:127) nicolas_0_11
LOG (gmm-align-compiled[5.5.620~1-dce1dc]:main():gmm-align-compiled.cc:127) nicolas_0_12
LOG (gmm-align-compiled[5.5.620~1-dce1dc]:main():gmm-align-compiled.cc:127) nicolas_0_13
LOG (gmm-align-compiled[5.5.620~1-dce1dc]:main():gmm-align-compiled.cc:127) nicolas_0_14
LOG (gmm-align-compiled[5.5.620~1-dce1dc]:main():gmm-align-compiled.cc:127) nicolas_0_15
LOG (gmm-align-compiled[5.5.620~1-dce1dc]:main():gmm-align-compiled.cc:127) nicolas_0_16
LOG (gmm-align-compiled[5.5.620~1-dce1dc]:main():gmm-align-compiled.cc:127) nicolas_0_17
LOG (gmm-align-compiled[5.5.620~1-dce1dc]:main():gmm-align-compiled.cc:127) nicolas_0_18
LOG (gmm-align-compiled[5.5.620~1-dce1dc]:main():gmm-align-compiled.cc:127) nicolas_0_19
LOG (gmm-align-compiled[5.5.620~1-dce1dc]:main():gmm-align-compiled.cc:127) nicolas_0_2
LOG (gmm-align-compiled[5.5.620~1-dce1dc]:main():gmm-align-compiled.cc:127) nicolas_0_20
LOG (gmm-align-compiled[5.5.620~1-dce1dc]:main():gmm-align-compiled.cc:127) nicolas_0_21
LOG (gmm-align-compiled[5.5.620~1-dce1dc]:main():gmm-align-compiled.cc:127) nicolas_0_22
LOG (gmm-align-compiled[5.5.620~1-dce1dc]:main():gmm-align-compiled.cc:127) nicolas_0_23
LOG (gmm-align-compiled[5.5.620~1-dce1dc]:main():gmm-align-compiled.cc:127) nicolas_0_24
LOG (gmm-align-compiled[5.5.620~1-dce1dc]:main():gmm-align-compiled.cc:127) nicolas_0_25
LOG (gmm-align-compiled[5.5.620~1-dce1dc]:main():gmm-align-compiled.cc:127) nicolas_0_26
LOG (gmm-align-compiled[5.5.620~1-dce1dc]:main():gmm-align-compiled.cc:127) nicolas_0_27
LOG (gmm-align-compiled[5.5.620~1-dce1dc]:main():gmm-align-compiled.cc:127) nicolas_0_28
LOG (gmm-align-compiled[5.5.620~1-dce1dc]:main():gmm-align-compiled.cc:127) nicolas_0_29
LOG (gmm-align-compiled[5.5.620~1-dce1dc]:main():gmm-align-compiled.cc:127) nicolas_0_3
LOG (gmm-align-compiled[5.5.620~1-dce1dc]:main():gmm-align-compiled.cc:127) nicolas_0_30
LOG (gmm-align-compiled[5.5.620~1-dce1dc]:main():gmm-align-compiled.cc:127) nicolas_0_31
LOG (gmm-align-compiled[5.5.620~1-dce1dc]:main():gmm-align-compiled.cc:127) nicolas_0_32
LOG (gmm-align-compiled[5.5.620~1-dce1dc]:main():gmm-align-compiled.cc:127) nicolas_0_33
LOG (gmm-align-compiled[5.5.620~1-dce1dc]:main():gmm-align-compiled.cc:127) nicolas_0_34
LOG (gmm-align-compiled[5.5.620~1-dce1dc]:main():gmm-align-compiled.cc:127) nicolas_0_35
LOG (gmm-align-compiled[5.5.620~1-dce1dc]:main():gmm-align-compiled.cc:127) nicolas_0_36
LOG (gmm-align-compiled[5.5.620~1-dce1dc]:main():gmm-align-compiled.cc:127) nicolas_0_37
LOG (gmm-align-compiled[5.5.620~1-dce1dc]:main():gmm-align-compiled.cc:127) nicolas_0_38
LOG (gmm-align-compiled[5.5.620~1-dce1dc]:main():gmm-align-compiled.cc:127) nicolas_0_39
LOG (gmm-align-compiled[5.5.620~1-dce1dc]:main():gmm-align-compiled.cc:127) nicolas_0_4
LOG (gmm-align-compiled[5.5.620~1-dce1dc]:main():gmm-align-compiled.cc:127) nicolas_0_40
LOG (gmm-align-compiled[5.5.620~1-dce1dc]:main():gmm-align-compiled.cc:127) nicolas_0_41
LOG (gmm-align-compiled[5.5.620~1-dce1dc]:main():gmm-align-compiled.cc:127) nicolas_0_42
LOG (gmm-align-compiled[5.5.620~1-dce1dc]:main():gmm-align-compiled.cc:127) nicolas_0_43
LOG (gmm-align-compiled[5.5.620~1-dce1dc]:main():gmm-align-compiled.cc:127) nicolas_0_44
LOG (gmm-align-compiled[5.5.620~1-dce1dc]:main():gmm-align-compiled.cc:127) nicolas_0_45
LOG (gmm-align-compiled[5.5.620~1-dce1dc]:main():gmm-align-compiled.cc:127) nicolas_0_46
LOG (gmm-align-compiled[5.5.620~1-dce1dc]:main():gmm-align-compiled.cc:127) nicolas_0_47
LOG (gmm-align-compiled[5.5.620~1-dce1dc]:main():gmm-align-compiled.cc:127) nicolas_0_48
LOG (gmm-align-compiled[5.5.620~1-dce1dc]:main():gmm-align-compiled.cc:127) nicolas_0_49
LOG (gmm-align-compiled[5.5.620~1-dce1dc]:main():gmm-align-compiled.cc:127) nicolas_0_5
LOG (gmm-align-compiled[5.5.620~1-dce1dc]:main():gmm-align-compiled.cc:127) nicolas_0_6
LOG (gmm-align-compiled[5.5.620~1-dce1dc]:main():gmm-align-compiled.cc:127) nicolas_0_7
LOG (gmm-align-compiled[5.5.620~1-dce1dc]:main():gmm-align-compiled.cc:127) nicolas_0_8
LOG (gmm-align-compiled[5.5.620~1-dce1dc]:main():gmm-align-compiled.cc:127) nicolas_0_9
LOG (gmm-align-compiled[5.5.620~1-dce1dc]:main():gmm-align-compiled.cc:127) nicolas_1_0
LOG (gmm-align-compiled[5.5.620~1-dce1dc]:main():gmm-align-compiled.cc:127) nicolas_1_1
LOG (gmm-align-compiled[5.5.620~1-dce1dc]:main():gmm-align-compiled.cc:127) nicolas_1_10
LOG (gmm-align-compiled[5.5.620~1-dce1dc]:main():gmm-align-compiled.cc:127) nicolas_1_11
LOG (gmm-align-compiled[5.5.620~1-dce1dc]:main():gmm-align-compiled.cc:127) nicolas_1_12
LOG (gmm-align-compiled[5.5.620~1-dce1dc]:main():gmm-align-compiled.cc:127) nicolas_1_13
LOG (gmm-align-compiled[5.5.620~1-dce1dc]:main():gmm-align-compiled.cc:127) nicolas_1_14
LOG (gmm-align-compiled[5.5.620~1-dce1dc]:main():gmm-align-compiled.cc:127) nicolas_1_15
LOG (gmm-align-compiled[5.5.620~1-dce1dc]:main():gmm-align-compiled.cc:127) nicolas_1_16
LOG (gmm-align-compiled[5.5.620~1-dce1dc]:main():gmm-align-compiled.cc:127) nicolas_1_17
LOG (gmm-align-compiled[5.5.620~1-dce1dc]:main():gmm-align-compiled.cc:127) nicolas_1_18
LOG (gmm-align-compiled[5.5.620~1-dce1dc]:main():gmm-align-compiled.cc:127) nicolas_1_19
LOG (gmm-align-compiled[5.5.620~1-dce1dc]:main():gmm-align-compiled.cc:127) nicolas_1_2
LOG (gmm-align-compiled[5.5.620~1-dce1dc]:main():gmm-align-compiled.cc:127) nicolas_1_20
LOG (gmm-align-compiled[5.5.620~1-dce1dc]:main():gmm-align-compiled.cc:127) nicolas_1_21
LOG (gmm-align-compiled[5.5.620~1-dce1dc]:main():gmm-align-compiled.cc:127) nicolas_1_22
LOG (gmm-align-compiled[5.5.620~1-dce1dc]:main():gmm-align-compiled.cc:127) nicolas_1_23
LOG (gmm-align-compiled[5.5.620~1-dce1dc]:main():gmm-align-compiled.cc:127) nicolas_1_24
LOG (gmm-align-compiled[5.5.620~1-dce1dc]:main():gmm-align-compiled.cc:127) nicolas_1_25
LOG (gmm-align-compiled[5.5.620~1-dce1dc]:main():gmm-align-compiled.cc:127) nicolas_1_26
LOG (gmm-align-compiled[5.5.620~1-dce1dc]:main():gmm-align-compiled.cc:127) nicolas_1_27
LOG (gmm-align-compiled[5.5.620~1-dce1dc]:main():gmm-align-compiled.cc:127) nicolas_1_28
LOG (gmm-align-compiled[5.5.620~1-dce1dc]:main():gmm-align-compiled.cc:127) nicolas_1_29
LOG (gmm-align-compiled[5.5.620~1-dce1dc]:main():gmm-align-compiled.cc:127) nicolas_1_3
LOG (gmm-align-compiled[5.5.620~1-dce1dc]:main():gmm-align-compiled.cc:127) nicolas_1_30
LOG (gmm-align-compiled[5.5.620~1-dce1dc]:main():gmm-align-compiled.cc:127) nicolas_1_31
LOG (gmm-align-compiled[5.5.620~1-dce1dc]:main():gmm-align-compiled.cc:127) nicolas_1_32
LOG (gmm-align-compiled[5.5.620~1-dce1dc]:main():gmm-align-compiled.cc:127) nicolas_1_33
LOG (gmm-align-compiled[5.5.620~1-dce1dc]:main():gmm-align-compiled.cc:127) nicolas_1_34
LOG (gmm-align-compiled[5.5.620~1-dce1dc]:main():gmm-align-compiled.cc:127) nicolas_1_35
LOG (gmm-align-compiled[5.5.620~1-dce1dc]:main():gmm-align-compiled.cc:127) nicolas_1_36
LOG (gmm-align-compiled[5.5.620~1-dce1dc]:main():gmm-align-compiled.cc:127) nicolas_1_37
LOG (gmm-align-compiled[5.5.620~1-dce1dc]:main():gmm-align-compiled.cc:127) nicolas_1_38
LOG (gmm-align-compiled[5.5.620~1-dce1dc]:main():gmm-align-compiled.cc:127) nicolas_1_39
LOG (gmm-align-compiled[5.5.620~1-dce1dc]:main():gmm-align-compiled.cc:127) nicolas_1_4
LOG (gmm-align-compiled[5.5.620~1-dce1dc]:main():gmm-align-compiled.cc:127) nicolas_1_40
LOG (gmm-align-compiled[5.5.620~1-dce1dc]:main():gmm-align-compiled.cc:127) nicolas_1_41
LOG (gmm-align-compiled[5.5.620~1-dce1dc]:main():gmm-align-compiled.cc:127) nicolas_1_42
LOG (gmm-align-compiled[5.5.620~1-dce1dc]:main():gmm-align-compiled.cc:127) nicolas_1_43
LOG (gmm-align-compiled[5.5.620~1-dce1dc]:main():gmm-align-compiled.cc:127) nicolas_1_44
LOG (gmm-align-compiled[5.5.620~1-dce1dc]:main():gmm-align-compiled.cc:127) nicolas_1_45
LOG (gmm-align-compiled[5.5.620~1-dce1dc]:main():gmm-align-compiled.cc:127) nicolas_1_46
LOG (gmm-align-compiled[5.5.620~1-dce1dc]:main():gmm-align-compiled.cc:127) nicolas_1_47
LOG (gmm-align-compiled[5.5.620~1-dce1dc]:main():gmm-align-compiled.cc:127) nicolas_1_48
LOG (gmm-align-compiled[5.5.620~1-dce1dc]:main():gmm-align-compiled.cc:127) nicolas_1_49
LOG (gmm-align-compiled[5.5.620~1-dce1dc]:main():gmm-align-compiled.cc:127) nicolas_1_5
LOG (gmm-align-compiled[5.5.620~1-dce1dc]:main():gmm-align-compiled.cc:127) nicolas_1_6
LOG (gmm-align-compiled[5.5.620~1-dce1dc]:main():gmm-align-compiled.cc:127) nicolas_1_7
LOG (gmm-align-compiled[5.5.620~1-dce1dc]:main():gmm-align-compiled.cc:127) nicolas_1_8
LOG (gmm-align-compiled[5.5.620~1-dce1dc]:main():gmm-align-compiled.cc:127) nicolas_1_9
LOG (gmm-align-compiled[5.5.620~1-dce1dc]:main():gmm-align-compiled.cc:127) nicolas_2_0
LOG (gmm-align-compiled[5.5.620~1-dce1dc]:main():gmm-align-compiled.cc:127) nicolas_2_1
LOG (gmm-align-compiled[5.5.620~1-dce1dc]:main():gmm-align-compiled.cc:127) nicolas_2_10
LOG (gmm-align-compiled[5.5.620~1-dce1dc]:main():gmm-align-compiled.cc:127) nicolas_2_11
LOG (gmm-align-compiled[5.5.620~1-dce1dc]:main():gmm-align-compiled.cc:127) nicolas_2_12
LOG (gmm-align-compiled[5.5.620~1-dce1dc]:main():gmm-align-compiled.cc:127) nicolas_2_13
LOG (gmm-align-compiled[5.5.620~1-dce1dc]:main():gmm-align-compiled.cc:127) nicolas_2_14
LOG (gmm-align-compiled[5.5.620~1-dce1dc]:main():gmm-align-compiled.cc:127) nicolas_2_15
LOG (gmm-align-compiled[5.5.620~1-dce1dc]:main():gmm-align-compiled.cc:127) nicolas_2_16
LOG (gmm-align-compiled[5.5.620~1-dce1dc]:main():gmm-align-compiled.cc:127) nicolas_2_17
LOG (gmm-align-compiled[5.5.620~1-dce1dc]:main():gmm-align-compiled.cc:127) nicolas_2_18
LOG (gmm-align-compiled[5.5.620~1-dce1dc]:main():gmm-align-compiled.cc:127) nicolas_2_19
LOG (gmm-align-compiled[5.5.620~1-dce1dc]:main():gmm-align-compiled.cc:127) nicolas_2_2
LOG (gmm-align-compiled[5.5.620~1-dce1dc]:main():gmm-align-compiled.cc:127) nicolas_2_20
LOG (gmm-align-compiled[5.5.620~1-dce1dc]:main():gmm-align-compiled.cc:127) nicolas_2_21
LOG (gmm-align-compiled[5.5.620~1-dce1dc]:main():gmm-align-compiled.cc:127) nicolas_2_22
LOG (gmm-align-compiled[5.5.620~1-dce1dc]:main():gmm-align-compiled.cc:127) nicolas_2_23
LOG (gmm-align-compiled[5.5.620~1-dce1dc]:main():gmm-align-compiled.cc:127) nicolas_2_24
LOG (gmm-align-compiled[5.5.620~1-dce1dc]:main():gmm-align-compiled.cc:127) nicolas_2_25
LOG (gmm-align-compiled[5.5.620~1-dce1dc]:main():gmm-align-compiled.cc:127) nicolas_2_26
LOG (gmm-align-compiled[5.5.620~1-dce1dc]:main():gmm-align-compiled.cc:127) nicolas_2_27
LOG (gmm-align-compiled[5.5.620~1-dce1dc]:main():gmm-align-compiled.cc:127) nicolas_2_28
LOG (gmm-align-compiled[5.5.620~1-dce1dc]:main():gmm-align-compiled.cc:127) nicolas_2_29
LOG (gmm-align-compiled[5.5.620~1-dce1dc]:main():gmm-align-compiled.cc:127) nicolas_2_3
LOG (gmm-align-compiled[5.5.620~1-dce1dc]:main():gmm-align-compiled.cc:127) nicolas_2_30
LOG (gmm-align-compiled[5.5.620~1-dce1dc]:main():gmm-align-compiled.cc:127) nicolas_2_31
LOG (gmm-align-compiled[5.5.620~1-dce1dc]:main():gmm-align-compiled.cc:127) nicolas_2_32
LOG (gmm-align-compiled[5.5.620~1-dce1dc]:main():gmm-align-compiled.cc:127) nicolas_2_33
LOG (gmm-align-compiled[5.5.620~1-dce1dc]:main():gmm-align-compiled.cc:127) nicolas_2_34
LOG (gmm-align-compiled[5.5.620~1-dce1dc]:main():gmm-align-compiled.cc:127) nicolas_2_35
LOG (gmm-align-compiled[5.5.620~1-dce1dc]:main():gmm-align-compiled.cc:127) nicolas_2_36
LOG (gmm-align-compiled[5.5.620~1-dce1dc]:main():gmm-align-compiled.cc:127) nicolas_2_37
LOG (gmm-align-compiled[5.5.620~1-dce1dc]:main():gmm-align-compiled.cc:127) nicolas_2_38
LOG (gmm-align-compiled[5.5.620~1-dce1dc]:main():gmm-align-compiled.cc:127) nicolas_2_39
LOG (gmm-align-compiled[5.5.620~1-dce1dc]:main():gmm-align-compiled.cc:127) nicolas_2_4
LOG (gmm-align-compiled[5.5.620~1-dce1dc]:main():gmm-align-compiled.cc:127) nicolas_2_40
LOG (gmm-align-compiled[5.5.620~1-dce1dc]:main():gmm-align-compiled.cc:127) nicolas_2_41
LOG (gmm-align-compiled[5.5.620~1-dce1dc]:main():gmm-align-compiled.cc:127) nicolas_2_42
LOG (gmm-align-compiled[5.5.620~1-dce1dc]:main():gmm-align-compiled.cc:127) nicolas_2_43
LOG (gmm-align-compiled[5.5.620~1-dce1dc]:main():gmm-align-compiled.cc:127) nicolas_2_44
LOG (gmm-align-compiled[5.5.620~1-dce1dc]:main():gmm-align-compiled.cc:127) nicolas_2_45
LOG (gmm-align-compiled[5.5.620~1-dce1dc]:main():gmm-align-compiled.cc:127) nicolas_2_46
LOG (gmm-align-compiled[5.5.620~1-dce1dc]:main():gmm-align-compiled.cc:127) nicolas_2_47
LOG (gmm-align-compiled[5.5.620~1-dce1dc]:main():gmm-align-compiled.cc:127) nicolas_2_48
LOG (gmm-align-compiled[5.5.620~1-dce1dc]:main():gmm-align-compiled.cc:127) nicolas_2_49
LOG (gmm-align-compiled[5.5.620~1-dce1dc]:main():gmm-align-compiled.cc:127) nicolas_2_5
LOG (gmm-align-compiled[5.5.620~1-dce1dc]:main():gmm-align-compiled.cc:127) nicolas_2_6
LOG (gmm-align-compiled[5.5.620~1-dce1dc]:main():gmm-align-compiled.cc:127) nicolas_2_7
LOG (gmm-align-compiled[5.5.620~1-dce1dc]:main():gmm-align-compiled.cc:127) nicolas_2_8
LOG (gmm-align-compiled[5.5.620~1-dce1dc]:main():gmm-align-compiled.cc:127) nicolas_2_9
LOG (gmm-align-compiled[5.5.620~1-dce1dc]:main():gmm-align-compiled.cc:127) nicolas_3_0
LOG (gmm-align-compiled[5.5.620~1-dce1dc]:main():gmm-align-compiled.cc:127) nicolas_3_1
LOG (gmm-align-compiled[5.5.620~1-dce1dc]:main():gmm-align-compiled.cc:127) nicolas_3_10
LOG (gmm-align-compiled[5.5.620~1-dce1dc]:main():gmm-align-compiled.cc:127) nicolas_3_11
LOG (gmm-align-compiled[5.5.620~1-dce1dc]:main():gmm-align-compiled.cc:127) nicolas_3_12
LOG (gmm-align-compiled[5.5.620~1-dce1dc]:main():gmm-align-compiled.cc:127) nicolas_3_13
LOG (gmm-align-compiled[5.5.620~1-dce1dc]:main():gmm-align-compiled.cc:127) nicolas_3_14
LOG (gmm-align-compiled[5.5.620~1-dce1dc]:main():gmm-align-compiled.cc:127) nicolas_3_15
LOG (gmm-align-compiled[5.5.620~1-dce1dc]:main():gmm-align-compiled.cc:127) nicolas_3_16
LOG (gmm-align-compiled[5.5.620~1-dce1dc]:main():gmm-align-compiled.cc:127) nicolas_3_17
LOG (gmm-align-compiled[5.5.620~1-dce1dc]:main():gmm-align-compiled.cc:127) nicolas_3_18
LOG (gmm-align-compiled[5.5.620~1-dce1dc]:main():gmm-align-compiled.cc:127) nicolas_3_19
LOG (gmm-align-compiled[5.5.620~1-dce1dc]:main():gmm-align-compiled.cc:127) nicolas_3_2
LOG (gmm-align-compiled[5.5.620~1-dce1dc]:main():gmm-align-compiled.cc:127) nicolas_3_20
LOG (gmm-align-compiled[5.5.620~1-dce1dc]:main():gmm-align-compiled.cc:127) nicolas_3_21
LOG (gmm-align-compiled[5.5.620~1-dce1dc]:main():gmm-align-compiled.cc:127) nicolas_3_22
LOG (gmm-align-compiled[5.5.620~1-dce1dc]:main():gmm-align-compiled.cc:127) nicolas_3_23
LOG (gmm-align-compiled[5.5.620~1-dce1dc]:main():gmm-align-compiled.cc:127) nicolas_3_24
LOG (gmm-align-compiled[5.5.620~1-dce1dc]:main():gmm-align-compiled.cc:127) nicolas_3_25
LOG (gmm-align-compiled[5.5.620~1-dce1dc]:main():gmm-align-compiled.cc:127) nicolas_3_26
LOG (gmm-align-compiled[5.5.620~1-dce1dc]:main():gmm-align-compiled.cc:127) nicolas_3_27
LOG (gmm-align-compiled[5.5.620~1-dce1dc]:main():gmm-align-compiled.cc:127) nicolas_3_28
LOG (gmm-align-compiled[5.5.620~1-dce1dc]:main():gmm-align-compiled.cc:127) nicolas_3_29
LOG (gmm-align-compiled[5.5.620~1-dce1dc]:main():gmm-align-compiled.cc:127) nicolas_3_3
LOG (gmm-align-compiled[5.5.620~1-dce1dc]:main():gmm-align-compiled.cc:127) nicolas_3_30
LOG (gmm-align-compiled[5.5.620~1-dce1dc]:main():gmm-align-compiled.cc:127) nicolas_3_31
LOG (gmm-align-compiled[5.5.620~1-dce1dc]:main():gmm-align-compiled.cc:127) nicolas_3_32
LOG (gmm-align-compiled[5.5.620~1-dce1dc]:main():gmm-align-compiled.cc:127) nicolas_3_33
LOG (gmm-align-compiled[5.5.620~1-dce1dc]:main():gmm-align-compiled.cc:127) nicolas_3_34
LOG (gmm-align-compiled[5.5.620~1-dce1dc]:main():gmm-align-compiled.cc:127) nicolas_3_35
LOG (gmm-align-compiled[5.5.620~1-dce1dc]:main():gmm-align-compiled.cc:127) nicolas_3_36
LOG (gmm-align-compiled[5.5.620~1-dce1dc]:main():gmm-align-compiled.cc:127) nicolas_3_37
LOG (gmm-align-compiled[5.5.620~1-dce1dc]:main():gmm-align-compiled.cc:127) nicolas_3_38
LOG (gmm-align-compiled[5.5.620~1-dce1dc]:main():gmm-align-compiled.cc:127) nicolas_3_39
LOG (gmm-align-compiled[5.5.620~1-dce1dc]:main():gmm-align-compiled.cc:127) nicolas_3_4
LOG (gmm-align-compiled[5.5.620~1-dce1dc]:main():gmm-align-compiled.cc:127) nicolas_3_40
LOG (gmm-align-compiled[5.5.620~1-dce1dc]:main():gmm-align-compiled.cc:127) nicolas_3_41
LOG (gmm-align-compiled[5.5.620~1-dce1dc]:main():gmm-align-compiled.cc:127) nicolas_3_42
LOG (gmm-align-compiled[5.5.620~1-dce1dc]:main():gmm-align-compiled.cc:127) nicolas_3_43
LOG (gmm-align-compiled[5.5.620~1-dce1dc]:main():gmm-align-compiled.cc:127) nicolas_3_44
LOG (gmm-align-compiled[5.5.620~1-dce1dc]:main():gmm-align-compiled.cc:127) nicolas_3_45
LOG (gmm-align-compiled[5.5.620~1-dce1dc]:main():gmm-align-compiled.cc:127) nicolas_3_46
LOG (gmm-align-compiled[5.5.620~1-dce1dc]:main():gmm-align-compiled.cc:127) nicolas_3_47
LOG (gmm-align-compiled[5.5.620~1-dce1dc]:main():gmm-align-compiled.cc:127) nicolas_3_48
LOG (gmm-align-compiled[5.5.620~1-dce1dc]:main():gmm-align-compiled.cc:127) nicolas_3_49
LOG (gmm-align-compiled[5.5.620~1-dce1dc]:main():gmm-align-compiled.cc:127) nicolas_3_5
LOG (gmm-align-compiled[5.5.620~1-dce1dc]:main():gmm-align-compiled.cc:127) nicolas_3_6
LOG (gmm-align-compiled[5.5.620~1-dce1dc]:main():gmm-align-compiled.cc:127) nicolas_3_7
LOG (gmm-align-compiled[5.5.620~1-dce1dc]:main():gmm-align-compiled.cc:127) nicolas_3_8
LOG (gmm-align-compiled[5.5.620~1-dce1dc]:main():gmm-align-compiled.cc:127) nicolas_3_9
LOG (gmm-align-compiled[5.5.620~1-dce1dc]:main():gmm-align-compiled.cc:127) nicolas_4_0
LOG (gmm-align-compiled[5.5.620~1-dce1dc]:main():gmm-align-compiled.cc:127) nicolas_4_1
LOG (gmm-align-compiled[5.5.620~1-dce1dc]:main():gmm-align-compiled.cc:127) nicolas_4_10
LOG (gmm-align-compiled[5.5.620~1-dce1dc]:main():gmm-align-compiled.cc:127) nicolas_4_11
LOG (gmm-align-compiled[5.5.620~1-dce1dc]:main():gmm-align-compiled.cc:127) nicolas_4_12
LOG (gmm-align-compiled[5.5.620~1-dce1dc]:main():gmm-align-compiled.cc:127) nicolas_4_13
LOG (gmm-align-compiled[5.5.620~1-dce1dc]:main():gmm-align-compiled.cc:127) nicolas_4_14
LOG (gmm-align-compiled[5.5.620~1-dce1dc]:main():gmm-align-compiled.cc:127) nicolas_4_15
LOG (gmm-align-compiled[5.5.620~1-dce1dc]:main():gmm-align-compiled.cc:127) nicolas_4_16
LOG (gmm-align-compiled[5.5.620~1-dce1dc]:main():gmm-align-compiled.cc:127) nicolas_4_17
LOG (gmm-align-compiled[5.5.620~1-dce1dc]:main():gmm-align-compiled.cc:127) nicolas_4_18
LOG (gmm-align-compiled[5.5.620~1-dce1dc]:main():gmm-align-compiled.cc:127) nicolas_4_19
LOG (gmm-align-compiled[5.5.620~1-dce1dc]:main():gmm-align-compiled.cc:127) nicolas_4_2
LOG (gmm-align-compiled[5.5.620~1-dce1dc]:main():gmm-align-compiled.cc:127) nicolas_4_20
LOG (gmm-align-compiled[5.5.620~1-dce1dc]:main():gmm-align-compiled.cc:127) nicolas_4_21
LOG (gmm-align-compiled[5.5.620~1-dce1dc]:main():gmm-align-compiled.cc:127) nicolas_4_22
LOG (gmm-align-compiled[5.5.620~1-dce1dc]:main():gmm-align-compiled.cc:127) nicolas_4_23
LOG (gmm-align-compiled[5.5.620~1-dce1dc]:main():gmm-align-compiled.cc:127) nicolas_4_24
LOG (gmm-align-compiled[5.5.620~1-dce1dc]:main():gmm-align-compiled.cc:127) nicolas_4_25
LOG (gmm-align-compiled[5.5.620~1-dce1dc]:main():gmm-align-compiled.cc:127) nicolas_4_26
LOG (gmm-align-compiled[5.5.620~1-dce1dc]:main():gmm-align-compiled.cc:127) nicolas_4_27
LOG (gmm-align-compiled[5.5.620~1-dce1dc]:main():gmm-align-compiled.cc:127) nicolas_4_28
LOG (gmm-align-compiled[5.5.620~1-dce1dc]:main():gmm-align-compiled.cc:127) nicolas_4_29
LOG (gmm-align-compiled[5.5.620~1-dce1dc]:main():gmm-align-compiled.cc:127) nicolas_4_3
LOG (gmm-align-compiled[5.5.620~1-dce1dc]:main():gmm-align-compiled.cc:127) nicolas_4_30
LOG (gmm-align-compiled[5.5.620~1-dce1dc]:main():gmm-align-compiled.cc:127) nicolas_4_31
LOG (gmm-align-compiled[5.5.620~1-dce1dc]:main():gmm-align-compiled.cc:127) nicolas_4_32
LOG (gmm-align-compiled[5.5.620~1-dce1dc]:main():gmm-align-compiled.cc:127) nicolas_4_33
LOG (gmm-align-compiled[5.5.620~1-dce1dc]:main():gmm-align-compiled.cc:127) nicolas_4_34
LOG (gmm-align-compiled[5.5.620~1-dce1dc]:main():gmm-align-compiled.cc:127) nicolas_4_35
LOG (gmm-align-compiled[5.5.620~1-dce1dc]:main():gmm-align-compiled.cc:127) nicolas_4_36
LOG (gmm-align-compiled[5.5.620~1-dce1dc]:main():gmm-align-compiled.cc:127) nicolas_4_37
LOG (gmm-align-compiled[5.5.620~1-dce1dc]:main():gmm-align-compiled.cc:127) nicolas_4_38
LOG (gmm-align-compiled[5.5.620~1-dce1dc]:main():gmm-align-compiled.cc:127) nicolas_4_39
LOG (gmm-align-compiled[5.5.620~1-dce1dc]:main():gmm-align-compiled.cc:127) nicolas_4_4
LOG (gmm-align-compiled[5.5.620~1-dce1dc]:main():gmm-align-compiled.cc:127) nicolas_4_40
LOG (gmm-align-compiled[5.5.620~1-dce1dc]:main():gmm-align-compiled.cc:127) nicolas_4_41
LOG (gmm-align-compiled[5.5.620~1-dce1dc]:main():gmm-align-compiled.cc:127) nicolas_4_42
LOG (gmm-align-compiled[5.5.620~1-dce1dc]:main():gmm-align-compiled.cc:127) nicolas_4_43
LOG (gmm-align-compiled[5.5.620~1-dce1dc]:main():gmm-align-compiled.cc:127) nicolas_4_44
LOG (gmm-align-compiled[5.5.620~1-dce1dc]:main():gmm-align-compiled.cc:127) nicolas_4_45
LOG (gmm-align-compiled[5.5.620~1-dce1dc]:main():gmm-align-compiled.cc:127) nicolas_4_46
LOG (gmm-align-compiled[5.5.620~1-dce1dc]:main():gmm-align-compiled.cc:127) nicolas_4_47
LOG (gmm-align-compiled[5.5.620~1-dce1dc]:main():gmm-align-compiled.cc:127) nicolas_4_48
LOG (gmm-align-compiled[5.5.620~1-dce1dc]:main():gmm-align-compiled.cc:127) nicolas_4_49
LOG (gmm-align-compiled[5.5.620~1-dce1dc]:main():gmm-align-compiled.cc:127) nicolas_4_5
LOG (gmm-align-compiled[5.5.620~1-dce1dc]:main():gmm-align-compiled.cc:127) nicolas_4_6
LOG (gmm-align-compiled[5.5.620~1-dce1dc]:main():gmm-align-compiled.cc:127) nicolas_4_7
LOG (gmm-align-compiled[5.5.620~1-dce1dc]:main():gmm-align-compiled.cc:127) nicolas_4_8
LOG (gmm-align-compiled[5.5.620~1-dce1dc]:main():gmm-align-compiled.cc:127) nicolas_4_9
LOG (gmm-align-compiled[5.5.620~1-dce1dc]:main():gmm-align-compiled.cc:127) nicolas_5_0
LOG (gmm-align-compiled[5.5.620~1-dce1dc]:main():gmm-align-compiled.cc:127) nicolas_5_1
LOG (gmm-align-compiled[5.5.620~1-dce1dc]:main():gmm-align-compiled.cc:127) nicolas_5_10
LOG (gmm-align-compiled[5.5.620~1-dce1dc]:main():gmm-align-compiled.cc:127) nicolas_5_11
LOG (gmm-align-compiled[5.5.620~1-dce1dc]:main():gmm-align-compiled.cc:127) nicolas_5_12
LOG (gmm-align-compiled[5.5.620~1-dce1dc]:main():gmm-align-compiled.cc:127) nicolas_5_13
LOG (gmm-align-compiled[5.5.620~1-dce1dc]:main():gmm-align-compiled.cc:127) nicolas_5_14
LOG (gmm-align-compiled[5.5.620~1-dce1dc]:main():gmm-align-compiled.cc:127) nicolas_5_15
LOG (gmm-align-compiled[5.5.620~1-dce1dc]:main():gmm-align-compiled.cc:127) nicolas_5_16
LOG (gmm-align-compiled[5.5.620~1-dce1dc]:main():gmm-align-compiled.cc:127) nicolas_5_17
LOG (gmm-align-compiled[5.5.620~1-dce1dc]:main():gmm-align-compiled.cc:127) nicolas_5_18
LOG (gmm-align-compiled[5.5.620~1-dce1dc]:main():gmm-align-compiled.cc:127) nicolas_5_19
LOG (gmm-align-compiled[5.5.620~1-dce1dc]:main():gmm-align-compiled.cc:127) nicolas_5_2
LOG (gmm-align-compiled[5.5.620~1-dce1dc]:main():gmm-align-compiled.cc:127) nicolas_5_20
LOG (gmm-align-compiled[5.5.620~1-dce1dc]:main():gmm-align-compiled.cc:127) nicolas_5_21
LOG (gmm-align-compiled[5.5.620~1-dce1dc]:main():gmm-align-compiled.cc:127) nicolas_5_22
LOG (gmm-align-compiled[5.5.620~1-dce1dc]:main():gmm-align-compiled.cc:127) nicolas_5_23
LOG (gmm-align-compiled[5.5.620~1-dce1dc]:main():gmm-align-compiled.cc:127) nicolas_5_24
LOG (gmm-align-compiled[5.5.620~1-dce1dc]:main():gmm-align-compiled.cc:127) nicolas_5_25
LOG (gmm-align-compiled[5.5.620~1-dce1dc]:main():gmm-align-compiled.cc:127) nicolas_5_26
LOG (gmm-align-compiled[5.5.620~1-dce1dc]:main():gmm-align-compiled.cc:127) nicolas_5_27
LOG (gmm-align-compiled[5.5.620~1-dce1dc]:main():gmm-align-compiled.cc:127) nicolas_5_28
LOG (gmm-align-compiled[5.5.620~1-dce1dc]:main():gmm-align-compiled.cc:127) nicolas_5_29
LOG (gmm-align-compiled[5.5.620~1-dce1dc]:main():gmm-align-compiled.cc:127) nicolas_5_3
LOG (gmm-align-compiled[5.5.620~1-dce1dc]:main():gmm-align-compiled.cc:127) nicolas_5_30
LOG (gmm-align-compiled[5.5.620~1-dce1dc]:main():gmm-align-compiled.cc:127) nicolas_5_31
LOG (gmm-align-compiled[5.5.620~1-dce1dc]:main():gmm-align-compiled.cc:127) nicolas_5_32
LOG (gmm-align-compiled[5.5.620~1-dce1dc]:main():gmm-align-compiled.cc:127) nicolas_5_33
LOG (gmm-align-compiled[5.5.620~1-dce1dc]:main():gmm-align-compiled.cc:127) nicolas_5_34
LOG (gmm-align-compiled[5.5.620~1-dce1dc]:main():gmm-align-compiled.cc:127) nicolas_5_35
LOG (gmm-align-compiled[5.5.620~1-dce1dc]:main():gmm-align-compiled.cc:127) nicolas_5_36
LOG (gmm-align-compiled[5.5.620~1-dce1dc]:main():gmm-align-compiled.cc:127) nicolas_5_37
LOG (gmm-align-compiled[5.5.620~1-dce1dc]:main():gmm-align-compiled.cc:127) nicolas_5_38
LOG (gmm-align-compiled[5.5.620~1-dce1dc]:main():gmm-align-compiled.cc:127) nicolas_5_39
LOG (gmm-align-compiled[5.5.620~1-dce1dc]:main():gmm-align-compiled.cc:127) nicolas_5_4
LOG (gmm-align-compiled[5.5.620~1-dce1dc]:main():gmm-align-compiled.cc:127) nicolas_5_40
LOG (gmm-align-compiled[5.5.620~1-dce1dc]:main():gmm-align-compiled.cc:127) nicolas_5_41
LOG (gmm-align-compiled[5.5.620~1-dce1dc]:main():gmm-align-compiled.cc:127) nicolas_5_42
LOG (gmm-align-compiled[5.5.620~1-dce1dc]:main():gmm-align-compiled.cc:127) nicolas_5_43
LOG (gmm-align-compiled[5.5.620~1-dce1dc]:main():gmm-align-compiled.cc:127) nicolas_5_44
LOG (gmm-align-compiled[5.5.620~1-dce1dc]:main():gmm-align-compiled.cc:127) nicolas_5_45
LOG (gmm-align-compiled[5.5.620~1-dce1dc]:main():gmm-align-compiled.cc:127) nicolas_5_46
LOG (gmm-align-compiled[5.5.620~1-dce1dc]:main():gmm-align-compiled.cc:127) nicolas_5_47
LOG (gmm-align-compiled[5.5.620~1-dce1dc]:main():gmm-align-compiled.cc:127) nicolas_5_48
LOG (gmm-align-compiled[5.5.620~1-dce1dc]:main():gmm-align-compiled.cc:127) nicolas_5_49
LOG (gmm-align-compiled[5.5.620~1-dce1dc]:main():gmm-align-compiled.cc:127) nicolas_5_5
LOG (gmm-align-compiled[5.5.620~1-dce1dc]:main():gmm-align-compiled.cc:127) nicolas_5_6
LOG (gmm-align-compiled[5.5.620~1-dce1dc]:main():gmm-align-compiled.cc:127) nicolas_5_7
LOG (gmm-align-compiled[5.5.620~1-dce1dc]:main():gmm-align-compiled.cc:127) nicolas_5_8
LOG (gmm-align-compiled[5.5.620~1-dce1dc]:main():gmm-align-compiled.cc:127) nicolas_5_9
LOG (gmm-align-compiled[5.5.620~1-dce1dc]:main():gmm-align-compiled.cc:127) nicolas_6_0
LOG (gmm-align-compiled[5.5.620~1-dce1dc]:main():gmm-align-compiled.cc:127) nicolas_6_1
LOG (gmm-align-compiled[5.5.620~1-dce1dc]:main():gmm-align-compiled.cc:127) nicolas_6_10
LOG (gmm-align-compiled[5.5.620~1-dce1dc]:main():gmm-align-compiled.cc:127) nicolas_6_11
LOG (gmm-align-compiled[5.5.620~1-dce1dc]:main():gmm-align-compiled.cc:127) nicolas_6_12
LOG (gmm-align-compiled[5.5.620~1-dce1dc]:main():gmm-align-compiled.cc:127) nicolas_6_13
LOG (gmm-align-compiled[5.5.620~1-dce1dc]:main():gmm-align-compiled.cc:127) nicolas_6_14
LOG (gmm-align-compiled[5.5.620~1-dce1dc]:main():gmm-align-compiled.cc:127) nicolas_6_15
LOG (gmm-align-compiled[5.5.620~1-dce1dc]:main():gmm-align-compiled.cc:127) nicolas_6_16
LOG (gmm-align-compiled[5.5.620~1-dce1dc]:main():gmm-align-compiled.cc:127) nicolas_6_17
LOG (gmm-align-compiled[5.5.620~1-dce1dc]:main():gmm-align-compiled.cc:127) nicolas_6_18
LOG (gmm-align-compiled[5.5.620~1-dce1dc]:main():gmm-align-compiled.cc:127) nicolas_6_19
LOG (gmm-align-compiled[5.5.620~1-dce1dc]:main():gmm-align-compiled.cc:127) nicolas_6_2
LOG (gmm-align-compiled[5.5.620~1-dce1dc]:main():gmm-align-compiled.cc:127) nicolas_6_20
LOG (gmm-align-compiled[5.5.620~1-dce1dc]:main():gmm-align-compiled.cc:127) nicolas_6_21
LOG (gmm-align-compiled[5.5.620~1-dce1dc]:main():gmm-align-compiled.cc:127) nicolas_6_22
LOG (gmm-align-compiled[5.5.620~1-dce1dc]:main():gmm-align-compiled.cc:127) nicolas_6_23
LOG (gmm-align-compiled[5.5.620~1-dce1dc]:main():gmm-align-compiled.cc:127) nicolas_6_24
LOG (gmm-align-compiled[5.5.620~1-dce1dc]:main():gmm-align-compiled.cc:127) nicolas_6_25
LOG (gmm-align-compiled[5.5.620~1-dce1dc]:main():gmm-align-compiled.cc:127) nicolas_6_26
LOG (gmm-align-compiled[5.5.620~1-dce1dc]:main():gmm-align-compiled.cc:127) nicolas_6_27
LOG (gmm-align-compiled[5.5.620~1-dce1dc]:main():gmm-align-compiled.cc:127) nicolas_6_28
LOG (gmm-align-compiled[5.5.620~1-dce1dc]:main():gmm-align-compiled.cc:127) nicolas_6_29
LOG (gmm-align-compiled[5.5.620~1-dce1dc]:main():gmm-align-compiled.cc:127) nicolas_6_3
LOG (gmm-align-compiled[5.5.620~1-dce1dc]:main():gmm-align-compiled.cc:127) nicolas_6_30
LOG (gmm-align-compiled[5.5.620~1-dce1dc]:main():gmm-align-compiled.cc:127) nicolas_6_31
LOG (gmm-align-compiled[5.5.620~1-dce1dc]:main():gmm-align-compiled.cc:127) nicolas_6_32
LOG (gmm-align-compiled[5.5.620~1-dce1dc]:main():gmm-align-compiled.cc:127) nicolas_6_33
LOG (gmm-align-compiled[5.5.620~1-dce1dc]:main():gmm-align-compiled.cc:127) nicolas_6_34
LOG (gmm-align-compiled[5.5.620~1-dce1dc]:main():gmm-align-compiled.cc:127) nicolas_6_35
LOG (gmm-align-compiled[5.5.620~1-dce1dc]:main():gmm-align-compiled.cc:127) nicolas_6_36
LOG (gmm-align-compiled[5.5.620~1-dce1dc]:main():gmm-align-compiled.cc:127) nicolas_6_37
LOG (gmm-align-compiled[5.5.620~1-dce1dc]:main():gmm-align-compiled.cc:127) nicolas_6_38
LOG (gmm-align-compiled[5.5.620~1-dce1dc]:main():gmm-align-compiled.cc:127) nicolas_6_39
LOG (gmm-align-compiled[5.5.620~1-dce1dc]:main():gmm-align-compiled.cc:127) nicolas_6_4
LOG (gmm-align-compiled[5.5.620~1-dce1dc]:main():gmm-align-compiled.cc:127) nicolas_6_40
LOG (gmm-align-compiled[5.5.620~1-dce1dc]:main():gmm-align-compiled.cc:127) nicolas_6_41
LOG (gmm-align-compiled[5.5.620~1-dce1dc]:main():gmm-align-compiled.cc:127) nicolas_6_42
LOG (gmm-align-compiled[5.5.620~1-dce1dc]:main():gmm-align-compiled.cc:127) nicolas_6_43
LOG (gmm-align-compiled[5.5.620~1-dce1dc]:main():gmm-align-compiled.cc:127) nicolas_6_44
LOG (gmm-align-compiled[5.5.620~1-dce1dc]:main():gmm-align-compiled.cc:127) nicolas_6_45
LOG (gmm-align-compiled[5.5.620~1-dce1dc]:main():gmm-align-compiled.cc:127) nicolas_6_46
LOG (gmm-align-compiled[5.5.620~1-dce1dc]:main():gmm-align-compiled.cc:127) nicolas_6_47
LOG (gmm-align-compiled[5.5.620~1-dce1dc]:main():gmm-align-compiled.cc:127) nicolas_6_48
LOG (gmm-align-compiled[5.5.620~1-dce1dc]:main():gmm-align-compiled.cc:127) nicolas_6_49
LOG (gmm-align-compiled[5.5.620~1-dce1dc]:main():gmm-align-compiled.cc:127) nicolas_6_5
LOG (gmm-align-compiled[5.5.620~1-dce1dc]:main():gmm-align-compiled.cc:127) nicolas_6_6
WARNING (gmm-align-compiled[5.5.620~1-dce1dc]:AlignUtteranceWrapper():decoder-wrappers.cc:618) Retrying utterance nicolas_6_6 with beam 40
LOG (gmm-align-compiled[5.5.620~1-dce1dc]:main():gmm-align-compiled.cc:127) nicolas_6_7
WARNING (gmm-align-compiled[5.5.620~1-dce1dc]:AlignUtteranceWrapper():decoder-wrappers.cc:618) Retrying utterance nicolas_6_7 with beam 40
LOG (gmm-align-compiled[5.5.620~1-dce1dc]:main():gmm-align-compiled.cc:127) nicolas_6_8
LOG (gmm-align-compiled[5.5.620~1-dce1dc]:main():gmm-align-compiled.cc:127) nicolas_6_9
LOG (gmm-align-compiled[5.5.620~1-dce1dc]:main():gmm-align-compiled.cc:127) nicolas_7_0
LOG (gmm-align-compiled[5.5.620~1-dce1dc]:main():gmm-align-compiled.cc:127) nicolas_7_1
LOG (gmm-align-compiled[5.5.620~1-dce1dc]:main():gmm-align-compiled.cc:127) nicolas_7_10
LOG (gmm-align-compiled[5.5.620~1-dce1dc]:main():gmm-align-compiled.cc:127) nicolas_7_11
LOG (gmm-align-compiled[5.5.620~1-dce1dc]:main():gmm-align-compiled.cc:127) nicolas_7_12
LOG (gmm-align-compiled[5.5.620~1-dce1dc]:main():gmm-align-compiled.cc:127) nicolas_7_13
LOG (gmm-align-compiled[5.5.620~1-dce1dc]:main():gmm-align-compiled.cc:127) nicolas_7_14
LOG (gmm-align-compiled[5.5.620~1-dce1dc]:main():gmm-align-compiled.cc:127) nicolas_7_15
LOG (gmm-align-compiled[5.5.620~1-dce1dc]:main():gmm-align-compiled.cc:127) nicolas_7_16
LOG (gmm-align-compiled[5.5.620~1-dce1dc]:main():gmm-align-compiled.cc:127) nicolas_7_17
LOG (gmm-align-compiled[5.5.620~1-dce1dc]:main():gmm-align-compiled.cc:127) nicolas_7_18
LOG (gmm-align-compiled[5.5.620~1-dce1dc]:main():gmm-align-compiled.cc:127) nicolas_7_19
LOG (gmm-align-compiled[5.5.620~1-dce1dc]:main():gmm-align-compiled.cc:127) nicolas_7_2
LOG (gmm-align-compiled[5.5.620~1-dce1dc]:main():gmm-align-compiled.cc:127) nicolas_7_20
LOG (gmm-align-compiled[5.5.620~1-dce1dc]:main():gmm-align-compiled.cc:127) nicolas_7_21
LOG (gmm-align-compiled[5.5.620~1-dce1dc]:main():gmm-align-compiled.cc:127) nicolas_7_22
LOG (gmm-align-compiled[5.5.620~1-dce1dc]:main():gmm-align-compiled.cc:127) nicolas_7_23
LOG (gmm-align-compiled[5.5.620~1-dce1dc]:main():gmm-align-compiled.cc:127) nicolas_7_24
LOG (gmm-align-compiled[5.5.620~1-dce1dc]:main():gmm-align-compiled.cc:127) nicolas_7_25
LOG (gmm-align-compiled[5.5.620~1-dce1dc]:main():gmm-align-compiled.cc:127) nicolas_7_26
LOG (gmm-align-compiled[5.5.620~1-dce1dc]:main():gmm-align-compiled.cc:127) nicolas_7_27
LOG (gmm-align-compiled[5.5.620~1-dce1dc]:main():gmm-align-compiled.cc:127) nicolas_7_28
LOG (gmm-align-compiled[5.5.620~1-dce1dc]:main():gmm-align-compiled.cc:127) nicolas_7_29
LOG (gmm-align-compiled[5.5.620~1-dce1dc]:main():gmm-align-compiled.cc:127) nicolas_7_3
LOG (gmm-align-compiled[5.5.620~1-dce1dc]:main():gmm-align-compiled.cc:127) nicolas_7_30
LOG (gmm-align-compiled[5.5.620~1-dce1dc]:main():gmm-align-compiled.cc:127) nicolas_7_31
LOG (gmm-align-compiled[5.5.620~1-dce1dc]:main():gmm-align-compiled.cc:127) nicolas_7_32
LOG (gmm-align-compiled[5.5.620~1-dce1dc]:main():gmm-align-compiled.cc:127) nicolas_7_33
LOG (gmm-align-compiled[5.5.620~1-dce1dc]:main():gmm-align-compiled.cc:127) nicolas_7_34
LOG (gmm-align-compiled[5.5.620~1-dce1dc]:main():gmm-align-compiled.cc:127) nicolas_7_35
LOG (gmm-align-compiled[5.5.620~1-dce1dc]:main():gmm-align-compiled.cc:127) nicolas_7_36
LOG (gmm-align-compiled[5.5.620~1-dce1dc]:main():gmm-align-compiled.cc:127) nicolas_7_37
LOG (gmm-align-compiled[5.5.620~1-dce1dc]:main():gmm-align-compiled.cc:127) nicolas_7_38
LOG (gmm-align-compiled[5.5.620~1-dce1dc]:main():gmm-align-compiled.cc:127) nicolas_7_39
LOG (gmm-align-compiled[5.5.620~1-dce1dc]:main():gmm-align-compiled.cc:127) nicolas_7_4
LOG (gmm-align-compiled[5.5.620~1-dce1dc]:main():gmm-align-compiled.cc:127) nicolas_7_40
LOG (gmm-align-compiled[5.5.620~1-dce1dc]:main():gmm-align-compiled.cc:127) nicolas_7_41
LOG (gmm-align-compiled[5.5.620~1-dce1dc]:main():gmm-align-compiled.cc:127) nicolas_7_42
LOG (gmm-align-compiled[5.5.620~1-dce1dc]:main():gmm-align-compiled.cc:127) nicolas_7_43
LOG (gmm-align-compiled[5.5.620~1-dce1dc]:main():gmm-align-compiled.cc:127) nicolas_7_44
LOG (gmm-align-compiled[5.5.620~1-dce1dc]:main():gmm-align-compiled.cc:127) nicolas_7_45
LOG (gmm-align-compiled[5.5.620~1-dce1dc]:main():gmm-align-compiled.cc:127) nicolas_7_46
LOG (gmm-align-compiled[5.5.620~1-dce1dc]:main():gmm-align-compiled.cc:127) nicolas_7_47
LOG (gmm-align-compiled[5.5.620~1-dce1dc]:main():gmm-align-compiled.cc:127) nicolas_7_48
LOG (gmm-align-compiled[5.5.620~1-dce1dc]:main():gmm-align-compiled.cc:127) nicolas_7_49
LOG (gmm-align-compiled[5.5.620~1-dce1dc]:main():gmm-align-compiled.cc:127) nicolas_7_5
LOG (gmm-align-compiled[5.5.620~1-dce1dc]:main():gmm-align-compiled.cc:127) nicolas_7_6
LOG (gmm-align-compiled[5.5.620~1-dce1dc]:main():gmm-align-compiled.cc:127) nicolas_7_7
LOG (gmm-align-compiled[5.5.620~1-dce1dc]:main():gmm-align-compiled.cc:127) nicolas_7_8
LOG (gmm-align-compiled[5.5.620~1-dce1dc]:main():gmm-align-compiled.cc:127) nicolas_7_9
LOG (gmm-align-compiled[5.5.620~1-dce1dc]:main():gmm-align-compiled.cc:127) nicolas_8_0
LOG (gmm-align-compiled[5.5.620~1-dce1dc]:main():gmm-align-compiled.cc:127) nicolas_8_1
LOG (gmm-align-compiled[5.5.620~1-dce1dc]:main():gmm-align-compiled.cc:127) nicolas_8_10
LOG (gmm-align-compiled[5.5.620~1-dce1dc]:main():gmm-align-compiled.cc:127) nicolas_8_11
LOG (gmm-align-compiled[5.5.620~1-dce1dc]:main():gmm-align-compiled.cc:127) nicolas_8_12
LOG (gmm-align-compiled[5.5.620~1-dce1dc]:main():gmm-align-compiled.cc:127) nicolas_8_13
LOG (gmm-align-compiled[5.5.620~1-dce1dc]:main():gmm-align-compiled.cc:127) nicolas_8_14
LOG (gmm-align-compiled[5.5.620~1-dce1dc]:main():gmm-align-compiled.cc:127) nicolas_8_15
LOG (gmm-align-compiled[5.5.620~1-dce1dc]:main():gmm-align-compiled.cc:127) nicolas_8_16
LOG (gmm-align-compiled[5.5.620~1-dce1dc]:main():gmm-align-compiled.cc:127) nicolas_8_17
LOG (gmm-align-compiled[5.5.620~1-dce1dc]:main():gmm-align-compiled.cc:127) nicolas_8_18
LOG (gmm-align-compiled[5.5.620~1-dce1dc]:main():gmm-align-compiled.cc:127) nicolas_8_19
LOG (gmm-align-compiled[5.5.620~1-dce1dc]:main():gmm-align-compiled.cc:127) nicolas_8_2
LOG (gmm-align-compiled[5.5.620~1-dce1dc]:main():gmm-align-compiled.cc:127) nicolas_8_20
LOG (gmm-align-compiled[5.5.620~1-dce1dc]:main():gmm-align-compiled.cc:127) nicolas_8_21
LOG (gmm-align-compiled[5.5.620~1-dce1dc]:main():gmm-align-compiled.cc:127) nicolas_8_22
LOG (gmm-align-compiled[5.5.620~1-dce1dc]:main():gmm-align-compiled.cc:127) nicolas_8_23
LOG (gmm-align-compiled[5.5.620~1-dce1dc]:main():gmm-align-compiled.cc:127) nicolas_8_24
LOG (gmm-align-compiled[5.5.620~1-dce1dc]:main():gmm-align-compiled.cc:127) nicolas_8_25
LOG (gmm-align-compiled[5.5.620~1-dce1dc]:main():gmm-align-compiled.cc:127) nicolas_8_26
LOG (gmm-align-compiled[5.5.620~1-dce1dc]:main():gmm-align-compiled.cc:127) nicolas_8_27
LOG (gmm-align-compiled[5.5.620~1-dce1dc]:main():gmm-align-compiled.cc:127) nicolas_8_28
LOG (gmm-align-compiled[5.5.620~1-dce1dc]:main():gmm-align-compiled.cc:127) nicolas_8_29
LOG (gmm-align-compiled[5.5.620~1-dce1dc]:main():gmm-align-compiled.cc:127) nicolas_8_3
LOG (gmm-align-compiled[5.5.620~1-dce1dc]:main():gmm-align-compiled.cc:127) nicolas_8_30
LOG (gmm-align-compiled[5.5.620~1-dce1dc]:main():gmm-align-compiled.cc:127) nicolas_8_31
LOG (gmm-align-compiled[5.5.620~1-dce1dc]:main():gmm-align-compiled.cc:127) nicolas_8_32
LOG (gmm-align-compiled[5.5.620~1-dce1dc]:main():gmm-align-compiled.cc:127) nicolas_8_33
LOG (gmm-align-compiled[5.5.620~1-dce1dc]:main():gmm-align-compiled.cc:127) nicolas_8_34
LOG (gmm-align-compiled[5.5.620~1-dce1dc]:main():gmm-align-compiled.cc:127) nicolas_8_35
LOG (gmm-align-compiled[5.5.620~1-dce1dc]:main():gmm-align-compiled.cc:127) nicolas_8_36
LOG (gmm-align-compiled[5.5.620~1-dce1dc]:main():gmm-align-compiled.cc:127) nicolas_8_37
LOG (gmm-align-compiled[5.5.620~1-dce1dc]:main():gmm-align-compiled.cc:127) nicolas_8_38
LOG (gmm-align-compiled[5.5.620~1-dce1dc]:main():gmm-align-compiled.cc:127) nicolas_8_39
LOG (gmm-align-compiled[5.5.620~1-dce1dc]:main():gmm-align-compiled.cc:127) nicolas_8_4
LOG (gmm-align-compiled[5.5.620~1-dce1dc]:main():gmm-align-compiled.cc:127) nicolas_8_40
LOG (gmm-align-compiled[5.5.620~1-dce1dc]:main():gmm-align-compiled.cc:127) nicolas_8_41
LOG (gmm-align-compiled[5.5.620~1-dce1dc]:main():gmm-align-compiled.cc:127) nicolas_8_42
LOG (gmm-align-compiled[5.5.620~1-dce1dc]:main():gmm-align-compiled.cc:127) nicolas_8_43
LOG (gmm-align-compiled[5.5.620~1-dce1dc]:main():gmm-align-compiled.cc:127) nicolas_8_44
LOG (gmm-align-compiled[5.5.620~1-dce1dc]:main():gmm-align-compiled.cc:127) nicolas_8_45
LOG (gmm-align-compiled[5.5.620~1-dce1dc]:main():gmm-align-compiled.cc:127) nicolas_8_46
LOG (gmm-align-compiled[5.5.620~1-dce1dc]:main():gmm-align-compiled.cc:127) nicolas_8_47
LOG (gmm-align-compiled[5.5.620~1-dce1dc]:main():gmm-align-compiled.cc:127) nicolas_8_48
LOG (gmm-align-compiled[5.5.620~1-dce1dc]:main():gmm-align-compiled.cc:127) nicolas_8_49
LOG (gmm-align-compiled[5.5.620~1-dce1dc]:main():gmm-align-compiled.cc:127) nicolas_8_5
LOG (gmm-align-compiled[5.5.620~1-dce1dc]:main():gmm-align-compiled.cc:127) nicolas_8_6
LOG (gmm-align-compiled[5.5.620~1-dce1dc]:main():gmm-align-compiled.cc:127) nicolas_8_7
LOG (gmm-align-compiled[5.5.620~1-dce1dc]:main():gmm-align-compiled.cc:127) nicolas_8_8
LOG (gmm-align-compiled[5.5.620~1-dce1dc]:main():gmm-align-compiled.cc:127) nicolas_8_9
LOG (gmm-align-compiled[5.5.620~1-dce1dc]:main():gmm-align-compiled.cc:127) nicolas_9_0
LOG (gmm-align-compiled[5.5.620~1-dce1dc]:main():gmm-align-compiled.cc:127) nicolas_9_1
LOG (gmm-align-compiled[5.5.620~1-dce1dc]:main():gmm-align-compiled.cc:127) nicolas_9_10
LOG (gmm-align-compiled[5.5.620~1-dce1dc]:main():gmm-align-compiled.cc:127) nicolas_9_11
LOG (gmm-align-compiled[5.5.620~1-dce1dc]:main():gmm-align-compiled.cc:127) nicolas_9_12
LOG (gmm-align-compiled[5.5.620~1-dce1dc]:main():gmm-align-compiled.cc:127) nicolas_9_13
LOG (gmm-align-compiled[5.5.620~1-dce1dc]:main():gmm-align-compiled.cc:127) nicolas_9_14
LOG (gmm-align-compiled[5.5.620~1-dce1dc]:main():gmm-align-compiled.cc:127) nicolas_9_15
LOG (gmm-align-compiled[5.5.620~1-dce1dc]:main():gmm-align-compiled.cc:127) nicolas_9_16
LOG (gmm-align-compiled[5.5.620~1-dce1dc]:main():gmm-align-compiled.cc:127) nicolas_9_17
LOG (gmm-align-compiled[5.5.620~1-dce1dc]:main():gmm-align-compiled.cc:127) nicolas_9_18
LOG (gmm-align-compiled[5.5.620~1-dce1dc]:main():gmm-align-compiled.cc:127) nicolas_9_19
LOG (gmm-align-compiled[5.5.620~1-dce1dc]:main():gmm-align-compiled.cc:127) nicolas_9_2
LOG (gmm-align-compiled[5.5.620~1-dce1dc]:main():gmm-align-compiled.cc:127) nicolas_9_20
LOG (gmm-align-compiled[5.5.620~1-dce1dc]:main():gmm-align-compiled.cc:127) nicolas_9_21
LOG (gmm-align-compiled[5.5.620~1-dce1dc]:main():gmm-align-compiled.cc:127) nicolas_9_22
LOG (gmm-align-compiled[5.5.620~1-dce1dc]:main():gmm-align-compiled.cc:127) nicolas_9_23
LOG (gmm-align-compiled[5.5.620~1-dce1dc]:main():gmm-align-compiled.cc:127) nicolas_9_24
LOG (gmm-align-compiled[5.5.620~1-dce1dc]:main():gmm-align-compiled.cc:127) nicolas_9_25
LOG (gmm-align-compiled[5.5.620~1-dce1dc]:main():gmm-align-compiled.cc:127) nicolas_9_26
LOG (gmm-align-compiled[5.5.620~1-dce1dc]:main():gmm-align-compiled.cc:127) nicolas_9_27
LOG (gmm-align-compiled[5.5.620~1-dce1dc]:main():gmm-align-compiled.cc:127) nicolas_9_28
LOG (gmm-align-compiled[5.5.620~1-dce1dc]:main():gmm-align-compiled.cc:127) nicolas_9_29
LOG (gmm-align-compiled[5.5.620~1-dce1dc]:main():gmm-align-compiled.cc:127) nicolas_9_3
LOG (gmm-align-compiled[5.5.620~1-dce1dc]:main():gmm-align-compiled.cc:127) nicolas_9_30
LOG (gmm-align-compiled[5.5.620~1-dce1dc]:main():gmm-align-compiled.cc:127) nicolas_9_31
LOG (gmm-align-compiled[5.5.620~1-dce1dc]:main():gmm-align-compiled.cc:127) nicolas_9_32
LOG (gmm-align-compiled[5.5.620~1-dce1dc]:main():gmm-align-compiled.cc:127) nicolas_9_33
LOG (gmm-align-compiled[5.5.620~1-dce1dc]:main():gmm-align-compiled.cc:127) nicolas_9_34
LOG (gmm-align-compiled[5.5.620~1-dce1dc]:main():gmm-align-compiled.cc:127) nicolas_9_35
LOG (gmm-align-compiled[5.5.620~1-dce1dc]:main():gmm-align-compiled.cc:127) nicolas_9_36
LOG (gmm-align-compiled[5.5.620~1-dce1dc]:main():gmm-align-compiled.cc:127) nicolas_9_37
LOG (gmm-align-compiled[5.5.620~1-dce1dc]:main():gmm-align-compiled.cc:127) nicolas_9_38
LOG (gmm-align-compiled[5.5.620~1-dce1dc]:main():gmm-align-compiled.cc:127) nicolas_9_39
LOG (gmm-align-compiled[5.5.620~1-dce1dc]:main():gmm-align-compiled.cc:127) nicolas_9_4
LOG (gmm-align-compiled[5.5.620~1-dce1dc]:main():gmm-align-compiled.cc:127) nicolas_9_40
LOG (gmm-align-compiled[5.5.620~1-dce1dc]:main():gmm-align-compiled.cc:127) nicolas_9_41
LOG (gmm-align-compiled[5.5.620~1-dce1dc]:main():gmm-align-compiled.cc:127) nicolas_9_42
LOG (gmm-align-compiled[5.5.620~1-dce1dc]:main():gmm-align-compiled.cc:127) nicolas_9_43
LOG (gmm-align-compiled[5.5.620~1-dce1dc]:main():gmm-align-compiled.cc:127) nicolas_9_44
LOG (gmm-align-compiled[5.5.620~1-dce1dc]:main():gmm-align-compiled.cc:127) nicolas_9_45
LOG (gmm-align-compiled[5.5.620~1-dce1dc]:main():gmm-align-compiled.cc:127) nicolas_9_46
LOG (gmm-align-compiled[5.5.620~1-dce1dc]:main():gmm-align-compiled.cc:127) nicolas_9_47
LOG (gmm-align-compiled[5.5.620~1-dce1dc]:main():gmm-align-compiled.cc:127) nicolas_9_48
LOG (gmm-align-compiled[5.5.620~1-dce1dc]:main():gmm-align-compiled.cc:127) nicolas_9_49
LOG (gmm-align-compiled[5.5.620~1-dce1dc]:main():gmm-align-compiled.cc:127) nicolas_9_5
LOG (gmm-align-compiled[5.5.620~1-dce1dc]:main():gmm-align-compiled.cc:127) nicolas_9_6
LOG (gmm-align-compiled[5.5.620~1-dce1dc]:main():gmm-align-compiled.cc:127) nicolas_9_7
LOG (gmm-align-compiled[5.5.620~1-dce1dc]:main():gmm-align-compiled.cc:127) nicolas_9_8
LOG (gmm-align-compiled[5.5.620~1-dce1dc]:main():gmm-align-compiled.cc:127) nicolas_9_9
LOG (gmm-align-compiled[5.5.620~1-dce1dc]:main():gmm-align-compiled.cc:127) theo_0_0
LOG (gmm-align-compiled[5.5.620~1-dce1dc]:main():gmm-align-compiled.cc:127) theo_0_1
LOG (gmm-align-compiled[5.5.620~1-dce1dc]:main():gmm-align-compiled.cc:127) theo_0_10
LOG (gmm-align-compiled[5.5.620~1-dce1dc]:main():gmm-align-compiled.cc:127) theo_0_11
LOG (gmm-align-compiled[5.5.620~1-dce1dc]:main():gmm-align-compiled.cc:127) theo_0_12
LOG (gmm-align-compiled[5.5.620~1-dce1dc]:main():gmm-align-compiled.cc:127) theo_0_13
LOG (gmm-align-compiled[5.5.620~1-dce1dc]:main():gmm-align-compiled.cc:127) theo_0_14
LOG (gmm-align-compiled[5.5.620~1-dce1dc]:main():gmm-align-compiled.cc:127) theo_0_15
LOG (gmm-align-compiled[5.5.620~1-dce1dc]:main():gmm-align-compiled.cc:127) theo_0_16
LOG (gmm-align-compiled[5.5.620~1-dce1dc]:main():gmm-align-compiled.cc:127) theo_0_17
LOG (gmm-align-compiled[5.5.620~1-dce1dc]:main():gmm-align-compiled.cc:127) theo_0_18
LOG (gmm-align-compiled[5.5.620~1-dce1dc]:main():gmm-align-compiled.cc:127) theo_0_19
LOG (gmm-align-compiled[5.5.620~1-dce1dc]:main():gmm-align-compiled.cc:127) theo_0_2
LOG (gmm-align-compiled[5.5.620~1-dce1dc]:main():gmm-align-compiled.cc:127) theo_0_20
LOG (gmm-align-compiled[5.5.620~1-dce1dc]:main():gmm-align-compiled.cc:127) theo_0_21
LOG (gmm-align-compiled[5.5.620~1-dce1dc]:main():gmm-align-compiled.cc:127) theo_0_22
LOG (gmm-align-compiled[5.5.620~1-dce1dc]:main():gmm-align-compiled.cc:127) theo_0_23
LOG (gmm-align-compiled[5.5.620~1-dce1dc]:main():gmm-align-compiled.cc:127) theo_0_24
LOG (gmm-align-compiled[5.5.620~1-dce1dc]:main():gmm-align-compiled.cc:127) theo_0_25
LOG (gmm-align-compiled[5.5.620~1-dce1dc]:main():gmm-align-compiled.cc:127) theo_0_26
LOG (gmm-align-compiled[5.5.620~1-dce1dc]:main():gmm-align-compiled.cc:127) theo_0_27
LOG (gmm-align-compiled[5.5.620~1-dce1dc]:main():gmm-align-compiled.cc:127) theo_0_28
LOG (gmm-align-compiled[5.5.620~1-dce1dc]:main():gmm-align-compiled.cc:127) theo_0_29
LOG (gmm-align-compiled[5.5.620~1-dce1dc]:main():gmm-align-compiled.cc:127) theo_0_3
LOG (gmm-align-compiled[5.5.620~1-dce1dc]:main():gmm-align-compiled.cc:127) theo_0_30
WARNING (gmm-align-compiled[5.5.620~1-dce1dc]:AlignUtteranceWrapper():decoder-wrappers.cc:618) Retrying utterance theo_0_30 with beam 40
LOG (gmm-align-compiled[5.5.620~1-dce1dc]:main():gmm-align-compiled.cc:127) theo_0_31
LOG (gmm-align-compiled[5.5.620~1-dce1dc]:main():gmm-align-compiled.cc:127) theo_0_32
LOG (gmm-align-compiled[5.5.620~1-dce1dc]:main():gmm-align-compiled.cc:127) theo_0_33
LOG (gmm-align-compiled[5.5.620~1-dce1dc]:main():gmm-align-compiled.cc:127) theo_0_34
LOG (gmm-align-compiled[5.5.620~1-dce1dc]:main():gmm-align-compiled.cc:127) theo_0_35
LOG (gmm-align-compiled[5.5.620~1-dce1dc]:main():gmm-align-compiled.cc:127) theo_0_36
LOG (gmm-align-compiled[5.5.620~1-dce1dc]:main():gmm-align-compiled.cc:127) theo_0_37
LOG (gmm-align-compiled[5.5.620~1-dce1dc]:main():gmm-align-compiled.cc:127) theo_0_38
LOG (gmm-align-compiled[5.5.620~1-dce1dc]:main():gmm-align-compiled.cc:127) theo_0_39
LOG (gmm-align-compiled[5.5.620~1-dce1dc]:main():gmm-align-compiled.cc:127) theo_0_4
LOG (gmm-align-compiled[5.5.620~1-dce1dc]:main():gmm-align-compiled.cc:127) theo_0_40
LOG (gmm-align-compiled[5.5.620~1-dce1dc]:main():gmm-align-compiled.cc:127) theo_0_41
LOG (gmm-align-compiled[5.5.620~1-dce1dc]:main():gmm-align-compiled.cc:127) theo_0_42
LOG (gmm-align-compiled[5.5.620~1-dce1dc]:main():gmm-align-compiled.cc:127) theo_0_43
LOG (gmm-align-compiled[5.5.620~1-dce1dc]:main():gmm-align-compiled.cc:127) theo_0_44
LOG (gmm-align-compiled[5.5.620~1-dce1dc]:main():gmm-align-compiled.cc:127) theo_0_45
LOG (gmm-align-compiled[5.5.620~1-dce1dc]:main():gmm-align-compiled.cc:127) theo_0_46
LOG (gmm-align-compiled[5.5.620~1-dce1dc]:main():gmm-align-compiled.cc:127) theo_0_47
LOG (gmm-align-compiled[5.5.620~1-dce1dc]:main():gmm-align-compiled.cc:127) theo_0_48
LOG (gmm-align-compiled[5.5.620~1-dce1dc]:main():gmm-align-compiled.cc:127) theo_0_49
LOG (gmm-align-compiled[5.5.620~1-dce1dc]:main():gmm-align-compiled.cc:127) theo_0_5
LOG (gmm-align-compiled[5.5.620~1-dce1dc]:main():gmm-align-compiled.cc:127) theo_0_6
LOG (gmm-align-compiled[5.5.620~1-dce1dc]:main():gmm-align-compiled.cc:127) theo_0_7
LOG (gmm-align-compiled[5.5.620~1-dce1dc]:main():gmm-align-compiled.cc:127) theo_0_8
LOG (gmm-align-compiled[5.5.620~1-dce1dc]:main():gmm-align-compiled.cc:127) theo_0_9
LOG (gmm-align-compiled[5.5.620~1-dce1dc]:main():gmm-align-compiled.cc:127) theo_1_0
LOG (gmm-align-compiled[5.5.620~1-dce1dc]:main():gmm-align-compiled.cc:127) theo_1_1
LOG (gmm-align-compiled[5.5.620~1-dce1dc]:main():gmm-align-compiled.cc:127) theo_1_10
LOG (gmm-align-compiled[5.5.620~1-dce1dc]:main():gmm-align-compiled.cc:127) theo_1_11
LOG (gmm-align-compiled[5.5.620~1-dce1dc]:main():gmm-align-compiled.cc:127) theo_1_12
LOG (gmm-align-compiled[5.5.620~1-dce1dc]:main():gmm-align-compiled.cc:127) theo_1_13
LOG (gmm-align-compiled[5.5.620~1-dce1dc]:main():gmm-align-compiled.cc:127) theo_1_14
LOG (gmm-align-compiled[5.5.620~1-dce1dc]:main():gmm-align-compiled.cc:127) theo_1_15
LOG (gmm-align-compiled[5.5.620~1-dce1dc]:main():gmm-align-compiled.cc:127) theo_1_16
LOG (gmm-align-compiled[5.5.620~1-dce1dc]:main():gmm-align-compiled.cc:127) theo_1_17
LOG (gmm-align-compiled[5.5.620~1-dce1dc]:main():gmm-align-compiled.cc:127) theo_1_18
LOG (gmm-align-compiled[5.5.620~1-dce1dc]:main():gmm-align-compiled.cc:127) theo_1_19
LOG (gmm-align-compiled[5.5.620~1-dce1dc]:main():gmm-align-compiled.cc:127) theo_1_2
LOG (gmm-align-compiled[5.5.620~1-dce1dc]:main():gmm-align-compiled.cc:127) theo_1_20
LOG (gmm-align-compiled[5.5.620~1-dce1dc]:main():gmm-align-compiled.cc:127) theo_1_21
LOG (gmm-align-compiled[5.5.620~1-dce1dc]:main():gmm-align-compiled.cc:127) theo_1_22
LOG (gmm-align-compiled[5.5.620~1-dce1dc]:main():gmm-align-compiled.cc:127) theo_1_23
LOG (gmm-align-compiled[5.5.620~1-dce1dc]:main():gmm-align-compiled.cc:127) theo_1_24
LOG (gmm-align-compiled[5.5.620~1-dce1dc]:main():gmm-align-compiled.cc:127) theo_1_25
LOG (gmm-align-compiled[5.5.620~1-dce1dc]:main():gmm-align-compiled.cc:127) theo_1_26
LOG (gmm-align-compiled[5.5.620~1-dce1dc]:main():gmm-align-compiled.cc:127) theo_1_27
LOG (gmm-align-compiled[5.5.620~1-dce1dc]:main():gmm-align-compiled.cc:127) theo_1_28
LOG (gmm-align-compiled[5.5.620~1-dce1dc]:main():gmm-align-compiled.cc:127) theo_1_29
LOG (gmm-align-compiled[5.5.620~1-dce1dc]:main():gmm-align-compiled.cc:127) theo_1_3
LOG (gmm-align-compiled[5.5.620~1-dce1dc]:main():gmm-align-compiled.cc:127) theo_1_30
LOG (gmm-align-compiled[5.5.620~1-dce1dc]:main():gmm-align-compiled.cc:127) theo_1_31
LOG (gmm-align-compiled[5.5.620~1-dce1dc]:main():gmm-align-compiled.cc:127) theo_1_32
LOG (gmm-align-compiled[5.5.620~1-dce1dc]:main():gmm-align-compiled.cc:127) theo_1_33
LOG (gmm-align-compiled[5.5.620~1-dce1dc]:main():gmm-align-compiled.cc:127) theo_1_34
LOG (gmm-align-compiled[5.5.620~1-dce1dc]:main():gmm-align-compiled.cc:127) theo_1_35
LOG (gmm-align-compiled[5.5.620~1-dce1dc]:main():gmm-align-compiled.cc:127) theo_1_36
LOG (gmm-align-compiled[5.5.620~1-dce1dc]:main():gmm-align-compiled.cc:127) theo_1_37
LOG (gmm-align-compiled[5.5.620~1-dce1dc]:main():gmm-align-compiled.cc:127) theo_1_38
LOG (gmm-align-compiled[5.5.620~1-dce1dc]:main():gmm-align-compiled.cc:127) theo_1_39
LOG (gmm-align-compiled[5.5.620~1-dce1dc]:main():gmm-align-compiled.cc:127) theo_1_4
LOG (gmm-align-compiled[5.5.620~1-dce1dc]:main():gmm-align-compiled.cc:127) theo_1_40
LOG (gmm-align-compiled[5.5.620~1-dce1dc]:main():gmm-align-compiled.cc:127) theo_1_41
LOG (gmm-align-compiled[5.5.620~1-dce1dc]:main():gmm-align-compiled.cc:127) theo_1_42
LOG (gmm-align-compiled[5.5.620~1-dce1dc]:main():gmm-align-compiled.cc:127) theo_1_43
LOG (gmm-align-compiled[5.5.620~1-dce1dc]:main():gmm-align-compiled.cc:127) theo_1_44
LOG (gmm-align-compiled[5.5.620~1-dce1dc]:main():gmm-align-compiled.cc:127) theo_1_45
LOG (gmm-align-compiled[5.5.620~1-dce1dc]:main():gmm-align-compiled.cc:127) theo_1_46
LOG (gmm-align-compiled[5.5.620~1-dce1dc]:main():gmm-align-compiled.cc:127) theo_1_47
LOG (gmm-align-compiled[5.5.620~1-dce1dc]:main():gmm-align-compiled.cc:127) theo_1_48
LOG (gmm-align-compiled[5.5.620~1-dce1dc]:main():gmm-align-compiled.cc:127) theo_1_49
LOG (gmm-align-compiled[5.5.620~1-dce1dc]:main():gmm-align-compiled.cc:127) theo_1_5
LOG (gmm-align-compiled[5.5.620~1-dce1dc]:main():gmm-align-compiled.cc:127) theo_1_6
LOG (gmm-align-compiled[5.5.620~1-dce1dc]:main():gmm-align-compiled.cc:127) theo_1_7
LOG (gmm-align-compiled[5.5.620~1-dce1dc]:main():gmm-align-compiled.cc:127) theo_1_8
LOG (gmm-align-compiled[5.5.620~1-dce1dc]:main():gmm-align-compiled.cc:127) theo_1_9
LOG (gmm-align-compiled[5.5.620~1-dce1dc]:main():gmm-align-compiled.cc:127) theo_2_0
LOG (gmm-align-compiled[5.5.620~1-dce1dc]:main():gmm-align-compiled.cc:127) theo_2_1
LOG (gmm-align-compiled[5.5.620~1-dce1dc]:main():gmm-align-compiled.cc:127) theo_2_10
LOG (gmm-align-compiled[5.5.620~1-dce1dc]:main():gmm-align-compiled.cc:127) theo_2_11
LOG (gmm-align-compiled[5.5.620~1-dce1dc]:main():gmm-align-compiled.cc:127) theo_2_12
LOG (gmm-align-compiled[5.5.620~1-dce1dc]:main():gmm-align-compiled.cc:127) theo_2_13
LOG (gmm-align-compiled[5.5.620~1-dce1dc]:main():gmm-align-compiled.cc:127) theo_2_14
LOG (gmm-align-compiled[5.5.620~1-dce1dc]:main():gmm-align-compiled.cc:127) theo_2_15
LOG (gmm-align-compiled[5.5.620~1-dce1dc]:main():gmm-align-compiled.cc:127) theo_2_16
LOG (gmm-align-compiled[5.5.620~1-dce1dc]:main():gmm-align-compiled.cc:127) theo_2_17
LOG (gmm-align-compiled[5.5.620~1-dce1dc]:main():gmm-align-compiled.cc:127) theo_2_18
LOG (gmm-align-compiled[5.5.620~1-dce1dc]:main():gmm-align-compiled.cc:127) theo_2_19
LOG (gmm-align-compiled[5.5.620~1-dce1dc]:main():gmm-align-compiled.cc:127) theo_2_2
LOG (gmm-align-compiled[5.5.620~1-dce1dc]:main():gmm-align-compiled.cc:127) theo_2_20
LOG (gmm-align-compiled[5.5.620~1-dce1dc]:main():gmm-align-compiled.cc:127) theo_2_21
LOG (gmm-align-compiled[5.5.620~1-dce1dc]:main():gmm-align-compiled.cc:127) theo_2_22
LOG (gmm-align-compiled[5.5.620~1-dce1dc]:main():gmm-align-compiled.cc:127) theo_2_23
LOG (gmm-align-compiled[5.5.620~1-dce1dc]:main():gmm-align-compiled.cc:127) theo_2_24
LOG (gmm-align-compiled[5.5.620~1-dce1dc]:main():gmm-align-compiled.cc:127) theo_2_25
LOG (gmm-align-compiled[5.5.620~1-dce1dc]:main():gmm-align-compiled.cc:127) theo_2_26
LOG (gmm-align-compiled[5.5.620~1-dce1dc]:main():gmm-align-compiled.cc:127) theo_2_27
LOG (gmm-align-compiled[5.5.620~1-dce1dc]:main():gmm-align-compiled.cc:127) theo_2_28
LOG (gmm-align-compiled[5.5.620~1-dce1dc]:main():gmm-align-compiled.cc:127) theo_2_29
LOG (gmm-align-compiled[5.5.620~1-dce1dc]:main():gmm-align-compiled.cc:127) theo_2_3
LOG (gmm-align-compiled[5.5.620~1-dce1dc]:main():gmm-align-compiled.cc:127) theo_2_30
LOG (gmm-align-compiled[5.5.620~1-dce1dc]:main():gmm-align-compiled.cc:127) theo_2_31
LOG (gmm-align-compiled[5.5.620~1-dce1dc]:main():gmm-align-compiled.cc:127) theo_2_32
LOG (gmm-align-compiled[5.5.620~1-dce1dc]:main():gmm-align-compiled.cc:127) theo_2_33
LOG (gmm-align-compiled[5.5.620~1-dce1dc]:main():gmm-align-compiled.cc:127) theo_2_34
LOG (gmm-align-compiled[5.5.620~1-dce1dc]:main():gmm-align-compiled.cc:127) theo_2_35
LOG (gmm-align-compiled[5.5.620~1-dce1dc]:main():gmm-align-compiled.cc:127) theo_2_36
LOG (gmm-align-compiled[5.5.620~1-dce1dc]:main():gmm-align-compiled.cc:127) theo_2_37
LOG (gmm-align-compiled[5.5.620~1-dce1dc]:main():gmm-align-compiled.cc:127) theo_2_38
LOG (gmm-align-compiled[5.5.620~1-dce1dc]:main():gmm-align-compiled.cc:127) theo_2_39
LOG (gmm-align-compiled[5.5.620~1-dce1dc]:main():gmm-align-compiled.cc:127) theo_2_4
LOG (gmm-align-compiled[5.5.620~1-dce1dc]:main():gmm-align-compiled.cc:127) theo_2_40
LOG (gmm-align-compiled[5.5.620~1-dce1dc]:main():gmm-align-compiled.cc:127) theo_2_41
LOG (gmm-align-compiled[5.5.620~1-dce1dc]:main():gmm-align-compiled.cc:127) theo_2_42
LOG (gmm-align-compiled[5.5.620~1-dce1dc]:main():gmm-align-compiled.cc:127) theo_2_43
LOG (gmm-align-compiled[5.5.620~1-dce1dc]:main():gmm-align-compiled.cc:127) theo_2_44
LOG (gmm-align-compiled[5.5.620~1-dce1dc]:main():gmm-align-compiled.cc:127) theo_2_45
LOG (gmm-align-compiled[5.5.620~1-dce1dc]:main():gmm-align-compiled.cc:127) theo_2_46
LOG (gmm-align-compiled[5.5.620~1-dce1dc]:main():gmm-align-compiled.cc:127) theo_2_47
LOG (gmm-align-compiled[5.5.620~1-dce1dc]:main():gmm-align-compiled.cc:127) theo_2_48
LOG (gmm-align-compiled[5.5.620~1-dce1dc]:main():gmm-align-compiled.cc:127) theo_2_49
LOG (gmm-align-compiled[5.5.620~1-dce1dc]:main():gmm-align-compiled.cc:127) theo_2_5
LOG (gmm-align-compiled[5.5.620~1-dce1dc]:main():gmm-align-compiled.cc:127) theo_2_6
LOG (gmm-align-compiled[5.5.620~1-dce1dc]:main():gmm-align-compiled.cc:127) theo_2_7
LOG (gmm-align-compiled[5.5.620~1-dce1dc]:main():gmm-align-compiled.cc:127) theo_2_8
LOG (gmm-align-compiled[5.5.620~1-dce1dc]:main():gmm-align-compiled.cc:127) theo_2_9
LOG (gmm-align-compiled[5.5.620~1-dce1dc]:main():gmm-align-compiled.cc:127) theo_3_0
LOG (gmm-align-compiled[5.5.620~1-dce1dc]:main():gmm-align-compiled.cc:127) theo_3_1
LOG (gmm-align-compiled[5.5.620~1-dce1dc]:main():gmm-align-compiled.cc:127) theo_3_10
LOG (gmm-align-compiled[5.5.620~1-dce1dc]:main():gmm-align-compiled.cc:127) theo_3_11
LOG (gmm-align-compiled[5.5.620~1-dce1dc]:main():gmm-align-compiled.cc:127) theo_3_12
LOG (gmm-align-compiled[5.5.620~1-dce1dc]:main():gmm-align-compiled.cc:127) theo_3_13
LOG (gmm-align-compiled[5.5.620~1-dce1dc]:main():gmm-align-compiled.cc:127) theo_3_14
LOG (gmm-align-compiled[5.5.620~1-dce1dc]:main():gmm-align-compiled.cc:127) theo_3_15
LOG (gmm-align-compiled[5.5.620~1-dce1dc]:main():gmm-align-compiled.cc:127) theo_3_16
LOG (gmm-align-compiled[5.5.620~1-dce1dc]:main():gmm-align-compiled.cc:127) theo_3_17
LOG (gmm-align-compiled[5.5.620~1-dce1dc]:main():gmm-align-compiled.cc:127) theo_3_18
LOG (gmm-align-compiled[5.5.620~1-dce1dc]:main():gmm-align-compiled.cc:127) theo_3_19
LOG (gmm-align-compiled[5.5.620~1-dce1dc]:main():gmm-align-compiled.cc:127) theo_3_2
LOG (gmm-align-compiled[5.5.620~1-dce1dc]:main():gmm-align-compiled.cc:127) theo_3_20
LOG (gmm-align-compiled[5.5.620~1-dce1dc]:main():gmm-align-compiled.cc:127) theo_3_21
LOG (gmm-align-compiled[5.5.620~1-dce1dc]:main():gmm-align-compiled.cc:127) theo_3_22
LOG (gmm-align-compiled[5.5.620~1-dce1dc]:main():gmm-align-compiled.cc:127) theo_3_23
LOG (gmm-align-compiled[5.5.620~1-dce1dc]:main():gmm-align-compiled.cc:127) theo_3_24
LOG (gmm-align-compiled[5.5.620~1-dce1dc]:main():gmm-align-compiled.cc:127) theo_3_25
WARNING (gmm-align-compiled[5.5.620~1-dce1dc]:AlignUtteranceWrapper():decoder-wrappers.cc:618) Retrying utterance theo_3_25 with beam 40
LOG (gmm-align-compiled[5.5.620~1-dce1dc]:main():gmm-align-compiled.cc:127) theo_3_26
LOG (gmm-align-compiled[5.5.620~1-dce1dc]:main():gmm-align-compiled.cc:127) theo_3_27
LOG (gmm-align-compiled[5.5.620~1-dce1dc]:main():gmm-align-compiled.cc:127) theo_3_28
LOG (gmm-align-compiled[5.5.620~1-dce1dc]:main():gmm-align-compiled.cc:127) theo_3_29
LOG (gmm-align-compiled[5.5.620~1-dce1dc]:main():gmm-align-compiled.cc:127) theo_3_3
LOG (gmm-align-compiled[5.5.620~1-dce1dc]:main():gmm-align-compiled.cc:127) theo_3_30
LOG (gmm-align-compiled[5.5.620~1-dce1dc]:main():gmm-align-compiled.cc:127) theo_3_31
LOG (gmm-align-compiled[5.5.620~1-dce1dc]:main():gmm-align-compiled.cc:127) theo_3_32
LOG (gmm-align-compiled[5.5.620~1-dce1dc]:main():gmm-align-compiled.cc:127) theo_3_33
LOG (gmm-align-compiled[5.5.620~1-dce1dc]:main():gmm-align-compiled.cc:127) theo_3_34
LOG (gmm-align-compiled[5.5.620~1-dce1dc]:main():gmm-align-compiled.cc:127) theo_3_35
LOG (gmm-align-compiled[5.5.620~1-dce1dc]:main():gmm-align-compiled.cc:127) theo_3_36
LOG (gmm-align-compiled[5.5.620~1-dce1dc]:main():gmm-align-compiled.cc:127) theo_3_37
LOG (gmm-align-compiled[5.5.620~1-dce1dc]:main():gmm-align-compiled.cc:127) theo_3_38
LOG (gmm-align-compiled[5.5.620~1-dce1dc]:main():gmm-align-compiled.cc:127) theo_3_39
LOG (gmm-align-compiled[5.5.620~1-dce1dc]:main():gmm-align-compiled.cc:127) theo_3_4
LOG (gmm-align-compiled[5.5.620~1-dce1dc]:main():gmm-align-compiled.cc:127) theo_3_40
LOG (gmm-align-compiled[5.5.620~1-dce1dc]:main():gmm-align-compiled.cc:127) theo_3_41
LOG (gmm-align-compiled[5.5.620~1-dce1dc]:main():gmm-align-compiled.cc:127) theo_3_42
LOG (gmm-align-compiled[5.5.620~1-dce1dc]:main():gmm-align-compiled.cc:127) theo_3_43
LOG (gmm-align-compiled[5.5.620~1-dce1dc]:main():gmm-align-compiled.cc:127) theo_3_44
LOG (gmm-align-compiled[5.5.620~1-dce1dc]:main():gmm-align-compiled.cc:127) theo_3_45
LOG (gmm-align-compiled[5.5.620~1-dce1dc]:main():gmm-align-compiled.cc:127) theo_3_46
LOG (gmm-align-compiled[5.5.620~1-dce1dc]:main():gmm-align-compiled.cc:127) theo_3_47
LOG (gmm-align-compiled[5.5.620~1-dce1dc]:main():gmm-align-compiled.cc:127) theo_3_48
LOG (gmm-align-compiled[5.5.620~1-dce1dc]:main():gmm-align-compiled.cc:127) theo_3_49
LOG (gmm-align-compiled[5.5.620~1-dce1dc]:main():gmm-align-compiled.cc:127) theo_3_5
LOG (gmm-align-compiled[5.5.620~1-dce1dc]:main():gmm-align-compiled.cc:127) theo_3_6
LOG (gmm-align-compiled[5.5.620~1-dce1dc]:main():gmm-align-compiled.cc:127) theo_3_7
LOG (gmm-align-compiled[5.5.620~1-dce1dc]:main():gmm-align-compiled.cc:127) theo_3_8
LOG (gmm-align-compiled[5.5.620~1-dce1dc]:main():gmm-align-compiled.cc:127) theo_3_9
LOG (gmm-align-compiled[5.5.620~1-dce1dc]:main():gmm-align-compiled.cc:127) theo_4_0
LOG (gmm-align-compiled[5.5.620~1-dce1dc]:main():gmm-align-compiled.cc:127) theo_4_1
LOG (gmm-align-compiled[5.5.620~1-dce1dc]:main():gmm-align-compiled.cc:127) theo_4_10
LOG (gmm-align-compiled[5.5.620~1-dce1dc]:main():gmm-align-compiled.cc:127) theo_4_11
LOG (gmm-align-compiled[5.5.620~1-dce1dc]:main():gmm-align-compiled.cc:127) theo_4_12
LOG (gmm-align-compiled[5.5.620~1-dce1dc]:main():gmm-align-compiled.cc:127) theo_4_13
LOG (gmm-align-compiled[5.5.620~1-dce1dc]:main():gmm-align-compiled.cc:127) theo_4_14
LOG (gmm-align-compiled[5.5.620~1-dce1dc]:main():gmm-align-compiled.cc:127) theo_4_15
LOG (gmm-align-compiled[5.5.620~1-dce1dc]:main():gmm-align-compiled.cc:127) theo_4_16
LOG (gmm-align-compiled[5.5.620~1-dce1dc]:main():gmm-align-compiled.cc:127) theo_4_17
LOG (gmm-align-compiled[5.5.620~1-dce1dc]:main():gmm-align-compiled.cc:127) theo_4_18
LOG (gmm-align-compiled[5.5.620~1-dce1dc]:main():gmm-align-compiled.cc:127) theo_4_19
LOG (gmm-align-compiled[5.5.620~1-dce1dc]:main():gmm-align-compiled.cc:127) theo_4_2
LOG (gmm-align-compiled[5.5.620~1-dce1dc]:main():gmm-align-compiled.cc:127) theo_4_20
LOG (gmm-align-compiled[5.5.620~1-dce1dc]:main():gmm-align-compiled.cc:127) theo_4_21
LOG (gmm-align-compiled[5.5.620~1-dce1dc]:main():gmm-align-compiled.cc:127) theo_4_22
LOG (gmm-align-compiled[5.5.620~1-dce1dc]:main():gmm-align-compiled.cc:127) theo_4_23
LOG (gmm-align-compiled[5.5.620~1-dce1dc]:main():gmm-align-compiled.cc:127) theo_4_24
LOG (gmm-align-compiled[5.5.620~1-dce1dc]:main():gmm-align-compiled.cc:127) theo_4_25
LOG (gmm-align-compiled[5.5.620~1-dce1dc]:main():gmm-align-compiled.cc:127) theo_4_26
LOG (gmm-align-compiled[5.5.620~1-dce1dc]:main():gmm-align-compiled.cc:127) theo_4_27
LOG (gmm-align-compiled[5.5.620~1-dce1dc]:main():gmm-align-compiled.cc:127) theo_4_28
LOG (gmm-align-compiled[5.5.620~1-dce1dc]:main():gmm-align-compiled.cc:127) theo_4_29
LOG (gmm-align-compiled[5.5.620~1-dce1dc]:main():gmm-align-compiled.cc:127) theo_4_3
LOG (gmm-align-compiled[5.5.620~1-dce1dc]:main():gmm-align-compiled.cc:127) theo_4_30
LOG (gmm-align-compiled[5.5.620~1-dce1dc]:main():gmm-align-compiled.cc:127) theo_4_31
LOG (gmm-align-compiled[5.5.620~1-dce1dc]:main():gmm-align-compiled.cc:127) theo_4_32
LOG (gmm-align-compiled[5.5.620~1-dce1dc]:main():gmm-align-compiled.cc:127) theo_4_33
LOG (gmm-align-compiled[5.5.620~1-dce1dc]:main():gmm-align-compiled.cc:127) theo_4_34
LOG (gmm-align-compiled[5.5.620~1-dce1dc]:main():gmm-align-compiled.cc:127) theo_4_35
LOG (gmm-align-compiled[5.5.620~1-dce1dc]:main():gmm-align-compiled.cc:127) theo_4_36
LOG (gmm-align-compiled[5.5.620~1-dce1dc]:main():gmm-align-compiled.cc:127) theo_4_37
LOG (gmm-align-compiled[5.5.620~1-dce1dc]:main():gmm-align-compiled.cc:127) theo_4_38
LOG (gmm-align-compiled[5.5.620~1-dce1dc]:main():gmm-align-compiled.cc:127) theo_4_39
LOG (gmm-align-compiled[5.5.620~1-dce1dc]:main():gmm-align-compiled.cc:127) theo_4_4
LOG (gmm-align-compiled[5.5.620~1-dce1dc]:main():gmm-align-compiled.cc:127) theo_4_40
LOG (gmm-align-compiled[5.5.620~1-dce1dc]:main():gmm-align-compiled.cc:127) theo_4_41
LOG (gmm-align-compiled[5.5.620~1-dce1dc]:main():gmm-align-compiled.cc:127) theo_4_42
LOG (gmm-align-compiled[5.5.620~1-dce1dc]:main():gmm-align-compiled.cc:127) theo_4_43
LOG (gmm-align-compiled[5.5.620~1-dce1dc]:main():gmm-align-compiled.cc:127) theo_4_44
LOG (gmm-align-compiled[5.5.620~1-dce1dc]:main():gmm-align-compiled.cc:127) theo_4_45
LOG (gmm-align-compiled[5.5.620~1-dce1dc]:main():gmm-align-compiled.cc:127) theo_4_46
LOG (gmm-align-compiled[5.5.620~1-dce1dc]:main():gmm-align-compiled.cc:127) theo_4_47
LOG (gmm-align-compiled[5.5.620~1-dce1dc]:main():gmm-align-compiled.cc:127) theo_4_48
LOG (gmm-align-compiled[5.5.620~1-dce1dc]:main():gmm-align-compiled.cc:127) theo_4_49
LOG (gmm-align-compiled[5.5.620~1-dce1dc]:main():gmm-align-compiled.cc:127) theo_4_5
LOG (gmm-align-compiled[5.5.620~1-dce1dc]:main():gmm-align-compiled.cc:127) theo_4_6
LOG (gmm-align-compiled[5.5.620~1-dce1dc]:main():gmm-align-compiled.cc:127) theo_4_7
LOG (gmm-align-compiled[5.5.620~1-dce1dc]:main():gmm-align-compiled.cc:127) theo_4_8
LOG (gmm-align-compiled[5.5.620~1-dce1dc]:main():gmm-align-compiled.cc:127) theo_4_9
LOG (gmm-align-compiled[5.5.620~1-dce1dc]:main():gmm-align-compiled.cc:127) theo_5_0
LOG (gmm-align-compiled[5.5.620~1-dce1dc]:main():gmm-align-compiled.cc:127) theo_5_1
LOG (gmm-align-compiled[5.5.620~1-dce1dc]:main():gmm-align-compiled.cc:127) theo_5_10
LOG (gmm-align-compiled[5.5.620~1-dce1dc]:main():gmm-align-compiled.cc:127) theo_5_11
LOG (gmm-align-compiled[5.5.620~1-dce1dc]:main():gmm-align-compiled.cc:127) theo_5_12
LOG (gmm-align-compiled[5.5.620~1-dce1dc]:main():gmm-align-compiled.cc:127) theo_5_13
LOG (gmm-align-compiled[5.5.620~1-dce1dc]:main():gmm-align-compiled.cc:127) theo_5_14
LOG (gmm-align-compiled[5.5.620~1-dce1dc]:main():gmm-align-compiled.cc:127) theo_5_15
LOG (gmm-align-compiled[5.5.620~1-dce1dc]:main():gmm-align-compiled.cc:127) theo_5_16
LOG (gmm-align-compiled[5.5.620~1-dce1dc]:main():gmm-align-compiled.cc:127) theo_5_17
LOG (gmm-align-compiled[5.5.620~1-dce1dc]:main():gmm-align-compiled.cc:127) theo_5_18
LOG (gmm-align-compiled[5.5.620~1-dce1dc]:main():gmm-align-compiled.cc:127) theo_5_19
LOG (gmm-align-compiled[5.5.620~1-dce1dc]:main():gmm-align-compiled.cc:127) theo_5_2
LOG (gmm-align-compiled[5.5.620~1-dce1dc]:main():gmm-align-compiled.cc:127) theo_5_20
LOG (gmm-align-compiled[5.5.620~1-dce1dc]:main():gmm-align-compiled.cc:127) theo_5_21
LOG (gmm-align-compiled[5.5.620~1-dce1dc]:main():gmm-align-compiled.cc:127) theo_5_22
LOG (gmm-align-compiled[5.5.620~1-dce1dc]:main():gmm-align-compiled.cc:127) theo_5_23
LOG (gmm-align-compiled[5.5.620~1-dce1dc]:main():gmm-align-compiled.cc:127) theo_5_24
LOG (gmm-align-compiled[5.5.620~1-dce1dc]:main():gmm-align-compiled.cc:127) theo_5_25
LOG (gmm-align-compiled[5.5.620~1-dce1dc]:main():gmm-align-compiled.cc:127) theo_5_26
LOG (gmm-align-compiled[5.5.620~1-dce1dc]:main():gmm-align-compiled.cc:127) theo_5_27
LOG (gmm-align-compiled[5.5.620~1-dce1dc]:main():gmm-align-compiled.cc:127) theo_5_28
LOG (gmm-align-compiled[5.5.620~1-dce1dc]:main():gmm-align-compiled.cc:127) theo_5_29
LOG (gmm-align-compiled[5.5.620~1-dce1dc]:main():gmm-align-compiled.cc:127) theo_5_3
LOG (gmm-align-compiled[5.5.620~1-dce1dc]:main():gmm-align-compiled.cc:127) theo_5_30
LOG (gmm-align-compiled[5.5.620~1-dce1dc]:main():gmm-align-compiled.cc:127) theo_5_31
LOG (gmm-align-compiled[5.5.620~1-dce1dc]:main():gmm-align-compiled.cc:127) theo_5_32
LOG (gmm-align-compiled[5.5.620~1-dce1dc]:main():gmm-align-compiled.cc:127) theo_5_33
LOG (gmm-align-compiled[5.5.620~1-dce1dc]:main():gmm-align-compiled.cc:127) theo_5_34
LOG (gmm-align-compiled[5.5.620~1-dce1dc]:main():gmm-align-compiled.cc:127) theo_5_35
LOG (gmm-align-compiled[5.5.620~1-dce1dc]:main():gmm-align-compiled.cc:127) theo_5_36
LOG (gmm-align-compiled[5.5.620~1-dce1dc]:main():gmm-align-compiled.cc:127) theo_5_37
LOG (gmm-align-compiled[5.5.620~1-dce1dc]:main():gmm-align-compiled.cc:127) theo_5_38
LOG (gmm-align-compiled[5.5.620~1-dce1dc]:main():gmm-align-compiled.cc:127) theo_5_39
LOG (gmm-align-compiled[5.5.620~1-dce1dc]:main():gmm-align-compiled.cc:127) theo_5_4
LOG (gmm-align-compiled[5.5.620~1-dce1dc]:main():gmm-align-compiled.cc:127) theo_5_40
LOG (gmm-align-compiled[5.5.620~1-dce1dc]:main():gmm-align-compiled.cc:127) theo_5_41
LOG (gmm-align-compiled[5.5.620~1-dce1dc]:main():gmm-align-compiled.cc:127) theo_5_42
LOG (gmm-align-compiled[5.5.620~1-dce1dc]:main():gmm-align-compiled.cc:127) theo_5_43
LOG (gmm-align-compiled[5.5.620~1-dce1dc]:main():gmm-align-compiled.cc:127) theo_5_44
LOG (gmm-align-compiled[5.5.620~1-dce1dc]:main():gmm-align-compiled.cc:127) theo_5_45
LOG (gmm-align-compiled[5.5.620~1-dce1dc]:main():gmm-align-compiled.cc:127) theo_5_46
LOG (gmm-align-compiled[5.5.620~1-dce1dc]:main():gmm-align-compiled.cc:127) theo_5_47
LOG (gmm-align-compiled[5.5.620~1-dce1dc]:main():gmm-align-compiled.cc:127) theo_5_48
LOG (gmm-align-compiled[5.5.620~1-dce1dc]:main():gmm-align-compiled.cc:127) theo_5_49
LOG (gmm-align-compiled[5.5.620~1-dce1dc]:main():gmm-align-compiled.cc:127) theo_5_5
LOG (gmm-align-compiled[5.5.620~1-dce1dc]:main():gmm-align-compiled.cc:127) theo_5_6
LOG (gmm-align-compiled[5.5.620~1-dce1dc]:main():gmm-align-compiled.cc:127) theo_5_7
LOG (gmm-align-compiled[5.5.620~1-dce1dc]:main():gmm-align-compiled.cc:127) theo_5_8
LOG (gmm-align-compiled[5.5.620~1-dce1dc]:main():gmm-align-compiled.cc:127) theo_5_9
LOG (gmm-align-compiled[5.5.620~1-dce1dc]:main():gmm-align-compiled.cc:127) theo_6_0
LOG (gmm-align-compiled[5.5.620~1-dce1dc]:main():gmm-align-compiled.cc:127) theo_6_1
LOG (gmm-align-compiled[5.5.620~1-dce1dc]:main():gmm-align-compiled.cc:127) theo_6_10
LOG (gmm-align-compiled[5.5.620~1-dce1dc]:main():gmm-align-compiled.cc:127) theo_6_11
LOG (gmm-align-compiled[5.5.620~1-dce1dc]:main():gmm-align-compiled.cc:127) theo_6_12
LOG (gmm-align-compiled[5.5.620~1-dce1dc]:main():gmm-align-compiled.cc:127) theo_6_13
LOG (gmm-align-compiled[5.5.620~1-dce1dc]:main():gmm-align-compiled.cc:127) theo_6_14
LOG (gmm-align-compiled[5.5.620~1-dce1dc]:main():gmm-align-compiled.cc:127) theo_6_15
LOG (gmm-align-compiled[5.5.620~1-dce1dc]:main():gmm-align-compiled.cc:127) theo_6_16
LOG (gmm-align-compiled[5.5.620~1-dce1dc]:main():gmm-align-compiled.cc:127) theo_6_17
LOG (gmm-align-compiled[5.5.620~1-dce1dc]:main():gmm-align-compiled.cc:127) theo_6_18
LOG (gmm-align-compiled[5.5.620~1-dce1dc]:main():gmm-align-compiled.cc:127) theo_6_19
LOG (gmm-align-compiled[5.5.620~1-dce1dc]:main():gmm-align-compiled.cc:127) theo_6_2
LOG (gmm-align-compiled[5.5.620~1-dce1dc]:main():gmm-align-compiled.cc:127) theo_6_20
LOG (gmm-align-compiled[5.5.620~1-dce1dc]:main():gmm-align-compiled.cc:127) theo_6_21
LOG (gmm-align-compiled[5.5.620~1-dce1dc]:main():gmm-align-compiled.cc:127) theo_6_22
LOG (gmm-align-compiled[5.5.620~1-dce1dc]:main():gmm-align-compiled.cc:127) theo_6_23
LOG (gmm-align-compiled[5.5.620~1-dce1dc]:main():gmm-align-compiled.cc:127) theo_6_24
LOG (gmm-align-compiled[5.5.620~1-dce1dc]:main():gmm-align-compiled.cc:127) theo_6_25
LOG (gmm-align-compiled[5.5.620~1-dce1dc]:main():gmm-align-compiled.cc:127) theo_6_26
LOG (gmm-align-compiled[5.5.620~1-dce1dc]:main():gmm-align-compiled.cc:127) theo_6_27
LOG (gmm-align-compiled[5.5.620~1-dce1dc]:main():gmm-align-compiled.cc:127) theo_6_28
LOG (gmm-align-compiled[5.5.620~1-dce1dc]:main():gmm-align-compiled.cc:127) theo_6_29
LOG (gmm-align-compiled[5.5.620~1-dce1dc]:main():gmm-align-compiled.cc:127) theo_6_3
LOG (gmm-align-compiled[5.5.620~1-dce1dc]:main():gmm-align-compiled.cc:127) theo_6_30
LOG (gmm-align-compiled[5.5.620~1-dce1dc]:main():gmm-align-compiled.cc:127) theo_6_31
LOG (gmm-align-compiled[5.5.620~1-dce1dc]:main():gmm-align-compiled.cc:127) theo_6_32
LOG (gmm-align-compiled[5.5.620~1-dce1dc]:main():gmm-align-compiled.cc:127) theo_6_33
LOG (gmm-align-compiled[5.5.620~1-dce1dc]:main():gmm-align-compiled.cc:127) theo_6_34
LOG (gmm-align-compiled[5.5.620~1-dce1dc]:main():gmm-align-compiled.cc:127) theo_6_35
LOG (gmm-align-compiled[5.5.620~1-dce1dc]:main():gmm-align-compiled.cc:127) theo_6_36
LOG (gmm-align-compiled[5.5.620~1-dce1dc]:main():gmm-align-compiled.cc:127) theo_6_37
LOG (gmm-align-compiled[5.5.620~1-dce1dc]:main():gmm-align-compiled.cc:127) theo_6_38
LOG (gmm-align-compiled[5.5.620~1-dce1dc]:main():gmm-align-compiled.cc:127) theo_6_39
LOG (gmm-align-compiled[5.5.620~1-dce1dc]:main():gmm-align-compiled.cc:127) theo_6_4
LOG (gmm-align-compiled[5.5.620~1-dce1dc]:main():gmm-align-compiled.cc:127) theo_6_40
LOG (gmm-align-compiled[5.5.620~1-dce1dc]:main():gmm-align-compiled.cc:127) theo_6_41
LOG (gmm-align-compiled[5.5.620~1-dce1dc]:main():gmm-align-compiled.cc:127) theo_6_42
LOG (gmm-align-compiled[5.5.620~1-dce1dc]:main():gmm-align-compiled.cc:127) theo_6_43
LOG (gmm-align-compiled[5.5.620~1-dce1dc]:main():gmm-align-compiled.cc:127) theo_6_44
LOG (gmm-align-compiled[5.5.620~1-dce1dc]:main():gmm-align-compiled.cc:127) theo_6_45
LOG (gmm-align-compiled[5.5.620~1-dce1dc]:main():gmm-align-compiled.cc:127) theo_6_46
LOG (gmm-align-compiled[5.5.620~1-dce1dc]:main():gmm-align-compiled.cc:127) theo_6_47
LOG (gmm-align-compiled[5.5.620~1-dce1dc]:main():gmm-align-compiled.cc:127) theo_6_48
LOG (gmm-align-compiled[5.5.620~1-dce1dc]:main():gmm-align-compiled.cc:127) theo_6_49
LOG (gmm-align-compiled[5.5.620~1-dce1dc]:main():gmm-align-compiled.cc:127) theo_6_5
LOG (gmm-align-compiled[5.5.620~1-dce1dc]:main():gmm-align-compiled.cc:127) theo_6_6
LOG (gmm-align-compiled[5.5.620~1-dce1dc]:main():gmm-align-compiled.cc:127) theo_6_7
LOG (gmm-align-compiled[5.5.620~1-dce1dc]:main():gmm-align-compiled.cc:127) theo_6_8
LOG (gmm-align-compiled[5.5.620~1-dce1dc]:main():gmm-align-compiled.cc:127) theo_6_9
LOG (gmm-align-compiled[5.5.620~1-dce1dc]:main():gmm-align-compiled.cc:127) theo_7_0
LOG (gmm-align-compiled[5.5.620~1-dce1dc]:main():gmm-align-compiled.cc:127) theo_7_1
LOG (gmm-align-compiled[5.5.620~1-dce1dc]:main():gmm-align-compiled.cc:127) theo_7_10
LOG (gmm-align-compiled[5.5.620~1-dce1dc]:main():gmm-align-compiled.cc:127) theo_7_11
LOG (gmm-align-compiled[5.5.620~1-dce1dc]:main():gmm-align-compiled.cc:127) theo_7_12
LOG (gmm-align-compiled[5.5.620~1-dce1dc]:main():gmm-align-compiled.cc:127) theo_7_13
LOG (gmm-align-compiled[5.5.620~1-dce1dc]:main():gmm-align-compiled.cc:127) theo_7_14
LOG (gmm-align-compiled[5.5.620~1-dce1dc]:main():gmm-align-compiled.cc:127) theo_7_15
LOG (gmm-align-compiled[5.5.620~1-dce1dc]:main():gmm-align-compiled.cc:127) theo_7_16
LOG (gmm-align-compiled[5.5.620~1-dce1dc]:main():gmm-align-compiled.cc:127) theo_7_17
LOG (gmm-align-compiled[5.5.620~1-dce1dc]:main():gmm-align-compiled.cc:127) theo_7_18
LOG (gmm-align-compiled[5.5.620~1-dce1dc]:main():gmm-align-compiled.cc:127) theo_7_19
LOG (gmm-align-compiled[5.5.620~1-dce1dc]:main():gmm-align-compiled.cc:127) theo_7_2
LOG (gmm-align-compiled[5.5.620~1-dce1dc]:main():gmm-align-compiled.cc:127) theo_7_20
LOG (gmm-align-compiled[5.5.620~1-dce1dc]:main():gmm-align-compiled.cc:127) theo_7_21
LOG (gmm-align-compiled[5.5.620~1-dce1dc]:main():gmm-align-compiled.cc:127) theo_7_22
LOG (gmm-align-compiled[5.5.620~1-dce1dc]:main():gmm-align-compiled.cc:127) theo_7_23
LOG (gmm-align-compiled[5.5.620~1-dce1dc]:main():gmm-align-compiled.cc:127) theo_7_24
LOG (gmm-align-compiled[5.5.620~1-dce1dc]:main():gmm-align-compiled.cc:127) theo_7_25
LOG (gmm-align-compiled[5.5.620~1-dce1dc]:main():gmm-align-compiled.cc:127) theo_7_26
LOG (gmm-align-compiled[5.5.620~1-dce1dc]:main():gmm-align-compiled.cc:127) theo_7_27
LOG (gmm-align-compiled[5.5.620~1-dce1dc]:main():gmm-align-compiled.cc:127) theo_7_28
LOG (gmm-align-compiled[5.5.620~1-dce1dc]:main():gmm-align-compiled.cc:127) theo_7_29
LOG (gmm-align-compiled[5.5.620~1-dce1dc]:main():gmm-align-compiled.cc:127) theo_7_3
LOG (gmm-align-compiled[5.5.620~1-dce1dc]:main():gmm-align-compiled.cc:127) theo_7_30
LOG (gmm-align-compiled[5.5.620~1-dce1dc]:main():gmm-align-compiled.cc:127) theo_7_31
LOG (gmm-align-compiled[5.5.620~1-dce1dc]:main():gmm-align-compiled.cc:127) theo_7_32
LOG (gmm-align-compiled[5.5.620~1-dce1dc]:main():gmm-align-compiled.cc:127) theo_7_33
LOG (gmm-align-compiled[5.5.620~1-dce1dc]:main():gmm-align-compiled.cc:127) theo_7_34
LOG (gmm-align-compiled[5.5.620~1-dce1dc]:main():gmm-align-compiled.cc:127) theo_7_35
LOG (gmm-align-compiled[5.5.620~1-dce1dc]:main():gmm-align-compiled.cc:127) theo_7_36
LOG (gmm-align-compiled[5.5.620~1-dce1dc]:main():gmm-align-compiled.cc:127) theo_7_37
LOG (gmm-align-compiled[5.5.620~1-dce1dc]:main():gmm-align-compiled.cc:127) theo_7_38
LOG (gmm-align-compiled[5.5.620~1-dce1dc]:main():gmm-align-compiled.cc:127) theo_7_39
LOG (gmm-align-compiled[5.5.620~1-dce1dc]:main():gmm-align-compiled.cc:127) theo_7_4
LOG (gmm-align-compiled[5.5.620~1-dce1dc]:main():gmm-align-compiled.cc:127) theo_7_40
LOG (gmm-align-compiled[5.5.620~1-dce1dc]:main():gmm-align-compiled.cc:127) theo_7_41
LOG (gmm-align-compiled[5.5.620~1-dce1dc]:main():gmm-align-compiled.cc:127) theo_7_42
LOG (gmm-align-compiled[5.5.620~1-dce1dc]:main():gmm-align-compiled.cc:127) theo_7_43
LOG (gmm-align-compiled[5.5.620~1-dce1dc]:main():gmm-align-compiled.cc:127) theo_7_44
LOG (gmm-align-compiled[5.5.620~1-dce1dc]:main():gmm-align-compiled.cc:127) theo_7_45
LOG (gmm-align-compiled[5.5.620~1-dce1dc]:main():gmm-align-compiled.cc:127) theo_7_46
LOG (gmm-align-compiled[5.5.620~1-dce1dc]:main():gmm-align-compiled.cc:127) theo_7_47
LOG (gmm-align-compiled[5.5.620~1-dce1dc]:main():gmm-align-compiled.cc:127) theo_7_48
LOG (gmm-align-compiled[5.5.620~1-dce1dc]:main():gmm-align-compiled.cc:127) theo_7_49
LOG (gmm-align-compiled[5.5.620~1-dce1dc]:main():gmm-align-compiled.cc:127) theo_7_5
LOG (gmm-align-compiled[5.5.620~1-dce1dc]:main():gmm-align-compiled.cc:127) theo_7_6
LOG (gmm-align-compiled[5.5.620~1-dce1dc]:main():gmm-align-compiled.cc:127) theo_7_7
LOG (gmm-align-compiled[5.5.620~1-dce1dc]:main():gmm-align-compiled.cc:127) theo_7_8
LOG (gmm-align-compiled[5.5.620~1-dce1dc]:main():gmm-align-compiled.cc:127) theo_7_9
LOG (gmm-align-compiled[5.5.620~1-dce1dc]:main():gmm-align-compiled.cc:127) theo_8_0
LOG (gmm-align-compiled[5.5.620~1-dce1dc]:main():gmm-align-compiled.cc:127) theo_8_1
LOG (gmm-align-compiled[5.5.620~1-dce1dc]:main():gmm-align-compiled.cc:127) theo_8_10
LOG (gmm-align-compiled[5.5.620~1-dce1dc]:main():gmm-align-compiled.cc:127) theo_8_11
LOG (gmm-align-compiled[5.5.620~1-dce1dc]:main():gmm-align-compiled.cc:127) theo_8_12
LOG (gmm-align-compiled[5.5.620~1-dce1dc]:main():gmm-align-compiled.cc:127) theo_8_13
LOG (gmm-align-compiled[5.5.620~1-dce1dc]:main():gmm-align-compiled.cc:127) theo_8_14
LOG (gmm-align-compiled[5.5.620~1-dce1dc]:main():gmm-align-compiled.cc:127) theo_8_15
LOG (gmm-align-compiled[5.5.620~1-dce1dc]:main():gmm-align-compiled.cc:127) theo_8_16
LOG (gmm-align-compiled[5.5.620~1-dce1dc]:main():gmm-align-compiled.cc:127) theo_8_17
LOG (gmm-align-compiled[5.5.620~1-dce1dc]:main():gmm-align-compiled.cc:127) theo_8_18
LOG (gmm-align-compiled[5.5.620~1-dce1dc]:main():gmm-align-compiled.cc:127) theo_8_19
LOG (gmm-align-compiled[5.5.620~1-dce1dc]:main():gmm-align-compiled.cc:127) theo_8_2
LOG (gmm-align-compiled[5.5.620~1-dce1dc]:main():gmm-align-compiled.cc:127) theo_8_20
LOG (gmm-align-compiled[5.5.620~1-dce1dc]:main():gmm-align-compiled.cc:127) theo_8_21
LOG (gmm-align-compiled[5.5.620~1-dce1dc]:main():gmm-align-compiled.cc:127) theo_8_22
LOG (gmm-align-compiled[5.5.620~1-dce1dc]:main():gmm-align-compiled.cc:127) theo_8_23
LOG (gmm-align-compiled[5.5.620~1-dce1dc]:main():gmm-align-compiled.cc:127) theo_8_24
LOG (gmm-align-compiled[5.5.620~1-dce1dc]:main():gmm-align-compiled.cc:127) theo_8_25
LOG (gmm-align-compiled[5.5.620~1-dce1dc]:main():gmm-align-compiled.cc:127) theo_8_26
LOG (gmm-align-compiled[5.5.620~1-dce1dc]:main():gmm-align-compiled.cc:127) theo_8_27
LOG (gmm-align-compiled[5.5.620~1-dce1dc]:main():gmm-align-compiled.cc:127) theo_8_28
LOG (gmm-align-compiled[5.5.620~1-dce1dc]:main():gmm-align-compiled.cc:127) theo_8_29
LOG (gmm-align-compiled[5.5.620~1-dce1dc]:main():gmm-align-compiled.cc:127) theo_8_3
LOG (gmm-align-compiled[5.5.620~1-dce1dc]:main():gmm-align-compiled.cc:127) theo_8_30
LOG (gmm-align-compiled[5.5.620~1-dce1dc]:main():gmm-align-compiled.cc:127) theo_8_31
LOG (gmm-align-compiled[5.5.620~1-dce1dc]:main():gmm-align-compiled.cc:127) theo_8_32
LOG (gmm-align-compiled[5.5.620~1-dce1dc]:main():gmm-align-compiled.cc:127) theo_8_33
LOG (gmm-align-compiled[5.5.620~1-dce1dc]:main():gmm-align-compiled.cc:127) theo_8_34
LOG (gmm-align-compiled[5.5.620~1-dce1dc]:main():gmm-align-compiled.cc:127) theo_8_35
LOG (gmm-align-compiled[5.5.620~1-dce1dc]:main():gmm-align-compiled.cc:127) theo_8_36
LOG (gmm-align-compiled[5.5.620~1-dce1dc]:main():gmm-align-compiled.cc:127) theo_8_37
LOG (gmm-align-compiled[5.5.620~1-dce1dc]:main():gmm-align-compiled.cc:127) theo_8_38
LOG (gmm-align-compiled[5.5.620~1-dce1dc]:main():gmm-align-compiled.cc:127) theo_8_39
LOG (gmm-align-compiled[5.5.620~1-dce1dc]:main():gmm-align-compiled.cc:127) theo_8_4
LOG (gmm-align-compiled[5.5.620~1-dce1dc]:main():gmm-align-compiled.cc:127) theo_8_40
LOG (gmm-align-compiled[5.5.620~1-dce1dc]:main():gmm-align-compiled.cc:127) theo_8_41
LOG (gmm-align-compiled[5.5.620~1-dce1dc]:main():gmm-align-compiled.cc:127) theo_8_42
LOG (gmm-align-compiled[5.5.620~1-dce1dc]:main():gmm-align-compiled.cc:127) theo_8_43
LOG (gmm-align-compiled[5.5.620~1-dce1dc]:main():gmm-align-compiled.cc:127) theo_8_44
LOG (gmm-align-compiled[5.5.620~1-dce1dc]:main():gmm-align-compiled.cc:127) theo_8_45
LOG (gmm-align-compiled[5.5.620~1-dce1dc]:main():gmm-align-compiled.cc:127) theo_8_46
LOG (gmm-align-compiled[5.5.620~1-dce1dc]:main():gmm-align-compiled.cc:127) theo_8_47
LOG (gmm-align-compiled[5.5.620~1-dce1dc]:main():gmm-align-compiled.cc:127) theo_8_48
LOG (gmm-align-compiled[5.5.620~1-dce1dc]:main():gmm-align-compiled.cc:127) theo_8_49
LOG (gmm-align-compiled[5.5.620~1-dce1dc]:main():gmm-align-compiled.cc:127) theo_8_5
LOG (gmm-align-compiled[5.5.620~1-dce1dc]:main():gmm-align-compiled.cc:127) theo_8_6
LOG (gmm-align-compiled[5.5.620~1-dce1dc]:main():gmm-align-compiled.cc:127) theo_8_7
LOG (gmm-align-compiled[5.5.620~1-dce1dc]:main():gmm-align-compiled.cc:127) theo_8_8
LOG (gmm-align-compiled[5.5.620~1-dce1dc]:main():gmm-align-compiled.cc:127) theo_8_9
LOG (gmm-align-compiled[5.5.620~1-dce1dc]:main():gmm-align-compiled.cc:127) theo_9_0
LOG (gmm-align-compiled[5.5.620~1-dce1dc]:main():gmm-align-compiled.cc:127) theo_9_1
LOG (gmm-align-compiled[5.5.620~1-dce1dc]:main():gmm-align-compiled.cc:127) theo_9_10
LOG (gmm-align-compiled[5.5.620~1-dce1dc]:main():gmm-align-compiled.cc:127) theo_9_11
LOG (gmm-align-compiled[5.5.620~1-dce1dc]:main():gmm-align-compiled.cc:127) theo_9_12
LOG (gmm-align-compiled[5.5.620~1-dce1dc]:main():gmm-align-compiled.cc:127) theo_9_13
LOG (gmm-align-compiled[5.5.620~1-dce1dc]:main():gmm-align-compiled.cc:127) theo_9_14
LOG (gmm-align-compiled[5.5.620~1-dce1dc]:main():gmm-align-compiled.cc:127) theo_9_15
LOG (gmm-align-compiled[5.5.620~1-dce1dc]:main():gmm-align-compiled.cc:127) theo_9_16
LOG (gmm-align-compiled[5.5.620~1-dce1dc]:main():gmm-align-compiled.cc:127) theo_9_17
LOG (gmm-align-compiled[5.5.620~1-dce1dc]:main():gmm-align-compiled.cc:127) theo_9_18
LOG (gmm-align-compiled[5.5.620~1-dce1dc]:main():gmm-align-compiled.cc:127) theo_9_19
LOG (gmm-align-compiled[5.5.620~1-dce1dc]:main():gmm-align-compiled.cc:127) theo_9_2
LOG (gmm-align-compiled[5.5.620~1-dce1dc]:main():gmm-align-compiled.cc:127) theo_9_20
LOG (gmm-align-compiled[5.5.620~1-dce1dc]:main():gmm-align-compiled.cc:127) theo_9_21
LOG (apply-cmvn[5.5.620~1-dce1dc]:main():apply-cmvn.cc:162) Applied cepstral mean normalization to 1000 utterances, errors on 0
LOG (gmm-align-compiled[5.5.620~1-dce1dc]:main():gmm-align-compiled.cc:127) theo_9_22
LOG (gmm-align-compiled[5.5.620~1-dce1dc]:main():gmm-align-compiled.cc:127) theo_9_23
LOG (gmm-align-compiled[5.5.620~1-dce1dc]:main():gmm-align-compiled.cc:127) theo_9_24
LOG (gmm-align-compiled[5.5.620~1-dce1dc]:main():gmm-align-compiled.cc:127) theo_9_25
LOG (gmm-align-compiled[5.5.620~1-dce1dc]:main():gmm-align-compiled.cc:127) theo_9_26
LOG (gmm-align-compiled[5.5.620~1-dce1dc]:main():gmm-align-compiled.cc:127) theo_9_27
LOG (gmm-align-compiled[5.5.620~1-dce1dc]:main():gmm-align-compiled.cc:127) theo_9_28
LOG (gmm-align-compiled[5.5.620~1-dce1dc]:main():gmm-align-compiled.cc:127) theo_9_29
LOG (gmm-align-compiled[5.5.620~1-dce1dc]:main():gmm-align-compiled.cc:127) theo_9_3
LOG (gmm-align-compiled[5.5.620~1-dce1dc]:main():gmm-align-compiled.cc:127) theo_9_30
LOG (gmm-align-compiled[5.5.620~1-dce1dc]:main():gmm-align-compiled.cc:127) theo_9_31
LOG (gmm-align-compiled[5.5.620~1-dce1dc]:main():gmm-align-compiled.cc:127) theo_9_32
LOG (gmm-align-compiled[5.5.620~1-dce1dc]:main():gmm-align-compiled.cc:127) theo_9_33
LOG (gmm-align-compiled[5.5.620~1-dce1dc]:main():gmm-align-compiled.cc:127) theo_9_34
LOG (gmm-align-compiled[5.5.620~1-dce1dc]:main():gmm-align-compiled.cc:127) theo_9_35
LOG (gmm-align-compiled[5.5.620~1-dce1dc]:main():gmm-align-compiled.cc:127) theo_9_36
LOG (gmm-align-compiled[5.5.620~1-dce1dc]:main():gmm-align-compiled.cc:127) theo_9_37
LOG (gmm-align-compiled[5.5.620~1-dce1dc]:main():gmm-align-compiled.cc:127) theo_9_38
LOG (gmm-align-compiled[5.5.620~1-dce1dc]:main():gmm-align-compiled.cc:127) theo_9_39
LOG (gmm-align-compiled[5.5.620~1-dce1dc]:main():gmm-align-compiled.cc:127) theo_9_4
LOG (gmm-align-compiled[5.5.620~1-dce1dc]:main():gmm-align-compiled.cc:127) theo_9_40
LOG (gmm-align-compiled[5.5.620~1-dce1dc]:main():gmm-align-compiled.cc:127) theo_9_41
LOG (gmm-align-compiled[5.5.620~1-dce1dc]:main():gmm-align-compiled.cc:127) theo_9_42
LOG (gmm-align-compiled[5.5.620~1-dce1dc]:main():gmm-align-compiled.cc:127) theo_9_43
LOG (gmm-align-compiled[5.5.620~1-dce1dc]:main():gmm-align-compiled.cc:127) theo_9_44
LOG (gmm-align-compiled[5.5.620~1-dce1dc]:main():gmm-align-compiled.cc:127) theo_9_45
LOG (gmm-align-compiled[5.5.620~1-dce1dc]:main():gmm-align-compiled.cc:127) theo_9_46
LOG (gmm-align-compiled[5.5.620~1-dce1dc]:main():gmm-align-compiled.cc:127) theo_9_47
LOG (gmm-align-compiled[5.5.620~1-dce1dc]:main():gmm-align-compiled.cc:127) theo_9_48
LOG (gmm-align-compiled[5.5.620~1-dce1dc]:main():gmm-align-compiled.cc:127) theo_9_49
LOG (gmm-align-compiled[5.5.620~1-dce1dc]:main():gmm-align-compiled.cc:127) theo_9_5
LOG (gmm-align-compiled[5.5.620~1-dce1dc]:main():gmm-align-compiled.cc:127) theo_9_6
LOG (gmm-align-compiled[5.5.620~1-dce1dc]:main():gmm-align-compiled.cc:127) theo_9_7
LOG (gmm-align-compiled[5.5.620~1-dce1dc]:main():gmm-align-compiled.cc:127) theo_9_8
LOG (gmm-align-compiled[5.5.620~1-dce1dc]:main():gmm-align-compiled.cc:127) theo_9_9
LOG (gmm-align-compiled[5.5.620~1-dce1dc]:main():gmm-align-compiled.cc:135) Overall log-likelihood per frame is -81.7828 over 34902 frames.
LOG (gmm-align-compiled[5.5.620~1-dce1dc]:main():gmm-align-compiled.cc:137) Retried 4 out of 1000 utterances.
LOG (gmm-align-compiled[5.5.620~1-dce1dc]:main():gmm-align-compiled.cc:139) Done 1000, errors on 0
# Accounting: time=0 threads=1
# Ended (code 0) at ح فيفري  2 11:07:21 CET 2020, elapsed time 0 seconds
